* EvoSuite 1.0.6
* Configuration: QMOSA
* Going to generate test cases for class: org.databene.jdbacl.DBUtil
* Starting client
* Properties loaded from /home/ubuntu/termite/projects/13_jdbacl/evosuite-files/evosuite.properties
* Connecting to master process on port 18049
* Analyzing classpath: 
* Inheritance tree loaded from evosuite-files/inheritance.xml.gz
[MASTER] 09:14:05.436 [logback-1] WARN  InheritanceTree - Class not in inheritance graph: java.sql.SQLType
[MASTER] 09:14:06.563 [logback-1] WARN  InheritanceTree - Class not in inheritance graph: java.util.function.BiFunction
[MASTER] 09:14:06.564 [logback-1] WARN  InheritanceTree - Class not in inheritance graph: java.util.function.Function
[MASTER] 09:14:06.565 [logback-1] WARN  InheritanceTree - Class not in inheritance graph: java.util.function.BiConsumer
[MASTER] 09:14:06.722 [logback-1] WARN  InheritanceTree - Class not in inheritance graph: java.util.function.Consumer
[MASTER] 09:14:06.724 [logback-1] WARN  InheritanceTree - Class not in inheritance graph: java.util.function.Predicate
[MASTER] 09:14:06.724 [logback-1] WARN  InheritanceTree - Class not in inheritance graph: java.util.function.UnaryOperator
[MASTER] 09:14:13.269 [logback-1] WARN  InheritanceTree - Class not in inheritance graph: java.time.ZoneId
[MASTER] 09:14:13.296 [logback-1] WARN  InheritanceTree - Class not in inheritance graph: java.time.temporal.TemporalAccessor
[MASTER] 09:14:13.297 [logback-1] WARN  InheritanceTree - Class not in inheritance graph: java.time.Clock
[MASTER] 09:14:13.346 [logback-1] WARN  InheritanceTree - Class not in inheritance graph: java.time.temporal.Temporal
[MASTER] 09:14:13.346 [logback-1] WARN  InheritanceTree - Class not in inheritance graph: java.time.temporal.TemporalField
[MASTER] 09:14:13.347 [logback-1] WARN  InheritanceTree - Class not in inheritance graph: java.time.temporal.TemporalUnit
[MASTER] 09:14:13.348 [logback-1] WARN  InheritanceTree - Class not in inheritance graph: java.time.temporal.TemporalAmount
[MASTER] 09:14:13.349 [logback-1] WARN  InheritanceTree - Class not in inheritance graph: java.time.temporal.TemporalQuery
[MASTER] 09:14:13.360 [logback-1] WARN  InheritanceTree - Class not in inheritance graph: java.time.temporal.TemporalAdjuster
[MASTER] 09:14:14.870 [logback-1] WARN  InheritanceTree - Class not in inheritance graph: java.util.function.ToDoubleFunction
[MASTER] 09:14:14.870 [logback-1] WARN  InheritanceTree - Class not in inheritance graph: java.util.function.ToIntFunction
[MASTER] 09:14:14.871 [logback-1] WARN  InheritanceTree - Class not in inheritance graph: java.util.function.ToLongFunction
[MASTER] 09:14:15.116 [logback-1] WARN  InheritanceTree - Class not in inheritance graph: java.time.chrono.Chronology
[MASTER] 09:14:17.531 [logback-1] WARN  InheritanceTree - Class not in inheritance graph: java.time.chrono.Era
* Finished analyzing classpath
* Generating tests for class org.databene.jdbacl.DBUtil
* Test criteria:
  - Line Coverage
  - Branch Coverage
  - Exception
  - Mutation testing (weak)
  - Method-Output Coverage
  - Top-Level Method Coverage
  - No-Exception Top-Level Method Coverage
  - Context Branch Coverage
Production Code Path: /home/ubuntu/termite/SF110/13_jdbacl/src/main/java/org/databene/jdbacl/DBUtil.java
Ranking Type: org.evosuite.ga.metaheuristics.mosa.QualityBasedPreferenceSorting
* Using seed 1026
* Starting evolution
[MASTER] 09:15:35.149 [logback-1] WARN  TestChromosome - Functional mock problem: org.evosuite.ga.ConstructionFailedException: Failed to add constructor for org.firebirdsql.gds.impl.GDSHelper due to org.evosuite.ga.ConstructionFailedException: Have no generator for class org.firebirdsql.jdbc.FBConnection canUseFunctionalMocks=false, canBeMocked: true
[MASTER] 09:15:47.130 [logback-2] ERROR TestCluster - Failed to check cache for org.databene.jdbacl.model.CompositeDBObject<C> : Type points to itself
* Search finished after 123s and 45 generations, 14085 statements, best individual has fitness: 7776.0
* Going to analyze the coverage criteria
* Coverage analysis for criterion LINE
* Coverage of criterion LINE: 56%
* Total number of goals: 324
* Number of covered goals: 183
* Coverage analysis for criterion BRANCH
* Coverage of criterion BRANCH: 47%
* Total number of goals: 197
* Number of covered goals: 93
* Coverage analysis for criterion EXCEPTION
* Coverage of criterion EXCEPTION: 100%
* Total number of goals: 49
* Number of covered goals: 49
* Coverage analysis for criterion WEAKMUTATION
* Coverage of criterion WEAKMUTATION: 53%
* Total number of goals: 700
* Number of covered goals: 369
* Coverage analysis for criterion OUTPUT
* Coverage of criterion OUTPUT: 5%
* Total number of goals: 255
* Number of covered goals: 12
* Coverage analysis for criterion METHOD
* Coverage of criterion METHOD: 94%
* Total number of goals: 51
* Number of covered goals: 48
* Coverage analysis for criterion METHODNOEXCEPTION
* Coverage of criterion METHODNOEXCEPTION: 92%
* Total number of goals: 51
* Number of covered goals: 47
* Coverage analysis for criterion CBRANCH
* Coverage of criterion CBRANCH: 36%
* Total number of goals: 197
* Number of covered goals: 71
* Generated 71 tests with total length 1156
* Resulting test suite's coverage: 47% (average coverage for all fitness functions)
* Generating assertions
* Resulting test suite's mutation score: 1%
* Compiling and checking tests
[MASTER] 09:16:46.920 [logback-2] ERROR ClassStateSupport - Could not initialize org.firebirdsql.gds.impl.jni.NativeGDSImpl: no jaybird21 in java.library.path
[MASTER] 09:16:47.207 [logback-2] ERROR ClassStateSupport - Could not initialize org.firebirdsql.gds.impl.jni.EmbeddedGDSImpl: org.firebirdsql.gds.impl.jni.JniGDSImpl
[MASTER] 09:16:48.141 [logback-2] ERROR ClassStateSupport - Could not initialize org.firebirdsql.gds.impl.jni.JniGDSImpl: Could not initialize class org.firebirdsql.gds.impl.jni.JniGDSImpl
[MASTER] 09:16:49.074 [logback-2] ERROR ClassResetter - java.lang.NoClassDefFoundError: Could not initialize class org.firebirdsql.gds.impl.jni.JniGDSImpl
[MASTER] 09:16:53.516 [logback-2] ERROR ClassStateSupport - Could not initialize org.apache.derby.iapi.types.SqlXmlUtil: org/apache/xml/utils/PrefixResolver
* Permissions denied during test execution: 
  - java.io.FilePermission: 
         write /dev/random: 1
  - java.net.SocketPermission: 
         resolve java.lang.String@0000000027: 2
         resolve java.lang.String@0000000018: 3
         resolve java.lang.String@0000000019: 1
         and other 3 cases of action/name for this exception class
  - java.sql.SQLPermission: 
         deregisterDriver: 2
* Writing JUnit test case 'DBUtil_ESTest' to /home/ubuntu/termite/qmosa/tests/s1026/13_jdbacl/evosuite-tests
* Done!

* Computation finished
* EvoSuite 1.0.6
* Configuration: QMOSA
* Going to generate test cases for class: org.databene.jdbacl.SQLUtil
* Starting client
* Properties loaded from /home/ubuntu/termite/projects/13_jdbacl/evosuite-files/evosuite.properties
* Connecting to master process on port 18048
* Analyzing classpath: 
* Inheritance tree loaded from evosuite-files/inheritance.xml.gz
[MASTER] 09:26:33.248 [logback-1] WARN  InheritanceTree - Class not in inheritance graph: java.util.function.Consumer
[MASTER] 09:26:33.279 [logback-1] WARN  InheritanceTree - Class not in inheritance graph: java.util.function.Predicate
[MASTER] 09:26:33.281 [logback-1] WARN  InheritanceTree - Class not in inheritance graph: java.util.function.UnaryOperator
[MASTER] 09:26:33.414 [logback-1] WARN  InheritanceTree - Class not in inheritance graph: java.util.function.BiFunction
[MASTER] 09:26:33.415 [logback-1] WARN  InheritanceTree - Class not in inheritance graph: java.util.function.Function
[MASTER] 09:26:33.417 [logback-1] WARN  InheritanceTree - Class not in inheritance graph: java.util.function.BiConsumer
[MASTER] 09:26:35.848 [logback-1] WARN  InheritanceTree - Class not in inheritance graph: java.sql.SQLType
[MASTER] 09:26:36.987 [logback-1] WARN  InheritanceTree - Class not in inheritance graph: java.time.temporal.Temporal
[MASTER] 09:26:36.988 [logback-1] WARN  InheritanceTree - Class not in inheritance graph: java.time.ZoneId
[MASTER] 09:26:36.989 [logback-1] WARN  InheritanceTree - Class not in inheritance graph: java.time.temporal.TemporalAccessor
[MASTER] 09:26:36.990 [logback-1] WARN  InheritanceTree - Class not in inheritance graph: java.time.temporal.TemporalField
[MASTER] 09:26:36.991 [logback-1] WARN  InheritanceTree - Class not in inheritance graph: java.time.temporal.TemporalUnit
[MASTER] 09:26:36.992 [logback-1] WARN  InheritanceTree - Class not in inheritance graph: java.time.temporal.TemporalAmount
[MASTER] 09:26:36.992 [logback-1] WARN  InheritanceTree - Class not in inheritance graph: java.time.Clock
[MASTER] 09:26:36.994 [logback-1] WARN  InheritanceTree - Class not in inheritance graph: java.time.temporal.TemporalQuery
[MASTER] 09:26:36.996 [logback-1] WARN  InheritanceTree - Class not in inheritance graph: java.time.temporal.TemporalAdjuster
[MASTER] 09:26:42.785 [logback-1] WARN  InheritanceTree - Class not in inheritance graph: java.util.function.ToDoubleFunction
[MASTER] 09:26:42.785 [logback-1] WARN  InheritanceTree - Class not in inheritance graph: java.util.function.ToIntFunction
[MASTER] 09:26:42.788 [logback-1] WARN  InheritanceTree - Class not in inheritance graph: java.util.function.ToLongFunction
[MASTER] 09:26:44.977 [logback-1] WARN  InheritanceTree - Class not in inheritance graph: java.time.chrono.Chronology
[MASTER] 09:26:47.400 [logback-1] WARN  InheritanceTree - Class not in inheritance graph: java.time.chrono.Era
* Finished analyzing classpath
* Generating tests for class org.databene.jdbacl.SQLUtil
* Test criteria:
  - Line Coverage
  - Branch Coverage
  - Exception
  - Mutation testing (weak)
  - Method-Output Coverage
  - Top-Level Method Coverage
  - No-Exception Top-Level Method Coverage
  - Context Branch Coverage
Production Code Path: /home/ubuntu/termite/SF110/13_jdbacl/src/main/java/org/databene/jdbacl/SQLUtil.java
Ranking Type: org.evosuite.ga.metaheuristics.mosa.QualityBasedPreferenceSorting
* Using seed 1026
* Starting evolution
[MASTER] 09:26:55.149 [logback-2] ERROR TestCluster - Failed to check cache for org.databene.jdbacl.model.CompositeDBObject<C> : Type points to itself
[MASTER] 09:27:43.254 [logback-2] ERROR TestCluster - Failed to check cache for java.util.function.Function<T, R> : Type points to itself
* Search finished after 123s and 29 generations, 20057 statements, best individual has fitness: 2648.0
* Going to analyze the coverage criteria
* Coverage analysis for criterion LINE
* Coverage of criterion LINE: 76%
* Total number of goals: 251
* Number of covered goals: 190
* Coverage analysis for criterion BRANCH
* Coverage of criterion BRANCH: 80%
* Total number of goals: 188
* Number of covered goals: 150
* Coverage analysis for criterion EXCEPTION
* Coverage of criterion EXCEPTION: 100%
* Total number of goals: 37
* Number of covered goals: 37
* Coverage analysis for criterion WEAKMUTATION
* Coverage of criterion WEAKMUTATION: 79%
* Total number of goals: 595
* Number of covered goals: 470
* Coverage analysis for criterion OUTPUT
* Coverage of criterion OUTPUT: 46%
* Total number of goals: 94
* Number of covered goals: 43
* Coverage analysis for criterion METHOD
* Coverage of criterion METHOD: 97%
* Total number of goals: 39
* Number of covered goals: 38
* Coverage analysis for criterion METHODNOEXCEPTION
* Coverage of criterion METHODNOEXCEPTION: 97%
* Total number of goals: 39
* Number of covered goals: 38
* Coverage analysis for criterion CBRANCH
* Coverage of criterion CBRANCH: 74%
* Total number of goals: 188
* Number of covered goals: 139
* Generated 83 tests with total length 1365
* Resulting test suite's coverage: 77% (average coverage for all fitness functions)
* Generating assertions
* Resulting test suite's mutation score: 56%
* Compiling and checking tests
[MASTER] 09:29:24.765 [logback-2] ERROR ClassStateSupport - Could not initialize org.firebirdsql.gds.impl.jni.JniGDSImpl: no jaybird21 in java.library.path
[MASTER] 09:29:25.220 [logback-2] ERROR ClassResetter - java.lang.NoClassDefFoundError: Could not initialize class org.firebirdsql.gds.impl.jni.JniGDSImpl
[MASTER] 09:29:25.923 [logback-2] ERROR ClassStateSupport - Could not initialize org.apache.derby.iapi.types.SqlXmlUtil: org/apache/xml/utils/PrefixResolver
* Permissions denied during test execution: 
  - java.lang.RuntimePermission: 
         writeFileDescriptor: 1
* Writing JUnit test case 'SQLUtil_ESTest' to /home/ubuntu/termite/qmosa/tests/s1026/13_jdbacl/evosuite-tests
* Done!

* Computation finished
