* EvoSuite 1.0.6
* Configuration: QMOSA
* Going to generate test cases for class: org.jsecurity.authc.UsernamePasswordToken
* Starting client
* Properties loaded from /home/ubuntu/termite/projects/18_jsecurity/evosuite-files/evosuite.properties
* Connecting to master process on port 18817
* Analyzing classpath: 
* Inheritance tree loaded from evosuite-files/inheritance.xml.gz
* Finished analyzing classpath
* Generating tests for class org.jsecurity.authc.UsernamePasswordToken
* Test criteria:
  - Line Coverage
  - Branch Coverage
  - Exception
  - Mutation testing (weak)
  - Method-Output Coverage
  - Top-Level Method Coverage
  - No-Exception Top-Level Method Coverage
  - Context Branch Coverage
Production Code Path: /home/ubuntu/termite/SF110/18_jsecurity/src/main/java/org/jsecurity/authc/UsernamePasswordToken.java
Ranking Type: org.evosuite.ga.metaheuristics.mosa.QualityBasedPreferenceSorting
* Using seed 1021
* Starting evolution
* Search finished after 121s and 118 generations, 92926 statements, best individual has fitness: 88.0
* Going to analyze the coverage criteria
* Coverage analysis for criterion LINE
* Coverage of criterion LINE: 100%
* Total number of goals: 54
* Number of covered goals: 54
* Coverage analysis for criterion BRANCH
* Coverage of criterion BRANCH: 100%
* Total number of goals: 29
* Number of covered goals: 29
* Coverage analysis for criterion EXCEPTION
* Coverage of criterion EXCEPTION: 100% (no goals)
* Coverage analysis for criterion WEAKMUTATION
* Coverage of criterion WEAKMUTATION: 96%
* Total number of goals: 23
* Number of covered goals: 22
* Coverage analysis for criterion OUTPUT
* Coverage of criterion OUTPUT: 72%
* Total number of goals: 36
* Number of covered goals: 26
* Coverage analysis for criterion METHOD
* Coverage of criterion METHOD: 100%
* Total number of goals: 21
* Number of covered goals: 21
* Coverage analysis for criterion METHODNOEXCEPTION
* Coverage of criterion METHODNOEXCEPTION: 100%
* Total number of goals: 21
* Number of covered goals: 21
* Coverage analysis for criterion CBRANCH
* Coverage of criterion CBRANCH: 100%
* Total number of goals: 29
* Number of covered goals: 29
* Generated 25 tests with total length 190
* Resulting test suite's coverage: 95% (average coverage for all fitness functions)
* Generating assertions
* Resulting test suite's mutation score: 79%
* Compiling and checking tests
* Writing JUnit test case 'UsernamePasswordToken_ESTest' to /home/ubuntu/termite/qmosa/tests/s1021/18_jsecurity/evosuite-tests
* Done!

* Computation finished
* EvoSuite 1.0.6
* Configuration: QMOSA
* Going to generate test cases for class: org.jsecurity.web.DefaultWebSecurityManager
* Starting client
* Properties loaded from /home/ubuntu/termite/projects/18_jsecurity/evosuite-files/evosuite.properties
* Connecting to master process on port 18816
* Analyzing classpath: 
* Inheritance tree loaded from evosuite-files/inheritance.xml.gz
[MASTER] 05:53:04.543 [logback-1] WARN  InheritanceTree - Class not in inheritance graph: java.util.function.Consumer
[MASTER] 05:53:04.669 [logback-1] WARN  InheritanceTree - Class not in inheritance graph: java.util.function.Predicate
[MASTER] 05:53:04.670 [logback-1] WARN  InheritanceTree - Class not in inheritance graph: java.util.function.UnaryOperator
[MASTER] 05:53:05.245 [logback-1] WARN  InheritanceTree - Class not in inheritance graph: java.util.function.Function
* Finished analyzing classpath
* Generating tests for class org.jsecurity.web.DefaultWebSecurityManager
* Test criteria:
  - Line Coverage
  - Branch Coverage
  - Exception
  - Mutation testing (weak)
  - Method-Output Coverage
  - Top-Level Method Coverage
  - No-Exception Top-Level Method Coverage
  - Context Branch Coverage
Production Code Path: /home/ubuntu/termite/SF110/18_jsecurity/src/main/java/org/jsecurity/web/DefaultWebSecurityManager.java
Ranking Type: org.evosuite.ga.metaheuristics.mosa.QualityBasedPreferenceSorting
* Using seed 1021
* Starting evolution
* Search finished after 121s and 37 generations, 24932 statements, best individual has fitness: 968.0
* Going to analyze the coverage criteria
* Coverage analysis for criterion LINE
* Coverage of criterion LINE: 78%
* Total number of goals: 97
* Number of covered goals: 76
* Coverage analysis for criterion BRANCH
* Coverage of criterion BRANCH: 72%
* Total number of goals: 67
* Number of covered goals: 48
* Coverage analysis for criterion EXCEPTION
* Coverage of criterion EXCEPTION: 100%
* Total number of goals: 14
* Number of covered goals: 14
* Coverage analysis for criterion WEAKMUTATION
* Coverage of criterion WEAKMUTATION: 78%
* Total number of goals: 162
* Number of covered goals: 127
* Coverage analysis for criterion OUTPUT
* Coverage of criterion OUTPUT: 31%
* Total number of goals: 29
* Number of covered goals: 9
* Coverage analysis for criterion METHOD
* Coverage of criterion METHOD: 96%
* Total number of goals: 23
* Number of covered goals: 22
* Coverage analysis for criterion METHODNOEXCEPTION
* Coverage of criterion METHODNOEXCEPTION: 96%
* Total number of goals: 23
* Number of covered goals: 22
* Coverage analysis for criterion CBRANCH
* Coverage of criterion CBRANCH: 69%
* Total number of goals: 67
* Number of covered goals: 46
* Generated 31 tests with total length 483
* Resulting test suite's coverage: 75% (average coverage for all fitness functions)
* Generating assertions
* Resulting test suite's mutation score: 33%
* Compiling and checking tests
[MASTER] 05:55:36.680 [logback-1] WARN  JUnitAnalyzer - Found unstable test named test0 -> class org.evosuite.runtime.mock.java.lang.MockIllegalStateException: No ServletRequest found in ThreadContext. Make sure WebUtils.bind() is being called. (typically called by JSecurityFilter)  This could also happen when running integration tests that don't properly call WebUtils.bind().
[MASTER] 05:55:36.683 [logback-1] WARN  JUnitAnalyzer - Failing test:
 Md5CredentialsMatcher md5CredentialsMatcher0 = new Md5CredentialsMatcher();
Sha384CredentialsMatcher sha384CredentialsMatcher0 = new Sha384CredentialsMatcher();
ServletResponse servletResponse0 = mock(ServletResponse.class, new ViolatedAssumptionAnswer());
doReturn((Locale) null).when(servletResponse0).getLocale();
ServletResponseWrapper servletResponseWrapper0 = new ServletResponseWrapper(servletResponse0);
ServletResponseWrapper servletResponseWrapper1 = new ServletResponseWrapper(servletResponseWrapper0);
ServletResponseWrapper servletResponseWrapper2 = new ServletResponseWrapper(servletResponseWrapper0);
ServletResponseWrapper servletResponseWrapper3 = new ServletResponseWrapper(servletResponseWrapper1);
ServletRequest servletRequest0 = mock(ServletRequest.class, new ViolatedAssumptionAnswer());
ServletRequestWrapper servletRequestWrapper0 = new ServletRequestWrapper(servletRequest0);
ServletRequestWrapper servletRequestWrapper1 = new ServletRequestWrapper(servletRequestWrapper0);
ServletResponseWrapper servletResponseWrapper4 = new ServletResponseWrapper(servletResponseWrapper1);
servletResponseWrapper1.getLocale();
ServletResponseWrapper servletResponseWrapper5 = new ServletResponseWrapper(servletResponseWrapper4);
ServletResponseWrapper servletResponseWrapper6 = new ServletResponseWrapper(servletResponseWrapper3);
ServletResponseWrapper servletResponseWrapper7 = new ServletResponseWrapper(servletResponseWrapper1);
ServletResponseWrapper servletResponseWrapper8 = new ServletResponseWrapper(servletResponseWrapper7);
DefaultWebSecurityManager defaultWebSecurityManager0 = new DefaultWebSecurityManager();
DefaultWebSecurityManager defaultWebSecurityManager1 = new DefaultWebSecurityManager();
Subject subject0 = defaultWebSecurityManager1.getSubject();
defaultWebSecurityManager0.bind(subject0, servletRequestWrapper0, servletResponseWrapper8);
defaultWebSecurityManager0.bind(subject0);

[MASTER] 05:55:38.934 [logback-1] WARN  JUnitAnalyzer - Found unstable test named test0 -> class org.evosuite.runtime.mock.java.lang.MockIllegalStateException: No ServletRequest found in ThreadContext. Make sure WebUtils.bind() is being called. (typically called by JSecurityFilter)  This could also happen when running integration tests that don't properly call WebUtils.bind().
[MASTER] 05:55:38.936 [logback-1] WARN  JUnitAnalyzer - Failing test:
 SimpleAccountRealm simpleAccountRealm0 = new SimpleAccountRealm("+'.2DX*[");
FileSystemHandling.appendDataToFile((EvoSuiteFile) null, (byte[]) null);
System.setCurrentTimeMillis(60000L);
DefaultWebSecurityManager defaultWebSecurityManager0 = new DefaultWebSecurityManager(simpleAccountRealm0);
Subject subject0 = defaultWebSecurityManager0.getSubject();
ServletRequest servletRequest0 = mock(ServletRequest.class, new ViolatedAssumptionAnswer());
ServletRequestWrapper servletRequestWrapper0 = new ServletRequestWrapper(servletRequest0);
ServletRequestWrapper servletRequestWrapper1 = new ServletRequestWrapper(servletRequestWrapper0);
ServletResponse servletResponse0 = mock(ServletResponse.class, new ViolatedAssumptionAnswer());
ServletResponseWrapper servletResponseWrapper0 = new ServletResponseWrapper(servletResponse0);
ServletResponseWrapper servletResponseWrapper1 = new ServletResponseWrapper(servletResponseWrapper0);
defaultWebSecurityManager0.bind(subject0, servletRequestWrapper1, servletResponseWrapper0);
assertTrue(defaultWebSecurityManager0.isHttpSessionMode());


[MASTER] 05:55:40.509 [logback-1] WARN  JUnitAnalyzer - Found unstable test named test0 -> class org.evosuite.runtime.mock.java.lang.MockIllegalStateException: No ServletRequest found in ThreadContext. Make sure WebUtils.bind() is being called. (typically called by JSecurityFilter)  This could also happen when running integration tests that don't properly call WebUtils.bind().
[MASTER] 05:55:40.509 [logback-1] WARN  JUnitAnalyzer - Failing test:
 Md5CredentialsMatcher md5CredentialsMatcher0 = new Md5CredentialsMatcher();
Sha384CredentialsMatcher sha384CredentialsMatcher0 = new Sha384CredentialsMatcher();
ServletResponse servletResponse0 = mock(ServletResponse.class, new ViolatedAssumptionAnswer());
doReturn((Locale) null).when(servletResponse0).getLocale();
ServletResponseWrapper servletResponseWrapper0 = new ServletResponseWrapper(servletResponse0);
ServletResponseWrapper servletResponseWrapper1 = new ServletResponseWrapper(servletResponseWrapper0);
ServletResponseWrapper servletResponseWrapper2 = new ServletResponseWrapper(servletResponseWrapper0);
ServletResponseWrapper servletResponseWrapper3 = new ServletResponseWrapper(servletResponseWrapper1);
ServletRequest servletRequest0 = mock(ServletRequest.class, new ViolatedAssumptionAnswer());
ServletRequestWrapper servletRequestWrapper0 = new ServletRequestWrapper(servletRequest0);
ServletRequestWrapper servletRequestWrapper1 = new ServletRequestWrapper(servletRequestWrapper0);
ServletResponseWrapper servletResponseWrapper4 = new ServletResponseWrapper(servletResponseWrapper1);
servletResponseWrapper1.getLocale();
ServletResponseWrapper servletResponseWrapper5 = new ServletResponseWrapper(servletResponseWrapper4);
ServletResponseWrapper servletResponseWrapper6 = new ServletResponseWrapper(servletResponseWrapper3);
ServletResponseWrapper servletResponseWrapper7 = new ServletResponseWrapper(servletResponseWrapper1);
ServletResponseWrapper servletResponseWrapper8 = new ServletResponseWrapper(servletResponseWrapper7);
DefaultWebSecurityManager defaultWebSecurityManager0 = new DefaultWebSecurityManager();
DefaultWebSecurityManager defaultWebSecurityManager1 = new DefaultWebSecurityManager();
Subject subject0 = defaultWebSecurityManager1.getSubject();
defaultWebSecurityManager0.bind(subject0, servletRequestWrapper0, servletResponseWrapper8);
defaultWebSecurityManager0.bind(subject0);

* Writing JUnit test case 'DefaultWebSecurityManager_ESTest' to /home/ubuntu/termite/qmosa/tests/s1021/18_jsecurity/evosuite-tests
* Done!

* Computation finished
