* EvoSuite 1.0.6
* Configuration: QMOSA
* Going to generate test cases for class: com.lts.application.international.MessageFormatter
* Starting client
* Properties loaded from /home/ubuntu/termite/projects/78_caloriecount/evosuite-files/evosuite.properties
* Connecting to master process on port 2866
* Analyzing classpath: 
* Inheritance tree loaded from evosuite-files/inheritance.xml.gz
[MASTER] 22:45:25.509 [logback-1] WARN  InheritanceTree - Class not in inheritance graph: java.util.function.Consumer
[MASTER] 22:45:25.611 [logback-1] WARN  InheritanceTree - Class not in inheritance graph: java.util.function.Predicate
[MASTER] 22:45:25.611 [logback-1] WARN  InheritanceTree - Class not in inheritance graph: java.util.function.UnaryOperator
[MASTER] 22:45:26.150 [logback-1] WARN  InheritanceTree - Class not in inheritance graph: java.util.function.Function
[MASTER] 22:45:26.991 [logback-1] WARN  InheritanceTree - Class not in inheritance graph: java.util.function.BiFunction
[MASTER] 22:45:26.996 [logback-1] WARN  InheritanceTree - Class not in inheritance graph: java.util.function.BiConsumer
* Finished analyzing classpath
* Generating tests for class com.lts.application.international.MessageFormatter
* Test criteria:
  - Line Coverage
  - Branch Coverage
  - Exception
  - Mutation testing (weak)
  - Method-Output Coverage
  - Top-Level Method Coverage
  - No-Exception Top-Level Method Coverage
  - Context Branch Coverage
Production Code Path: /home/ubuntu/termite/SF110/78_caloriecount/src/main/java/com/lts/application/international/MessageFormatter.java
Ranking Type: org.evosuite.ga.metaheuristics.mosa.QualityBasedPreferenceSorting
* Using seed 1012
* Starting evolution
[MASTER] 22:45:33.601 [logback-2] ERROR TestCluster - Failed to check cache for java.util.Enumeration<E> : Type points to itself
[MASTER] 22:45:34.399 [logback-2] ERROR TestCluster - Failed to check cache for java.util.function.Function<T, R> : Type points to itself
* Search finished after 121s and 75 generations, 45300 statements, best individual has fitness: 672.0
* Going to analyze the coverage criteria
* Coverage analysis for criterion LINE
* Coverage of criterion LINE: 89%
* Total number of goals: 130
* Number of covered goals: 116
* Coverage analysis for criterion BRANCH
* Coverage of criterion BRANCH: 88%
* Total number of goals: 52
* Number of covered goals: 46
* Coverage analysis for criterion EXCEPTION
* Coverage of criterion EXCEPTION: 100%
* Total number of goals: 22
* Number of covered goals: 22
* Coverage analysis for criterion WEAKMUTATION
* Coverage of criterion WEAKMUTATION: 93%
* Total number of goals: 150
* Number of covered goals: 140
* Coverage analysis for criterion OUTPUT
* Coverage of criterion OUTPUT: 32%
* Total number of goals: 50
* Number of covered goals: 16
* Coverage analysis for criterion METHOD
* Coverage of criterion METHOD: 100%
* Total number of goals: 24
* Number of covered goals: 24
* Coverage analysis for criterion METHODNOEXCEPTION
* Coverage of criterion METHODNOEXCEPTION: 96%
* Total number of goals: 24
* Number of covered goals: 23
* Coverage analysis for criterion CBRANCH
* Coverage of criterion CBRANCH: 83%
* Total number of goals: 52
* Number of covered goals: 43
* Generated 41 tests with total length 528
* Resulting test suite's coverage: 83% (average coverage for all fitness functions)
* Generating assertions
* Resulting test suite's mutation score: 22%
* Compiling and checking tests
* Writing JUnit test case 'MessageFormatter_ESTest' to /home/ubuntu/termite/qmosa/tests/s1012/78_caloriecount/evosuite-tests
* Done!

* Computation finished
* EvoSuite 1.0.6
* Configuration: QMOSA
* Going to generate test cases for class: com.lts.io.ArchiveScanner
* Starting client
* Properties loaded from /home/ubuntu/termite/projects/78_caloriecount/evosuite-files/evosuite.properties
* Connecting to master process on port 2864
* Analyzing classpath: 
* Inheritance tree loaded from evosuite-files/inheritance.xml.gz
[MASTER] 22:55:50.291 [logback-1] WARN  InheritanceTree - Class not in inheritance graph: java.util.function.Consumer
[MASTER] 22:55:50.320 [logback-1] WARN  InheritanceTree - Class not in inheritance graph: java.util.function.Predicate
[MASTER] 22:55:50.320 [logback-1] WARN  InheritanceTree - Class not in inheritance graph: java.util.function.UnaryOperator
[MASTER] 22:55:50.953 [logback-1] WARN  InheritanceTree - Class not in inheritance graph: java.util.function.Function
[MASTER] 22:55:51.427 [logback-1] WARN  InheritanceTree - Class not in inheritance graph: java.util.function.BiFunction
[MASTER] 22:55:51.429 [logback-1] WARN  InheritanceTree - Class not in inheritance graph: java.util.function.BiConsumer
* Finished analyzing classpath
* Generating tests for class com.lts.io.ArchiveScanner
* Test criteria:
  - Line Coverage
  - Branch Coverage
  - Exception
  - Mutation testing (weak)
  - Method-Output Coverage
  - Top-Level Method Coverage
  - No-Exception Top-Level Method Coverage
  - Context Branch Coverage
Production Code Path: /home/ubuntu/termite/SF110/78_caloriecount/src/main/java/com/lts/io/ArchiveScanner.java
Ranking Type: org.evosuite.ga.metaheuristics.mosa.QualityBasedPreferenceSorting
* Using seed 1012
* Starting evolution
[MASTER] 22:56:20.755 [logback-2] ERROR TestCluster - Failed to check cache for java.util.Enumeration<E> : Type points to itself
* Search finished after 126s and 72 generations, 54492 statements, best individual has fitness: 592.0
* Going to analyze the coverage criteria
* Coverage analysis for criterion LINE
* Coverage of criterion LINE: 84%
* Total number of goals: 67
* Number of covered goals: 56
* Coverage analysis for criterion BRANCH
* Coverage of criterion BRANCH: 84%
* Total number of goals: 45
* Number of covered goals: 38
* Coverage analysis for criterion EXCEPTION
* Coverage of criterion EXCEPTION: 100%
* Total number of goals: 10
* Number of covered goals: 10
* Coverage analysis for criterion WEAKMUTATION
* Coverage of criterion WEAKMUTATION: 77%
* Total number of goals: 202
* Number of covered goals: 155
* Coverage analysis for criterion OUTPUT
* Coverage of criterion OUTPUT: 80%
* Total number of goals: 5
* Number of covered goals: 4
* Coverage analysis for criterion METHOD
* Coverage of criterion METHOD: 100%
* Total number of goals: 8
* Number of covered goals: 8
* Coverage analysis for criterion METHODNOEXCEPTION
* Coverage of criterion METHODNOEXCEPTION: 100%
* Total number of goals: 8
* Number of covered goals: 8
* Coverage analysis for criterion CBRANCH
* Coverage of criterion CBRANCH: 84%
* Total number of goals: 45
* Number of covered goals: 38
* Generated 29 tests with total length 604
* Resulting test suite's coverage: 81% (average coverage for all fitness functions)
* Generating assertions
* Resulting test suite's mutation score: 41%
* Compiling and checking tests
[MASTER] 22:58:14.322 [logback-1] WARN  JUnitAnalyzer - Found unstable test named test0 -> class java.lang.AssertionError: null
[MASTER] 22:58:14.322 [logback-1] WARN  JUnitAnalyzer - Failing test:
 ImprovedFile improvedFile0 = new ImprovedFile("fH4oWG0A_pp", ">vL~a<<=5Ik#EX;k");
ArchiveScanner archiveScanner0 = new ArchiveScanner(improvedFile0);
URI uRI0 = MockURI.aFileURI;
MockFile mockFile0 = new MockFile(uRI0);
boolean boolean0 = archiveScanner0.isArchive(mockFile0);
assertTrue(boolean0);


[MASTER] 22:58:14.913 [logback-1] WARN  JUnitAnalyzer - Found unstable test named test0 -> class java.lang.AssertionError: expected:<2> but was:<0>
[MASTER] 22:58:14.913 [logback-1] WARN  JUnitAnalyzer - Failing test:
 byte[] byteArray0 = new byte[7];
byteArray0[0] = (byte) (-43);
byteArray0[1] = (byte) (-119);
byteArray0[2] = (byte) (-31);
byteArray0[3] = (byte) (-21);
byteArray0[4] = (byte)5;
byteArray0[5] = (byte)4;
byteArray0[6] = (byte)55;
FileSystemHandling.appendDataToFile((EvoSuiteFile) null, byteArray0);
FileSystemHandling.setPermissions((EvoSuiteFile) null, true, true, true);
ImprovedFile improvedFile0 = new ImprovedFile("AIfDx25J");
FileSystemHandling.appendLineToFile((EvoSuiteFile) null, "AIfDx25J");
ArchiveScanner archiveScanner0 = new ArchiveScanner(improvedFile0);
int int0 = archiveScanner0.toFileType(improvedFile0);
assertEquals(2, int0);


* Writing JUnit test case 'ArchiveScanner_ESTest' to /home/ubuntu/termite/qmosa/tests/s1012/78_caloriecount/evosuite-tests
* Done!

* Computation finished
