* EvoSuite 1.0.6
* Configuration: QMOSA
* Going to generate test cases for class: org.jsecurity.web.DefaultWebSecurityManager
* Starting client
* Properties loaded from /home/ubuntu/termite/projects/18_jsecurity/evosuite-files/evosuite.properties
* Connecting to master process on port 21269
* Analyzing classpath: 
* Inheritance tree loaded from evosuite-files/inheritance.xml.gz
[MASTER] 04:37:19.111 [logback-1] WARN  InheritanceTree - Class not in inheritance graph: java.util.function.Consumer
[MASTER] 04:37:19.184 [logback-1] WARN  InheritanceTree - Class not in inheritance graph: java.util.function.Predicate
[MASTER] 04:37:19.186 [logback-1] WARN  InheritanceTree - Class not in inheritance graph: java.util.function.UnaryOperator
[MASTER] 04:37:19.735 [logback-1] WARN  InheritanceTree - Class not in inheritance graph: java.util.function.Function
* Finished analyzing classpath
* Generating tests for class org.jsecurity.web.DefaultWebSecurityManager
* Test criteria:
  - Line Coverage
  - Branch Coverage
  - Exception
  - Mutation testing (weak)
  - Method-Output Coverage
  - Top-Level Method Coverage
  - No-Exception Top-Level Method Coverage
  - Context Branch Coverage
Production Code Path: /home/ubuntu/termite/SF110/18_jsecurity/src/main/java/org/jsecurity/web/DefaultWebSecurityManager.java
Ranking Type: org.evosuite.ga.metaheuristics.mosa.QualityBasedPreferenceSorting
* Using seed 1020
* Starting evolution
* Search finished after 122s and 36 generations, 24608 statements, best individual has fitness: 936.0
* Going to analyze the coverage criteria
* Coverage analysis for criterion LINE
* Coverage of criterion LINE: 78%
* Total number of goals: 97
* Number of covered goals: 76
* Coverage analysis for criterion BRANCH
* Coverage of criterion BRANCH: 72%
* Total number of goals: 67
* Number of covered goals: 48
* Coverage analysis for criterion EXCEPTION
* Coverage of criterion EXCEPTION: 100%
* Total number of goals: 16
* Number of covered goals: 16
* Coverage analysis for criterion WEAKMUTATION
* Coverage of criterion WEAKMUTATION: 80%
* Total number of goals: 162
* Number of covered goals: 129
* Coverage analysis for criterion OUTPUT
* Coverage of criterion OUTPUT: 31%
* Total number of goals: 29
* Number of covered goals: 9
* Coverage analysis for criterion METHOD
* Coverage of criterion METHOD: 100%
* Total number of goals: 23
* Number of covered goals: 23
* Coverage analysis for criterion METHODNOEXCEPTION
* Coverage of criterion METHODNOEXCEPTION: 100%
* Total number of goals: 23
* Number of covered goals: 23
* Coverage analysis for criterion CBRANCH
* Coverage of criterion CBRANCH: 69%
* Total number of goals: 67
* Number of covered goals: 46
* Generated 34 tests with total length 589
* Resulting test suite's coverage: 76% (average coverage for all fitness functions)
* Generating assertions
* Resulting test suite's mutation score: 35%
* Compiling and checking tests
[MASTER] 04:39:49.756 [logback-1] WARN  JUnitAnalyzer - Found unstable test named test0 -> class org.evosuite.runtime.mock.java.lang.MockIllegalStateException: No ServletRequest found in ThreadContext. Make sure WebUtils.bind() is being called. (typically called by JSecurityFilter)  This could also happen when running integration tests that don't properly call WebUtils.bind().
[MASTER] 04:39:49.757 [logback-1] WARN  JUnitAnalyzer - Failing test:
 SimpleAccountRealm simpleAccountRealm0 = new SimpleAccountRealm();
byte[] byteArray0 = new byte[5];
byteArray0[0] = (byte) (-40);
FileSystemHandling.shouldAllThrowIOExceptions();
SimpleAccountRealm simpleAccountRealm1 = new SimpleAccountRealm("dUjXO4^i8j:_");
simpleAccountRealm1.getCacheManager();
SimpleAccountRealm simpleAccountRealm2 = new SimpleAccountRealm();
DefaultWebSecurityManager defaultWebSecurityManager0 = new DefaultWebSecurityManager(simpleAccountRealm1);
Locale locale0 = Locale.CANADA_FRENCH;
Locale.getISOLanguages();
simpleAccountRealm0.onLogout((PrincipalCollection) null);
FileSystemHandling.createFolder((EvoSuiteFile) null);
FileSystemHandling.setPermissions((EvoSuiteFile) null, true, false, false);
Subject subject0 = defaultWebSecurityManager0.getSubject();
Collection<Realm> collection0 = defaultWebSecurityManager0.getRealms();
DefaultWebSecurityManager defaultWebSecurityManager1 = new DefaultWebSecurityManager(collection0);
defaultWebSecurityManager1.bind(subject0);

[MASTER] 04:39:50.255 [logback-1] WARN  JUnitAnalyzer - Found unstable test named test0 -> class org.evosuite.runtime.mock.java.lang.MockIllegalStateException: No ServletRequest found in ThreadContext. Make sure WebUtils.bind() is being called. (typically called by JSecurityFilter)  This could also happen when running integration tests that don't properly call WebUtils.bind().
[MASTER] 04:39:50.256 [logback-1] WARN  JUnitAnalyzer - Failing test:
 DefaultWebSecurityManager defaultWebSecurityManager0 = new DefaultWebSecurityManager();
ServletResponse servletResponse0 = mock(ServletResponse.class, new ViolatedAssumptionAnswer());
ServletResponseWrapper servletResponseWrapper0 = new ServletResponseWrapper(servletResponse0);
ServletResponseWrapper servletResponseWrapper1 = new ServletResponseWrapper(servletResponseWrapper0);
ServletResponseWrapper servletResponseWrapper2 = new ServletResponseWrapper(servletResponseWrapper0);
ServletResponseWrapper servletResponseWrapper3 = new ServletResponseWrapper(servletResponseWrapper2);
ServletResponseWrapper servletResponseWrapper4 = new ServletResponseWrapper(servletResponseWrapper0);
ServletResponseWrapper servletResponseWrapper5 = new ServletResponseWrapper(servletResponseWrapper0);
ServletResponseWrapper servletResponseWrapper6 = new ServletResponseWrapper(servletResponseWrapper2);
ServletResponseWrapper servletResponseWrapper7 = new ServletResponseWrapper(servletResponseWrapper4);
ServletResponseWrapper servletResponseWrapper8 = new ServletResponseWrapper(servletResponseWrapper3);
ServletResponseWrapper servletResponseWrapper9 = new ServletResponseWrapper(servletResponseWrapper2);
ServletResponseWrapper servletResponseWrapper10 = new ServletResponseWrapper(servletResponseWrapper4);
DelegatingSubject delegatingSubject0 = new DelegatingSubject(defaultWebSecurityManager0);
ServletResponseWrapper servletResponseWrapper11 = new ServletResponseWrapper(servletResponseWrapper3);
ServletResponseWrapper servletResponseWrapper12 = new ServletResponseWrapper(servletResponseWrapper3);
defaultWebSecurityManager0.getSubject();
defaultWebSecurityManager0.setSessionMode("ya7=tIlz8");

[MASTER] 04:39:54.578 [logback-1] WARN  JUnitAnalyzer - Found unstable test named test0 -> class org.evosuite.runtime.mock.java.lang.MockIllegalStateException: No ServletRequest found in ThreadContext. Make sure WebUtils.bind() is being called. (typically called by JSecurityFilter)  This could also happen when running integration tests that don't properly call WebUtils.bind().
[MASTER] 04:39:54.578 [logback-1] WARN  JUnitAnalyzer - Failing test:
 FileSystemHandling.createFolder((EvoSuiteFile) null);
DefaultWebSecurityManager defaultWebSecurityManager0 = new DefaultWebSecurityManager();
defaultWebSecurityManager0.getSubject();
FirstSuccessfulAuthenticationStrategy firstSuccessfulAuthenticationStrategy0 = new FirstSuccessfulAuthenticationStrategy();
FileSystemHandling.setPermissions((EvoSuiteFile) null, false, false, false);
FileSystemHandling fileSystemHandling0 = new FileSystemHandling();
FileSystemHandling fileSystemHandling1 = new FileSystemHandling();
defaultWebSecurityManager0.setRememberMeEncryptionCipherKeyBase64("");
FileSystemHandling.shouldAllThrowIOExceptions();
DefaultWebSecurityManager defaultWebSecurityManager1 = new DefaultWebSecurityManager();
defaultWebSecurityManager0.setSessionIdCookieSecure(true);

[MASTER] 04:39:55.616 [logback-1] WARN  JUnitAnalyzer - Found unstable test named test0 -> class org.evosuite.runtime.mock.java.lang.MockIllegalStateException: No ServletRequest found in ThreadContext. Make sure WebUtils.bind() is being called. (typically called by JSecurityFilter)  This could also happen when running integration tests that don't properly call WebUtils.bind().
[MASTER] 04:39:55.616 [logback-1] WARN  JUnitAnalyzer - Failing test:
 FileSystemHandling.createFolder((EvoSuiteFile) null);
DefaultWebSecurityManager defaultWebSecurityManager0 = new DefaultWebSecurityManager();
Subject subject0 = defaultWebSecurityManager0.getSubject();
FirstSuccessfulAuthenticationStrategy firstSuccessfulAuthenticationStrategy0 = new FirstSuccessfulAuthenticationStrategy();
FileSystemHandling.setPermissions((EvoSuiteFile) null, false, false, false);
FileSystemHandling fileSystemHandling0 = new FileSystemHandling();
ServletResponse servletResponse0 = mock(ServletResponse.class, new ViolatedAssumptionAnswer());
ServletResponseWrapper servletResponseWrapper0 = new ServletResponseWrapper(servletResponse0);
ServletResponseWrapper servletResponseWrapper1 = new ServletResponseWrapper(servletResponseWrapper0);
ServletResponseWrapper servletResponseWrapper2 = new ServletResponseWrapper(servletResponseWrapper0);
defaultWebSecurityManager0.bind(subject0, (ServletRequest) null, servletResponseWrapper2);
assertTrue(defaultWebSecurityManager0.isHttpSessionMode());


* Writing JUnit test case 'DefaultWebSecurityManager_ESTest' to /home/ubuntu/termite/qmosa/tests/s1020/18_jsecurity/evosuite-tests
* Done!

* Computation finished
* EvoSuite 1.0.6
* Configuration: QMOSA
* Going to generate test cases for class: org.jsecurity.authc.UsernamePasswordToken
* Starting client
* Properties loaded from /home/ubuntu/termite/projects/18_jsecurity/evosuite-files/evosuite.properties
* Connecting to master process on port 21272
* Analyzing classpath: 
* Inheritance tree loaded from evosuite-files/inheritance.xml.gz
* Finished analyzing classpath
* Generating tests for class org.jsecurity.authc.UsernamePasswordToken
* Test criteria:
  - Line Coverage
  - Branch Coverage
  - Exception
  - Mutation testing (weak)
  - Method-Output Coverage
  - Top-Level Method Coverage
  - No-Exception Top-Level Method Coverage
  - Context Branch Coverage
Production Code Path: /home/ubuntu/termite/SF110/18_jsecurity/src/main/java/org/jsecurity/authc/UsernamePasswordToken.java
Ranking Type: org.evosuite.ga.metaheuristics.mosa.QualityBasedPreferenceSorting
* Using seed 1020
* Starting evolution
* Search finished after 121s and 125 generations, 111721 statements, best individual has fitness: 88.0
* Going to analyze the coverage criteria
* Coverage analysis for criterion LINE
* Coverage of criterion LINE: 100%
* Total number of goals: 54
* Number of covered goals: 54
* Coverage analysis for criterion BRANCH
* Coverage of criterion BRANCH: 100%
* Total number of goals: 29
* Number of covered goals: 29
* Coverage analysis for criterion EXCEPTION
* Coverage of criterion EXCEPTION: 100% (no goals)
* Coverage analysis for criterion WEAKMUTATION
* Coverage of criterion WEAKMUTATION: 96%
* Total number of goals: 23
* Number of covered goals: 22
* Coverage analysis for criterion OUTPUT
* Coverage of criterion OUTPUT: 72%
* Total number of goals: 36
* Number of covered goals: 26
* Coverage analysis for criterion METHOD
* Coverage of criterion METHOD: 100%
* Total number of goals: 21
* Number of covered goals: 21
* Coverage analysis for criterion METHODNOEXCEPTION
* Coverage of criterion METHODNOEXCEPTION: 100%
* Total number of goals: 21
* Number of covered goals: 21
* Coverage analysis for criterion CBRANCH
* Coverage of criterion CBRANCH: 100%
* Total number of goals: 29
* Number of covered goals: 29
* Generated 30 tests with total length 237
* Resulting test suite's coverage: 95% (average coverage for all fitness functions)
* Generating assertions
* Resulting test suite's mutation score: 79%
* Compiling and checking tests
* Writing JUnit test case 'UsernamePasswordToken_ESTest' to /home/ubuntu/termite/qmosa/tests/s1020/18_jsecurity/evosuite-tests
* Done!

* Computation finished
