* EvoSuite 1.0.6
* Configuration: QMOSA
* Going to generate test cases for class: com.soops.CEN4010.JMCA.JParser.SimpleNode
* Starting client
* Properties loaded from /home/ubuntu/termite/projects/19_jmca/evosuite-files/evosuite.properties
* Connecting to master process on port 21266
* Analyzing classpath: 
* Inheritance tree loaded from evosuite-files/inheritance.xml.gz
[MASTER] 04:54:54.303 [logback-1] WARN  InheritanceTree - Class not in inheritance graph: java.util.function.Consumer
[MASTER] 04:54:54.315 [logback-1] WARN  InheritanceTree - Class not in inheritance graph: java.util.function.Predicate
[MASTER] 04:54:54.315 [logback-1] WARN  InheritanceTree - Class not in inheritance graph: java.util.function.UnaryOperator
[MASTER] 04:54:54.774 [logback-1] WARN  InheritanceTree - Class not in inheritance graph: java.util.function.Function
* Finished analyzing classpath
* Generating tests for class com.soops.CEN4010.JMCA.JParser.SimpleNode
* Test criteria:
  - Line Coverage
  - Branch Coverage
  - Exception
  - Mutation testing (weak)
  - Method-Output Coverage
  - Top-Level Method Coverage
  - No-Exception Top-Level Method Coverage
  - Context Branch Coverage
Production Code Path: /home/ubuntu/termite/SF110/19_jmca/src/main/java/com/soops/CEN4010/JMCA/JParser/SimpleNode.java
Ranking Type: org.evosuite.ga.metaheuristics.mosa.QualityBasedPreferenceSorting
* Using seed 1020
* Starting evolution
* Search finished after 122s and 47 generations, 40142 statements, best individual has fitness: 440.0
* Going to analyze the coverage criteria
* Coverage analysis for criterion LINE
* Coverage of criterion LINE: 94%
* Total number of goals: 62
* Number of covered goals: 58
* Coverage analysis for criterion BRANCH
* Coverage of criterion BRANCH: 85%
* Total number of goals: 67
* Number of covered goals: 57
* Coverage analysis for criterion EXCEPTION
* Coverage of criterion EXCEPTION: 100%
* Total number of goals: 11
* Number of covered goals: 11
* Coverage analysis for criterion WEAKMUTATION
* Coverage of criterion WEAKMUTATION: 82%
* Total number of goals: 121
* Number of covered goals: 99
* Coverage analysis for criterion OUTPUT
* Coverage of criterion OUTPUT: 47%
* Total number of goals: 17
* Number of covered goals: 8
* Coverage analysis for criterion METHOD
* Coverage of criterion METHOD: 100%
* Total number of goals: 13
* Number of covered goals: 13
* Coverage analysis for criterion METHODNOEXCEPTION
* Coverage of criterion METHODNOEXCEPTION: 100%
* Total number of goals: 13
* Number of covered goals: 13
* Coverage analysis for criterion CBRANCH
* Coverage of criterion CBRANCH: 85%
* Total number of goals: 67
* Number of covered goals: 57
* Generated 30 tests with total length 547
* Resulting test suite's coverage: 85% (average coverage for all fitness functions)
* Generating assertions
* Resulting test suite's mutation score: 74%
* Compiling and checking tests
[MASTER] 04:57:44.915 [logback-1] WARN  JUnitAnalyzer - Found unstable test named test22 -> class java.lang.StackOverflowError: null
[MASTER] 04:57:44.916 [logback-1] WARN  JUnitAnalyzer - Failing test:
 SimpleNode simpleNode0 = new SimpleNode(0);
simpleNode0.toString("Mk9|L>zkj1!d{O5hOm");
simpleNode0.jjtAddChild(simpleNode0, 0);
StringWriter stringWriter0 = new StringWriter();
simpleNode0.dump("Mk9|L>zkj1!d{O5hOm", stringWriter0);

* Writing JUnit test case 'SimpleNode_ESTest' to /home/ubuntu/termite/qmosa/tests/s1020/19_jmca/evosuite-tests
* Done!

* Computation finished
* EvoSuite 1.0.6
* Configuration: QMOSA
* Going to generate test cases for class: com.soops.CEN4010.JMCA.JParser.JavaCharStream
* EvoSuite 1.0.6
* Configuration: QMOSA
* Going to generate test cases for class: com.soops.CEN4010.JMCA.JParser.JavaParserTokenManager
* Starting client
* Properties loaded from /home/ubuntu/termite/projects/19_jmca/evosuite-files/evosuite.properties
* Connecting to master process on port 21265
* Starting client
* Properties loaded from /home/ubuntu/termite/projects/19_jmca/evosuite-files/evosuite.properties
* Connecting to master process on port 21264
* Analyzing classpath: 
* Analyzing classpath: 
* Inheritance tree loaded from evosuite-files/inheritance.xml.gz
* Finished analyzing classpath
* Generating tests for class com.soops.CEN4010.JMCA.JParser.JavaCharStream
* Test criteria:
  - Line Coverage
  - Branch Coverage
  - Exception
  - Mutation testing (weak)
  - Method-Output Coverage
  - Top-Level Method Coverage
  - No-Exception Top-Level Method Coverage
  - Context Branch Coverage
Production Code Path: /home/ubuntu/termite/SF110/19_jmca/src/main/java/com/soops/CEN4010/JMCA/JParser/JavaCharStream.java
Ranking Type: org.evosuite.ga.metaheuristics.mosa.QualityBasedPreferenceSorting
* Using seed 1020
* Starting evolution
* Inheritance tree loaded from evosuite-files/inheritance.xml.gz
[MASTER] 05:12:17.240 [logback-1] WARN  InheritanceTree - Class not in inheritance graph: java.util.function.Consumer
[MASTER] 05:12:17.259 [logback-1] WARN  InheritanceTree - Class not in inheritance graph: java.util.function.Predicate
[MASTER] 05:12:17.260 [logback-1] WARN  InheritanceTree - Class not in inheritance graph: java.util.function.UnaryOperator
[MASTER] 05:12:17.304 [logback-1] WARN  InheritanceTree - Class not in inheritance graph: java.util.function.Function
* Finished analyzing classpath
* Generating tests for class com.soops.CEN4010.JMCA.JParser.JavaParserTokenManager
* Test criteria:
  - Line Coverage
  - Branch Coverage
  - Exception
  - Mutation testing (weak)
  - Method-Output Coverage
  - Top-Level Method Coverage
  - No-Exception Top-Level Method Coverage
  - Context Branch Coverage
Production Code Path: /home/ubuntu/termite/SF110/19_jmca/src/main/java/com/soops/CEN4010/JMCA/JParser/JavaParserTokenManager.java
Ranking Type: org.evosuite.ga.metaheuristics.mosa.QualityBasedPreferenceSorting
* Using seed 1020
* Starting evolution
* Search finished after 124s and 10 generations, 5285 statements, best individual has fitness: 3728.0
[MASTER] 05:14:20.570 [logback-1] WARN  CoverageArchive - A solution with a timeout/exception result has been added to the archive. The covered goal was com.soops.CEN4010.JMCA.JParser.JavaParserTokenManager.jjMoveNfa_0(II)I: Line 1072
[MASTER] 05:14:20.572 [logback-1] WARN  CoverageArchive - A solution with a timeout/exception result has been added to the archive. The covered goal was com.soops.CEN4010.JMCA.JParser.JavaParserTokenManager.jjMoveNfa_0(II)I: Line 1073
[MASTER] 05:14:20.573 [logback-1] WARN  CoverageArchive - A solution with a timeout/exception result has been added to the archive. The covered goal was com.soops.CEN4010.JMCA.JParser.JavaParserTokenManager.jjMoveNfa_0(II)I: Line 1074
[MASTER] 05:14:20.575 [logback-1] WARN  CoverageArchive - A solution with a timeout/exception result has been added to the archive. The covered goal was com.soops.CEN4010.JMCA.JParser.JavaParserTokenManager.jjMoveNfa_0(II)I: Line 1075
[MASTER] 05:14:20.817 [logback-1] WARN  CoverageArchive - A solution with a timeout/exception result has been added to the archive. The covered goal was com.soops.CEN4010.JMCA.JParser.JavaParserTokenManager.jjMoveNfa_0(II)I: I673 Branch 650 IFNE L1070 - true
[MASTER] 05:14:20.819 [logback-1] WARN  CoverageArchive - A solution with a timeout/exception result has been added to the archive. The covered goal was com.soops.CEN4010.JMCA.JParser.JavaParserTokenManager.jjMoveNfa_0(II)I: I681 Branch 651 IF_ICMPLE L1072 - false
[MASTER] 05:14:21.063 [logback-1] WARN  CoverageArchive - A solution with a timeout/exception result has been added to the archive. The covered goal was Branch com.soops.CEN4010.JMCA.JParser.JavaParserTokenManager.jjMoveNfa_0(II)I: I673 Branch 650 IFNE L1070 - true in context: 
[MASTER] 05:14:21.245 [logback-1] WARN  CoverageArchive - A solution with a timeout/exception result has been added to the archive. The covered goal was Branch com.soops.CEN4010.JMCA.JParser.JavaParserTokenManager.jjMoveNfa_0(II)I: I681 Branch 651 IF_ICMPLE L1072 - false in context: 
* Going to analyze the coverage criteria
* Coverage analysis for criterion LINE
* Coverage of criterion LINE: 72%
* Total number of goals: 239
* Number of covered goals: 173
* Coverage analysis for criterion BRANCH
* Coverage of criterion BRANCH: 66%
* Total number of goals: 216
* Number of covered goals: 143
* Coverage analysis for criterion EXCEPTION
* Coverage of criterion EXCEPTION: 100%
* Total number of goals: 19
* Number of covered goals: 19
* Coverage analysis for criterion WEAKMUTATION
* Coverage of criterion WEAKMUTATION: 75%
* Total number of goals: 974
* Number of covered goals: 734
* Coverage analysis for criterion OUTPUT
* Coverage of criterion OUTPUT: 64%
* Total number of goals: 36
* Number of covered goals: 23
* Coverage analysis for criterion METHOD
* Coverage of criterion METHOD: 100%
* Total number of goals: 31
* Number of covered goals: 31
* Coverage analysis for criterion METHODNOEXCEPTION
* Coverage of criterion METHODNOEXCEPTION: 100%
* Total number of goals: 31
* Number of covered goals: 31
* Coverage analysis for criterion CBRANCH
* Coverage of criterion CBRANCH: 66%
* Total number of goals: 216
* Number of covered goals: 142
* Generated 64 tests with total length 946
* Resulting test suite's coverage: 74% (average coverage for all fitness functions)
* Generating assertions
* Search finished after 126s and 8 generations, 6996 statements, best individual has fitness: 25144.0
* Going to analyze the coverage criteria
* Coverage analysis for criterion LINE
* Coverage of criterion LINE: 27%
* Total number of goals: 981
* Number of covered goals: 263
* Coverage analysis for criterion BRANCH
* Coverage of criterion BRANCH: 38%
* Total number of goals: 1707
* Number of covered goals: 654
* Coverage analysis for criterion EXCEPTION
* Coverage of criterion EXCEPTION: 100%
* Total number of goals: 8
* Number of covered goals: 8
* Coverage analysis for criterion WEAKMUTATION
* Coverage of criterion WEAKMUTATION: 27%
* Total number of goals: 434
* Number of covered goals: 119
* Coverage analysis for criterion OUTPUT
* Coverage of criterion OUTPUT: 50%
* Total number of goals: 4
* Number of covered goals: 2
* Coverage analysis for criterion METHOD
* Coverage of criterion METHOD: 100%
* Total number of goals: 11
* Number of covered goals: 11
* Coverage analysis for criterion METHODNOEXCEPTION
* Coverage of criterion METHODNOEXCEPTION: 100%
* Total number of goals: 11
* Number of covered goals: 11
* Coverage analysis for criterion CBRANCH
* Coverage of criterion CBRANCH: 38%
* Total number of goals: 1707
* Number of covered goals: 652
* Generated 32 tests with total length 540
* Resulting test suite's coverage: 35% (average coverage for all fitness functions)
* Generating assertions
* Resulting test suite's mutation score: 7%
* Compiling and checking tests
[MASTER] 05:15:09.800 [logback-1] WARN  JUnitAnalyzer - Found unstable test named test0 -> class java.lang.AssertionError: Expecting exception: ArrayIndexOutOfBoundsException
[MASTER] 05:15:09.801 [logback-1] WARN  JUnitAnalyzer - Failing test:
 StringReader stringReader0 = new StringReader("S=5Ww\"H9khJ83]$9/I");
JavaCharStream javaCharStream0 = new JavaCharStream(stringReader0, 101, 50, 50);
JavaParserTokenManager javaParserTokenManager0 = new JavaParserTokenManager(javaCharStream0);
javaParserTokenManager0.getNextToken();
javaParserTokenManager0.getNextToken();
javaParserTokenManager0.getNextToken();

[MASTER] 05:15:10.804 [logback-1] WARN  JUnitAnalyzer - Found unstable test named test0 -> class java.lang.AssertionError: Expecting exception: ArrayIndexOutOfBoundsException
[MASTER] 05:15:10.804 [logback-1] WARN  JUnitAnalyzer - Failing test:
 StringReader stringReader0 = new StringReader("S=5W#w\"H9khJ83]$9/I");
JavaCharStream javaCharStream0 = new JavaCharStream(stringReader0, 101, 50, 50);
JavaParserTokenManager javaParserTokenManager0 = new JavaParserTokenManager(javaCharStream0);
javaParserTokenManager0.getNextToken();
javaParserTokenManager0.getNextToken();
javaParserTokenManager0.getNextToken();

* Writing JUnit test case 'JavaParserTokenManager_ESTest' to /home/ubuntu/termite/qmosa/tests/s1020/19_jmca/evosuite-tests
* Done!

* Computation finished
* Resulting test suite's mutation score: 27%
* Compiling and checking tests
* Permissions denied during test execution: 
  - java.lang.RuntimePermission: 
         writeFileDescriptor: 9
* Writing JUnit test case 'JavaCharStream_ESTest' to /home/ubuntu/termite/qmosa/tests/s1020/19_jmca/evosuite-tests
* Done!

* Computation finished
