* EvoSuite 1.0.6
* Configuration: MOSA
* Going to generate test cases for class: com.eteks.sweethome3d.j3d.Ground3D
* Starting client
* Properties loaded from /home/ubuntu/evosuite_readability_gen/projects/103_sweethome3d/evosuite-files/evosuite.properties
* Connecting to master process on port 14955
* Analyzing classpath: 
* Inheritance tree loaded from evosuite-files/inheritance.xml.gz
[MASTER] 13:58:28.083 [logback-1] WARN  InheritanceTree - Class not in inheritance graph: java.util.function.Consumer
[MASTER] 13:58:28.085 [logback-1] WARN  InheritanceTree - Class not in inheritance graph: java.util.function.Predicate
[MASTER] 13:58:28.085 [logback-1] WARN  InheritanceTree - Class not in inheritance graph: java.util.function.UnaryOperator
[MASTER] 13:58:29.198 [logback-1] WARN  InheritanceTree - Class not in inheritance graph: java.util.function.Function
[MASTER] 13:58:29.680 [logback-1] WARN  InheritanceTree - Class not in inheritance graph: java.util.function.BiFunction
[MASTER] 13:58:29.681 [logback-1] WARN  InheritanceTree - Class not in inheritance graph: java.util.function.BiConsumer
[MASTER] 13:58:35.052 [logback-1] WARN  InheritanceTree - Class not in inheritance graph: java.time.ZoneId
[MASTER] 13:58:35.152 [logback-1] WARN  InheritanceTree - Class not in inheritance graph: java.time.temporal.Temporal
[MASTER] 13:58:35.153 [logback-1] WARN  InheritanceTree - Class not in inheritance graph: java.time.temporal.TemporalAccessor
[MASTER] 13:58:35.153 [logback-1] WARN  InheritanceTree - Class not in inheritance graph: java.time.temporal.TemporalField
[MASTER] 13:58:35.155 [logback-1] WARN  InheritanceTree - Class not in inheritance graph: java.time.temporal.TemporalUnit
[MASTER] 13:58:35.155 [logback-1] WARN  InheritanceTree - Class not in inheritance graph: java.time.temporal.TemporalAmount
[MASTER] 13:58:35.213 [logback-1] WARN  InheritanceTree - Class not in inheritance graph: java.time.Clock
[MASTER] 13:58:35.213 [logback-1] WARN  InheritanceTree - Class not in inheritance graph: java.time.temporal.TemporalQuery
[MASTER] 13:58:35.214 [logback-1] WARN  InheritanceTree - Class not in inheritance graph: java.time.temporal.TemporalAdjuster
[MASTER] 13:58:35.270 [logback-1] WARN  InheritanceTree - Class not in inheritance graph: java.time.chrono.Chronology
* Finished analyzing classpath
* Generating tests for class com.eteks.sweethome3d.j3d.Ground3D
* Test criterion:
  - Branch Coverage
* Total number of test goals for MOSA: 122
* Using seed 1000
* Starting evolution
[MASTER] 13:58:40.211 [logback-2] ERROR TestCluster - Failed to check cache for java.util.AbstractMap<K, V>.SimpleEntry<K, V> : Type points to itself
[MASTER] 13:58:40.211 [logback-2] ERROR TestCluster - Failed to check cache for java.util.AbstractMap<K, V>.SimpleImmutableEntry<K, V> : Type points to itself
[MASTER] 13:58:41.504 [RMI TCP Connection(2)-127.0.0.1] WARN  SearchStatistics - searchStatistics expected a TestSuiteChromosome
[MASTER] 13:59:13.654 [logback-2] ERROR TestCluster - Failed to check cache for java.util.Comparator<T> : Type points to itself
* Search finished after 181s and 684 generations, 189884 statements, best individual has fitness: 121.0
* Going to analyze the coverage criteria
* Coverage analysis for criterion BRANCH
* Coverage of criterion BRANCH: 1%
* Total number of goals: 122
* Number of covered goals: 1
* Generated 1 tests with total length 2
* Resulting test suite's coverage: 1%
* Generating assertions
* Resulting test suite's mutation score: 0%
* Permissions denied during test execution: 
  - java.io.FilePermission: 
         execute /usr/bin/xprop: 1
* Writing JUnit test case 'Ground3D_ESTest' to /home/ubuntu/evosuite_readability_gen/mosa/tests/s1000/103_sweethome3d/evosuite-tests
* Done!

* Computation finished
* EvoSuite 1.0.6
* Configuration: MOSA
* Going to generate test cases for class: com.eteks.sweethome3d.swing.RoomPanel
* Starting client
* Properties loaded from /home/ubuntu/evosuite_readability_gen/projects/103_sweethome3d/evosuite-files/evosuite.properties
* Connecting to master process on port 14953
* Analyzing classpath: 
* Inheritance tree loaded from evosuite-files/inheritance.xml.gz
[MASTER] 14:20:07.116 [logback-1] WARN  InheritanceTree - Class not in inheritance graph: java.util.function.Consumer
[MASTER] 14:20:07.117 [logback-1] WARN  InheritanceTree - Class not in inheritance graph: java.util.function.Predicate
[MASTER] 14:20:07.412 [logback-1] WARN  InheritanceTree - Class not in inheritance graph: java.util.function.UnaryOperator
[MASTER] 14:20:08.200 [logback-1] WARN  InheritanceTree - Class not in inheritance graph: java.util.function.BiFunction
[MASTER] 14:20:08.200 [logback-1] WARN  InheritanceTree - Class not in inheritance graph: java.util.function.Function
[MASTER] 14:20:08.201 [logback-1] WARN  InheritanceTree - Class not in inheritance graph: java.util.function.BiConsumer
[MASTER] 14:20:10.605 [logback-1] WARN  InheritanceTree - Class not in inheritance graph: java.time.ZoneId
[MASTER] 14:20:12.319 [logback-1] WARN  InheritanceTree - Class not in inheritance graph: java.time.temporal.Temporal
[MASTER] 14:20:12.319 [logback-1] WARN  InheritanceTree - Class not in inheritance graph: java.time.temporal.TemporalAccessor
[MASTER] 14:20:12.319 [logback-1] WARN  InheritanceTree - Class not in inheritance graph: java.time.temporal.TemporalField
[MASTER] 14:20:12.320 [logback-1] WARN  InheritanceTree - Class not in inheritance graph: java.time.temporal.TemporalUnit
[MASTER] 14:20:12.320 [logback-1] WARN  InheritanceTree - Class not in inheritance graph: java.time.temporal.TemporalAmount
[MASTER] 14:20:12.320 [logback-1] WARN  InheritanceTree - Class not in inheritance graph: java.time.Clock
[MASTER] 14:20:12.329 [logback-1] WARN  InheritanceTree - Class not in inheritance graph: java.time.temporal.TemporalQuery
[MASTER] 14:20:12.336 [logback-1] WARN  InheritanceTree - Class not in inheritance graph: java.time.temporal.TemporalAdjuster
[MASTER] 14:20:12.450 [logback-1] WARN  InheritanceTree - Class not in inheritance graph: java.time.chrono.Chronology
[MASTER] 14:20:12.484 [logback-1] WARN  InheritanceTree - Class not in inheritance graph: java.time.chrono.Era
* Finished analyzing classpath
* Generating tests for class com.eteks.sweethome3d.swing.RoomPanel
* Test criterion:
  - Branch Coverage
* Total number of test goals for MOSA: 105
* Using seed 1000
* Starting evolution
[MASTER] 14:20:14.217 [logback-2] ERROR TestCluster - Failed to check cache for javax.swing.JComboBox<E> : Type points to itself
[MASTER] 14:20:14.223 [logback-2] ERROR TestCluster - Failed to check cache for javax.swing.JList<E> : Type points to itself
[MASTER] 14:20:16.502 [RMI TCP Connection(2)-127.0.0.1] WARN  SearchStatistics - searchStatistics expected a TestSuiteChromosome
[MASTER] 14:20:38.832 [logback-1] WARN  MSecurityManager - SUT asked for a runtime permission that EvoSuite does not recognize: ftpClientProvider
[MASTER] 14:20:45.795 [logback-1] WARN  InheritanceTree - Class not in inheritance graph: java.time.chrono.ChronoLocalDate
[MASTER] 14:20:54.547 [logback-2] ERROR TestCluster - Failed to check cache for java.util.Comparator<T> : Type points to itself
* Search finished after 181s and 825 generations, 130358 statements, best individual has fitness: 104.0
* Going to analyze the coverage criteria
* Coverage analysis for criterion BRANCH
* Coverage of criterion BRANCH: 1%
* Total number of goals: 105
* Number of covered goals: 1
* Generated 1 tests with total length 1
* Resulting test suite's coverage: 1%
* Generating assertions
* Resulting test suite's mutation score: 0%
* Permissions denied during test execution: 
  - java.io.FilePermission: 
         execute /usr/bin/xprop: 1
  - java.lang.RuntimePermission: 
         ftpClientProvider: 47
  - java.net.SocketPermission: 
         resolve www.someFakeButWellFormedURL.org: 107
         resolve foo.bar: 4
* Writing JUnit test case 'RoomPanel_ESTest' to /home/ubuntu/evosuite_readability_gen/mosa/tests/s1000/103_sweethome3d/evosuite-tests
* Done!

* Computation finished
* EvoSuite 1.0.6
* Configuration: MOSA
* Going to generate test cases for class: com.eteks.sweethome3d.viewcontroller.HomeController
* Starting client
* Properties loaded from /home/ubuntu/evosuite_readability_gen/projects/103_sweethome3d/evosuite-files/evosuite.properties
* Connecting to master process on port 14955
* Analyzing classpath: 
* Inheritance tree loaded from evosuite-files/inheritance.xml.gz
[MASTER] 14:37:20.472 [logback-1] WARN  InheritanceTree - Class not in inheritance graph: java.util.function.Consumer
[MASTER] 14:37:20.476 [logback-1] WARN  InheritanceTree - Class not in inheritance graph: java.util.function.Predicate
[MASTER] 14:37:20.477 [logback-1] WARN  InheritanceTree - Class not in inheritance graph: java.util.function.UnaryOperator
[MASTER] 14:37:21.890 [logback-1] WARN  InheritanceTree - Class not in inheritance graph: java.util.function.Function
[MASTER] 14:37:22.114 [logback-1] WARN  InheritanceTree - Class not in inheritance graph: java.util.function.BiFunction
[MASTER] 14:37:22.116 [logback-1] WARN  InheritanceTree - Class not in inheritance graph: java.util.function.BiConsumer
[MASTER] 14:37:25.196 [logback-1] WARN  InheritanceTree - Class not in inheritance graph: java.time.ZoneId
[MASTER] 14:37:25.226 [logback-1] WARN  InheritanceTree - Class not in inheritance graph: java.time.temporal.Temporal
[MASTER] 14:37:25.226 [logback-1] WARN  InheritanceTree - Class not in inheritance graph: java.time.temporal.TemporalAccessor
[MASTER] 14:37:25.227 [logback-1] WARN  InheritanceTree - Class not in inheritance graph: java.time.temporal.TemporalField
[MASTER] 14:37:25.227 [logback-1] WARN  InheritanceTree - Class not in inheritance graph: java.time.temporal.TemporalUnit
[MASTER] 14:37:25.303 [logback-1] WARN  InheritanceTree - Class not in inheritance graph: java.time.temporal.TemporalAmount
[MASTER] 14:37:25.303 [logback-1] WARN  InheritanceTree - Class not in inheritance graph: java.time.Clock
[MASTER] 14:37:25.304 [logback-1] WARN  InheritanceTree - Class not in inheritance graph: java.time.temporal.TemporalQuery
[MASTER] 14:37:25.305 [logback-1] WARN  InheritanceTree - Class not in inheritance graph: java.time.temporal.TemporalAdjuster
[MASTER] 14:37:25.359 [logback-1] WARN  InheritanceTree - Class not in inheritance graph: java.time.chrono.Chronology
[MASTER] 14:37:25.369 [logback-1] WARN  InheritanceTree - Class not in inheritance graph: java.time.chrono.Era
* Finished analyzing classpath
* Generating tests for class com.eteks.sweethome3d.viewcontroller.HomeController
* Test criterion:
  - Branch Coverage
* Total number of test goals for MOSA: 618
* Using seed 1000
* Starting evolution
[MASTER] 14:37:30.504 [RMI TCP Connection(3)-127.0.0.1] WARN  SearchStatistics - searchStatistics expected a TestSuiteChromosome
[MASTER] 14:37:31.265 [logback-1] WARN  TestChromosome - Functional mock problem: org.evosuite.ga.ConstructionFailedException: Failed to add constructor for com.eteks.sweethome3d.applet.AppletUserPreferences due to org.evosuite.ga.ConstructionFailedException: Have no generator for class com.eteks.sweethome3d.viewcontroller.HelpController canUseFunctionalMocks=false, canBeMocked: true
[MASTER] 14:37:32.401 [logback-1] WARN  TestChromosome - Functional mock problem: org.evosuite.ga.ConstructionFailedException: Failed to add constructor for com.eteks.sweethome3d.applet.AppletUserPreferences due to org.evosuite.ga.ConstructionFailedException: Failed to add constructor for com.eteks.sweethome3d.viewcontroller.HelpController due to org.evosuite.ga.ConstructionFailedException: Failed to add constructor for com.eteks.sweethome3d.applet.AppletUserPreferences due to org.evosuite.ga.ConstructionFailedException: Failed to add constructor for java.util.concurrent.ThreadPoolExecutor due to org.evosuite.ga.ConstructionFailedException: Failed to add constructor for java.util.concurrent.ScheduledThreadPoolExecutor due to org.evosuite.ga.ConstructionFailedException: Max recursion depth reached
[MASTER] 14:37:32.706 [logback-1] WARN  TestChromosome - Functional mock problem: org.evosuite.ga.ConstructionFailedException: Failed to add constructor for com.eteks.sweethome3d.applet.AppletUserPreferences due to org.evosuite.ga.ConstructionFailedException: Failed to add constructor for com.eteks.sweethome3d.viewcontroller.BackgroundImageWizardController due to org.evosuite.ga.ConstructionFailedException: Failed to add constructor for javax.swing.undo.UndoableEditSupport due to org.evosuite.ga.ConstructionFailedException: Failed to add constructor for com.eteks.sweethome3d.model.HomeFurnitureGroup due to org.evosuite.ga.ConstructionFailedException: Failed to add constructor for com.eteks.sweethome3d.viewcontroller.FurnitureController due to org.evosuite.ga.ConstructionFailedException: Max recursion depth reached
[MASTER] 14:37:38.561 [logback-1] WARN  TestChromosome - Functional mock problem: org.evosuite.ga.ConstructionFailedException: Failed to add constructor for com.eteks.sweethome3d.applet.AppletUserPreferences due to org.evosuite.ga.ConstructionFailedException: Failed to add constructor for com.eteks.sweethome3d.viewcontroller.HelpController due to org.evosuite.ga.ConstructionFailedException: Failed to add constructor for com.eteks.sweethome3d.applet.AppletUserPreferences due to org.evosuite.ga.ConstructionFailedException: Failed to add constructor for java.util.concurrent.ThreadPoolExecutor due to org.evosuite.ga.ConstructionFailedException: Failed to add constructor for java.util.concurrent.LinkedBlockingDeque due to org.evosuite.ga.ConstructionFailedException: Max recursion depth reached
[MASTER] 14:37:38.641 [logback-1] WARN  TestChromosome - Functional mock problem: org.evosuite.ga.ConstructionFailedException: Failed to add constructor for com.eteks.sweethome3d.applet.AppletUserPreferences due to org.evosuite.ga.ConstructionFailedException: Failed to add constructor for com.eteks.sweethome3d.viewcontroller.HelpController due to org.evosuite.ga.ConstructionFailedException: Failed to add constructor for com.eteks.sweethome3d.applet.AppletUserPreferences due to org.evosuite.ga.ConstructionFailedException: Failed to add constructor for com.eteks.sweethome3d.viewcontroller.BackgroundImageWizardController due to org.evosuite.ga.ConstructionFailedException: Failed to add constructor for javax.swing.undo.UndoableEditSupport due to org.evosuite.ga.ConstructionFailedException: Failed to add constructor for com.eteks.sweethome3d.model.Home due to org.evosuite.ga.ConstructionFailedException: Max recursion depth reached
[MASTER] 14:37:39.549 [logback-1] WARN  TestChromosome - Functional mock problem: org.evosuite.ga.ConstructionFailedException: Failed to add constructor for com.eteks.sweethome3d.applet.AppletUserPreferences due to org.evosuite.ga.ConstructionFailedException: Failed to add constructor for com.eteks.sweethome3d.viewcontroller.BackgroundImageWizardController due to org.evosuite.ga.ConstructionFailedException: Failed to add constructor for com.eteks.sweethome3d.io.FileUserPreferences due to org.evosuite.ga.ConstructionFailedException: Failed to add constructor for java.util.concurrent.ThreadPoolExecutor due to org.evosuite.ga.ConstructionFailedException: Failed to add constructor for java.util.concurrent.ScheduledThreadPoolExecutor due to org.evosuite.ga.ConstructionFailedException: Max recursion depth reached
[MASTER] 14:37:40.761 [logback-1] WARN  TestChromosome - Functional mock problem: org.evosuite.ga.ConstructionFailedException: Failed to add constructor for com.eteks.sweethome3d.applet.AppletUserPreferences due to org.evosuite.ga.ConstructionFailedException: Failed to add constructor for com.eteks.sweethome3d.viewcontroller.HelpController due to org.evosuite.ga.ConstructionFailedException: Failed to add constructor for com.eteks.sweethome3d.io.FileUserPreferences due to org.evosuite.ga.ConstructionFailedException: Failed to add constructor for java.util.concurrent.ThreadPoolExecutor due to org.evosuite.ga.ConstructionFailedException: Failed to add constructor for java.util.concurrent.ScheduledThreadPoolExecutor due to org.evosuite.ga.ConstructionFailedException: Max recursion depth reached
[MASTER] 14:37:42.123 [logback-1] WARN  TestChromosome - Functional mock problem: org.evosuite.ga.ConstructionFailedException: Failed to add constructor for com.eteks.sweethome3d.applet.AppletUserPreferences due to org.evosuite.ga.ConstructionFailedException: Failed to add constructor for com.eteks.sweethome3d.viewcontroller.BackgroundImageWizardController due to org.evosuite.ga.ConstructionFailedException: Failed to add constructor for javax.swing.undo.UndoableEditSupport due to org.evosuite.ga.ConstructionFailedException: Failed to add constructor for com.eteks.sweethome3d.model.HomeLight due to org.evosuite.ga.ConstructionFailedException: Failed to add constructor for com.eteks.sweethome3d.model.CatalogLight due to org.evosuite.ga.ConstructionFailedException: Max recursion depth reached
[MASTER] 14:37:49.238 [logback-1] WARN  TestChromosome - Functional mock problem: org.evosuite.ga.ConstructionFailedException: Failed to add constructor for com.eteks.sweethome3d.applet.AppletUserPreferences due to org.evosuite.ga.ConstructionFailedException: Failed to add constructor for com.eteks.sweethome3d.viewcontroller.BackgroundImageWizardController due to org.evosuite.ga.ConstructionFailedException: Failed to add constructor for javax.swing.undo.UndoableEditSupport due to org.evosuite.ga.ConstructionFailedException: Failed to add constructor for com.eteks.sweethome3d.model.CatalogPieceOfFurniture due to org.evosuite.ga.ConstructionFailedException: Failed to add constructor for com.eteks.sweethome3d.tools.URLContent due to org.evosuite.ga.ConstructionFailedException: Max recursion depth reached
[MASTER] 14:37:49.309 [logback-1] WARN  TestChromosome - Functional mock problem: org.evosuite.ga.ConstructionFailedException: Failed to add constructor for com.eteks.sweethome3d.applet.AppletUserPreferences due to org.evosuite.ga.ConstructionFailedException: Failed to add constructor for com.eteks.sweethome3d.viewcontroller.HelpController due to org.evosuite.ga.ConstructionFailedException: Failed to add constructor for com.eteks.sweethome3d.io.FileUserPreferences due to org.evosuite.ga.ConstructionFailedException: Failed to add constructor for org.evosuite.runtime.mock.java.io.MockFile due to org.evosuite.ga.ConstructionFailedException: Max recursion depth reached
[MASTER] 14:38:14.947 [logback-1] WARN  TestChromosome - Functional mock problem: org.evosuite.ga.ConstructionFailedException: Failed to add constructor for com.eteks.sweethome3d.applet.AppletUserPreferences due to org.evosuite.ga.ConstructionFailedException: Failed to add constructor for com.eteks.sweethome3d.viewcontroller.HelpController due to org.evosuite.ga.ConstructionFailedException: Failed to add constructor for com.eteks.sweethome3d.applet.AppletUserPreferences due to org.evosuite.ga.ConstructionFailedException: Have no generator for class com.eteks.sweethome3d.viewcontroller.HelpController canUseFunctionalMocks=false, canBeMocked: true
[MASTER] 14:38:55.439 [logback-1] WARN  MSecurityManager - SUT asked for a runtime permission that EvoSuite does not recognize: ftpClientProvider
[MASTER] 14:38:55.812 [logback-1] WARN  TestChromosome - Functional mock problem: org.evosuite.ga.ConstructionFailedException: Failed to add constructor for com.eteks.sweethome3d.applet.AppletUserPreferences due to org.evosuite.ga.ConstructionFailedException: Have no generator for class com.eteks.sweethome3d.viewcontroller.BackgroundImageWizardController canUseFunctionalMocks=false, canBeMocked: true
[MASTER] 14:38:56.919 [logback-2] ERROR TestCluster - Failed to check cache for java.util.Comparator<T> : Type points to itself
[MASTER] 14:38:57.819 [logback-1] WARN  TestChromosome - Functional mock problem: org.evosuite.ga.ConstructionFailedException: Failed to add constructor for com.eteks.sweethome3d.io.FileUserPreferences due to org.evosuite.ga.ConstructionFailedException: Failed to add constructor for java.util.concurrent.ThreadPoolExecutor due to org.evosuite.ga.ConstructionFailedException: Failed to add constructor for java.util.concurrent.ThreadPoolExecutor due to org.evosuite.ga.ConstructionFailedException: Failed to add constructor for java.util.concurrent.ScheduledThreadPoolExecutor due to org.evosuite.ga.ConstructionFailedException: Max recursion depth reached
[MASTER] 14:38:59.088 [logback-1] WARN  TestChromosome - Functional mock problem: org.evosuite.ga.ConstructionFailedException: Failed to add constructor for com.eteks.sweethome3d.applet.AppletUserPreferences due to org.evosuite.ga.ConstructionFailedException: Failed to add constructor for com.eteks.sweethome3d.viewcontroller.BackgroundImageWizardController due to org.evosuite.ga.ConstructionFailedException: Failed to add constructor for com.eteks.sweethome3d.swing.FileContentManager due to org.evosuite.ga.ConstructionFailedException: Failed to add constructor for com.eteks.sweethome3d.applet.AppletUserPreferences due to org.evosuite.ga.ConstructionFailedException: Failed to add constructor for java.util.concurrent.ThreadPoolExecutor due to org.evosuite.ga.ConstructionFailedException: Max recursion depth reached
[MASTER] 14:38:59.826 [logback-1] WARN  TestChromosome - Functional mock problem: org.evosuite.ga.ConstructionFailedException: Failed to add constructor for com.eteks.sweethome3d.applet.AppletUserPreferences due to org.evosuite.ga.ConstructionFailedException: Failed to add constructor for com.eteks.sweethome3d.viewcontroller.BackgroundImageWizardController due to org.evosuite.ga.ConstructionFailedException: Failed to add constructor for javax.swing.undo.UndoableEditSupport due to org.evosuite.ga.ConstructionFailedException: Failed to add constructor for com.eteks.sweethome3d.model.CatalogPieceOfFurniture due to org.evosuite.ga.ConstructionFailedException: Failed to add constructor for com.eteks.sweethome3d.tools.TemporaryURLContent due to org.evosuite.ga.ConstructionFailedException: Max recursion depth reached
[MASTER] 14:39:00.220 [logback-1] WARN  TestChromosome - Functional mock problem: org.evosuite.ga.ConstructionFailedException: Failed to add constructor for com.eteks.sweethome3d.applet.AppletUserPreferences due to org.evosuite.ga.ConstructionFailedException: Failed to add constructor for com.eteks.sweethome3d.viewcontroller.BackgroundImageWizardController due to org.evosuite.ga.ConstructionFailedException: Failed to add constructor for com.eteks.sweethome3d.io.FileUserPreferences due to org.evosuite.ga.ConstructionFailedException: Failed to add constructor for org.evosuite.runtime.mock.java.io.MockFile due to org.evosuite.ga.ConstructionFailedException: Max recursion depth reached
[MASTER] 14:39:04.448 [logback-1] WARN  TestChromosome - Functional mock problem: org.evosuite.ga.ConstructionFailedException: Failed to add constructor for com.eteks.sweethome3d.applet.AppletUserPreferences due to org.evosuite.ga.ConstructionFailedException: Failed to add constructor for com.eteks.sweethome3d.viewcontroller.BackgroundImageWizardController due to org.evosuite.ga.ConstructionFailedException: Failed to add constructor for javax.swing.undo.UndoableEditSupport due to org.evosuite.ga.ConstructionFailedException: Failed to add constructor for com.eteks.sweethome3d.viewcontroller.UserPreferencesController due to org.evosuite.ga.ConstructionFailedException: Failed to add constructor for com.eteks.sweethome3d.applet.AppletContentManager due to org.evosuite.ga.ConstructionFailedException: Max recursion depth reached
[MASTER] 14:39:07.599 [logback-1] WARN  TestChromosome - Functional mock problem: org.evosuite.ga.ConstructionFailedException: Failed to add constructor for com.eteks.sweethome3d.applet.AppletUserPreferences due to org.evosuite.ga.ConstructionFailedException: Failed to add constructor for com.eteks.sweethome3d.viewcontroller.BackgroundImageWizardController due to org.evosuite.ga.ConstructionFailedException: Failed to add constructor for javax.swing.undo.UndoableEditSupport due to org.evosuite.ga.ConstructionFailedException: Failed to add constructor for com.eteks.sweethome3d.model.HomeDoorOrWindow due to org.evosuite.ga.ConstructionFailedException: Failed to add constructor for com.eteks.sweethome3d.model.CatalogDoorOrWindow due to org.evosuite.ga.ConstructionFailedException: Max recursion depth reached
[MASTER] 14:39:08.712 [logback-1] WARN  TestChromosome - Functional mock problem: org.evosuite.ga.ConstructionFailedException: Failed to add constructor for com.eteks.sweethome3d.applet.AppletUserPreferences due to org.evosuite.ga.ConstructionFailedException: Failed to add constructor for com.eteks.sweethome3d.viewcontroller.BackgroundImageWizardController due to org.evosuite.ga.ConstructionFailedException: Failed to add constructor for com.eteks.sweethome3d.viewcontroller.HomeController due to org.evosuite.ga.ConstructionFailedException: Failed to add constructor for com.eteks.sweethome3d.model.Home due to org.evosuite.ga.ConstructionFailedException: Max recursion depth reached
[MASTER] 14:39:21.197 [logback-1] WARN  TestChromosome - Functional mock problem: org.evosuite.ga.ConstructionFailedException: Failed to add constructor for com.eteks.sweethome3d.applet.AppletUserPreferences due to org.evosuite.ga.ConstructionFailedException: Failed to add constructor for com.eteks.sweethome3d.viewcontroller.HelpController due to org.evosuite.ga.ConstructionFailedException: Failed to add constructor for com.eteks.sweethome3d.io.FileUserPreferences due to org.evosuite.ga.ConstructionFailedException: Failed to add constructor for java.util.concurrent.ThreadPoolExecutor due to org.evosuite.ga.ConstructionFailedException: Failed to add constructor for java.util.concurrent.ThreadPoolExecutor due to org.evosuite.ga.ConstructionFailedException: Max recursion depth reached
[MASTER] 14:39:23.596 [logback-1] WARN  TestChromosome - Functional mock problem: org.evosuite.ga.ConstructionFailedException: Failed to add constructor for com.eteks.sweethome3d.applet.AppletUserPreferences due to org.evosuite.ga.ConstructionFailedException: Failed to add constructor for com.eteks.sweethome3d.viewcontroller.HelpController due to org.evosuite.ga.ConstructionFailedException: Failed to add constructor for com.eteks.sweethome3d.io.FileUserPreferences due to org.evosuite.ga.ConstructionFailedException: Failed to add constructor for java.util.concurrent.ThreadPoolExecutor due to org.evosuite.ga.ConstructionFailedException: Max recursion depth reached
[MASTER] 14:39:26.294 [logback-1] WARN  TestChromosome - Functional mock problem: org.evosuite.ga.ConstructionFailedException: Failed to add constructor for com.eteks.sweethome3d.applet.AppletUserPreferences due to org.evosuite.ga.ConstructionFailedException: Failed to add constructor for com.eteks.sweethome3d.viewcontroller.HelpController due to org.evosuite.ga.ConstructionFailedException: Failed to add constructor for com.eteks.sweethome3d.applet.AppletUserPreferences due to org.evosuite.ga.ConstructionFailedException: Max recursion depth reached
[MASTER] 14:39:27.985 [logback-1] WARN  TestChromosome - Functional mock problem: org.evosuite.ga.ConstructionFailedException: Failed to add constructor for com.eteks.sweethome3d.applet.AppletUserPreferences due to org.evosuite.ga.ConstructionFailedException: Failed to add constructor for java.util.concurrent.ThreadPoolExecutor due to org.evosuite.ga.ConstructionFailedException: Failed to add constructor for java.util.concurrent.LinkedBlockingDeque due to org.evosuite.ga.ConstructionFailedException: Max recursion depth reached
[MASTER] 14:39:38.525 [logback-1] WARN  TestChromosome - Functional mock problem: org.evosuite.ga.ConstructionFailedException: Failed to add constructor for com.eteks.sweethome3d.applet.AppletUserPreferences due to org.evosuite.ga.ConstructionFailedException: Have no generator for class javax.swing.JApplet canUseFunctionalMocks=false, canBeMocked: true
[MASTER] 14:39:46.346 [logback-1] WARN  TestChromosome - Functional mock problem: org.evosuite.ga.ConstructionFailedException: Failed to add constructor for com.eteks.sweethome3d.applet.AppletUserPreferences due to org.evosuite.ga.ConstructionFailedException: Failed to add constructor for com.eteks.sweethome3d.viewcontroller.HelpController due to org.evosuite.ga.ConstructionFailedException: Failed to add constructor for com.eteks.sweethome3d.io.FileUserPreferences due to org.evosuite.ga.ConstructionFailedException: Failed to add constructor for org.evosuite.runtime.mock.java.io.MockFile due to org.evosuite.ga.ConstructionFailedException: Failed to add constructor for org.evosuite.runtime.mock.java.io.MockFile due to org.evosuite.ga.ConstructionFailedException: Max recursion depth reached
[MASTER] 14:39:49.532 [logback-1] WARN  TestChromosome - Functional mock problem: org.evosuite.ga.ConstructionFailedException: Failed to add constructor for com.eteks.sweethome3d.applet.AppletUserPreferences due to org.evosuite.ga.ConstructionFailedException: Failed to add constructor for java.util.concurrent.ThreadPoolExecutor due to org.evosuite.ga.ConstructionFailedException: Failed to add constructor for java.util.concurrent.ThreadPoolExecutor due to org.evosuite.ga.ConstructionFailedException: Failed to add constructor for java.util.concurrent.ThreadPoolExecutor due to org.evosuite.ga.ConstructionFailedException: Max recursion depth reached
[MASTER] 14:39:49.805 [logback-1] WARN  TestChromosome - Functional mock problem: org.evosuite.ga.ConstructionFailedException: Failed to add constructor for com.eteks.sweethome3d.applet.AppletUserPreferences due to org.evosuite.ga.ConstructionFailedException: Failed to add constructor for com.eteks.sweethome3d.viewcontroller.BackgroundImageWizardController due to org.evosuite.ga.ConstructionFailedException: Failed to add constructor for com.eteks.sweethome3d.applet.AppletUserPreferences due to org.evosuite.ga.ConstructionFailedException: Failed to add constructor for java.util.concurrent.ThreadPoolExecutor due to org.evosuite.ga.ConstructionFailedException: Failed to add constructor for java.util.concurrent.ScheduledThreadPoolExecutor due to org.evosuite.ga.ConstructionFailedException: Max recursion depth reached
[MASTER] 14:39:54.639 [logback-1] WARN  TestChromosome - Functional mock problem: org.evosuite.ga.ConstructionFailedException: Failed to add constructor for com.eteks.sweethome3d.viewcontroller.FurnitureController due to org.evosuite.ga.ConstructionFailedException: Failed to add constructor for com.eteks.sweethome3d.applet.AppletUserPreferences due to org.evosuite.ga.ConstructionFailedException: Failed to add constructor for java.util.concurrent.ThreadPoolExecutor due to org.evosuite.ga.ConstructionFailedException: Max recursion depth reached
[MASTER] 14:39:55.607 [logback-1] WARN  TestChromosome - Functional mock problem: org.evosuite.ga.ConstructionFailedException: Failed to add constructor for com.eteks.sweethome3d.io.FileUserPreferences due to org.evosuite.ga.ConstructionFailedException: Failed to add constructor for org.evosuite.runtime.mock.java.io.MockFile due to org.evosuite.ga.ConstructionFailedException: Max recursion depth reached
[MASTER] 14:39:56.629 [logback-1] WARN  TestChromosome - Functional mock problem: org.evosuite.ga.ConstructionFailedException: Failed to add constructor for com.eteks.sweethome3d.io.FileUserPreferences due to org.evosuite.ga.ConstructionFailedException: Failed to add constructor for org.evosuite.runtime.mock.java.io.MockFile due to org.evosuite.ga.ConstructionFailedException: Failed to add constructor for org.evosuite.runtime.mock.java.io.MockFile due to org.evosuite.ga.ConstructionFailedException: Max recursion depth reached
[MASTER] 14:39:59.446 [logback-1] WARN  TestChromosome - Functional mock problem: org.evosuite.ga.ConstructionFailedException: Failed to add constructor for com.eteks.sweethome3d.applet.AppletUserPreferences due to org.evosuite.ga.ConstructionFailedException: Failed to add constructor for com.eteks.sweethome3d.viewcontroller.BackgroundImageWizardController due to org.evosuite.ga.ConstructionFailedException: Failed to add constructor for com.eteks.sweethome3d.applet.AppletUserPreferences due to org.evosuite.ga.ConstructionFailedException: Max recursion depth reached
[MASTER] 14:40:05.082 [logback-1] WARN  TestChromosome - Functional mock problem: org.evosuite.ga.ConstructionFailedException: Failed to add constructor for com.eteks.sweethome3d.applet.AppletUserPreferences due to org.evosuite.ga.ConstructionFailedException: Failed to add constructor for org.evosuite.runtime.mock.java.io.MockFile due to org.evosuite.ga.ConstructionFailedException: Max recursion depth reached
[MASTER] 14:40:06.928 [logback-1] WARN  TestChromosome - Functional mock problem: org.evosuite.ga.ConstructionFailedException: Failed to add constructor for com.eteks.sweethome3d.applet.AppletUserPreferences due to org.evosuite.ga.ConstructionFailedException: Failed to add constructor for com.eteks.sweethome3d.viewcontroller.BackgroundImageWizardController due to org.evosuite.ga.ConstructionFailedException: Failed to add constructor for com.eteks.sweethome3d.io.FileUserPreferences due to org.evosuite.ga.ConstructionFailedException: Failed to add constructor for java.util.concurrent.ThreadPoolExecutor due to org.evosuite.ga.ConstructionFailedException: Failed to add constructor for java.util.concurrent.ThreadPoolExecutor due to org.evosuite.ga.ConstructionFailedException: Max recursion depth reached
[MASTER] 14:40:07.526 [logback-1] WARN  TestChromosome - Functional mock problem: org.evosuite.ga.ConstructionFailedException: Failed to add constructor for com.eteks.sweethome3d.applet.AppletUserPreferences due to org.evosuite.ga.ConstructionFailedException: Failed to add constructor for com.eteks.sweethome3d.viewcontroller.BackgroundImageWizardController due to org.evosuite.ga.ConstructionFailedException: Failed to add constructor for com.eteks.sweethome3d.HomeFrameController due to org.evosuite.ga.ConstructionFailedException: Failed to add constructor for com.eteks.sweethome3d.plugin.PluginManager due to org.evosuite.ga.ConstructionFailedException: Max recursion depth reached
[MASTER] 14:40:08.885 [logback-1] WARN  TestChromosome - Functional mock problem: org.evosuite.ga.ConstructionFailedException: Failed to add constructor for com.eteks.sweethome3d.applet.AppletUserPreferences due to org.evosuite.ga.ConstructionFailedException: Failed to add constructor for com.eteks.sweethome3d.viewcontroller.BackgroundImageWizardController due to org.evosuite.ga.ConstructionFailedException: Failed to add constructor for com.eteks.sweethome3d.io.FileUserPreferences due to org.evosuite.ga.ConstructionFailedException: Max recursion depth reached
[MASTER] 14:40:10.517 [logback-1] WARN  TestChromosome - Functional mock problem: org.evosuite.ga.ConstructionFailedException: Failed to add constructor for com.eteks.sweethome3d.applet.AppletUserPreferences due to org.evosuite.ga.ConstructionFailedException: Failed to add constructor for com.eteks.sweethome3d.viewcontroller.BackgroundImageWizardController due to org.evosuite.ga.ConstructionFailedException: Failed to add constructor for com.eteks.sweethome3d.viewcontroller.HomeController due to org.evosuite.ga.ConstructionFailedException: Failed to add constructor for com.eteks.sweethome3d.model.Home due to org.evosuite.ga.ConstructionFailedException: Failed to add constructor for com.eteks.sweethome3d.model.HomeFurnitureGroup due to org.evosuite.ga.ConstructionFailedException: Max recursion depth reached
* Search finished after 183s and 321 generations, 110657 statements, best individual has fitness: 531.0
* Going to analyze the coverage criteria
* Coverage analysis for criterion BRANCH
* Coverage of criterion BRANCH: 14%
* Total number of goals: 618
* Number of covered goals: 87
* Generated 52 tests with total length 313
* Resulting test suite's coverage: 14%
* Generating assertions
* Resulting test suite's mutation score: 3%
* Permissions denied during test execution: 
  - java.io.FilePermission: 
         execute /usr/bin/xprop: 1
  - java.lang.RuntimePermission: 
         ftpClientProvider: 40
  - java.net.SocketPermission: 
         resolve www.someFakeButWellFormedURL.org: 64
         resolve foo.bar: 2
* Writing JUnit test case 'HomeController_ESTest' to /home/ubuntu/evosuite_readability_gen/mosa/tests/s1000/103_sweethome3d/evosuite-tests
* Done!

* Computation finished
