* EvoSuite 1.0.6
* Configuration: MOSA
* Going to generate test cases for class: com.gbshape.dbe.struts.action.ExportDataAction
* Starting client
* Properties loaded from /home/ubuntu/evosuite_readability_gen/projects/54_db-everywhere/evosuite-files/evosuite.properties
* Connecting to master process on port 14959
* Analyzing classpath: 
* Inheritance tree loaded from evosuite-files/inheritance.xml.gz
[MASTER] 13:49:21.231 [logback-1] WARN  InheritanceTree - Class not in inheritance graph: java.util.function.Consumer
[MASTER] 13:49:21.234 [logback-1] WARN  InheritanceTree - Class not in inheritance graph: java.util.function.Predicate
[MASTER] 13:49:21.235 [logback-1] WARN  InheritanceTree - Class not in inheritance graph: java.util.function.UnaryOperator
[MASTER] 13:49:21.472 [logback-1] WARN  InheritanceTree - Class not in inheritance graph: java.util.function.Function
* Finished analyzing classpath
* Generating tests for class com.gbshape.dbe.struts.action.ExportDataAction
* Test criterion:
  - Branch Coverage
* Total number of test goals for MOSA: 69
* Using seed 1000
* Starting evolution
[MASTER] 13:49:23.798 [logback-1] WARN  CoverageArchive - A solution with a timeout/exception result has been added to the archive. The covered goal was com.gbshape.dbe.struts.action.ExportDataAction.<init>()V: root-Branch
[MASTER] 13:49:27.407 [logback-1] WARN  TestChromosome - Functional mock problem: org.evosuite.ga.ConstructionFailedException: Have no generator for class javax.servlet.http.HttpServletRequestWrapper canUseFunctionalMocks=false, canBeMocked: true
[MASTER] 13:49:28.845 [RMI TCP Connection(2)-127.0.0.1] WARN  SearchStatistics - searchStatistics expected a TestSuiteChromosome
[MASTER] 13:50:07.339 [logback-1] WARN  InheritanceTree - Class not in inheritance graph: java.util.function.BiFunction
[MASTER] 13:50:07.340 [logback-1] WARN  InheritanceTree - Class not in inheritance graph: java.util.function.BiConsumer
[MASTER] 13:50:28.074 [logback-1] WARN  TestChromosome - Functional mock problem: org.evosuite.ga.ConstructionFailedException: Have no generator for class javax.servlet.http.HttpServletResponseWrapper canUseFunctionalMocks=false, canBeMocked: true
* Search finished after 182s and 881 generations, 566468 statements, best individual has fitness: 31.0
* Going to analyze the coverage criteria
* Coverage analysis for criterion BRANCH
* Coverage of criterion BRANCH: 55%
* Total number of goals: 69
* Number of covered goals: 38
* Generated 10 tests with total length 73
* Resulting test suite's coverage: 55%
* Generating assertions
* Resulting test suite's mutation score: 0%
* Writing JUnit test case 'ExportDataAction_ESTest' to /home/ubuntu/evosuite_readability_gen/mosa/tests/s1000/54_db-everywhere/evosuite-tests
* Done!

* Computation finished
