* EvoSuite 1.0.6
* Configuration: MOSA
* Going to generate test cases for class: framework.util.ConvertUtils
* Starting client
* Properties loaded from /home/ubuntu/evosuite_readability_gen/projects/38_javabullboard/evosuite-files/evosuite.properties
* Connecting to master process on port 14956
* Analyzing classpath: 
* Inheritance tree loaded from evosuite-files/inheritance.xml.gz
[MASTER] 14:02:31.475 [logback-1] WARN  InheritanceTree - Class not in inheritance graph: java.time.temporal.Temporal
[MASTER] 14:02:31.476 [logback-1] WARN  InheritanceTree - Class not in inheritance graph: java.time.ZoneId
[MASTER] 14:02:31.485 [logback-1] WARN  InheritanceTree - Class not in inheritance graph: java.time.temporal.TemporalAccessor
[MASTER] 14:02:31.486 [logback-1] WARN  InheritanceTree - Class not in inheritance graph: java.time.temporal.TemporalField
[MASTER] 14:02:31.487 [logback-1] WARN  InheritanceTree - Class not in inheritance graph: java.time.temporal.TemporalUnit
[MASTER] 14:02:31.487 [logback-1] WARN  InheritanceTree - Class not in inheritance graph: java.time.temporal.TemporalAmount
[MASTER] 14:02:31.487 [logback-1] WARN  InheritanceTree - Class not in inheritance graph: java.time.Clock
[MASTER] 14:02:31.499 [logback-1] WARN  InheritanceTree - Class not in inheritance graph: java.time.temporal.TemporalQuery
[MASTER] 14:02:31.513 [logback-1] WARN  InheritanceTree - Class not in inheritance graph: java.time.temporal.TemporalAdjuster
[MASTER] 14:02:31.554 [logback-1] WARN  InheritanceTree - Class not in inheritance graph: java.util.function.Consumer
[MASTER] 14:02:31.559 [logback-1] WARN  InheritanceTree - Class not in inheritance graph: java.util.function.Predicate
[MASTER] 14:02:31.564 [logback-1] WARN  InheritanceTree - Class not in inheritance graph: java.util.function.UnaryOperator
[MASTER] 14:02:31.622 [logback-1] WARN  InheritanceTree - Class not in inheritance graph: java.time.chrono.Chronology
[MASTER] 14:02:31.626 [logback-1] WARN  InheritanceTree - Class not in inheritance graph: java.util.function.Function
[MASTER] 14:02:31.657 [logback-1] WARN  InheritanceTree - Class not in inheritance graph: java.util.function.BiFunction
[MASTER] 14:02:31.658 [logback-1] WARN  InheritanceTree - Class not in inheritance graph: java.util.function.BiConsumer
[MASTER] 14:02:31.737 [logback-1] WARN  InheritanceTree - Class not in inheritance graph: java.time.chrono.Era
* Finished analyzing classpath
* Generating tests for class framework.util.ConvertUtils
* Test criterion:
  - Branch Coverage
* Total number of test goals for MOSA: 208
* Using seed 1000
* Starting evolution
[MASTER] 14:02:35.628 [RMI TCP Connection(3)-127.0.0.1] WARN  SearchStatistics - searchStatistics expected a TestSuiteChromosome
* Search finished after 22s and 48 generations, 26362 statements, best individual has fitness: 0.0
* Going to analyze the coverage criteria
* Coverage analysis for criterion BRANCH
* Coverage of criterion BRANCH: 100%
* Total number of goals: 208
* Number of covered goals: 208
* Generated 80 tests with total length 393
* Resulting test suite's coverage: 100%
* Generating assertions
[MASTER] 14:02:56.149 [logback-1] WARN  ClassResetter - class java.lang.NoClassDefFoundError thrown during execution of method  __STATIC_RESET() for class framework.ApplicationParameters, null
[MASTER] 14:02:57.068 [logback-2] ERROR TestRunnable - Suppressed/ignored exception during test case execution on class framework.util.ConvertUtils: java.lang.Short cannot be cast to java.lang.Boolean
java.lang.ClassCastException: java.lang.Short cannot be cast to java.lang.Boolean
	at org.evosuite.testcase.TestCodeVisitor.visitPrimitiveAssertion(TestCodeVisitor.java:534) ~[evosuite.jar:1.0.6]
	at org.evosuite.testcase.TestCodeVisitor.visitAssertion(TestCodeVisitor.java:920) ~[evosuite.jar:1.0.6]
	at org.evosuite.testcase.TestCodeVisitor.addAssertions(TestCodeVisitor.java:962) ~[evosuite.jar:1.0.6]
	at org.evosuite.testcase.TestCodeVisitor.visitMethodStatement(TestCodeVisitor.java:1516) ~[evosuite.jar:1.0.6]
	at org.evosuite.testcase.TestVisitor.visitStatement(TestVisitor.java:147) ~[evosuite.jar:1.0.6]
	at org.evosuite.testcase.TestCodeVisitor.visitStatement(TestCodeVisitor.java:1867) ~[evosuite.jar:1.0.6]
	at org.evosuite.testcase.statements.AbstractStatement.getCode(AbstractStatement.java:279) ~[evosuite.jar:1.0.6]
	at org.evosuite.testcase.statements.AbstractStatement.getCode(AbstractStatement.java:271) ~[evosuite.jar:1.0.6]
	at org.evosuite.assertion.PrimitiveTraceObserver.visit(PrimitiveTraceObserver.java:116) ~[evosuite.jar:1.0.6]
	at org.evosuite.assertion.AssertionTraceObserver.visitReturnValue(AssertionTraceObserver.java:131) ~[evosuite.jar:1.0.6]
	at org.evosuite.assertion.PrimitiveTraceObserver.afterStatement(PrimitiveTraceObserver.java:51) ~[evosuite.jar:1.0.6]
	at org.evosuite.testcase.execution.TestRunnable.informObservers_after(TestRunnable.java:163) [evosuite.jar:1.0.6]
	at org.evosuite.testcase.execution.TestRunnable.executeStatements(TestRunnable.java:362) [evosuite.jar:1.0.6]
	at org.evosuite.testcase.execution.TestRunnable.call(TestRunnable.java:213) [evosuite.jar:1.0.6]
	at org.evosuite.testcase.execution.TestRunnable.call(TestRunnable.java:55) [evosuite.jar:1.0.6]
	at java.util.concurrent.FutureTask.run(FutureTask.java:266) [na:1.8.0_171]
	at java.util.concurrent.ThreadPoolExecutor.runWorker(ThreadPoolExecutor.java:1149) [na:1.8.0_171]
	at java.util.concurrent.ThreadPoolExecutor$Worker.run(ThreadPoolExecutor.java:624) [na:1.8.0_171]
	at java.lang.Thread.run(Thread.java:748) [na:1.8.0_171]
[MASTER] 14:02:57.089 [logback-2] ERROR TestRunnable - Suppressed/ignored exception during test case execution on class framework.util.ConvertUtils: java.lang.Short cannot be cast to java.lang.Boolean
java.lang.ClassCastException: java.lang.Short cannot be cast to java.lang.Boolean
	at org.evosuite.testcase.TestCodeVisitor.visitPrimitiveAssertion(TestCodeVisitor.java:534) ~[evosuite.jar:1.0.6]
	at org.evosuite.testcase.TestCodeVisitor.visitAssertion(TestCodeVisitor.java:920) ~[evosuite.jar:1.0.6]
	at org.evosuite.testcase.TestCodeVisitor.addAssertions(TestCodeVisitor.java:962) ~[evosuite.jar:1.0.6]
	at org.evosuite.testcase.TestCodeVisitor.visitMethodStatement(TestCodeVisitor.java:1516) ~[evosuite.jar:1.0.6]
	at org.evosuite.testcase.TestVisitor.visitStatement(TestVisitor.java:147) ~[evosuite.jar:1.0.6]
	at org.evosuite.testcase.TestCodeVisitor.visitStatement(TestCodeVisitor.java:1867) ~[evosuite.jar:1.0.6]
	at org.evosuite.testcase.statements.AbstractStatement.getCode(AbstractStatement.java:279) ~[evosuite.jar:1.0.6]
	at org.evosuite.testcase.statements.AbstractStatement.getCode(AbstractStatement.java:271) ~[evosuite.jar:1.0.6]
	at org.evosuite.assertion.PrimitiveTraceObserver.visit(PrimitiveTraceObserver.java:116) ~[evosuite.jar:1.0.6]
	at org.evosuite.assertion.AssertionTraceObserver.visitReturnValue(AssertionTraceObserver.java:131) ~[evosuite.jar:1.0.6]
	at org.evosuite.assertion.PrimitiveTraceObserver.afterStatement(PrimitiveTraceObserver.java:51) ~[evosuite.jar:1.0.6]
	at org.evosuite.testcase.execution.TestRunnable.informObservers_after(TestRunnable.java:163) [evosuite.jar:1.0.6]
	at org.evosuite.testcase.execution.TestRunnable.executeStatements(TestRunnable.java:362) [evosuite.jar:1.0.6]
	at org.evosuite.testcase.execution.TestRunnable.call(TestRunnable.java:213) [evosuite.jar:1.0.6]
	at org.evosuite.testcase.execution.TestRunnable.call(TestRunnable.java:55) [evosuite.jar:1.0.6]
	at java.util.concurrent.FutureTask.run(FutureTask.java:266) [na:1.8.0_171]
	at java.util.concurrent.ThreadPoolExecutor.runWorker(ThreadPoolExecutor.java:1149) [na:1.8.0_171]
	at java.util.concurrent.ThreadPoolExecutor$Worker.run(ThreadPoolExecutor.java:624) [na:1.8.0_171]
	at java.lang.Thread.run(Thread.java:748) [na:1.8.0_171]
[MASTER] 14:02:59.143 [logback-2] ERROR TestRunnable - Suppressed/ignored exception during test case execution on class framework.util.ConvertUtils: java.lang.String cannot be cast to java.lang.Boolean
java.lang.ClassCastException: java.lang.String cannot be cast to java.lang.Boolean
	at org.evosuite.testcase.TestCodeVisitor.visitPrimitiveAssertion(TestCodeVisitor.java:534) ~[evosuite.jar:1.0.6]
	at org.evosuite.testcase.TestCodeVisitor.visitAssertion(TestCodeVisitor.java:920) ~[evosuite.jar:1.0.6]
	at org.evosuite.testcase.TestCodeVisitor.addAssertions(TestCodeVisitor.java:962) ~[evosuite.jar:1.0.6]
	at org.evosuite.testcase.TestCodeVisitor.visitMethodStatement(TestCodeVisitor.java:1516) ~[evosuite.jar:1.0.6]
	at org.evosuite.testcase.TestVisitor.visitStatement(TestVisitor.java:147) ~[evosuite.jar:1.0.6]
	at org.evosuite.testcase.TestCodeVisitor.visitStatement(TestCodeVisitor.java:1867) ~[evosuite.jar:1.0.6]
	at org.evosuite.testcase.statements.AbstractStatement.getCode(AbstractStatement.java:279) ~[evosuite.jar:1.0.6]
	at org.evosuite.testcase.statements.AbstractStatement.getCode(AbstractStatement.java:271) ~[evosuite.jar:1.0.6]
	at org.evosuite.assertion.PrimitiveTraceObserver.visit(PrimitiveTraceObserver.java:116) ~[evosuite.jar:1.0.6]
	at org.evosuite.assertion.AssertionTraceObserver.visitReturnValue(AssertionTraceObserver.java:131) ~[evosuite.jar:1.0.6]
	at org.evosuite.assertion.PrimitiveTraceObserver.afterStatement(PrimitiveTraceObserver.java:51) ~[evosuite.jar:1.0.6]
	at org.evosuite.testcase.execution.TestRunnable.informObservers_after(TestRunnable.java:163) [evosuite.jar:1.0.6]
	at org.evosuite.testcase.execution.TestRunnable.executeStatements(TestRunnable.java:362) [evosuite.jar:1.0.6]
	at org.evosuite.testcase.execution.TestRunnable.call(TestRunnable.java:213) [evosuite.jar:1.0.6]
	at org.evosuite.testcase.execution.TestRunnable.call(TestRunnable.java:55) [evosuite.jar:1.0.6]
	at java.util.concurrent.FutureTask.run(FutureTask.java:266) [na:1.8.0_171]
	at java.util.concurrent.ThreadPoolExecutor.runWorker(ThreadPoolExecutor.java:1149) [na:1.8.0_171]
	at java.util.concurrent.ThreadPoolExecutor$Worker.run(ThreadPoolExecutor.java:624) [na:1.8.0_171]
	at java.lang.Thread.run(Thread.java:748) [na:1.8.0_171]
[MASTER] 14:02:59.172 [logback-2] ERROR TestRunnable - Suppressed/ignored exception during test case execution on class framework.util.ConvertUtils: java.lang.String cannot be cast to java.lang.Boolean
java.lang.ClassCastException: java.lang.String cannot be cast to java.lang.Boolean
	at org.evosuite.testcase.TestCodeVisitor.visitPrimitiveAssertion(TestCodeVisitor.java:534) ~[evosuite.jar:1.0.6]
	at org.evosuite.testcase.TestCodeVisitor.visitAssertion(TestCodeVisitor.java:920) ~[evosuite.jar:1.0.6]
	at org.evosuite.testcase.TestCodeVisitor.addAssertions(TestCodeVisitor.java:962) ~[evosuite.jar:1.0.6]
	at org.evosuite.testcase.TestCodeVisitor.visitMethodStatement(TestCodeVisitor.java:1516) ~[evosuite.jar:1.0.6]
	at org.evosuite.testcase.TestVisitor.visitStatement(TestVisitor.java:147) ~[evosuite.jar:1.0.6]
	at org.evosuite.testcase.TestCodeVisitor.visitStatement(TestCodeVisitor.java:1867) ~[evosuite.jar:1.0.6]
	at org.evosuite.testcase.statements.AbstractStatement.getCode(AbstractStatement.java:279) ~[evosuite.jar:1.0.6]
	at org.evosuite.testcase.statements.AbstractStatement.getCode(AbstractStatement.java:271) ~[evosuite.jar:1.0.6]
	at org.evosuite.assertion.PrimitiveTraceObserver.visit(PrimitiveTraceObserver.java:116) ~[evosuite.jar:1.0.6]
	at org.evosuite.assertion.AssertionTraceObserver.visitReturnValue(AssertionTraceObserver.java:131) ~[evosuite.jar:1.0.6]
	at org.evosuite.assertion.PrimitiveTraceObserver.afterStatement(PrimitiveTraceObserver.java:51) ~[evosuite.jar:1.0.6]
	at org.evosuite.testcase.execution.TestRunnable.informObservers_after(TestRunnable.java:163) [evosuite.jar:1.0.6]
	at org.evosuite.testcase.execution.TestRunnable.executeStatements(TestRunnable.java:362) [evosuite.jar:1.0.6]
	at org.evosuite.testcase.execution.TestRunnable.call(TestRunnable.java:213) [evosuite.jar:1.0.6]
	at org.evosuite.testcase.execution.TestRunnable.call(TestRunnable.java:55) [evosuite.jar:1.0.6]
	at java.util.concurrent.FutureTask.run(FutureTask.java:266) [na:1.8.0_171]
	at java.util.concurrent.ThreadPoolExecutor.runWorker(ThreadPoolExecutor.java:1149) [na:1.8.0_171]
	at java.util.concurrent.ThreadPoolExecutor$Worker.run(ThreadPoolExecutor.java:624) [na:1.8.0_171]
	at java.lang.Thread.run(Thread.java:748) [na:1.8.0_171]
[MASTER] 14:02:59.476 [logback-2] ERROR TestRunnable - Suppressed/ignored exception during test case execution on class framework.util.ConvertUtils: java.lang.String cannot be cast to java.lang.Boolean
java.lang.ClassCastException: java.lang.String cannot be cast to java.lang.Boolean
	at org.evosuite.testcase.TestCodeVisitor.visitPrimitiveAssertion(TestCodeVisitor.java:534) ~[evosuite.jar:1.0.6]
	at org.evosuite.testcase.TestCodeVisitor.visitAssertion(TestCodeVisitor.java:920) ~[evosuite.jar:1.0.6]
	at org.evosuite.testcase.TestCodeVisitor.addAssertions(TestCodeVisitor.java:962) ~[evosuite.jar:1.0.6]
	at org.evosuite.testcase.TestCodeVisitor.visitMethodStatement(TestCodeVisitor.java:1516) ~[evosuite.jar:1.0.6]
	at org.evosuite.testcase.TestVisitor.visitStatement(TestVisitor.java:147) ~[evosuite.jar:1.0.6]
	at org.evosuite.testcase.TestCodeVisitor.visitStatement(TestCodeVisitor.java:1867) ~[evosuite.jar:1.0.6]
	at org.evosuite.testcase.statements.AbstractStatement.getCode(AbstractStatement.java:279) ~[evosuite.jar:1.0.6]
	at org.evosuite.testcase.statements.AbstractStatement.getCode(AbstractStatement.java:271) ~[evosuite.jar:1.0.6]
	at org.evosuite.assertion.PrimitiveTraceObserver.visit(PrimitiveTraceObserver.java:116) ~[evosuite.jar:1.0.6]
	at org.evosuite.assertion.AssertionTraceObserver.visitReturnValue(AssertionTraceObserver.java:131) ~[evosuite.jar:1.0.6]
	at org.evosuite.assertion.PrimitiveTraceObserver.afterStatement(PrimitiveTraceObserver.java:51) ~[evosuite.jar:1.0.6]
	at org.evosuite.testcase.execution.TestRunnable.informObservers_after(TestRunnable.java:163) [evosuite.jar:1.0.6]
	at org.evosuite.testcase.execution.TestRunnable.executeStatements(TestRunnable.java:362) [evosuite.jar:1.0.6]
	at org.evosuite.testcase.execution.TestRunnable.call(TestRunnable.java:213) [evosuite.jar:1.0.6]
	at org.evosuite.testcase.execution.TestRunnable.call(TestRunnable.java:55) [evosuite.jar:1.0.6]
	at java.util.concurrent.FutureTask.run(FutureTask.java:266) [na:1.8.0_171]
	at java.util.concurrent.ThreadPoolExecutor.runWorker(ThreadPoolExecutor.java:1149) [na:1.8.0_171]
	at java.util.concurrent.ThreadPoolExecutor$Worker.run(ThreadPoolExecutor.java:624) [na:1.8.0_171]
	at java.lang.Thread.run(Thread.java:748) [na:1.8.0_171]
[MASTER] 14:02:59.495 [logback-2] ERROR TestRunnable - Suppressed/ignored exception during test case execution on class framework.util.ConvertUtils: java.lang.String cannot be cast to java.lang.Boolean
java.lang.ClassCastException: java.lang.String cannot be cast to java.lang.Boolean
	at org.evosuite.testcase.TestCodeVisitor.visitPrimitiveAssertion(TestCodeVisitor.java:534) ~[evosuite.jar:1.0.6]
	at org.evosuite.testcase.TestCodeVisitor.visitAssertion(TestCodeVisitor.java:920) ~[evosuite.jar:1.0.6]
	at org.evosuite.testcase.TestCodeVisitor.addAssertions(TestCodeVisitor.java:962) ~[evosuite.jar:1.0.6]
	at org.evosuite.testcase.TestCodeVisitor.visitMethodStatement(TestCodeVisitor.java:1516) ~[evosuite.jar:1.0.6]
	at org.evosuite.testcase.TestVisitor.visitStatement(TestVisitor.java:147) ~[evosuite.jar:1.0.6]
	at org.evosuite.testcase.TestCodeVisitor.visitStatement(TestCodeVisitor.java:1867) ~[evosuite.jar:1.0.6]
	at org.evosuite.testcase.statements.AbstractStatement.getCode(AbstractStatement.java:279) ~[evosuite.jar:1.0.6]
	at org.evosuite.testcase.statements.AbstractStatement.getCode(AbstractStatement.java:271) ~[evosuite.jar:1.0.6]
	at org.evosuite.assertion.PrimitiveTraceObserver.visit(PrimitiveTraceObserver.java:116) ~[evosuite.jar:1.0.6]
	at org.evosuite.assertion.AssertionTraceObserver.visitReturnValue(AssertionTraceObserver.java:131) ~[evosuite.jar:1.0.6]
	at org.evosuite.assertion.PrimitiveTraceObserver.afterStatement(PrimitiveTraceObserver.java:51) ~[evosuite.jar:1.0.6]
	at org.evosuite.testcase.execution.TestRunnable.informObservers_after(TestRunnable.java:163) [evosuite.jar:1.0.6]
	at org.evosuite.testcase.execution.TestRunnable.executeStatements(TestRunnable.java:362) [evosuite.jar:1.0.6]
	at org.evosuite.testcase.execution.TestRunnable.call(TestRunnable.java:213) [evosuite.jar:1.0.6]
	at org.evosuite.testcase.execution.TestRunnable.call(TestRunnable.java:55) [evosuite.jar:1.0.6]
	at java.util.concurrent.FutureTask.run(FutureTask.java:266) [na:1.8.0_171]
	at java.util.concurrent.ThreadPoolExecutor.runWorker(ThreadPoolExecutor.java:1149) [na:1.8.0_171]
	at java.util.concurrent.ThreadPoolExecutor$Worker.run(ThreadPoolExecutor.java:624) [na:1.8.0_171]
	at java.lang.Thread.run(Thread.java:748) [na:1.8.0_171]
* Resulting test suite's mutation score: 49%
* Writing JUnit test case 'ConvertUtils_ESTest' to /home/ubuntu/evosuite_readability_gen/mosa/tests/s1000/38_javabullboard/evosuite-tests
* Done!

* Computation finished
