* EvoSuite 1.0.6
* Configuration: QMOSA
* Going to generate test cases for class: net.sourceforge.squirrel_sql.plugins.dbcopy.util.DBUtil
* Starting client
* Properties loaded from /home/ubuntu/termite/projects/102_squirrel-sql/evosuite-files/evosuite.properties
* Connecting to master process on port 18811
* Analyzing classpath: 
* Inheritance tree loaded from evosuite-files/inheritance.xml.gz
[MASTER] 00:50:35.128 [logback-1] WARN  InheritanceTree - Class not in inheritance graph: java.sql.SQLType
[MASTER] 00:50:35.198 [logback-1] WARN  InheritanceTree - Class not in inheritance graph: java.util.function.Consumer
[MASTER] 00:50:35.202 [logback-1] WARN  InheritanceTree - Class not in inheritance graph: java.util.function.Predicate
[MASTER] 00:50:35.202 [logback-1] WARN  InheritanceTree - Class not in inheritance graph: java.util.function.UnaryOperator
[MASTER] 00:50:35.381 [logback-1] WARN  InheritanceTree - Class not in inheritance graph: java.util.function.BiFunction
[MASTER] 00:50:35.382 [logback-1] WARN  InheritanceTree - Class not in inheritance graph: java.util.function.Function
[MASTER] 00:50:35.383 [logback-1] WARN  InheritanceTree - Class not in inheritance graph: java.util.function.BiConsumer
[MASTER] 00:50:35.646 [logback-1] WARN  InheritanceTree - Class not in inheritance graph: java.time.ZoneId
[MASTER] 00:50:35.650 [logback-1] WARN  InheritanceTree - Class not in inheritance graph: java.time.temporal.TemporalAccessor
[MASTER] 00:50:35.650 [logback-1] WARN  InheritanceTree - Class not in inheritance graph: java.time.Clock
[MASTER] 00:50:36.063 [logback-1] WARN  InheritanceTree - Class not in inheritance graph: java.time.temporal.Temporal
[MASTER] 00:50:36.063 [logback-1] WARN  InheritanceTree - Class not in inheritance graph: java.time.temporal.TemporalField
[MASTER] 00:50:36.064 [logback-1] WARN  InheritanceTree - Class not in inheritance graph: java.time.temporal.TemporalUnit
[MASTER] 00:50:36.064 [logback-1] WARN  InheritanceTree - Class not in inheritance graph: java.time.temporal.TemporalAmount
[MASTER] 00:50:36.065 [logback-1] WARN  InheritanceTree - Class not in inheritance graph: java.time.temporal.TemporalQuery
[MASTER] 00:50:36.065 [logback-1] WARN  InheritanceTree - Class not in inheritance graph: java.time.temporal.TemporalAdjuster
[MASTER] 00:50:36.560 [logback-1] WARN  InheritanceTree - Class not in inheritance graph: java.time.chrono.Chronology
[MASTER] 00:50:37.990 [logback-1] WARN  InheritanceTree - Class not in inheritance graph: java.time.chrono.Era
* Finished analyzing classpath
* Generating tests for class net.sourceforge.squirrel_sql.plugins.dbcopy.util.DBUtil
* Test criteria:
  - Line Coverage
  - Branch Coverage
  - Exception
  - Mutation testing (weak)
  - Method-Output Coverage
  - Top-Level Method Coverage
  - No-Exception Top-Level Method Coverage
  - Context Branch Coverage
Production Code Path: /home/ubuntu/termite/SF110/102_squirrel-sql/src/main/java/net/sourceforge/squirrel_sql/plugins/dbcopy/util/DBUtil.java
Ranking Type: org.evosuite.ga.metaheuristics.mosa.QualityBasedPreferenceSorting
* Using seed 1021
* Starting evolution
[MASTER] 00:50:44.498 [logback-1] WARN  TestChromosome - Functional mock problem: org.evosuite.ga.ConstructionFailedException: Failed to add constructor for com.gargoylesoftware.base.resource.jdbc.CallableStatementWrapper due to org.evosuite.ga.ConstructionFailedException: Failed to add constructor for com.gargoylesoftware.base.resource.jdbc.ConnectionWrapper due to org.evosuite.ga.ConstructionFailedException: Have no generator for class com.gargoylesoftware.base.resource.jdbc.CallableStatementWrapper canUseFunctionalMocks=false, canBeMocked: true
[MASTER] 00:52:33.025 [logback-2] ERROR TestCluster - Failed to check cache for java.util.Comparator<T> : Type points to itself
[MASTER] 00:54:25.161 [logback-1] WARN  InheritanceTree - Class not in inheritance graph: java.time.chrono.ChronoLocalDate
* Search finished after 280s and 271 generations, 188174 statements, best individual has fitness: 18184.0
* Going to analyze the coverage criteria
* Coverage analysis for criterion LINE
* Coverage of criterion LINE: 16%
* Total number of goals: 792
* Number of covered goals: 126
* Coverage analysis for criterion BRANCH
* Coverage of criterion BRANCH: 14%
* Total number of goals: 463
* Number of covered goals: 63
* Coverage analysis for criterion EXCEPTION
* Coverage of criterion EXCEPTION: 100%
* Total number of goals: 40
* Number of covered goals: 40
* Coverage analysis for criterion WEAKMUTATION
* Coverage of criterion WEAKMUTATION: 24%
* Total number of goals: 906
* Number of covered goals: 218
* Coverage analysis for criterion OUTPUT
* Coverage of criterion OUTPUT: 27%
* Total number of goals: 122
* Number of covered goals: 33
* Coverage analysis for criterion METHOD
* Coverage of criterion METHOD: 98%
* Total number of goals: 48
* Number of covered goals: 47
* Coverage analysis for criterion METHODNOEXCEPTION
* Coverage of criterion METHODNOEXCEPTION: 96%
* Total number of goals: 48
* Number of covered goals: 46
* Coverage analysis for criterion CBRANCH
* Coverage of criterion CBRANCH: 14%
* Total number of goals: 463
* Number of covered goals: 63
* Generated 87 tests with total length 1417
* Resulting test suite's coverage: 21% (average coverage for all fitness functions)
* Generating assertions
* Resulting test suite's mutation score: 13%
* Compiling and checking tests
[MASTER] 00:55:52.474 [logback-1] WARN  JUnitAnalyzer - Found unstable test named test0 -> class org.junit.ComparisonFailure: expected:<...1784d:16e8123a690:-6[464]> but was:<...1784d:16e8123a690:-6[2e9]>
[MASTER] 00:55:52.475 [logback-1] WARN  JUnitAnalyzer - Failing test:
 UidIdentifier uidIdentifier0 = new UidIdentifier();
uidIdentifier0.setString("%Y]?Fn");
uidIdentifier0.setString("Lg[=s}eil&A.o2Bh");
uidIdentifier0.setString("chbCarindex(");
UidIdentifier uidIdentifier1 = new UidIdentifier();
uidIdentifier1.setString((String) null);
uidIdentifier1.setString("chbCarindex(");
uidIdentifier0.setString("<1 ].*B`|,D`ZM%H");
UidIdentifier uidIdentifier2 = new UidIdentifier();
uidIdentifier1.setString("chbCarindex(");
uidIdentifier2.setString("%Y]?Fn");
UidIdentifier uidIdentifier3 = new UidIdentifier();
UidIdentifier uidIdentifier4 = new UidIdentifier();
uidIdentifier0.setString("}NLfzC0%\"lK~@Bt'");
uidIdentifier3.setString("2[#ek-ym`ZM`.G1~1Yl");
uidIdentifier0.setString(">I|]VRrZJ,");
uidIdentifier3.setString("%Y]?Fn");
UidIdentifier uidIdentifier5 = new UidIdentifier();
UidIdentifier uidIdentifier6 = new UidIdentifier();
uidIdentifier2.setString(">.I|]VRrZJ,");
UidIdentifier uidIdentifier7 = new UidIdentifier();
assertEquals("64b1784d:16e8123a690:-6464", uidIdentifier7.toString());

DBCopyPlugin dBCopyPlugin0 = new DBCopyPlugin();
dBCopyPlugin0.getDestSession();
TableColumnInfo tableColumnInfo0 = new TableColumnInfo((String) null, "nsert int ", "r.:a2^5pv[zs6_kRYko", "Lg[=s}eil&A.o2Bh", 2002, "UwnzLa8<o@:cUgT", 2002, 6, 6, 2002, "z8WP!m|2", ">I|]VRrZJ,", 2002, 2002, "ZFa/oa");
int int0 = DBUtil.replaceDistinctDataType(2002, tableColumnInfo0, (ISession) null);
assertEquals(2002, int0);


[MASTER] 00:55:53.356 [logback-1] WARN  JUnitAnalyzer - Found unstable test named test0 -> class org.junit.ComparisonFailure: expected:<...1784d:16e8123a690:-6[404]> but was:<...1784d:16e8123a690:-6[2d9]>
[MASTER] 00:55:53.356 [logback-1] WARN  JUnitAnalyzer - Failing test:
 UidIdentifier uidIdentifier0 = new UidIdentifier();
uidIdentifier0.setString("%Y]?n");
uidIdentifier0.setString("Lg[=s}eil&A.o2Bh");
uidIdentifier0.setString("chbCarindex(");
UidIdentifier uidIdentifier1 = new UidIdentifier();
uidIdentifier1.setString((String) null);
uidIdentifier1.setString("chbCarindex(");
uidIdentifier0.setString("<1 ].*B`|,D`ZM%H");
UidIdentifier uidIdentifier2 = new UidIdentifier();
uidIdentifier1.setString("chbCarindex(");
uidIdentifier2.setString("%Y]?n");
UidIdentifier uidIdentifier3 = new UidIdentifier();
UidIdentifier uidIdentifier4 = new UidIdentifier();
uidIdentifier0.setString("}NLfzC0%\"lK~@Bt'");
uidIdentifier3.setString("2[#ek-ym`ZM`.G1~1Yl");
uidIdentifier0.setString(">I|]VRrZJ,");
uidIdentifier3.setString("%Y]?n");
UidIdentifier uidIdentifier5 = new UidIdentifier();
UidIdentifier uidIdentifier6 = new UidIdentifier();
uidIdentifier2.setString(">I|]VRrZJ,");
UidIdentifier uidIdentifier7 = new UidIdentifier();
assertEquals("64b1784d:16e8123a690:-6404", uidIdentifier7.toString());

DBCopyPlugin dBCopyPlugin0 = new DBCopyPlugin();
dBCopyPlugin0.getDestSession();
TableColumnInfo tableColumnInfo0 = new TableColumnInfo((String) null, "insert into ", "r.:a2^5pv[zs6_kRYko", "Lg[=s}eil&A.o2Bh", 2002, "UwnzLa8<o@:cUgT", 2002, 6, 6, 2002, "z8WP!m|2", ">I|]VRrZJ,", 2002, 2002, "ZFa/oa");
int int0 = DBUtil.replaceDistinctDataType(2002, tableColumnInfo0, (ISession) null);
assertEquals(2002, int0);


* Permissions denied during test execution: 
  - java.lang.RuntimePermission: 
         writeFileDescriptor: 3
* Writing JUnit test case 'DBUtil_ESTest' to /home/ubuntu/termite/qmosa/tests/s1021/102_squirrel-sql/evosuite-tests
* Done!

* Computation finished
* EvoSuite 1.0.6
* Configuration: QMOSA
* Going to generate test cases for class: net.sourceforge.squirrel_sql.client.session.Session
* Starting client
* Properties loaded from /home/ubuntu/termite/projects/102_squirrel-sql/evosuite-files/evosuite.properties
* Connecting to master process on port 18812
* Analyzing classpath: 
* Inheritance tree loaded from evosuite-files/inheritance.xml.gz
[MASTER] 01:53:11.242 [logback-1] WARN  InheritanceTree - Class not in inheritance graph: java.util.function.BiFunction
[MASTER] 01:53:11.243 [logback-1] WARN  InheritanceTree - Class not in inheritance graph: java.util.function.Function
[MASTER] 01:53:11.244 [logback-1] WARN  InheritanceTree - Class not in inheritance graph: java.util.function.BiConsumer
[MASTER] 01:53:13.463 [logback-1] WARN  InheritanceTree - Class not in inheritance graph: java.util.function.Consumer
[MASTER] 01:53:13.464 [logback-1] WARN  InheritanceTree - Class not in inheritance graph: java.util.function.Predicate
[MASTER] 01:53:13.521 [logback-1] WARN  InheritanceTree - Class not in inheritance graph: java.util.function.UnaryOperator
[MASTER] 01:53:14.557 [logback-1] WARN  InheritanceTree - Class not in inheritance graph: java.time.ZoneId
[MASTER] 01:53:14.783 [logback-1] WARN  InheritanceTree - Class not in inheritance graph: java.time.temporal.Temporal
[MASTER] 01:53:14.784 [logback-1] WARN  InheritanceTree - Class not in inheritance graph: java.time.temporal.TemporalAccessor
[MASTER] 01:53:14.784 [logback-1] WARN  InheritanceTree - Class not in inheritance graph: java.time.temporal.TemporalField
[MASTER] 01:53:14.785 [logback-1] WARN  InheritanceTree - Class not in inheritance graph: java.time.temporal.TemporalUnit
[MASTER] 01:53:14.785 [logback-1] WARN  InheritanceTree - Class not in inheritance graph: java.time.temporal.TemporalAmount
[MASTER] 01:53:14.785 [logback-1] WARN  InheritanceTree - Class not in inheritance graph: java.time.Clock
[MASTER] 01:53:14.786 [logback-1] WARN  InheritanceTree - Class not in inheritance graph: java.time.temporal.TemporalQuery
[MASTER] 01:53:14.787 [logback-1] WARN  InheritanceTree - Class not in inheritance graph: java.time.temporal.TemporalAdjuster
[MASTER] 01:53:14.920 [logback-1] WARN  InheritanceTree - Class not in inheritance graph: java.time.chrono.Chronology
[MASTER] 01:53:14.989 [logback-1] WARN  InheritanceTree - Class not in inheritance graph: java.time.chrono.Era
* Finished analyzing classpath
* Generating tests for class net.sourceforge.squirrel_sql.client.session.Session
* Test criteria:
  - Line Coverage
  - Branch Coverage
  - Exception
  - Mutation testing (weak)
  - Method-Output Coverage
  - Top-Level Method Coverage
  - No-Exception Top-Level Method Coverage
  - Context Branch Coverage
Production Code Path: /home/ubuntu/termite/SF110/102_squirrel-sql/src/main/java/net/sourceforge/squirrel_sql/client/session/Session.java
Ranking Type: org.evosuite.ga.metaheuristics.mosa.QualityBasedPreferenceSorting
* Using seed 1021
* Starting evolution
[MASTER] 01:53:21.220 [logback-2] ERROR TestCluster - Failed to check cache for java.util.HashMap<K, V> : Type points to itself
[MASTER] 01:53:21.224 [logback-2] ERROR TestCluster - Failed to check cache for javax.swing.JComboBox<E> : Type points to itself
[MASTER] 01:53:21.227 [logback-2] ERROR TestCluster - Failed to check cache for javax.swing.JList<E> : Type points to itself
[MASTER] 01:54:01.354 [logback-1] WARN  InheritanceTree - Class not in inheritance graph: java.time.chrono.ChronoLocalDate
* Search finished after 175s and 157 generations, 133026 statements, best individual has fitness: 10616.0
* Going to analyze the coverage criteria
* Coverage analysis for criterion LINE
* Coverage of criterion LINE: 4%
* Total number of goals: 396
* Number of covered goals: 15
* Coverage analysis for criterion BRANCH
* Coverage of criterion BRANCH: 0%
* Total number of goals: 204
* Number of covered goals: 1
* Coverage analysis for criterion EXCEPTION
* Coverage of criterion EXCEPTION: 100%
* Total number of goals: 1
* Number of covered goals: 1
* Coverage analysis for criterion WEAKMUTATION
* Coverage of criterion WEAKMUTATION: 0%
* Total number of goals: 258
* Number of covered goals: 0
* Coverage analysis for criterion OUTPUT
* Coverage of criterion OUTPUT: 0%
* Total number of goals: 165
* Number of covered goals: 0
* Coverage analysis for criterion METHOD
* Coverage of criterion METHOD: 3%
* Total number of goals: 59
* Number of covered goals: 2
* Coverage analysis for criterion METHODNOEXCEPTION
* Coverage of criterion METHODNOEXCEPTION: 2%
* Total number of goals: 59
* Number of covered goals: 1
* Coverage analysis for criterion CBRANCH
* Coverage of criterion CBRANCH: 0%
* Total number of goals: 204
* Number of covered goals: 1
* Generated 1 tests with total length 10
* Resulting test suite's coverage: 1% (average coverage for all fitness functions)
* Generating assertions
* Resulting test suite's mutation score: 2%
* Compiling and checking tests
* Writing JUnit test case 'Session_ESTest' to /home/ubuntu/termite/qmosa/tests/s1021/102_squirrel-sql/evosuite-tests
* Done!

* Computation finished
