* EvoSuite 1.0.6
* Configuration: QMOSA
* Going to generate test cases for class: com.soops.CEN4010.JMCA.JParser.JavaParserTokenManager
* Starting client
* Properties loaded from /home/ubuntu/termite/projects/19_jmca/evosuite-files/evosuite.properties
* Connecting to master process on port 10116
* Analyzing classpath: 
* Inheritance tree loaded from evosuite-files/inheritance.xml.gz
[MASTER] 14:47:14.189 [logback-1] WARN  InheritanceTree - Class not in inheritance graph: java.util.function.Consumer
[MASTER] 14:47:14.190 [logback-1] WARN  InheritanceTree - Class not in inheritance graph: java.util.function.Predicate
[MASTER] 14:47:14.191 [logback-1] WARN  InheritanceTree - Class not in inheritance graph: java.util.function.UnaryOperator
[MASTER] 14:47:14.194 [logback-1] WARN  InheritanceTree - Class not in inheritance graph: java.util.function.Function
* Finished analyzing classpath
* Generating tests for class com.soops.CEN4010.JMCA.JParser.JavaParserTokenManager
* Test criteria:
  - Line Coverage
  - Branch Coverage
  - Exception
  - Mutation testing (weak)
  - Method-Output Coverage
  - Top-Level Method Coverage
  - No-Exception Top-Level Method Coverage
  - Context Branch Coverage
Production Code Path: /home/ubuntu/termite/SF110/19_jmca/src/main/java/com/soops/CEN4010/JMCA/JParser/JavaParserTokenManager.java
Ranking Type: org.evosuite.ga.metaheuristics.mosa.QualityBasedPreferenceSorting
* Using seed 1017
* Starting evolution
[MASTER] 14:47:22.953 [logback-1] WARN  CoverageArchive - A solution with a timeout/exception result has been added to the archive. The covered goal was [METHOD] com.soops.CEN4010.JMCA.JParser.JavaParserTokenManager.SwitchTo(I)V
[MASTER] 14:47:43.785 [logback-1] WARN  CoverageArchive - A solution with a timeout/exception result has been added to the archive. The covered goal was [METHODNOEX] com.soops.CEN4010.JMCA.JParser.JavaParserTokenManager.SwitchTo(I)V
[MASTER] 14:47:43.833 [logback-1] WARN  CoverageArchive - A solution with a timeout/exception result has been added to the archive. The covered goal was Branch com.soops.CEN4010.JMCA.JParser.JavaParserTokenManager.SwitchTo(I)V: I4 Branch 810 IF_ICMPGE L1553 - false in context: com.soops.CEN4010.JMCA.JParser.JavaParserTokenManager:SwitchTo(I)V
[MASTER] 14:47:43.846 [logback-1] WARN  CoverageArchive - A solution with a timeout/exception result has been added to the archive. The covered goal was Branch com.soops.CEN4010.JMCA.JParser.JavaParserTokenManager.SwitchTo(I)V: I6 Branch 811 IFGE L1553 - true in context: com.soops.CEN4010.JMCA.JParser.JavaParserTokenManager:SwitchTo(I)V
* Search finished after 851s and 37 generations, 30363 statements, best individual has fitness: 18120.0
* Going to analyze the coverage criteria
* Coverage analysis for criterion LINE
* Coverage of criterion LINE: 48%
* Total number of goals: 981
* Number of covered goals: 471
* Coverage analysis for criterion BRANCH
* Coverage of criterion BRANCH: 56%
* Total number of goals: 1707
* Number of covered goals: 951
* Coverage analysis for criterion EXCEPTION
* Coverage of criterion EXCEPTION: 100%
* Total number of goals: 9
* Number of covered goals: 9
* Coverage analysis for criterion WEAKMUTATION
* Coverage of criterion WEAKMUTATION: 44%
* Total number of goals: 434
* Number of covered goals: 193
* Coverage analysis for criterion OUTPUT
* Coverage of criterion OUTPUT: 50%
* Total number of goals: 4
* Number of covered goals: 2
* Coverage analysis for criterion METHOD
* Coverage of criterion METHOD: 100%
* Total number of goals: 11
* Number of covered goals: 11
* Coverage analysis for criterion METHODNOEXCEPTION
* Coverage of criterion METHODNOEXCEPTION: 100%
* Total number of goals: 11
* Number of covered goals: 11
* Coverage analysis for criterion CBRANCH
* Coverage of criterion CBRANCH: 56%
* Total number of goals: 1707
* Number of covered goals: 950
* Generated 108 tests with total length 1512
* Resulting test suite's coverage: 53% (average coverage for all fitness functions)
* Generating assertions
* Resulting test suite's mutation score: 18%
* Compiling and checking tests
[MASTER] 15:02:35.328 [logback-1] WARN  JUnitAnalyzer - Found unstable test named test0 -> class java.lang.AssertionError: expected:<1> but was:<0>
[MASTER] 15:02:35.328 [logback-1] WARN  JUnitAnalyzer - Failing test:
 StringReader stringReader0 = new StringReader("0jEeO;-$=E~Jx{*[UA");
JavaCharStream javaCharStream0 = new JavaCharStream(stringReader0, 108, (-2859), (byte)0);
JavaParserTokenManager javaParserTokenManager0 = new JavaParserTokenManager(javaCharStream0);
FileSystemHandling fileSystemHandling0 = new FileSystemHandling();
javaParserTokenManager0.getNextToken();
FileSystemHandling.appendStringToFile((EvoSuiteFile) null, "0jEeO;-$=E~Jx{*[UA");
CharBuffer charBuffer0 = CharBuffer.allocate(108);
stringReader0.read(charBuffer0);
javaParserTokenManager0.getNextToken();
JavaParserTokenManager javaParserTokenManager1 = new JavaParserTokenManager(javaCharStream0);
Token.GTToken token_GTToken0 = new Token.GTToken();
javaParserTokenManager0.getNextToken();
javaParserTokenManager0.getNextToken();
assertEquals(1, javaCharStream0.bufpos);
assertEquals((-2852), javaCharStream0.getEndColumn());


[MASTER] 15:02:36.273 [logback-1] WARN  JUnitAnalyzer - Found unstable test named test0 -> class java.lang.AssertionError: expected:<8> but was:<7>
[MASTER] 15:02:36.273 [logback-1] WARN  JUnitAnalyzer - Failing test:
 StringReader stringReader0 = new StringReader("^gbRCPD1=");
JavaCharStream javaCharStream0 = new JavaCharStream(stringReader0, 43, 48, 1324);
Token.GTToken token_GTToken0 = new Token.GTToken();
StringReader stringReader1 = new StringReader("Qg2$7&16$|");
token_GTToken0.image = "";
byte[] byteArray0 = new byte[1];
byteArray0[0] = (byte)88;
token_GTToken0.image = "/";
ByteArrayInputStream byteArrayInputStream0 = new ByteArrayInputStream(byteArray0);
PushbackInputStream pushbackInputStream0 = new PushbackInputStream(byteArrayInputStream0, 84);
PipedInputStream pipedInputStream0 = new PipedInputStream();
SequenceInputStream sequenceInputStream0 = new SequenceInputStream(pushbackInputStream0, pipedInputStream0);
Token.GTToken token_GTToken1 = new Token.GTToken();
StringReader stringReader2 = new StringReader("Qg2$7&16$|");
JavaCharStream javaCharStream1 = new JavaCharStream(stringReader2, 43, 0);
JavaParserTokenManager javaParserTokenManager0 = new JavaParserTokenManager(javaCharStream1);
javaParserTokenManager0.defaultLexState = 0;
javaParserTokenManager0.getNextToken();
javaParserTokenManager0.getNextToken();
Token token0 = javaParserTokenManager0.getNextToken();
assertEquals(8, javaCharStream1.bufpos);
assertEquals("16$", token0.toString());


[MASTER] 15:02:36.560 [logback-1] WARN  JUnitAnalyzer - Found unstable test named test0 -> class java.lang.AssertionError: expected:<2> but was:<1>
[MASTER] 15:02:36.561 [logback-1] WARN  JUnitAnalyzer - Failing test:
 FileSystemHandling.appendDataToFile((EvoSuiteFile) null, (byte[]) null);
StringReader stringReader0 = new StringReader("4K/W(uH6y =h");
JavaCharStream javaCharStream0 = new JavaCharStream(stringReader0, 2121, 107, 2121);
JavaParserTokenManager javaParserTokenManager0 = new JavaParserTokenManager(javaCharStream0);
javaParserTokenManager0.getNextToken();
javaParserTokenManager0.getNextToken();
assertEquals(2, javaCharStream0.bufpos);
assertEquals(109, javaCharStream0.getEndColumn());


[MASTER] 15:02:36.883 [logback-1] WARN  JUnitAnalyzer - Found unstable test named test0 -> class java.lang.AssertionError: expected:<1> but was:<0>
[MASTER] 15:02:36.883 [logback-1] WARN  JUnitAnalyzer - Failing test:
 byte[] byteArray0 = new byte[5];
byteArray0[0] = (byte)10;
byteArray0[1] = (byte)10;
byteArray0[2] = (byte)0;
byteArray0[3] = (byte)0;
byteArray0[4] = (byte)10;
ByteArrayInputStream byteArrayInputStream0 = new ByteArrayInputStream(byteArray0);
PushbackInputStream pushbackInputStream0 = new PushbackInputStream(byteArrayInputStream0, 11);
StringReader stringReader0 = new StringReader("goto");
StringReader stringReader1 = new StringReader("--");
StringReader stringReader2 = new StringReader("7N]2F!yqZ>L(<Y9");
JavaCharStream javaCharStream0 = new JavaCharStream(stringReader2, (byte)10, 21);
JavaParserTokenManager javaParserTokenManager0 = new JavaParserTokenManager(javaCharStream0);
javaParserTokenManager0.getNextToken();
assertEquals(1, javaCharStream0.bufpos);
assertEquals(22, javaCharStream0.getColumn());


[MASTER] 15:02:37.301 [logback-1] WARN  JUnitAnalyzer - Found unstable test named test0 -> class java.lang.AssertionError: Exception was not thrown in com.soops.CEN4010.JMCA.JParser.JavaParserTokenManager but in org.junit.Assert.fail(Assert.java:88): java.lang.AssertionError: Expecting exception: Error
[MASTER] 15:02:37.301 [logback-1] WARN  JUnitAnalyzer - Failing test:
 StringReader stringReader0 = new StringReader(",3fMUn(b0ICqAm9");
StringReader stringReader1 = new StringReader("");
JavaCharStream javaCharStream0 = new JavaCharStream(stringReader0, 4, 4, 123);
JavaCharStream javaCharStream1 = new JavaCharStream(stringReader1);
StringReader stringReader2 = new StringReader("2BL//tjSK)C 9NGH");
JavaCharStream javaCharStream2 = new JavaCharStream(stringReader2, 44, 695, 44);
JavaParserTokenManager javaParserTokenManager0 = new JavaParserTokenManager(javaCharStream2);
javaParserTokenManager0.getNextToken();
CharBuffer charBuffer0 = CharBuffer.allocate(53);
StringReader stringReader3 = new StringReader("tV3%gMsXK|zKv^");
stringReader0.read(charBuffer0);
javaParserTokenManager0.getNextToken();

[MASTER] 15:02:37.679 [logback-1] WARN  JUnitAnalyzer - Found unstable test named test0 -> class java.lang.AssertionError: expected:<-2687> but was:<-2688>
[MASTER] 15:02:37.680 [logback-1] WARN  JUnitAnalyzer - Failing test:
 FileSystemHandling.shouldAllThrowIOExceptions();
StringReader stringReader0 = new StringReader("3R-q_v");
JavaCharStream javaCharStream0 = new JavaCharStream(stringReader0, (-665), (-2690), 123);
JavaParserTokenManager javaParserTokenManager0 = new JavaParserTokenManager(javaCharStream0);
Token token0 = javaParserTokenManager0.getNextToken();
javaParserTokenManager0.MoreLexicalActions();
javaParserTokenManager0.MoreLexicalActions();
javaParserTokenManager0.getNextToken();
javaParserTokenManager0.getNextToken();
javaParserTokenManager0.SkipLexicalActions(token0);
assertEquals((-2687), javaCharStream0.getBeginColumn());
assertEquals((-2685), javaCharStream0.getColumn());


* Writing JUnit test case 'JavaParserTokenManager_ESTest' to /home/ubuntu/termite/qmosa/tests/s1017/19_jmca/evosuite-tests
* Done!

* Computation finished
* EvoSuite 1.0.6
* Configuration: QMOSA
* Going to generate test cases for class: com.soops.CEN4010.JMCA.JParser.JavaCharStream
* Starting client
* Properties loaded from /home/ubuntu/termite/projects/19_jmca/evosuite-files/evosuite.properties
* Connecting to master process on port 10117
* Analyzing classpath: 
* Inheritance tree loaded from evosuite-files/inheritance.xml.gz
* Finished analyzing classpath
* Generating tests for class com.soops.CEN4010.JMCA.JParser.JavaCharStream
* Test criteria:
  - Line Coverage
  - Branch Coverage
  - Exception
  - Mutation testing (weak)
  - Method-Output Coverage
  - Top-Level Method Coverage
  - No-Exception Top-Level Method Coverage
  - Context Branch Coverage
Production Code Path: /home/ubuntu/termite/SF110/19_jmca/src/main/java/com/soops/CEN4010/JMCA/JParser/JavaCharStream.java
Ranking Type: org.evosuite.ga.metaheuristics.mosa.QualityBasedPreferenceSorting
* Using seed 1017
* Starting evolution
* Search finished after 584s and 69 generations, 55647 statements, best individual has fitness: 1320.0
* Going to analyze the coverage criteria
* Coverage analysis for criterion LINE
* Coverage of criterion LINE: 85%
* Total number of goals: 239
* Number of covered goals: 203
* Coverage analysis for criterion BRANCH
* Coverage of criterion BRANCH: 88%
* Total number of goals: 216
* Number of covered goals: 191
* Coverage analysis for criterion EXCEPTION
* Coverage of criterion EXCEPTION: 100%
* Total number of goals: 33
* Number of covered goals: 33
* Coverage analysis for criterion WEAKMUTATION
* Coverage of criterion WEAKMUTATION: 92%
* Total number of goals: 974
* Number of covered goals: 899
* Coverage analysis for criterion OUTPUT
* Coverage of criterion OUTPUT: 89%
* Total number of goals: 36
* Number of covered goals: 32
* Coverage analysis for criterion METHOD
* Coverage of criterion METHOD: 100%
* Total number of goals: 31
* Number of covered goals: 31
* Coverage analysis for criterion METHODNOEXCEPTION
* Coverage of criterion METHODNOEXCEPTION: 100%
* Total number of goals: 31
* Number of covered goals: 31
* Coverage analysis for criterion CBRANCH
* Coverage of criterion CBRANCH: 88%
* Total number of goals: 216
* Number of covered goals: 191
* Generated 151 tests with total length 1722
* Resulting test suite's coverage: 91% (average coverage for all fitness functions)
* Generating assertions
* Resulting test suite's mutation score: 42%
* Compiling and checking tests
* Permissions denied during test execution: 
  - java.lang.RuntimePermission: 
         writeFileDescriptor: 4
* Writing JUnit test case 'JavaCharStream_ESTest' to /home/ubuntu/termite/qmosa/tests/s1017/19_jmca/evosuite-tests
* Done!

* Computation finished
* EvoSuite 1.0.6
* Configuration: QMOSA
* Going to generate test cases for class: com.soops.CEN4010.JMCA.JParser.SimpleNode
* Starting client
* Properties loaded from /home/ubuntu/termite/projects/19_jmca/evosuite-files/evosuite.properties
* Connecting to master process on port 10117
* Analyzing classpath: 
* Inheritance tree loaded from evosuite-files/inheritance.xml.gz
[MASTER] 15:26:46.530 [logback-1] WARN  InheritanceTree - Class not in inheritance graph: java.util.function.Consumer
[MASTER] 15:26:46.554 [logback-1] WARN  InheritanceTree - Class not in inheritance graph: java.util.function.Predicate
[MASTER] 15:26:46.556 [logback-1] WARN  InheritanceTree - Class not in inheritance graph: java.util.function.UnaryOperator
[MASTER] 15:26:46.739 [logback-1] WARN  InheritanceTree - Class not in inheritance graph: java.util.function.Function
* Finished analyzing classpath
* Generating tests for class com.soops.CEN4010.JMCA.JParser.SimpleNode
* Test criteria:
  - Line Coverage
  - Branch Coverage
  - Exception
  - Mutation testing (weak)
  - Method-Output Coverage
  - Top-Level Method Coverage
  - No-Exception Top-Level Method Coverage
  - Context Branch Coverage
Production Code Path: /home/ubuntu/termite/SF110/19_jmca/src/main/java/com/soops/CEN4010/JMCA/JParser/SimpleNode.java
Ranking Type: org.evosuite.ga.metaheuristics.mosa.QualityBasedPreferenceSorting
* Using seed 1017
* Starting evolution
[MASTER] 15:26:49.750 [logback-2] ERROR TestCluster - Failed to check cache for java.util.function.Predicate<T> : Type points to itself
[MASTER] 15:27:06.618 [logback-1] WARN  CoverageArchive - A solution with a timeout/exception result has been added to the archive. The covered goal was [METHODNOEX] com.soops.CEN4010.JMCA.JParser.SimpleNode.jjtGetChild(I)Lcom/soops/CEN4010/JMCA/JParser/Node;
* Search finished after 639s and 256 generations, 225959 statements, best individual has fitness: 144.0
* Going to analyze the coverage criteria
* Coverage analysis for criterion LINE
* Coverage of criterion LINE: 100%
* Total number of goals: 62
* Number of covered goals: 62
* Coverage analysis for criterion BRANCH
* Coverage of criterion BRANCH: 100%
* Total number of goals: 67
* Number of covered goals: 67
* Coverage analysis for criterion EXCEPTION
* Coverage of criterion EXCEPTION: 100%
* Total number of goals: 13
* Number of covered goals: 13
* Coverage analysis for criterion WEAKMUTATION
* Coverage of criterion WEAKMUTATION: 91%
* Total number of goals: 121
* Number of covered goals: 110
* Coverage analysis for criterion OUTPUT
* Coverage of criterion OUTPUT: 59%
* Total number of goals: 17
* Number of covered goals: 10
* Coverage analysis for criterion METHOD
* Coverage of criterion METHOD: 100%
* Total number of goals: 13
* Number of covered goals: 13
* Coverage analysis for criterion METHODNOEXCEPTION
* Coverage of criterion METHODNOEXCEPTION: 100%
* Total number of goals: 13
* Number of covered goals: 13
* Coverage analysis for criterion CBRANCH
* Coverage of criterion CBRANCH: 100%
* Total number of goals: 67
* Number of covered goals: 67
* Generated 42 tests with total length 869
* Resulting test suite's coverage: 95% (average coverage for all fitness functions)
* Generating assertions
* Resulting test suite's mutation score: 93%
* Compiling and checking tests
[MASTER] 15:40:20.189 [logback-1] WARN  JUnitAnalyzer - Found unstable test named test17 -> class java.lang.StackOverflowError: null
[MASTER] 15:40:20.190 [logback-1] WARN  JUnitAnalyzer - Failing test:
 SimpleNode simpleNode0 = new SimpleNode(0);
String string0 = ",";
simpleNode0.toString(",");
simpleNode0.setIdentifier(",");
simpleNode0.toString(",");
StringWriter stringWriter0 = new StringWriter();
FileSystemHandling.shouldAllThrowIOExceptions();
stringWriter0.append((CharSequence) ",");
StringWriter stringWriter1 = new StringWriter();
stringWriter1.write(",");
char[] charArray0 = new char[3];
Node[] nodeArray0 = new Node[6];
nodeArray0[0] = (Node) simpleNode0;
nodeArray0[1] = (Node) simpleNode0;
nodeArray0[2] = (Node) simpleNode0;
nodeArray0[3] = (Node) simpleNode0;
nodeArray0[4] = (Node) simpleNode0;
nodeArray0[5] = (Node) simpleNode0;
simpleNode0.children = nodeArray0;
charArray0[0] = '[';
charArray0[1] = '=';
stringWriter1.write(charArray0);
stringWriter0.close();
stringWriter0.append('T');
stringWriter0.close();
stringWriter0.close();
simpleNode0.dump(string0, stringWriter1);

* Permissions denied during test execution: 
  - java.lang.RuntimePermission: 
         writeFileDescriptor: 2
* Writing JUnit test case 'SimpleNode_ESTest' to /home/ubuntu/termite/qmosa/tests/s1017/19_jmca/evosuite-tests
* Done!

* Computation finished
