* EvoSuite 1.0.6
* Configuration: RMOSA
* Going to generate test cases for class: org.firebirdsql.encodings.EncodingFactory
* Starting client
* Properties loaded from /home/ubuntu/termite/projects/110_firebird/evosuite-files/evosuite.properties
* Connecting to master process on port 10008
* Analyzing classpath: 
* Inheritance tree loaded from evosuite-files/inheritance.xml.gz
* Finished analyzing classpath
* Generating tests for class org.firebirdsql.encodings.EncodingFactory
* Test criteria:
  - Line Coverage
  - Branch Coverage
  - Exception
  - Mutation testing (weak)
  - Method-Output Coverage
  - Top-Level Method Coverage
  - No-Exception Top-Level Method Coverage
  - Context Branch Coverage
Ranking Type: org.evosuite.ga.metaheuristics.mosa.EntropyBasedPreferenceSorting
* Using seed 1004
* Starting evolution
* Search finished after 123s and 256 generations, 74839 statements, best individual has fitness: 680.0
* Going to analyze the coverage criteria
* Coverage analysis for criterion LINE
* Coverage of criterion LINE: 94%
* Total number of goals: 242
* Number of covered goals: 227
* Coverage analysis for criterion BRANCH
* Coverage of criterion BRANCH: 96%
* Total number of goals: 195
* Number of covered goals: 187
* Coverage analysis for criterion EXCEPTION
* Coverage of criterion EXCEPTION: 100%
* Total number of goals: 5
* Number of covered goals: 5
* Coverage analysis for criterion WEAKMUTATION
* Coverage of criterion WEAKMUTATION: 90%
* Total number of goals: 387
* Number of covered goals: 347
* Coverage analysis for criterion OUTPUT
* Coverage of criterion OUTPUT: 48%
* Total number of goals: 25
* Number of covered goals: 12
* Coverage analysis for criterion METHOD
* Coverage of criterion METHOD: 100%
* Total number of goals: 11
* Number of covered goals: 11
* Coverage analysis for criterion METHODNOEXCEPTION
* Coverage of criterion METHODNOEXCEPTION: 100%
* Total number of goals: 11
* Number of covered goals: 11
* Coverage analysis for criterion CBRANCH
* Coverage of criterion CBRANCH: 96%
* Total number of goals: 195
* Number of covered goals: 187
* Generated 93 tests with total length 115
* Resulting test suite's coverage: 92% (average coverage for all fitness functions)
* Generating assertions
* Resulting test suite's mutation score: 37%
* Compiling and checking tests
* Writing JUnit test case 'EncodingFactory_ESTest' to /home/ubuntu/termite/rmosa/tests/s1004/110_firebird/evosuite-tests
* Done!

* Computation finished
* EvoSuite 1.0.6
* Configuration: RMOSA
* Going to generate test cases for class: org.firebirdsql.jdbc.FBProcedureCall
* Starting client
* Properties loaded from /home/ubuntu/termite/projects/110_firebird/evosuite-files/evosuite.properties
* Connecting to master process on port 10010
* Analyzing classpath: 
* Inheritance tree loaded from evosuite-files/inheritance.xml.gz
* Finished analyzing classpath
* Generating tests for class org.firebirdsql.jdbc.FBProcedureCall
* Test criteria:
  - Line Coverage
  - Branch Coverage
  - Exception
  - Mutation testing (weak)
  - Method-Output Coverage
  - Top-Level Method Coverage
  - No-Exception Top-Level Method Coverage
  - Context Branch Coverage
Ranking Type: org.evosuite.ga.metaheuristics.mosa.EntropyBasedPreferenceSorting
* Using seed 1004
* Starting evolution
* Search finished after 123s and 321 generations, 95827 statements, best individual has fitness: 632.0
* Going to analyze the coverage criteria
* Coverage analysis for criterion LINE
* Coverage of criterion LINE: 95%
* Total number of goals: 117
* Number of covered goals: 111
* Coverage analysis for criterion BRANCH
* Coverage of criterion BRANCH: 88%
* Total number of goals: 98
* Number of covered goals: 86
* Coverage analysis for criterion EXCEPTION
* Coverage of criterion EXCEPTION: 100%
* Total number of goals: 19
* Number of covered goals: 19
* Coverage analysis for criterion WEAKMUTATION
* Coverage of criterion WEAKMUTATION: 93%
* Total number of goals: 347
* Number of covered goals: 322
* Coverage analysis for criterion OUTPUT
* Coverage of criterion OUTPUT: 69%
* Total number of goals: 70
* Number of covered goals: 48
* Coverage analysis for criterion METHOD
* Coverage of criterion METHOD: 94%
* Total number of goals: 18
* Number of covered goals: 17
* Coverage analysis for criterion METHODNOEXCEPTION
* Coverage of criterion METHODNOEXCEPTION: 94%
* Total number of goals: 18
* Number of covered goals: 17
* Coverage analysis for criterion CBRANCH
* Coverage of criterion CBRANCH: 88%
* Total number of goals: 98
* Number of covered goals: 86
* Generated 78 tests with total length 361
* Resulting test suite's coverage: 90% (average coverage for all fitness functions)
* Generating assertions
* Resulting test suite's mutation score: 53%
* Compiling and checking tests
[MASTER] 19:34:12.212 [logback-1] WARN  JUnitAnalyzer - Found unstable test named test0 -> class java.lang.OutOfMemoryError: Requested array size exceeds VM limit
[MASTER] 19:34:12.212 [logback-1] WARN  JUnitAnalyzer - Failing test:
 FBProcedureCall fBProcedureCall0 = new FBProcedureCall();
fBProcedureCall0.addParam(2147483645, "pXtOIb)$|");

[MASTER] 19:34:12.572 [logback-1] WARN  JUnitAnalyzer - Found unstable test named test0 -> class java.lang.OutOfMemoryError: Requested array size exceeds VM limit
[MASTER] 19:34:12.572 [logback-1] WARN  JUnitAnalyzer - Failing test:
 FBProcedureCall fBProcedureCall0 = new FBProcedureCall();
fBProcedureCall0.registerOutParam(2147483645, 2147483645);

[MASTER] 19:34:13.116 [logback-1] WARN  JUnitAnalyzer - Found unstable test named test0 -> class java.lang.OutOfMemoryError: Requested array size exceeds VM limit
[MASTER] 19:34:13.116 [logback-1] WARN  JUnitAnalyzer - Failing test:
 FBProcedureCall fBProcedureCall0 = new FBProcedureCall();
fBProcedureCall0.getInputParam(2147483645);

* Writing JUnit test case 'FBProcedureCall_ESTest' to /home/ubuntu/termite/rmosa/tests/s1004/110_firebird/evosuite-tests
* Done!

* Computation finished
* EvoSuite 1.0.6
* Configuration: RMOSA
* Going to generate test cases for class: org.firebirdsql.jdbc.FBCachedFetcher
* Starting client
* Properties loaded from /home/ubuntu/termite/projects/110_firebird/evosuite-files/evosuite.properties
* Connecting to master process on port 10007
* Analyzing classpath: 
* Inheritance tree loaded from evosuite-files/inheritance.xml.gz
[MASTER] 19:35:46.591 [logback-1] WARN  InheritanceTree - Class not in inheritance graph: java.util.function.Consumer
[MASTER] 19:35:46.614 [logback-1] WARN  InheritanceTree - Class not in inheritance graph: java.util.function.Predicate
[MASTER] 19:35:46.615 [logback-1] WARN  InheritanceTree - Class not in inheritance graph: java.util.function.UnaryOperator
[MASTER] 19:35:47.264 [logback-1] WARN  InheritanceTree - Class not in inheritance graph: java.sql.SQLType
[MASTER] 19:35:48.588 [logback-1] WARN  InheritanceTree - Class not in inheritance graph: java.util.function.BiFunction
[MASTER] 19:35:48.591 [logback-1] WARN  InheritanceTree - Class not in inheritance graph: java.util.function.Function
[MASTER] 19:35:48.602 [logback-1] WARN  InheritanceTree - Class not in inheritance graph: java.util.function.BiConsumer
[MASTER] 19:35:50.976 [logback-1] WARN  InheritanceTree - Class not in inheritance graph: java.time.ZoneId
[MASTER] 19:35:50.981 [logback-1] WARN  InheritanceTree - Class not in inheritance graph: java.time.temporal.TemporalAccessor
[MASTER] 19:35:50.982 [logback-1] WARN  InheritanceTree - Class not in inheritance graph: java.time.Clock
[MASTER] 19:35:51.176 [logback-1] WARN  InheritanceTree - Class not in inheritance graph: java.time.temporal.Temporal
[MASTER] 19:35:51.177 [logback-1] WARN  InheritanceTree - Class not in inheritance graph: java.time.temporal.TemporalField
[MASTER] 19:35:51.192 [logback-1] WARN  InheritanceTree - Class not in inheritance graph: java.time.temporal.TemporalUnit
[MASTER] 19:35:51.193 [logback-1] WARN  InheritanceTree - Class not in inheritance graph: java.time.temporal.TemporalAmount
[MASTER] 19:35:51.195 [logback-1] WARN  InheritanceTree - Class not in inheritance graph: java.time.temporal.TemporalQuery
[MASTER] 19:35:51.196 [logback-1] WARN  InheritanceTree - Class not in inheritance graph: java.time.temporal.TemporalAdjuster
[MASTER] 19:35:51.605 [logback-1] WARN  InheritanceTree - Class not in inheritance graph: java.time.chrono.Chronology
[MASTER] 19:35:51.874 [logback-1] WARN  InheritanceTree - Class not in inheritance graph: java.time.chrono.Era
* Finished analyzing classpath
* Generating tests for class org.firebirdsql.jdbc.FBCachedFetcher
* Test criteria:
  - Line Coverage
  - Branch Coverage
  - Exception
  - Mutation testing (weak)
  - Method-Output Coverage
  - Top-Level Method Coverage
  - No-Exception Top-Level Method Coverage
  - Context Branch Coverage
Ranking Type: org.evosuite.ga.metaheuristics.mosa.EntropyBasedPreferenceSorting
* Using seed 1004
* Starting evolution
* Search finished after 156s and 3 generations, 1359 statements, best individual has fitness: 4040.0
[MASTER] 19:38:33.525 [logback-1] WARN  TimeController - Phase SEARCH lasted too long, 39 seconds more than allowed.
* Going to analyze the coverage criteria
* Coverage analysis for criterion LINE
* Coverage of criterion LINE: 37%
* Total number of goals: 158
* Number of covered goals: 58
* Coverage analysis for criterion BRANCH
* Coverage of criterion BRANCH: 25%
* Total number of goals: 118
* Number of covered goals: 30
* Coverage analysis for criterion EXCEPTION
* Coverage of criterion EXCEPTION: 100%
* Total number of goals: 3
* Number of covered goals: 3
* Coverage analysis for criterion WEAKMUTATION
* Coverage of criterion WEAKMUTATION: 52%
* Total number of goals: 347
* Number of covered goals: 181
* Coverage analysis for criterion OUTPUT
* Coverage of criterion OUTPUT: 14%
* Total number of goals: 28
* Number of covered goals: 4
* Coverage analysis for criterion METHOD
* Coverage of criterion METHOD: 59%
* Total number of goals: 22
* Number of covered goals: 13
* Coverage analysis for criterion METHODNOEXCEPTION
* Coverage of criterion METHODNOEXCEPTION: 55%
* Total number of goals: 22
* Number of covered goals: 12
* Coverage analysis for criterion CBRANCH
* Coverage of criterion CBRANCH: 13%
* Total number of goals: 118
* Number of covered goals: 15
* Generated 6 tests with total length 115
* Resulting test suite's coverage: 38% (average coverage for all fitness functions)
* Generating assertions
Dec 05, 2019 7:40:36 PM sun.rmi.transport.tcp.TCPTransport$AcceptLoop executeAcceptLoop
WARNING: RMI TCP Accept-8860: accept loop for ServerSocket[addr=0.0.0.0/0.0.0.0,localport=8860] throws
java.lang.OutOfMemoryError: unable to create new native thread
	at java.lang.Thread.start0(Native Method)
	at java.lang.Thread.start(Thread.java:717)
	at java.util.concurrent.ThreadPoolExecutor.addWorker(ThreadPoolExecutor.java:957)
	at java.util.concurrent.ThreadPoolExecutor.execute(ThreadPoolExecutor.java:1378)
	at sun.rmi.transport.tcp.TCPTransport$AcceptLoop.executeAcceptLoop(TCPTransport.java:420)
	at sun.rmi.transport.tcp.TCPTransport$AcceptLoop.run(TCPTransport.java:377)
	at java.lang.Thread.run(Thread.java:748)

Dec 05, 2019 7:40:36 PM sun.rmi.transport.tcp.TCPTransport$AcceptLoop executeAcceptLoop
WARNING: RMI TCP Accept-8860: accept loop for ServerSocket[addr=0.0.0.0/0.0.0.0,localport=8860] throws
java.lang.OutOfMemoryError: unable to create new native thread
	at java.lang.Thread.start0(Native Method)
	at java.lang.Thread.start(Thread.java:717)
	at java.util.concurrent.ThreadPoolExecutor.addWorker(ThreadPoolExecutor.java:957)
	at java.util.concurrent.ThreadPoolExecutor.execute(ThreadPoolExecutor.java:1378)
	at sun.rmi.transport.tcp.TCPTransport$AcceptLoop.executeAcceptLoop(TCPTransport.java:420)
	at sun.rmi.transport.tcp.TCPTransport$AcceptLoop.run(TCPTransport.java:377)
	at java.lang.Thread.run(Thread.java:748)

Dec 05, 2019 7:41:55 PM sun.rmi.transport.tcp.TCPTransport$AcceptLoop executeAcceptLoop
WARNING: RMI TCP Accept-8860: accept loop for ServerSocket[addr=0.0.0.0/0.0.0.0,localport=8860] throws
java.lang.OutOfMemoryError: unable to create new native thread
	at java.lang.Thread.start0(Native Method)
	at java.lang.Thread.start(Thread.java:717)
	at java.util.concurrent.ThreadPoolExecutor.addWorker(ThreadPoolExecutor.java:957)
	at java.util.concurrent.ThreadPoolExecutor.execute(ThreadPoolExecutor.java:1378)
	at sun.rmi.transport.tcp.TCPTransport$AcceptLoop.executeAcceptLoop(TCPTransport.java:420)
	at sun.rmi.transport.tcp.TCPTransport$AcceptLoop.run(TCPTransport.java:377)
	at java.lang.Thread.run(Thread.java:748)

[MASTER] 19:41:55.951 [logback-2] ERROR ClientNodeImpl - Cannot inform master of change of state
java.rmi.ConnectIOException: error during JRMP connection establishment; nested exception is: 
	java.net.SocketException: Connection reset
	at sun.rmi.transport.tcp.TCPChannel.createConnection(TCPChannel.java:307) ~[na:1.8.0_201]
	at sun.rmi.transport.tcp.TCPChannel.newConnection(TCPChannel.java:202) ~[na:1.8.0_201]
	at sun.rmi.server.UnicastRef.invoke(UnicastRef.java:129) ~[na:1.8.0_201]
	at java.rmi.server.RemoteObjectInvocationHandler.invokeRemoteMethod(RemoteObjectInvocationHandler.java:227) ~[na:1.8.0_201]
	at java.rmi.server.RemoteObjectInvocationHandler.invoke(RemoteObjectInvocationHandler.java:179) ~[na:1.8.0_201]
	at com.sun.proxy.$Proxy7.evosuite_informChangeOfStateInClient(Unknown Source) ~[na:na]
	at org.evosuite.rmi.service.ClientNodeImpl.changeState(ClientNodeImpl.java:218) ~[evosuite.jar:1.0.6]
	at org.evosuite.assertion.SimpleMutationAssertionGenerator.addAssertions(SimpleMutationAssertionGenerator.java:96) [evosuite.jar:1.0.6]
	at org.evosuite.TestSuiteGeneratorHelper.addAssertions(TestSuiteGeneratorHelper.java:285) [evosuite.jar:1.0.6]
	at org.evosuite.TestSuiteGenerator.postProcessTests(TestSuiteGenerator.java:520) [evosuite.jar:1.0.6]
	at org.evosuite.TestSuiteGenerator.generateTestSuite(TestSuiteGenerator.java:238) [evosuite.jar:1.0.6]
	at org.evosuite.rmi.service.ClientNodeImpl$1.run(ClientNodeImpl.java:145) [evosuite.jar:1.0.6]
	at java.util.concurrent.Executors$RunnableAdapter.call(Executors.java:511) [na:1.8.0_201]
	at java.util.concurrent.FutureTask.run(FutureTask.java:266) [na:1.8.0_201]
	at java.util.concurrent.ThreadPoolExecutor.runWorker(ThreadPoolExecutor.java:1149) [na:1.8.0_201]
	at java.util.concurrent.ThreadPoolExecutor$Worker.run(ThreadPoolExecutor.java:624) [na:1.8.0_201]
	at java.lang.Thread.run(Thread.java:748) [na:1.8.0_201]
Caused by: java.net.SocketException: Connection reset
	at java.net.SocketInputStream.read(SocketInputStream.java:210) ~[na:1.8.0_201]
	at java.net.SocketInputStream.read(SocketInputStream.java:141) ~[na:1.8.0_201]
	at java.io.BufferedInputStream.fill(BufferedInputStream.java:246) ~[na:1.8.0_201]
	at java.io.BufferedInputStream.read(BufferedInputStream.java:265) ~[na:1.8.0_201]
	at java.io.DataInputStream.readByte(DataInputStream.java:265) ~[na:1.8.0_201]
	at sun.rmi.transport.tcp.TCPChannel.createConnection(TCPChannel.java:246) ~[na:1.8.0_201]
	... 16 common frames omitted
Dec 05, 2019 7:42:01 PM sun.rmi.transport.tcp.TCPTransport$AcceptLoop executeAcceptLoop
WARNING: RMI TCP Accept-8860: accept loop for ServerSocket[addr=0.0.0.0/0.0.0.0,localport=8860] throws
java.lang.OutOfMemoryError: unable to create new native thread
	at java.lang.Thread.start0(Native Method)
	at java.lang.Thread.start(Thread.java:717)
	at java.util.concurrent.ThreadPoolExecutor.addWorker(ThreadPoolExecutor.java:957)
	at java.util.concurrent.ThreadPoolExecutor.execute(ThreadPoolExecutor.java:1378)
	at sun.rmi.transport.tcp.TCPTransport$AcceptLoop.executeAcceptLoop(TCPTransport.java:420)
	at sun.rmi.transport.tcp.TCPTransport$AcceptLoop.run(TCPTransport.java:377)
	at java.lang.Thread.run(Thread.java:748)

[MASTER] 19:42:01.983 [logback-2] ERROR ClientNodeImpl - Cannot inform master of change of state
java.rmi.ConnectIOException: error during JRMP connection establishment; nested exception is: 
	java.net.SocketException: Connection reset
	at sun.rmi.transport.tcp.TCPChannel.createConnection(TCPChannel.java:307) ~[na:1.8.0_201]
	at sun.rmi.transport.tcp.TCPChannel.newConnection(TCPChannel.java:202) ~[na:1.8.0_201]
	at sun.rmi.server.UnicastRef.invoke(UnicastRef.java:129) ~[na:1.8.0_201]
	at java.rmi.server.RemoteObjectInvocationHandler.invokeRemoteMethod(RemoteObjectInvocationHandler.java:227) ~[na:1.8.0_201]
	at java.rmi.server.RemoteObjectInvocationHandler.invoke(RemoteObjectInvocationHandler.java:179) ~[na:1.8.0_201]
	at com.sun.proxy.$Proxy7.evosuite_informChangeOfStateInClient(Unknown Source) ~[na:na]
	at org.evosuite.rmi.service.ClientNodeImpl.changeState(ClientNodeImpl.java:218) ~[evosuite.jar:1.0.6]
	at org.evosuite.assertion.SimpleMutationAssertionGenerator.addAssertions(SimpleMutationAssertionGenerator.java:96) [evosuite.jar:1.0.6]
	at org.evosuite.TestSuiteGeneratorHelper.addAssertions(TestSuiteGeneratorHelper.java:285) [evosuite.jar:1.0.6]
	at org.evosuite.TestSuiteGenerator.postProcessTests(TestSuiteGenerator.java:520) [evosuite.jar:1.0.6]
	at org.evosuite.TestSuiteGenerator.generateTestSuite(TestSuiteGenerator.java:238) [evosuite.jar:1.0.6]
	at org.evosuite.rmi.service.ClientNodeImpl$1.run(ClientNodeImpl.java:145) [evosuite.jar:1.0.6]
	at java.util.concurrent.Executors$RunnableAdapter.call(Executors.java:511) [na:1.8.0_201]
	at java.util.concurrent.FutureTask.run(FutureTask.java:266) [na:1.8.0_201]
	at java.util.concurrent.ThreadPoolExecutor.runWorker(ThreadPoolExecutor.java:1149) [na:1.8.0_201]
	at java.util.concurrent.ThreadPoolExecutor$Worker.run(ThreadPoolExecutor.java:624) [na:1.8.0_201]
	at java.lang.Thread.run(Thread.java:748) [na:1.8.0_201]
Caused by: java.net.SocketException: Connection reset
	at java.net.SocketInputStream.read(SocketInputStream.java:210) ~[na:1.8.0_201]
	at java.net.SocketInputStream.read(SocketInputStream.java:141) ~[na:1.8.0_201]
	at java.io.BufferedInputStream.fill(BufferedInputStream.java:246) ~[na:1.8.0_201]
	at java.io.BufferedInputStream.read(BufferedInputStream.java:265) ~[na:1.8.0_201]
	at java.io.DataInputStream.readByte(DataInputStream.java:265) ~[na:1.8.0_201]
	at sun.rmi.transport.tcp.TCPChannel.createConnection(TCPChannel.java:246) ~[na:1.8.0_201]
	... 16 common frames omitted
* Resulting test suite's mutation score: 5%
* Compiling and checking tests
[MASTER] 19:47:15.131 [logback-2] ERROR JUnitAnalyzer - Issue in scaffolding of the test suite: unable to create new native thread
Stack trace:
java.lang.Thread.start0(Native Method)
java.lang.Thread.start(Thread.java:717)
sun.java2d.Disposer.lambda$static$0(Disposer.java:94)
java.security.AccessController.doPrivileged(Native Method)
sun.java2d.Disposer.<clinit>(Disposer.java:83)
sun.font.StrikeCache.<clinit>(StrikeCache.java:68)
sun.font.PhysicalStrike.<clinit>(PhysicalStrike.java:41)
sun.font.SunFontManager.initIDs(Native Method)
sun.font.SunFontManager.access$200(SunFontManager.java:65)
sun.font.SunFontManager$1.run(SunFontManager.java:343)
java.security.AccessController.doPrivileged(Native Method)
sun.font.SunFontManager.<clinit>(SunFontManager.java:335)
sun.font.FontDesignMetrics.getMetrics(FontDesignMetrics.java:264)
sun.swing.SwingUtilities2.getFontMetrics(SwingUtilities2.java:1113)
javax.swing.JComponent.getFontMetrics(JComponent.java:1626)
org.evosuite.runtime.GuiSupport.initialize(GuiSupport.java:96)
org.firebirdsql.jdbc.FBCachedFetcher_6_tmp__ESTest_scaffolding.initEvoSuiteFramework(FBCachedFetcher_6_tmp__ESTest_scaffolding.java:31)
sun.reflect.NativeMethodAccessorImpl.invoke0(Native Method)
sun.reflect.NativeMethodAccessorImpl.invoke(NativeMethodAccessorImpl.java:62)
sun.reflect.DelegatingMethodAccessorImpl.invoke(DelegatingMethodAccessorImpl.java:43)
java.lang.reflect.Method.invoke(Method.java:498)
org.junit.runners.model.FrameworkMethod$1.runReflectiveCall(FrameworkMethod.java:50)
org.junit.internal.runners.model.ReflectiveCallable.run(ReflectiveCallable.java:12)
org.junit.runners.model.FrameworkMethod.invokeExplosively(FrameworkMethod.java:52)
org.junit.internal.runners.statements.RunBefores.evaluate(RunBefores.java:24)
org.junit.internal.runners.statements.RunAfters.evaluate(RunAfters.java:27)
org.junit.runners.ParentRunner.run(ParentRunner.java:363)
org.junit.runners.Suite.runChild(Suite.java:128)
org.junit.runners.Suite.runChild(Suite.java:27)
org.junit.runners.ParentRunner$3.run(ParentRunner.java:290)
org.junit.runners.ParentRunner$1.schedule(ParentRunner.java:71)
org.junit.runners.ParentRunner.runChildren(ParentRunner.java:288)
org.junit.runners.ParentRunner.access$000(ParentRunner.java:58)
org.junit.runners.ParentRunner$2.evaluate(ParentRunner.java:268)
org.junit.runners.ParentRunner.run(ParentRunner.java:363)
org.junit.runner.JUnitCore.run(JUnitCore.java:137)
org.junit.runner.JUnitCore.run(JUnitCore.java:115)
org.junit.runner.JUnitCore.run(JUnitCore.java:105)
org.junit.runner.JUnitCore.run(JUnitCore.java:94)
org.evosuite.junit.JUnitAnalyzer.runJUnitOnCurrentProcess(JUnitAnalyzer.java:306)
org.evosuite.junit.JUnitAnalyzer.runTests(JUnitAnalyzer.java:276)
org.evosuite.junit.JUnitAnalyzer.handleTestsThatAreUnstable(JUnitAnalyzer.java:178)
org.evosuite.TestSuiteGenerator.compileAndCheckTests(TestSuiteGenerator.java:594)
org.evosuite.TestSuiteGenerator.postProcessTests(TestSuiteGenerator.java:533)
org.evosuite.TestSuiteGenerator.generateTestSuite(TestSuiteGenerator.java:238)
org.evosuite.rmi.service.ClientNodeImpl$1.run(ClientNodeImpl.java:145)
java.util.concurrent.Executors$RunnableAdapter.call(Executors.java:511)
java.util.concurrent.FutureTask.run(FutureTask.java:266)
java.util.concurrent.ThreadPoolExecutor.runWorker(ThreadPoolExecutor.java:1149)
java.util.concurrent.ThreadPoolExecutor$Worker.run(ThreadPoolExecutor.java:624)
java.lang.Thread.run(Thread.java:748)

[MASTER] 19:47:18.529 [logback-2] ERROR JUnitAnalyzer - Issue in scaffolding of the test suite: Could not initialize class sun.font.SunFontManager
Stack trace:
sun.font.FontDesignMetrics.getMetrics(FontDesignMetrics.java:264)
sun.swing.SwingUtilities2.getFontMetrics(SwingUtilities2.java:1113)
javax.swing.JComponent.getFontMetrics(JComponent.java:1626)
org.evosuite.runtime.GuiSupport.initialize(GuiSupport.java:96)
org.firebirdsql.jdbc.FBCachedFetcher_7_tmp__ESTest_scaffolding.initEvoSuiteFramework(FBCachedFetcher_7_tmp__ESTest_scaffolding.java:31)
sun.reflect.NativeMethodAccessorImpl.invoke0(Native Method)
sun.reflect.NativeMethodAccessorImpl.invoke(NativeMethodAccessorImpl.java:62)
sun.reflect.DelegatingMethodAccessorImpl.invoke(DelegatingMethodAccessorImpl.java:43)
java.lang.reflect.Method.invoke(Method.java:498)
org.junit.runners.model.FrameworkMethod$1.runReflectiveCall(FrameworkMethod.java:50)
org.junit.internal.runners.model.ReflectiveCallable.run(ReflectiveCallable.java:12)
org.junit.runners.model.FrameworkMethod.invokeExplosively(FrameworkMethod.java:52)
org.junit.internal.runners.statements.RunBefores.evaluate(RunBefores.java:24)
org.junit.internal.runners.statements.RunAfters.evaluate(RunAfters.java:27)
org.junit.runners.ParentRunner.run(ParentRunner.java:363)
org.junit.runners.Suite.runChild(Suite.java:128)
org.junit.runners.Suite.runChild(Suite.java:27)
org.junit.runners.ParentRunner$3.run(ParentRunner.java:290)
org.junit.runners.ParentRunner$1.schedule(ParentRunner.java:71)
org.junit.runners.ParentRunner.runChildren(ParentRunner.java:288)
org.junit.runners.ParentRunner.access$000(ParentRunner.java:58)
org.junit.runners.ParentRunner$2.evaluate(ParentRunner.java:268)
org.junit.runners.ParentRunner.run(ParentRunner.java:363)
org.junit.runner.JUnitCore.run(JUnitCore.java:137)
org.junit.runner.JUnitCore.run(JUnitCore.java:115)
org.junit.runner.JUnitCore.run(JUnitCore.java:105)
org.junit.runner.JUnitCore.run(JUnitCore.java:94)
org.evosuite.junit.JUnitAnalyzer.runJUnitOnCurrentProcess(JUnitAnalyzer.java:306)
org.evosuite.junit.JUnitAnalyzer.runTests(JUnitAnalyzer.java:276)
org.evosuite.junit.JUnitAnalyzer.handleTestsThatAreUnstable(JUnitAnalyzer.java:178)
org.evosuite.TestSuiteGenerator.compileAndCheckTests(TestSuiteGenerator.java:594)
org.evosuite.TestSuiteGenerator.postProcessTests(TestSuiteGenerator.java:533)
org.evosuite.TestSuiteGenerator.generateTestSuite(TestSuiteGenerator.java:238)
org.evosuite.rmi.service.ClientNodeImpl$1.run(ClientNodeImpl.java:145)
java.util.concurrent.Executors$RunnableAdapter.call(Executors.java:511)
java.util.concurrent.FutureTask.run(FutureTask.java:266)
java.util.concurrent.ThreadPoolExecutor.runWorker(ThreadPoolExecutor.java:1149)
java.util.concurrent.ThreadPoolExecutor$Worker.run(ThreadPoolExecutor.java:624)
java.lang.Thread.run(Thread.java:748)

[MASTER] 19:47:21.915 [logback-2] ERROR JUnitAnalyzer - Issue in scaffolding of the test suite: Could not initialize class sun.font.SunFontManager
Stack trace:
sun.font.FontDesignMetrics.getMetrics(FontDesignMetrics.java:264)
sun.swing.SwingUtilities2.getFontMetrics(SwingUtilities2.java:1113)
javax.swing.JComponent.getFontMetrics(JComponent.java:1626)
org.evosuite.runtime.GuiSupport.initialize(GuiSupport.java:96)
org.firebirdsql.jdbc.FBCachedFetcher_8_tmp__ESTest_scaffolding.initEvoSuiteFramework(FBCachedFetcher_8_tmp__ESTest_scaffolding.java:31)
sun.reflect.NativeMethodAccessorImpl.invoke0(Native Method)
sun.reflect.NativeMethodAccessorImpl.invoke(NativeMethodAccessorImpl.java:62)
sun.reflect.DelegatingMethodAccessorImpl.invoke(DelegatingMethodAccessorImpl.java:43)
java.lang.reflect.Method.invoke(Method.java:498)
org.junit.runners.model.FrameworkMethod$1.runReflectiveCall(FrameworkMethod.java:50)
org.junit.internal.runners.model.ReflectiveCallable.run(ReflectiveCallable.java:12)
org.junit.runners.model.FrameworkMethod.invokeExplosively(FrameworkMethod.java:52)
org.junit.internal.runners.statements.RunBefores.evaluate(RunBefores.java:24)
org.junit.internal.runners.statements.RunAfters.evaluate(RunAfters.java:27)
org.junit.runners.ParentRunner.run(ParentRunner.java:363)
org.junit.runners.Suite.runChild(Suite.java:128)
org.junit.runners.Suite.runChild(Suite.java:27)
org.junit.runners.ParentRunner$3.run(ParentRunner.java:290)
org.junit.runners.ParentRunner$1.schedule(ParentRunner.java:71)
org.junit.runners.ParentRunner.runChildren(ParentRunner.java:288)
org.junit.runners.ParentRunner.access$000(ParentRunner.java:58)
org.junit.runners.ParentRunner$2.evaluate(ParentRunner.java:268)
org.junit.runners.ParentRunner.run(ParentRunner.java:363)
org.junit.runner.JUnitCore.run(JUnitCore.java:137)
org.junit.runner.JUnitCore.run(JUnitCore.java:115)
org.junit.runner.JUnitCore.run(JUnitCore.java:105)
org.junit.runner.JUnitCore.run(JUnitCore.java:94)
org.evosuite.junit.JUnitAnalyzer.runJUnitOnCurrentProcess(JUnitAnalyzer.java:306)
org.evosuite.junit.JUnitAnalyzer.runTests(JUnitAnalyzer.java:276)
org.evosuite.junit.JUnitAnalyzer.handleTestsThatAreUnstable(JUnitAnalyzer.java:178)
org.evosuite.TestSuiteGenerator.compileAndCheckTests(TestSuiteGenerator.java:594)
org.evosuite.TestSuiteGenerator.postProcessTests(TestSuiteGenerator.java:533)
org.evosuite.TestSuiteGenerator.generateTestSuite(TestSuiteGenerator.java:238)
org.evosuite.rmi.service.ClientNodeImpl$1.run(ClientNodeImpl.java:145)
java.util.concurrent.Executors$RunnableAdapter.call(Executors.java:511)
java.util.concurrent.FutureTask.run(FutureTask.java:266)
java.util.concurrent.ThreadPoolExecutor.runWorker(ThreadPoolExecutor.java:1149)
java.util.concurrent.ThreadPoolExecutor$Worker.run(ThreadPoolExecutor.java:624)
java.lang.Thread.run(Thread.java:748)

[MASTER] 19:47:24.108 [logback-2] ERROR JUnitAnalyzer - Issue in scaffolding of the test suite: Could not initialize class sun.font.SunFontManager
Stack trace:
sun.font.FontDesignMetrics.getMetrics(FontDesignMetrics.java:264)
sun.swing.SwingUtilities2.getFontMetrics(SwingUtilities2.java:1113)
javax.swing.JComponent.getFontMetrics(JComponent.java:1626)
org.evosuite.runtime.GuiSupport.initialize(GuiSupport.java:96)
org.firebirdsql.jdbc.FBCachedFetcher_9_tmp__ESTest_scaffolding.initEvoSuiteFramework(FBCachedFetcher_9_tmp__ESTest_scaffolding.java:31)
sun.reflect.NativeMethodAccessorImpl.invoke0(Native Method)
sun.reflect.NativeMethodAccessorImpl.invoke(NativeMethodAccessorImpl.java:62)
sun.reflect.DelegatingMethodAccessorImpl.invoke(DelegatingMethodAccessorImpl.java:43)
java.lang.reflect.Method.invoke(Method.java:498)
org.junit.runners.model.FrameworkMethod$1.runReflectiveCall(FrameworkMethod.java:50)
org.junit.internal.runners.model.ReflectiveCallable.run(ReflectiveCallable.java:12)
org.junit.runners.model.FrameworkMethod.invokeExplosively(FrameworkMethod.java:52)
org.junit.internal.runners.statements.RunBefores.evaluate(RunBefores.java:24)
org.junit.internal.runners.statements.RunAfters.evaluate(RunAfters.java:27)
org.junit.runners.ParentRunner.run(ParentRunner.java:363)
org.junit.runners.Suite.runChild(Suite.java:128)
org.junit.runners.Suite.runChild(Suite.java:27)
org.junit.runners.ParentRunner$3.run(ParentRunner.java:290)
org.junit.runners.ParentRunner$1.schedule(ParentRunner.java:71)
org.junit.runners.ParentRunner.runChildren(ParentRunner.java:288)
org.junit.runners.ParentRunner.access$000(ParentRunner.java:58)
org.junit.runners.ParentRunner$2.evaluate(ParentRunner.java:268)
org.junit.runners.ParentRunner.run(ParentRunner.java:363)
org.junit.runner.JUnitCore.run(JUnitCore.java:137)
org.junit.runner.JUnitCore.run(JUnitCore.java:115)
org.junit.runner.JUnitCore.run(JUnitCore.java:105)
org.junit.runner.JUnitCore.run(JUnitCore.java:94)
org.evosuite.junit.JUnitAnalyzer.runJUnitOnCurrentProcess(JUnitAnalyzer.java:306)
org.evosuite.junit.JUnitAnalyzer.runTests(JUnitAnalyzer.java:276)
org.evosuite.junit.JUnitAnalyzer.handleTestsThatAreUnstable(JUnitAnalyzer.java:178)
org.evosuite.TestSuiteGenerator.compileAndCheckTests(TestSuiteGenerator.java:594)
org.evosuite.TestSuiteGenerator.postProcessTests(TestSuiteGenerator.java:533)
org.evosuite.TestSuiteGenerator.generateTestSuite(TestSuiteGenerator.java:238)
org.evosuite.rmi.service.ClientNodeImpl$1.run(ClientNodeImpl.java:145)
java.util.concurrent.Executors$RunnableAdapter.call(Executors.java:511)
java.util.concurrent.FutureTask.run(FutureTask.java:266)
java.util.concurrent.ThreadPoolExecutor.runWorker(ThreadPoolExecutor.java:1149)
java.util.concurrent.ThreadPoolExecutor$Worker.run(ThreadPoolExecutor.java:624)
java.lang.Thread.run(Thread.java:748)

[MASTER] 19:47:27.094 [logback-2] ERROR JUnitAnalyzer - Issue in scaffolding of the test suite: Could not initialize class sun.font.SunFontManager
Stack trace:
sun.font.FontDesignMetrics.getMetrics(FontDesignMetrics.java:264)
sun.swing.SwingUtilities2.getFontMetrics(SwingUtilities2.java:1113)
javax.swing.JComponent.getFontMetrics(JComponent.java:1626)
org.evosuite.runtime.GuiSupport.initialize(GuiSupport.java:96)
org.firebirdsql.jdbc.FBCachedFetcher_10_tmp__ESTest_scaffolding.initEvoSuiteFramework(FBCachedFetcher_10_tmp__ESTest_scaffolding.java:31)
sun.reflect.NativeMethodAccessorImpl.invoke0(Native Method)
sun.reflect.NativeMethodAccessorImpl.invoke(NativeMethodAccessorImpl.java:62)
sun.reflect.DelegatingMethodAccessorImpl.invoke(DelegatingMethodAccessorImpl.java:43)
java.lang.reflect.Method.invoke(Method.java:498)
org.junit.runners.model.FrameworkMethod$1.runReflectiveCall(FrameworkMethod.java:50)
org.junit.internal.runners.model.ReflectiveCallable.run(ReflectiveCallable.java:12)
org.junit.runners.model.FrameworkMethod.invokeExplosively(FrameworkMethod.java:52)
org.junit.internal.runners.statements.RunBefores.evaluate(RunBefores.java:24)
org.junit.internal.runners.statements.RunAfters.evaluate(RunAfters.java:27)
org.junit.runners.ParentRunner.run(ParentRunner.java:363)
org.junit.runners.Suite.runChild(Suite.java:128)
org.junit.runners.Suite.runChild(Suite.java:27)
org.junit.runners.ParentRunner$3.run(ParentRunner.java:290)
org.junit.runners.ParentRunner$1.schedule(ParentRunner.java:71)
org.junit.runners.ParentRunner.runChildren(ParentRunner.java:288)
org.junit.runners.ParentRunner.access$000(ParentRunner.java:58)
org.junit.runners.ParentRunner$2.evaluate(ParentRunner.java:268)
org.junit.runners.ParentRunner.run(ParentRunner.java:363)
org.junit.runner.JUnitCore.run(JUnitCore.java:137)
org.junit.runner.JUnitCore.run(JUnitCore.java:115)
org.junit.runner.JUnitCore.run(JUnitCore.java:105)
org.junit.runner.JUnitCore.run(JUnitCore.java:94)
org.evosuite.junit.JUnitAnalyzer.runJUnitOnCurrentProcess(JUnitAnalyzer.java:306)
org.evosuite.junit.JUnitAnalyzer.runTests(JUnitAnalyzer.java:276)
org.evosuite.junit.JUnitAnalyzer.handleTestsThatAreUnstable(JUnitAnalyzer.java:178)
org.evosuite.TestSuiteGenerator.compileAndCheckTests(TestSuiteGenerator.java:594)
org.evosuite.TestSuiteGenerator.postProcessTests(TestSuiteGenerator.java:533)
org.evosuite.TestSuiteGenerator.generateTestSuite(TestSuiteGenerator.java:238)
org.evosuite.rmi.service.ClientNodeImpl$1.run(ClientNodeImpl.java:145)
java.util.concurrent.Executors$RunnableAdapter.call(Executors.java:511)
java.util.concurrent.FutureTask.run(FutureTask.java:266)
java.util.concurrent.ThreadPoolExecutor.runWorker(ThreadPoolExecutor.java:1149)
java.util.concurrent.ThreadPoolExecutor$Worker.run(ThreadPoolExecutor.java:624)
java.lang.Thread.run(Thread.java:748)

[MASTER] 19:47:30.494 [logback-2] ERROR JUnitAnalyzer - Issue in scaffolding of the test suite: Could not initialize class sun.font.SunFontManager
Stack trace:
sun.font.FontDesignMetrics.getMetrics(FontDesignMetrics.java:264)
sun.swing.SwingUtilities2.getFontMetrics(SwingUtilities2.java:1113)
javax.swing.JComponent.getFontMetrics(JComponent.java:1626)
org.evosuite.runtime.GuiSupport.initialize(GuiSupport.java:96)
org.firebirdsql.jdbc.FBCachedFetcher_11_tmp__ESTest_scaffolding.initEvoSuiteFramework(FBCachedFetcher_11_tmp__ESTest_scaffolding.java:32)
sun.reflect.NativeMethodAccessorImpl.invoke0(Native Method)
sun.reflect.NativeMethodAccessorImpl.invoke(NativeMethodAccessorImpl.java:62)
sun.reflect.DelegatingMethodAccessorImpl.invoke(DelegatingMethodAccessorImpl.java:43)
java.lang.reflect.Method.invoke(Method.java:498)
org.junit.runners.model.FrameworkMethod$1.runReflectiveCall(FrameworkMethod.java:50)
org.junit.internal.runners.model.ReflectiveCallable.run(ReflectiveCallable.java:12)
org.junit.runners.model.FrameworkMethod.invokeExplosively(FrameworkMethod.java:52)
org.junit.internal.runners.statements.RunBefores.evaluate(RunBefores.java:24)
org.junit.internal.runners.statements.RunAfters.evaluate(RunAfters.java:27)
org.junit.runners.ParentRunner.run(ParentRunner.java:363)
org.junit.runners.Suite.runChild(Suite.java:128)
org.junit.runners.Suite.runChild(Suite.java:27)
org.junit.runners.ParentRunner$3.run(ParentRunner.java:290)
org.junit.runners.ParentRunner$1.schedule(ParentRunner.java:71)
org.junit.runners.ParentRunner.runChildren(ParentRunner.java:288)
org.junit.runners.ParentRunner.access$000(ParentRunner.java:58)
org.junit.runners.ParentRunner$2.evaluate(ParentRunner.java:268)
org.junit.runners.ParentRunner.run(ParentRunner.java:363)
org.junit.runner.JUnitCore.run(JUnitCore.java:137)
org.junit.runner.JUnitCore.run(JUnitCore.java:115)
org.junit.runner.JUnitCore.run(JUnitCore.java:105)
org.junit.runner.JUnitCore.run(JUnitCore.java:94)
org.evosuite.junit.JUnitAnalyzer.runJUnitOnCurrentProcess(JUnitAnalyzer.java:306)
org.evosuite.junit.JUnitAnalyzer.runTests(JUnitAnalyzer.java:276)
org.evosuite.junit.JUnitAnalyzer.handleTestsThatAreUnstable(JUnitAnalyzer.java:178)
org.evosuite.TestSuiteGenerator.compileAndCheckTests(TestSuiteGenerator.java:594)
org.evosuite.TestSuiteGenerator.postProcessTests(TestSuiteGenerator.java:533)
org.evosuite.TestSuiteGenerator.generateTestSuite(TestSuiteGenerator.java:238)
org.evosuite.rmi.service.ClientNodeImpl$1.run(ClientNodeImpl.java:145)
java.util.concurrent.Executors$RunnableAdapter.call(Executors.java:511)
java.util.concurrent.FutureTask.run(FutureTask.java:266)
java.util.concurrent.ThreadPoolExecutor.runWorker(ThreadPoolExecutor.java:1149)
java.util.concurrent.ThreadPoolExecutor$Worker.run(ThreadPoolExecutor.java:624)
java.lang.Thread.run(Thread.java:748)

* Permissions denied during test execution: 
  - java.lang.RuntimePermission: 
         writeFileDescriptor: 1
* Writing JUnit test case 'FBCachedFetcher_ESTest' to /home/ubuntu/termite/rmosa/tests/s1004/110_firebird/evosuite-tests
* Done!

* Computation finished
[MASTER] 19:47:30.809 [Thread-3] ERROR ExternalProcessHandler - Exception while reading output of client process. Stream closed
