* EvoSuite 1.0.6
* Configuration: RMOSA
* Going to generate test cases for class: com.soops.CEN4010.JMCA.JParser.JavaParserTokenManager
* EvoSuite 1.0.6
* Configuration: RMOSA
* Going to generate test cases for class: com.soops.CEN4010.JMCA.JParser.JavaCharStream
* Starting client
* Properties loaded from /home/ubuntu/termite/projects/19_jmca/evosuite-files/evosuite.properties
* Connecting to master process on port 18809
* Starting client
* Properties loaded from /home/ubuntu/termite/projects/19_jmca/evosuite-files/evosuite.properties
* Connecting to master process on port 18808
* Analyzing classpath: 
* Analyzing classpath: 
* Inheritance tree loaded from evosuite-files/inheritance.xml.gz
* Finished analyzing classpath
* Generating tests for class com.soops.CEN4010.JMCA.JParser.JavaCharStream
* Test criteria:
  - Line Coverage
  - Branch Coverage
  - Exception
  - Mutation testing (weak)
  - Method-Output Coverage
  - Top-Level Method Coverage
  - No-Exception Top-Level Method Coverage
  - Context Branch Coverage
Ranking Type: org.evosuite.ga.metaheuristics.mosa.EntropyBasedPreferenceSorting
* Using seed 1021
* Starting evolution
* Inheritance tree loaded from evosuite-files/inheritance.xml.gz
[MASTER] 08:30:11.655 [logback-1] WARN  InheritanceTree - Class not in inheritance graph: java.util.function.Consumer
[MASTER] 08:30:11.680 [logback-1] WARN  InheritanceTree - Class not in inheritance graph: java.util.function.Predicate
[MASTER] 08:30:11.681 [logback-1] WARN  InheritanceTree - Class not in inheritance graph: java.util.function.UnaryOperator
[MASTER] 08:30:11.708 [logback-1] WARN  InheritanceTree - Class not in inheritance graph: java.util.function.Function
* Finished analyzing classpath
* Generating tests for class com.soops.CEN4010.JMCA.JParser.JavaParserTokenManager
* Test criteria:
  - Line Coverage
  - Branch Coverage
  - Exception
  - Mutation testing (weak)
  - Method-Output Coverage
  - Top-Level Method Coverage
  - No-Exception Top-Level Method Coverage
  - Context Branch Coverage
Ranking Type: org.evosuite.ga.metaheuristics.mosa.EntropyBasedPreferenceSorting
* Using seed 1021
* Starting evolution
[MASTER] 08:31:34.345 [logback-1] WARN  CoverageArchive - A solution with a timeout/exception result has been added to the archive. The covered goal was com.soops.CEN4010.JMCA.JParser.JavaParserTokenManager.jjMoveStringLiteralDfa0_0()I: I4 Branch 133 TABLESWITCH L159 Case 117 - true
[MASTER] 08:31:34.354 [logback-1] WARN  CoverageArchive - A solution with a timeout/exception result has been added to the archive. The covered goal was Branch com.soops.CEN4010.JMCA.JParser.JavaParserTokenManager.jjMoveStringLiteralDfa0_0()I: I4 Branch 133 TABLESWITCH L159 Case 117 - true in context: 
[MASTER] 08:32:07.374 [logback-1] WARN  CoverageArchive - A solution with a timeout/exception result has been added to the archive. The covered goal was Branch com.soops.CEN4010.JMCA.JParser.JavaParserTokenManager.jjMoveStringLiteralDfa0_0()I: I4 Branch 123 TABLESWITCH L159 Case 107 - true in context: 
* Search finished after 127s and 49 generations, 39372 statements, best individual has fitness: 1752.0
* Going to analyze the coverage criteria
* Coverage analysis for criterion LINE
* Coverage of criterion LINE: 83%
* Total number of goals: 239
* Number of covered goals: 198
* Coverage analysis for criterion BRANCH
* Coverage of criterion BRANCH: 88%
* Total number of goals: 216
* Number of covered goals: 190
* Coverage analysis for criterion EXCEPTION
* Coverage of criterion EXCEPTION: 100%
* Total number of goals: 35
* Number of covered goals: 35
* Coverage analysis for criterion WEAKMUTATION
* Coverage of criterion WEAKMUTATION: 88%
* Total number of goals: 974
* Number of covered goals: 856
* Coverage analysis for criterion OUTPUT
* Coverage of criterion OUTPUT: 81%
* Total number of goals: 36
* Number of covered goals: 29
* Coverage analysis for criterion METHOD
* Coverage of criterion METHOD: 100%
* Total number of goals: 31
* Number of covered goals: 31
* Coverage analysis for criterion METHODNOEXCEPTION
* Coverage of criterion METHODNOEXCEPTION: 100%
* Total number of goals: 31
* Number of covered goals: 31
* Coverage analysis for criterion CBRANCH
* Coverage of criterion CBRANCH: 88%
* Total number of goals: 216
* Number of covered goals: 189
* Generated 136 tests with total length 1047
* Resulting test suite's coverage: 88% (average coverage for all fitness functions)
* Generating assertions
* Search finished after 136s and 30 generations, 25472 statements, best individual has fitness: 19352.0
[MASTER] 08:32:33.005 [logback-1] WARN  TimeController - Phase SEARCH lasted too long, 18 seconds more than allowed.
* Going to analyze the coverage criteria
* Coverage analysis for criterion LINE
* Coverage of criterion LINE: 44%
* Total number of goals: 981
* Number of covered goals: 428
* Coverage analysis for criterion BRANCH
* Coverage of criterion BRANCH: 53%
* Total number of goals: 1707
* Number of covered goals: 908
* Coverage analysis for criterion EXCEPTION
* Coverage of criterion EXCEPTION: 100%
* Total number of goals: 9
* Number of covered goals: 9
* Coverage analysis for criterion WEAKMUTATION
* Coverage of criterion WEAKMUTATION: 38%
* Total number of goals: 434
* Number of covered goals: 167
* Coverage analysis for criterion OUTPUT
* Coverage of criterion OUTPUT: 50%
* Total number of goals: 4
* Number of covered goals: 2
* Coverage analysis for criterion METHOD
* Coverage of criterion METHOD: 100%
* Total number of goals: 11
* Number of covered goals: 11
* Coverage analysis for criterion METHODNOEXCEPTION
* Coverage of criterion METHODNOEXCEPTION: 100%
* Total number of goals: 11
* Number of covered goals: 11
* Coverage analysis for criterion CBRANCH
* Coverage of criterion CBRANCH: 53%
* Total number of goals: 1707
* Number of covered goals: 906
* Generated 118 tests with total length 1184
* Resulting test suite's coverage: 50% (average coverage for all fitness functions)
* Generating assertions
* Resulting test suite's mutation score: 17%
* Compiling and checking tests
[MASTER] 08:34:04.167 [logback-1] WARN  JUnitAnalyzer - Found unstable test named test0 -> class java.lang.AssertionError: expected:<1> but was:<0>
[MASTER] 08:34:04.167 [logback-1] WARN  JUnitAnalyzer - Failing test:
 byte[] byteArray0 = new byte[7];
byteArray0[0] = (byte)0;
byteArray0[1] = (byte)0;
StringReader stringReader0 = new StringReader("8y.qZ6ETC$");
JavaCharStream javaCharStream0 = new JavaCharStream(stringReader0, (byte)0, 703);
JavaParserTokenManager javaParserTokenManager0 = new JavaParserTokenManager(javaCharStream0);
Token token0 = javaParserTokenManager0.getNextToken();
assertEquals(1, javaCharStream0.bufpos);
assertEquals(74, token0.kind);


[MASTER] 08:34:06.183 [logback-1] WARN  JUnitAnalyzer - Found unstable test named test0 -> class java.lang.AssertionError: expected:<4> but was:<3>
[MASTER] 08:34:06.183 [logback-1] WARN  JUnitAnalyzer - Failing test:
 StringReader stringReader0 = new StringReader("A~:>w'2bro(,N?yzY");
char[] charArray0 = new char[6];
charArray0[0] = '2';
charArray0[1] = '2';
charArray0[2] = '2';
charArray0[3] = '2';
charArray0[4] = '2';
stringReader0.read(charArray0);
JavaCharStream javaCharStream0 = new JavaCharStream(stringReader0, (-3532), 6);
JavaParserTokenManager javaParserTokenManager0 = new JavaParserTokenManager(javaCharStream0);
javaParserTokenManager0.getNextToken();
javaParserTokenManager0.getNextToken();
javaParserTokenManager0.MoreLexicalActions();
javaParserTokenManager0.MoreLexicalActions();
assertEquals(4, javaCharStream0.bufpos);
assertEquals(10, javaCharStream0.getEndColumn());


[MASTER] 08:34:06.325 [logback-1] WARN  JUnitAnalyzer - Found unstable test named test0 -> class java.lang.AssertionError: expected:<4> but was:<2>
[MASTER] 08:34:06.325 [logback-1] WARN  JUnitAnalyzer - Failing test:
 StringReader stringReader0 = new StringReader("4iq:RLHW]~o=");
JavaCharStream javaCharStream0 = new JavaCharStream(stringReader0, 24, 89, 24);
JavaCharStream javaCharStream1 = new JavaCharStream(stringReader0);
JavaParserTokenManager javaParserTokenManager0 = new JavaParserTokenManager(javaCharStream1);
javaParserTokenManager0.getNextToken();
JavaParserTokenManager javaParserTokenManager1 = new JavaParserTokenManager(javaCharStream1);
Token token0 = javaParserTokenManager0.getNextToken();
assertEquals(4, javaCharStream1.getBeginColumn());
assertEquals(":", token0.toString());


[MASTER] 08:34:06.373 [logback-1] WARN  JUnitAnalyzer - Found unstable test named test0 -> class java.lang.AssertionError: expected:<1> but was:<0>
[MASTER] 08:34:06.374 [logback-1] WARN  JUnitAnalyzer - Failing test:
 StringReader stringReader0 = new StringReader("e5R?+V;JQBf'b");
StringReader stringReader1 = new StringReader("e5R?+V;JQBf'b");
stringReader1.read();
JavaCharStream javaCharStream0 = new JavaCharStream(stringReader1, 63, 115);
JavaParserTokenManager javaParserTokenManager0 = new JavaParserTokenManager(javaCharStream0);
javaParserTokenManager0.getNextToken();
assertEquals(1, javaCharStream0.bufpos);
assertEquals(116, javaCharStream0.getColumn());


[MASTER] 08:34:07.072 [logback-1] WARN  JUnitAnalyzer - Found unstable test named test0 -> class java.lang.AssertionError: expected:<15> but was:<0>
[MASTER] 08:34:07.072 [logback-1] WARN  JUnitAnalyzer - Failing test:
 StringReader stringReader0 = new StringReader("7\"f?}&$E`V6c!WJ\"2Y");
char[] charArray0 = new char[1];
charArray0[0] = '&';
JavaCharStream javaCharStream0 = new JavaCharStream(stringReader0, (-3532), (-3532));
JavaParserTokenManager javaParserTokenManager0 = new JavaParserTokenManager(javaCharStream0);
Token token0 = javaParserTokenManager0.getNextToken();
assertEquals(15, javaCharStream0.bufpos);
assertEquals(73, token0.kind);


* Writing JUnit test case 'JavaParserTokenManager_ESTest' to /home/ubuntu/termite/rmosa/tests/s1021/19_jmca/evosuite-tests
* Done!

* Computation finished
* Resulting test suite's mutation score: 36%
* Compiling and checking tests
* Writing JUnit test case 'JavaCharStream_ESTest' to /home/ubuntu/termite/rmosa/tests/s1021/19_jmca/evosuite-tests
* Done!

* Computation finished
* EvoSuite 1.0.6
* Configuration: RMOSA
* Going to generate test cases for class: com.soops.CEN4010.JMCA.JParser.SimpleNode
* Starting client
* Properties loaded from /home/ubuntu/termite/projects/19_jmca/evosuite-files/evosuite.properties
* Connecting to master process on port 18810
* Analyzing classpath: 
* Inheritance tree loaded from evosuite-files/inheritance.xml.gz
[MASTER] 08:58:28.334 [logback-1] WARN  InheritanceTree - Class not in inheritance graph: java.util.function.Consumer
[MASTER] 08:58:28.352 [logback-1] WARN  InheritanceTree - Class not in inheritance graph: java.util.function.Predicate
[MASTER] 08:58:28.366 [logback-1] WARN  InheritanceTree - Class not in inheritance graph: java.util.function.UnaryOperator
[MASTER] 08:58:28.831 [logback-1] WARN  InheritanceTree - Class not in inheritance graph: java.util.function.Function
* Finished analyzing classpath
* Generating tests for class com.soops.CEN4010.JMCA.JParser.SimpleNode
* Test criteria:
  - Line Coverage
  - Branch Coverage
  - Exception
  - Mutation testing (weak)
  - Method-Output Coverage
  - Top-Level Method Coverage
  - No-Exception Top-Level Method Coverage
  - Context Branch Coverage
Ranking Type: org.evosuite.ga.metaheuristics.mosa.EntropyBasedPreferenceSorting
* Using seed 1021
* Starting evolution
[MASTER] 08:59:46.285 [logback-1] WARN  InheritanceTree - Class not in inheritance graph: java.util.function.BiFunction
[MASTER] 08:59:46.286 [logback-1] WARN  InheritanceTree - Class not in inheritance graph: java.util.function.BiConsumer
[MASTER] 08:59:56.564 [logback-2] ERROR TestCluster - Failed to check cache for java.util.function.Function<T, R> : Type points to itself
* Search finished after 122s and 56 generations, 80993 statements, best individual has fitness: 304.0
* Going to analyze the coverage criteria
* Coverage analysis for criterion LINE
* Coverage of criterion LINE: 98%
* Total number of goals: 62
* Number of covered goals: 61
* Coverage analysis for criterion BRANCH
* Coverage of criterion BRANCH: 91%
* Total number of goals: 67
* Number of covered goals: 61
* Coverage analysis for criterion EXCEPTION
* Coverage of criterion EXCEPTION: 100%
* Total number of goals: 12
* Number of covered goals: 12
* Coverage analysis for criterion WEAKMUTATION
* Coverage of criterion WEAKMUTATION: 85%
* Total number of goals: 121
* Number of covered goals: 103
* Coverage analysis for criterion OUTPUT
* Coverage of criterion OUTPUT: 59%
* Total number of goals: 17
* Number of covered goals: 10
* Coverage analysis for criterion METHOD
* Coverage of criterion METHOD: 100%
* Total number of goals: 13
* Number of covered goals: 13
* Coverage analysis for criterion METHODNOEXCEPTION
* Coverage of criterion METHODNOEXCEPTION: 100%
* Total number of goals: 13
* Number of covered goals: 13
* Coverage analysis for criterion CBRANCH
* Coverage of criterion CBRANCH: 91%
* Total number of goals: 67
* Number of covered goals: 61
* Generated 37 tests with total length 429
* Resulting test suite's coverage: 90% (average coverage for all fitness functions)
* Generating assertions
* Resulting test suite's mutation score: 74%
* Compiling and checking tests
* Writing JUnit test case 'SimpleNode_ESTest' to /home/ubuntu/termite/rmosa/tests/s1021/19_jmca/evosuite-tests
* Done!

* Computation finished
