* EvoSuite 1.0.6
* Configuration: RMOSA
* Going to generate test cases for class: net.sourceforge.squirrel_sql.client.session.Session
* EvoSuite 1.0.6
* Configuration: RMOSA
* Going to generate test cases for class: net.sourceforge.squirrel_sql.plugins.dbcopy.util.DBUtil
* Starting client
* Properties loaded from /home/ubuntu/termite/projects/102_squirrel-sql/evosuite-files/evosuite.properties
* Connecting to master process on port 10606
* Starting client
* Properties loaded from /home/ubuntu/termite/projects/102_squirrel-sql/evosuite-files/evosuite.properties
* Connecting to master process on port 10607
* Analyzing classpath: 
* Analyzing classpath: 
* Inheritance tree loaded from evosuite-files/inheritance.xml.gz
* Inheritance tree loaded from evosuite-files/inheritance.xml.gz
[MASTER] 17:00:44.547 [logback-1] WARN  InheritanceTree - Class not in inheritance graph: java.util.function.BiFunction
[MASTER] 17:00:44.558 [logback-1] WARN  InheritanceTree - Class not in inheritance graph: java.util.function.Function
[MASTER] 17:00:44.564 [logback-1] WARN  InheritanceTree - Class not in inheritance graph: java.util.function.BiConsumer
[MASTER] 17:00:49.110 [logback-1] WARN  InheritanceTree - Class not in inheritance graph: java.sql.SQLType
[MASTER] 17:00:49.675 [logback-1] WARN  InheritanceTree - Class not in inheritance graph: java.util.function.Consumer
[MASTER] 17:00:49.700 [logback-1] WARN  InheritanceTree - Class not in inheritance graph: java.util.function.Predicate
[MASTER] 17:00:49.701 [logback-1] WARN  InheritanceTree - Class not in inheritance graph: java.util.function.UnaryOperator
[MASTER] 17:00:50.826 [logback-1] WARN  InheritanceTree - Class not in inheritance graph: java.util.function.BiFunction
[MASTER] 17:00:50.826 [logback-1] WARN  InheritanceTree - Class not in inheritance graph: java.util.function.Function
[MASTER] 17:00:50.827 [logback-1] WARN  InheritanceTree - Class not in inheritance graph: java.util.function.BiConsumer
[MASTER] 17:00:52.571 [logback-1] WARN  InheritanceTree - Class not in inheritance graph: java.time.ZoneId
[MASTER] 17:00:52.581 [logback-1] WARN  InheritanceTree - Class not in inheritance graph: java.time.temporal.TemporalAccessor
[MASTER] 17:00:52.581 [logback-1] WARN  InheritanceTree - Class not in inheritance graph: java.time.Clock
[MASTER] 17:00:54.138 [logback-1] WARN  InheritanceTree - Class not in inheritance graph: java.time.temporal.Temporal
[MASTER] 17:00:54.140 [logback-1] WARN  InheritanceTree - Class not in inheritance graph: java.time.temporal.TemporalField
[MASTER] 17:00:54.150 [logback-1] WARN  InheritanceTree - Class not in inheritance graph: java.time.temporal.TemporalUnit
[MASTER] 17:00:54.176 [logback-1] WARN  InheritanceTree - Class not in inheritance graph: java.time.temporal.TemporalAmount
[MASTER] 17:00:54.197 [logback-1] WARN  InheritanceTree - Class not in inheritance graph: java.time.temporal.TemporalQuery
[MASTER] 17:00:54.200 [logback-1] WARN  InheritanceTree - Class not in inheritance graph: java.time.temporal.TemporalAdjuster
[MASTER] 17:00:54.429 [logback-1] WARN  InheritanceTree - Class not in inheritance graph: java.util.function.Consumer
[MASTER] 17:00:54.446 [logback-1] WARN  InheritanceTree - Class not in inheritance graph: java.util.function.Predicate
[MASTER] 17:00:54.665 [logback-1] WARN  InheritanceTree - Class not in inheritance graph: java.util.function.UnaryOperator
[MASTER] 17:00:55.505 [logback-1] WARN  InheritanceTree - Class not in inheritance graph: java.time.chrono.Chronology
[MASTER] 17:00:58.322 [logback-1] WARN  InheritanceTree - Class not in inheritance graph: java.time.ZoneId
[MASTER] 17:00:58.937 [logback-1] WARN  InheritanceTree - Class not in inheritance graph: java.time.temporal.Temporal
[MASTER] 17:00:58.952 [logback-1] WARN  InheritanceTree - Class not in inheritance graph: java.time.temporal.TemporalAccessor
[MASTER] 17:00:58.953 [logback-1] WARN  InheritanceTree - Class not in inheritance graph: java.time.temporal.TemporalField
[MASTER] 17:00:58.954 [logback-1] WARN  InheritanceTree - Class not in inheritance graph: java.time.temporal.TemporalUnit
[MASTER] 17:00:58.954 [logback-1] WARN  InheritanceTree - Class not in inheritance graph: java.time.temporal.TemporalAmount
[MASTER] 17:00:58.955 [logback-1] WARN  InheritanceTree - Class not in inheritance graph: java.time.Clock
[MASTER] 17:00:58.962 [logback-1] WARN  InheritanceTree - Class not in inheritance graph: java.time.temporal.TemporalQuery
[MASTER] 17:00:58.964 [logback-1] WARN  InheritanceTree - Class not in inheritance graph: java.time.temporal.TemporalAdjuster
[MASTER] 17:00:59.311 [logback-1] WARN  InheritanceTree - Class not in inheritance graph: java.time.chrono.Chronology
[MASTER] 17:00:59.404 [logback-1] WARN  InheritanceTree - Class not in inheritance graph: java.time.chrono.Era
[MASTER] 17:00:59.461 [logback-1] WARN  InheritanceTree - Class not in inheritance graph: java.time.chrono.Era
* Finished analyzing classpath
* Generating tests for class net.sourceforge.squirrel_sql.client.session.Session
* Test criteria:
  - Line Coverage
  - Branch Coverage
  - Exception
  - Mutation testing (weak)
  - Method-Output Coverage
  - Top-Level Method Coverage
  - No-Exception Top-Level Method Coverage
  - Context Branch Coverage
Ranking Type: org.evosuite.ga.metaheuristics.mosa.EntropyBasedPreferenceSorting
* Using seed 1001
* Starting evolution
[MASTER] 17:01:01.496 [logback-2] ERROR TestCluster - Failed to check cache for java.util.HashMap<K, V> : Type points to itself
[MASTER] 17:01:01.501 [logback-2] ERROR TestCluster - Failed to check cache for javax.swing.JComboBox<E> : Type points to itself
[MASTER] 17:01:01.505 [logback-2] ERROR TestCluster - Failed to check cache for javax.swing.JList<E> : Type points to itself
* Finished analyzing classpath
* Generating tests for class net.sourceforge.squirrel_sql.plugins.dbcopy.util.DBUtil
* Test criteria:
  - Line Coverage
  - Branch Coverage
  - Exception
  - Mutation testing (weak)
  - Method-Output Coverage
  - Top-Level Method Coverage
  - No-Exception Top-Level Method Coverage
  - Context Branch Coverage
Ranking Type: org.evosuite.ga.metaheuristics.mosa.EntropyBasedPreferenceSorting
* Using seed 1001
* Starting evolution
[MASTER] 17:01:10.447 [logback-1] WARN  TestChromosome - Functional mock problem: org.evosuite.ga.ConstructionFailedException: Failed to add constructor for com.gargoylesoftware.base.resource.jdbc.ConnectionWrapper due to org.evosuite.ga.ConstructionFailedException: Failed to add constructor for com.gargoylesoftware.base.resource.jdbc.CallableStatementWrapper due to org.evosuite.ga.ConstructionFailedException: Have no generator for class com.gargoylesoftware.base.resource.jdbc.ConnectionWrapper canUseFunctionalMocks=false, canBeMocked: true
[MASTER] 17:01:18.437 [logback-1] WARN  TestChromosome - Functional mock problem: org.evosuite.ga.ConstructionFailedException: Have no generator for class com.gargoylesoftware.base.resource.jdbc.ConnectionWrapper canUseFunctionalMocks=false, canBeMocked: true
[MASTER] 17:01:20.341 [logback-1] WARN  TestChromosome - Functional mock problem: org.evosuite.ga.ConstructionFailedException: Failed to add constructor for com.gargoylesoftware.base.resource.jdbc.CallableStatementWrapper due to org.evosuite.ga.ConstructionFailedException: Failed to add constructor for com.gargoylesoftware.base.resource.jdbc.ConnectionWrapper due to org.evosuite.ga.ConstructionFailedException: Have no generator for class com.gargoylesoftware.base.resource.jdbc.CallableStatementWrapper canUseFunctionalMocks=false, canBeMocked: true
[MASTER] 17:02:18.083 [logback-2] ERROR TestCluster - Failed to check cache for java.util.Comparator<T> : Type points to itself
[MASTER] 17:02:27.180 [logback-1] WARN  CoverageArchive - A solution with a timeout/exception result has been added to the archive. The covered goal was [METHODNOEX] net.sourceforge.squirrel_sql.plugins.dbcopy.util.DBUtil.getSchemaFromDbObject(Lnet/sourceforge/squirrel_sql/fw/sql/IDatabaseObjectInfo;Lnet/sourceforge/squirrel_sql/client/session/schemainfo/SchemaInfo;)Lnet/sourceforge/squirrel_sql/fw/sql/IDatabaseObjectInfo;
* Search finished after 122s and 63 generations, 28723 statements, best individual has fitness: 10616.0
* Going to analyze the coverage criteria
* Coverage analysis for criterion LINE
* Coverage of criterion LINE: 4%
* Total number of goals: 396
* Number of covered goals: 15
* Coverage analysis for criterion BRANCH
* Coverage of criterion BRANCH: 0%
* Total number of goals: 204
* Number of covered goals: 1
* Coverage analysis for criterion EXCEPTION
* Coverage of criterion EXCEPTION: 100%
* Total number of goals: 1
* Number of covered goals: 1
* Coverage analysis for criterion WEAKMUTATION
* Coverage of criterion WEAKMUTATION: 0%
* Total number of goals: 258
* Number of covered goals: 0
* Coverage analysis for criterion OUTPUT
* Coverage of criterion OUTPUT: 0%
* Total number of goals: 165
* Number of covered goals: 0
* Coverage analysis for criterion METHOD
* Coverage of criterion METHOD: 2%
* Total number of goals: 59
* Number of covered goals: 1
* Coverage analysis for criterion METHODNOEXCEPTION
* Coverage of criterion METHODNOEXCEPTION: 2%
* Total number of goals: 59
* Number of covered goals: 1
* Coverage analysis for criterion CBRANCH
* Coverage of criterion CBRANCH: 0%
* Total number of goals: 204
* Number of covered goals: 1
* Generated 1 tests with total length 4
* Resulting test suite's coverage: 1% (average coverage for all fitness functions)
* Generating assertions
* Resulting test suite's mutation score: 2%
* Compiling and checking tests
* Search finished after 123s and 137 generations, 46156 statements, best individual has fitness: 18184.0
* Going to analyze the coverage criteria
* Coverage analysis for criterion LINE
* Coverage of criterion LINE: 16%
* Total number of goals: 792
* Number of covered goals: 129
* Coverage analysis for criterion BRANCH
* Coverage of criterion BRANCH: 14%
* Total number of goals: 463
* Number of covered goals: 63
* Coverage analysis for criterion EXCEPTION
* Coverage of criterion EXCEPTION: 100%
* Total number of goals: 41
* Number of covered goals: 41
* Coverage analysis for criterion WEAKMUTATION
* Writing JUnit test case 'Session_ESTest' to /home/ubuntu/termite/rmosa/tests/s1001/102_squirrel-sql/evosuite-tests
* Done!

* Computation finished
* Coverage of criterion WEAKMUTATION: 24%
* Total number of goals: 906
* Number of covered goals: 219
* Coverage analysis for criterion OUTPUT
* Coverage of criterion OUTPUT: 24%
* Total number of goals: 122
* Number of covered goals: 29
* Coverage analysis for criterion METHOD
* Coverage of criterion METHOD: 98%
* Total number of goals: 48
* Number of covered goals: 47
* Coverage analysis for criterion METHODNOEXCEPTION
* Coverage of criterion METHODNOEXCEPTION: 96%
* Total number of goals: 48
* Number of covered goals: 46
* Coverage analysis for criterion CBRANCH
* Coverage of criterion CBRANCH: 14%
* Total number of goals: 463
* Number of covered goals: 63
* Generated 87 tests with total length 292
* Resulting test suite's coverage: 21% (average coverage for all fitness functions)
* Generating assertions
* Resulting test suite's mutation score: 8%
* Compiling and checking tests
* Writing JUnit test case 'DBUtil_ESTest' to /home/ubuntu/termite/rmosa/tests/s1001/102_squirrel-sql/evosuite-tests
* Done!

* Computation finished
