* EvoSuite 1.0.6
* Configuration: RMOSA
* Going to generate test cases for class: com.lts.io.ArchiveScanner
* Starting client
* Properties loaded from /home/ubuntu/termite/projects/78_caloriecount/evosuite-files/evosuite.properties
* Connecting to master process on port 21002
* Analyzing classpath: 
* Inheritance tree loaded from evosuite-files/inheritance.xml.gz
[MASTER] 11:20:34.470 [logback-1] WARN  InheritanceTree - Class not in inheritance graph: java.util.function.Consumer
[MASTER] 11:20:34.503 [logback-1] WARN  InheritanceTree - Class not in inheritance graph: java.util.function.Predicate
[MASTER] 11:20:34.504 [logback-1] WARN  InheritanceTree - Class not in inheritance graph: java.util.function.UnaryOperator
[MASTER] 11:20:34.902 [logback-1] WARN  InheritanceTree - Class not in inheritance graph: java.util.function.Function
[MASTER] 11:20:35.323 [logback-1] WARN  InheritanceTree - Class not in inheritance graph: java.util.function.BiFunction
[MASTER] 11:20:35.325 [logback-1] WARN  InheritanceTree - Class not in inheritance graph: java.util.function.BiConsumer
* Finished analyzing classpath
* Generating tests for class com.lts.io.ArchiveScanner
* Test criteria:
  - Line Coverage
  - Branch Coverage
  - Exception
  - Mutation testing (weak)
  - Method-Output Coverage
  - Top-Level Method Coverage
  - No-Exception Top-Level Method Coverage
  - Context Branch Coverage
Ranking Type: org.evosuite.ga.metaheuristics.mosa.EntropyBasedPreferenceSorting
* Using seed 1025
* Starting evolution
[MASTER] 11:21:02.660 [logback-2] ERROR TestCluster - Failed to check cache for java.util.Enumeration<E> : Type points to itself
* Search finished after 121s and 303 generations, 164511 statements, best individual has fitness: 336.0
* Going to analyze the coverage criteria
* Coverage analysis for criterion LINE
* Coverage of criterion LINE: 85%
* Total number of goals: 67
* Number of covered goals: 57
* Coverage analysis for criterion BRANCH
* Coverage of criterion BRANCH: 87%
* Total number of goals: 45
* Number of covered goals: 39
* Coverage analysis for criterion EXCEPTION
* Coverage of criterion EXCEPTION: 100%
* Total number of goals: 11
* Number of covered goals: 11
* Coverage analysis for criterion WEAKMUTATION
* Coverage of criterion WEAKMUTATION: 91%
* Total number of goals: 202
* Number of covered goals: 184
* Coverage analysis for criterion OUTPUT
* Coverage of criterion OUTPUT: 80%
* Total number of goals: 5
* Number of covered goals: 4
* Coverage analysis for criterion METHOD
* Coverage of criterion METHOD: 100%
* Total number of goals: 8
* Number of covered goals: 8
* Coverage analysis for criterion METHODNOEXCEPTION
* Coverage of criterion METHODNOEXCEPTION: 100%
* Total number of goals: 8
* Number of covered goals: 8
* Coverage analysis for criterion CBRANCH
* Coverage of criterion CBRANCH: 87%
* Total number of goals: 45
* Number of covered goals: 39
* Generated 43 tests with total length 437
* Resulting test suite's coverage: 89% (average coverage for all fitness functions)
* Generating assertions
* Resulting test suite's mutation score: 55%
* Compiling and checking tests
[MASTER] 11:22:51.125 [logback-1] WARN  JUnitAnalyzer - Found unstable test named test0 -> class java.lang.AssertionError: null
[MASTER] 11:22:51.125 [logback-1] WARN  JUnitAnalyzer - Failing test:
 ImprovedFile improvedFile0 = new ImprovedFile("%0FbQ*KwdB?GEC");
ArchiveScanner archiveScanner0 = new ArchiveScanner(improvedFile0);
boolean boolean0 = archiveScanner0.isArchive(improvedFile0);
assertTrue(boolean0);


[MASTER] 11:22:51.670 [logback-1] WARN  JUnitAnalyzer - Found unstable test named test0 -> class java.lang.AssertionError: expected:<2> but was:<0>
[MASTER] 11:22:51.670 [logback-1] WARN  JUnitAnalyzer - Failing test:
 ImprovedFile improvedFile0 = new ImprovedFile("%0FbQ*KwdB?GEC");
ArchiveScanner archiveScanner0 = new ArchiveScanner(improvedFile0);
int int0 = archiveScanner0.toFileType(improvedFile0);
assertEquals(2, int0);


* Writing JUnit test case 'ArchiveScanner_ESTest' to /home/ubuntu/termite/rmosa/tests/s1025/78_caloriecount/evosuite-tests
* Done!

* Computation finished
* EvoSuite 1.0.6
* Configuration: RMOSA
* Going to generate test cases for class: com.lts.application.international.MessageFormatter
* Starting client
* Properties loaded from /home/ubuntu/termite/projects/78_caloriecount/evosuite-files/evosuite.properties
* Connecting to master process on port 21008
* Analyzing classpath: 
* Inheritance tree loaded from evosuite-files/inheritance.xml.gz
[MASTER] 11:28:53.304 [logback-1] WARN  InheritanceTree - Class not in inheritance graph: java.util.function.Consumer
[MASTER] 11:28:53.349 [logback-1] WARN  InheritanceTree - Class not in inheritance graph: java.util.function.Predicate
[MASTER] 11:28:53.356 [logback-1] WARN  InheritanceTree - Class not in inheritance graph: java.util.function.UnaryOperator
[MASTER] 11:28:54.205 [logback-1] WARN  InheritanceTree - Class not in inheritance graph: java.util.function.Function
[MASTER] 11:28:54.796 [logback-1] WARN  InheritanceTree - Class not in inheritance graph: java.util.function.BiFunction
[MASTER] 11:28:54.806 [logback-1] WARN  InheritanceTree - Class not in inheritance graph: java.util.function.BiConsumer
* Finished analyzing classpath
* Generating tests for class com.lts.application.international.MessageFormatter
* Test criteria:
  - Line Coverage
  - Branch Coverage
  - Exception
  - Mutation testing (weak)
  - Method-Output Coverage
  - Top-Level Method Coverage
  - No-Exception Top-Level Method Coverage
  - Context Branch Coverage
Ranking Type: org.evosuite.ga.metaheuristics.mosa.EntropyBasedPreferenceSorting
* Using seed 1025
* Starting evolution
[MASTER] 11:28:58.614 [logback-2] ERROR TestCluster - Failed to check cache for java.util.Enumeration<E> : Type points to itself
[MASTER] 11:30:54.320 [logback-2] ERROR TestCluster - Failed to check cache for java.util.function.Function<T, R> : Type points to itself
* Search finished after 122s and 272 generations, 66151 statements, best individual has fitness: 792.0
* Going to analyze the coverage criteria
* Coverage analysis for criterion LINE
* Coverage of criterion LINE: 88%
* Total number of goals: 130
* Number of covered goals: 114
* Coverage analysis for criterion BRANCH
* Coverage of criterion BRANCH: 81%
* Total number of goals: 52
* Number of covered goals: 42
* Coverage analysis for criterion EXCEPTION
* Coverage of criterion EXCEPTION: 100%
* Total number of goals: 20
* Number of covered goals: 20
* Coverage analysis for criterion WEAKMUTATION
* Coverage of criterion WEAKMUTATION: 89%
* Total number of goals: 150
* Number of covered goals: 134
* Coverage analysis for criterion OUTPUT
* Coverage of criterion OUTPUT: 30%
* Total number of goals: 50
* Number of covered goals: 15
* Coverage analysis for criterion METHOD
* Coverage of criterion METHOD: 100%
* Total number of goals: 24
* Number of covered goals: 24
* Coverage analysis for criterion METHODNOEXCEPTION
* Coverage of criterion METHODNOEXCEPTION: 92%
* Total number of goals: 24
* Number of covered goals: 22
* Coverage analysis for criterion CBRANCH
* Coverage of criterion CBRANCH: 81%
* Total number of goals: 52
* Number of covered goals: 42
* Generated 44 tests with total length 174
* Resulting test suite's coverage: 80% (average coverage for all fitness functions)
* Generating assertions
* Resulting test suite's mutation score: 19%
* Compiling and checking tests
* Writing JUnit test case 'MessageFormatter_ESTest' to /home/ubuntu/termite/rmosa/tests/s1025/78_caloriecount/evosuite-tests
* Done!

* Computation finished
