* EvoSuite 1.0.6
* Configuration: RMOSA
* Going to generate test cases for class: com.lts.io.ArchiveScanner
* Starting client
* Properties loaded from /home/ubuntu/termite/projects/78_caloriecount/evosuite-files/evosuite.properties
* Connecting to master process on port 21353
* Analyzing classpath: 
* Inheritance tree loaded from evosuite-files/inheritance.xml.gz
[MASTER] 00:02:53.810 [logback-1] WARN  InheritanceTree - Class not in inheritance graph: java.util.function.Consumer
[MASTER] 00:02:53.838 [logback-1] WARN  InheritanceTree - Class not in inheritance graph: java.util.function.Predicate
[MASTER] 00:02:53.838 [logback-1] WARN  InheritanceTree - Class not in inheritance graph: java.util.function.UnaryOperator
[MASTER] 00:02:54.375 [logback-1] WARN  InheritanceTree - Class not in inheritance graph: java.util.function.Function
[MASTER] 00:02:54.849 [logback-1] WARN  InheritanceTree - Class not in inheritance graph: java.util.function.BiFunction
[MASTER] 00:02:54.857 [logback-1] WARN  InheritanceTree - Class not in inheritance graph: java.util.function.BiConsumer
* Finished analyzing classpath
* Generating tests for class com.lts.io.ArchiveScanner
* Test criteria:
  - Line Coverage
  - Branch Coverage
  - Exception
  - Mutation testing (weak)
  - Method-Output Coverage
  - Top-Level Method Coverage
  - No-Exception Top-Level Method Coverage
  - Context Branch Coverage
Ranking Type: org.evosuite.ga.metaheuristics.mosa.EntropyBasedPreferenceSorting
* Using seed 1010
* Starting evolution
[MASTER] 00:03:31.422 [logback-2] ERROR TestCluster - Failed to check cache for java.util.Enumeration<E> : Type points to itself
* Search finished after 122s and 268 generations, 123176 statements, best individual has fitness: 664.0
* Going to analyze the coverage criteria
* Coverage analysis for criterion LINE
* Coverage of criterion LINE: 78%
* Total number of goals: 67
* Number of covered goals: 52
* Coverage analysis for criterion BRANCH
* Coverage of criterion BRANCH: 73%
* Total number of goals: 45
* Number of covered goals: 33
* Coverage analysis for criterion EXCEPTION
* Coverage of criterion EXCEPTION: 100%
* Total number of goals: 10
* Number of covered goals: 10
* Coverage analysis for criterion WEAKMUTATION
* Coverage of criterion WEAKMUTATION: 79%
* Total number of goals: 202
* Number of covered goals: 160
* Coverage analysis for criterion OUTPUT
* Coverage of criterion OUTPUT: 80%
* Total number of goals: 5
* Number of covered goals: 4
* Coverage analysis for criterion METHOD
* Coverage of criterion METHOD: 100%
* Total number of goals: 8
* Number of covered goals: 8
* Coverage analysis for criterion METHODNOEXCEPTION
* Coverage of criterion METHODNOEXCEPTION: 100%
* Total number of goals: 8
* Number of covered goals: 8
* Coverage analysis for criterion CBRANCH
* Coverage of criterion CBRANCH: 73%
* Total number of goals: 45
* Number of covered goals: 33
* Generated 38 tests with total length 313
* Resulting test suite's coverage: 79% (average coverage for all fitness functions)
* Generating assertions
* Resulting test suite's mutation score: 28%
* Compiling and checking tests
[MASTER] 00:05:10.589 [logback-1] WARN  JUnitAnalyzer - Found unstable test named test0 -> class java.lang.AssertionError: null
[MASTER] 00:05:10.592 [logback-1] WARN  JUnitAnalyzer - Failing test:
 ImprovedFile improvedFile0 = new ImprovedFile(".ear", ".ear");
ArchiveScanner archiveScanner0 = new ArchiveScanner(improvedFile0);
boolean boolean0 = archiveScanner0.isArchive(improvedFile0);
assertFalse(boolean0);


[MASTER] 00:05:10.937 [logback-1] WARN  JUnitAnalyzer - Found unstable test named test0 -> class java.lang.AssertionError: expected:<2> but was:<0>
[MASTER] 00:05:10.938 [logback-1] WARN  JUnitAnalyzer - Failing test:
 ImprovedFile improvedFile0 = new ImprovedFile("Failed to remove file, ", "Failed to remove file, ");
ArchiveScanner archiveScanner0 = new ArchiveScanner(improvedFile0);
int int0 = archiveScanner0.toFileType(improvedFile0);
assertEquals(2, int0);


[MASTER] 00:05:11.612 [logback-1] WARN  JUnitAnalyzer - Found unstable test named test0 -> class java.lang.AssertionError: null
[MASTER] 00:05:11.612 [logback-1] WARN  JUnitAnalyzer - Failing test:
 ImprovedFile improvedFile0 = new ImprovedFile("com.lts.io.archive.ZipArchive", "com.lts.io.archive.ZipArchive");
ArchiveScanner archiveScanner0 = new ArchiveScanner(improvedFile0);
boolean boolean0 = archiveScanner0.isArchive(improvedFile0);
assertTrue(boolean0);


* Writing JUnit test case 'ArchiveScanner_ESTest' to /home/ubuntu/termite/rmosa/tests/s1010/78_caloriecount/evosuite-tests
* Done!

* Computation finished
* EvoSuite 1.0.6
* Configuration: RMOSA
* Going to generate test cases for class: com.lts.application.international.MessageFormatter
* Starting client
* Properties loaded from /home/ubuntu/termite/projects/78_caloriecount/evosuite-files/evosuite.properties
* Connecting to master process on port 21351
* Analyzing classpath: 
* Inheritance tree loaded from evosuite-files/inheritance.xml.gz
[MASTER] 00:23:54.040 [logback-1] WARN  InheritanceTree - Class not in inheritance graph: java.util.function.Consumer
[MASTER] 00:23:54.143 [logback-1] WARN  InheritanceTree - Class not in inheritance graph: java.util.function.Predicate
[MASTER] 00:23:54.144 [logback-1] WARN  InheritanceTree - Class not in inheritance graph: java.util.function.UnaryOperator
[MASTER] 00:23:54.694 [logback-1] WARN  InheritanceTree - Class not in inheritance graph: java.util.function.Function
[MASTER] 00:23:55.175 [logback-1] WARN  InheritanceTree - Class not in inheritance graph: java.util.function.BiFunction
[MASTER] 00:23:55.177 [logback-1] WARN  InheritanceTree - Class not in inheritance graph: java.util.function.BiConsumer
* Finished analyzing classpath
* Generating tests for class com.lts.application.international.MessageFormatter
* Test criteria:
  - Line Coverage
  - Branch Coverage
  - Exception
  - Mutation testing (weak)
  - Method-Output Coverage
  - Top-Level Method Coverage
  - No-Exception Top-Level Method Coverage
  - Context Branch Coverage
Ranking Type: org.evosuite.ga.metaheuristics.mosa.EntropyBasedPreferenceSorting
* Using seed 1010
* Starting evolution
[MASTER] 00:24:11.910 [logback-2] ERROR TestCluster - Failed to check cache for java.util.Enumeration<E> : Type points to itself
[MASTER] 00:24:52.509 [logback-2] ERROR TestCluster - Failed to check cache for java.util.List<E> : Type points to itself
* Search finished after 127s and 334 generations, 86362 statements, best individual has fitness: 608.0
* Going to analyze the coverage criteria
* Coverage analysis for criterion LINE
* Coverage of criterion LINE: 91%
* Total number of goals: 130
* Number of covered goals: 118
* Coverage analysis for criterion BRANCH
* Coverage of criterion BRANCH: 88%
* Total number of goals: 52
* Number of covered goals: 46
* Coverage analysis for criterion EXCEPTION
* Coverage of criterion EXCEPTION: 100%
* Total number of goals: 26
* Number of covered goals: 26
* Coverage analysis for criterion WEAKMUTATION
* Coverage of criterion WEAKMUTATION: 94%
* Total number of goals: 150
* Number of covered goals: 141
* Coverage analysis for criterion OUTPUT
* Coverage of criterion OUTPUT: 34%
* Total number of goals: 50
* Number of covered goals: 17
* Coverage analysis for criterion METHOD
* Coverage of criterion METHOD: 100%
* Total number of goals: 24
* Number of covered goals: 24
* Coverage analysis for criterion METHODNOEXCEPTION
* Coverage of criterion METHODNOEXCEPTION: 96%
* Total number of goals: 24
* Number of covered goals: 23
* Coverage analysis for criterion CBRANCH
* Coverage of criterion CBRANCH: 88%
* Total number of goals: 52
* Number of covered goals: 46
* Generated 51 tests with total length 202
* Resulting test suite's coverage: 85% (average coverage for all fitness functions)
* Generating assertions
* Resulting test suite's mutation score: 27%
* Compiling and checking tests
* Writing JUnit test case 'MessageFormatter_ESTest' to /home/ubuntu/termite/rmosa/tests/s1010/78_caloriecount/evosuite-tests
* Done!

* Computation finished
