* EvoSuite 1.0.6
* Configuration: RMOSA
* Going to generate test cases for class: com.soops.CEN4010.JMCA.JParser.SimpleNode
* Starting client
* Properties loaded from /home/ubuntu/termite/projects/19_jmca/evosuite-files/evosuite.properties
* Connecting to master process on port 21268
* Analyzing classpath: 
* Inheritance tree loaded from evosuite-files/inheritance.xml.gz
[MASTER] 07:21:40.203 [logback-1] WARN  InheritanceTree - Class not in inheritance graph: java.util.function.Consumer
[MASTER] 07:21:40.214 [logback-1] WARN  InheritanceTree - Class not in inheritance graph: java.util.function.Predicate
[MASTER] 07:21:40.231 [logback-1] WARN  InheritanceTree - Class not in inheritance graph: java.util.function.UnaryOperator
[MASTER] 07:21:40.980 [logback-1] WARN  InheritanceTree - Class not in inheritance graph: java.util.function.Function
* Finished analyzing classpath
* Generating tests for class com.soops.CEN4010.JMCA.JParser.SimpleNode
* Test criteria:
  - Line Coverage
  - Branch Coverage
  - Exception
  - Mutation testing (weak)
  - Method-Output Coverage
  - Top-Level Method Coverage
  - No-Exception Top-Level Method Coverage
  - Context Branch Coverage
Ranking Type: org.evosuite.ga.metaheuristics.mosa.EntropyBasedPreferenceSorting
* Using seed 1020
* Starting evolution
[MASTER] 07:22:30.262 [logback-2] ERROR TestCluster - Failed to check cache for java.util.function.Function<T, R> : Type points to itself
* Search finished after 121s and 111 generations, 82382 statements, best individual has fitness: 176.0
* Going to analyze the coverage criteria
* Coverage analysis for criterion LINE
* Coverage of criterion LINE: 100%
* Total number of goals: 62
* Number of covered goals: 62
* Coverage analysis for criterion BRANCH
* Coverage of criterion BRANCH: 99%
* Total number of goals: 67
* Number of covered goals: 66
* Coverage analysis for criterion EXCEPTION
* Coverage of criterion EXCEPTION: 100%
* Total number of goals: 13
* Number of covered goals: 13
* Coverage analysis for criterion WEAKMUTATION
* Coverage of criterion WEAKMUTATION: 90%
* Total number of goals: 121
* Number of covered goals: 109
* Coverage analysis for criterion OUTPUT
* Coverage of criterion OUTPUT: 53%
* Total number of goals: 17
* Number of covered goals: 9
* Coverage analysis for criterion METHOD
* Coverage of criterion METHOD: 100%
* Total number of goals: 13
* Number of covered goals: 13
* Coverage analysis for criterion METHODNOEXCEPTION
* Coverage of criterion METHODNOEXCEPTION: 100%
* Total number of goals: 13
* Number of covered goals: 13
* Coverage analysis for criterion CBRANCH
* Coverage of criterion CBRANCH: 99%
* Total number of goals: 67
* Number of covered goals: 66
* Generated 43 tests with total length 305
* Resulting test suite's coverage: 94% (average coverage for all fitness functions)
* Generating assertions
* Resulting test suite's mutation score: 81%
* Compiling and checking tests
[MASTER] 07:25:05.081 [logback-1] WARN  JUnitAnalyzer - Found unstable test named test14 -> class java.lang.StackOverflowError: null
[MASTER] 07:25:05.082 [logback-1] WARN  JUnitAnalyzer - Failing test:
 SimpleNode simpleNode0 = new SimpleNode(0);
simpleNode0.jjtAddChild(simpleNode0, 0);
StringWriter stringWriter0 = new StringWriter();
String string0 = "";
simpleNode0.dump(string0, stringWriter0);

* Writing JUnit test case 'SimpleNode_ESTest' to /home/ubuntu/termite/rmosa/tests/s1020/19_jmca/evosuite-tests
* Done!

* Computation finished
* EvoSuite 1.0.6
* Configuration: RMOSA
* Going to generate test cases for class: com.soops.CEN4010.JMCA.JParser.JavaCharStream
* EvoSuite 1.0.6
* Configuration: RMOSA
* Going to generate test cases for class: com.soops.CEN4010.JMCA.JParser.JavaParserTokenManager
* Starting client
* Properties loaded from /home/ubuntu/termite/projects/19_jmca/evosuite-files/evosuite.properties
* Connecting to master process on port 21263
* Starting client
* Properties loaded from /home/ubuntu/termite/projects/19_jmca/evosuite-files/evosuite.properties
* Connecting to master process on port 21268
* Analyzing classpath: 
* Analyzing classpath: 
* Inheritance tree loaded from evosuite-files/inheritance.xml.gz
* Finished analyzing classpath
* Generating tests for class com.soops.CEN4010.JMCA.JParser.JavaCharStream
* Test criteria:
  - Line Coverage
  - Branch Coverage
  - Exception
  - Mutation testing (weak)
  - Method-Output Coverage
  - Top-Level Method Coverage
  - No-Exception Top-Level Method Coverage
  - Context Branch Coverage
Ranking Type: org.evosuite.ga.metaheuristics.mosa.EntropyBasedPreferenceSorting
* Using seed 1020
* Starting evolution
* Inheritance tree loaded from evosuite-files/inheritance.xml.gz
[MASTER] 07:57:58.855 [logback-1] WARN  InheritanceTree - Class not in inheritance graph: java.util.function.Consumer
[MASTER] 07:57:58.880 [logback-1] WARN  InheritanceTree - Class not in inheritance graph: java.util.function.Predicate
[MASTER] 07:57:58.896 [logback-1] WARN  InheritanceTree - Class not in inheritance graph: java.util.function.UnaryOperator
[MASTER] 07:57:58.916 [logback-1] WARN  InheritanceTree - Class not in inheritance graph: java.util.function.Function
* Finished analyzing classpath
* Generating tests for class com.soops.CEN4010.JMCA.JParser.JavaParserTokenManager
* Test criteria:
  - Line Coverage
  - Branch Coverage
  - Exception
  - Mutation testing (weak)
  - Method-Output Coverage
  - Top-Level Method Coverage
  - No-Exception Top-Level Method Coverage
  - Context Branch Coverage
Ranking Type: org.evosuite.ga.metaheuristics.mosa.EntropyBasedPreferenceSorting
* Using seed 1020
* Starting evolution
* Search finished after 124s and 14 generations, 8826 statements, best individual has fitness: 2528.0
* Going to analyze the coverage criteria
* Coverage analysis for criterion LINE
* Coverage of criterion LINE: 80%
* Total number of goals: 239
* Number of covered goals: 192
* Coverage analysis for criterion BRANCH
* Coverage of criterion BRANCH: 77%
* Total number of goals: 216
* Number of covered goals: 166
* Coverage analysis for criterion EXCEPTION
* Coverage of criterion EXCEPTION: 100%
* Total number of goals: 22
* Number of covered goals: 22
* Coverage analysis for criterion WEAKMUTATION
* Coverage of criterion WEAKMUTATION: 84%
* Total number of goals: 974
* Number of covered goals: 818
* Coverage analysis for criterion OUTPUT
* Coverage of criterion OUTPUT: 67%
* Total number of goals: 36
* Number of covered goals: 24
* Coverage analysis for criterion METHOD
* Coverage of criterion METHOD: 100%
* Total number of goals: 31
* Number of covered goals: 31
* Coverage analysis for criterion METHODNOEXCEPTION
* Coverage of criterion METHODNOEXCEPTION: 100%
* Total number of goals: 31
* Number of covered goals: 31
* Coverage analysis for criterion CBRANCH
* Coverage of criterion CBRANCH: 77%
* Total number of goals: 216
* Number of covered goals: 166
* Generated 94 tests with total length 720
* Resulting test suite's coverage: 82% (average coverage for all fitness functions)
* Generating assertions
* Search finished after 141s and 37 generations, 31487 statements, best individual has fitness: 17888.0
[MASTER] 08:00:26.100 [logback-1] WARN  TimeController - Phase SEARCH lasted too long, 24 seconds more than allowed.
* Going to analyze the coverage criteria
* Coverage analysis for criterion LINE
* Coverage of criterion LINE: 49%
* Total number of goals: 981
* Number of covered goals: 476
* Coverage analysis for criterion BRANCH
* Coverage of criterion BRANCH: 57%
* Total number of goals: 1707
* Number of covered goals: 968
* Coverage analysis for criterion EXCEPTION
* Coverage of criterion EXCEPTION: 100%
* Total number of goals: 9
* Number of covered goals: 9
* Coverage analysis for criterion WEAKMUTATION
* Coverage of criterion WEAKMUTATION: 42%
* Total number of goals: 434
* Number of covered goals: 183
* Coverage analysis for criterion OUTPUT
* Coverage of criterion OUTPUT: 50%
* Total number of goals: 4
* Number of covered goals: 2
* Coverage analysis for criterion METHOD
* Coverage of criterion METHOD: 100%
* Total number of goals: 11
* Number of covered goals: 11
* Coverage analysis for criterion METHODNOEXCEPTION
* Coverage of criterion METHODNOEXCEPTION: 100%
* Total number of goals: 11
* Number of covered goals: 11
* Coverage analysis for criterion CBRANCH
* Coverage of criterion CBRANCH: 57%
* Total number of goals: 1707
* Number of covered goals: 968
* Generated 164 tests with total length 1526
* Resulting test suite's coverage: 54% (average coverage for all fitness functions)
* Generating assertions
* Resulting test suite's mutation score: 20%
* Compiling and checking tests
[MASTER] 08:02:07.648 [logback-1] WARN  JUnitAnalyzer - Found unstable test named test0 -> class java.lang.AssertionError: expected:<8> but was:<0>
[MASTER] 08:02:07.648 [logback-1] WARN  JUnitAnalyzer - Failing test:
 StringReader stringReader0 = new StringReader("f2K5rJ1BKd?>~J!+/");
StringReader stringReader1 = new StringReader("f2K5rJ1BKd?>~J!+/");
JavaCharStream javaCharStream0 = new JavaCharStream(stringReader0, 15, 2490);
stringReader0.read();
JavaCharStream javaCharStream1 = new JavaCharStream(stringReader0);
JavaParserTokenManager javaParserTokenManager0 = new JavaParserTokenManager(javaCharStream1);
Token token0 = javaParserTokenManager0.getNextToken();
assertEquals(8, javaCharStream1.bufpos);
assertEquals(74, token0.kind);


[MASTER] 08:02:07.761 [logback-1] WARN  JUnitAnalyzer - Found unstable test named test0 -> class java.lang.AssertionError: expected:<2> but was:<0>
[MASTER] 08:02:07.761 [logback-1] WARN  JUnitAnalyzer - Failing test:
 StringReader stringReader0 = new StringReader("SZ=5Ww\"H9khJ83]$9/I");
char[] charArray0 = new char[7];
charArray0[0] = 'u';
charArray0[1] = 'u';
charArray0[3] = 'u';
StringReader stringReader1 = new StringReader("7j9^IH4tK8ETp\"S\"$");
JavaCharStream javaCharStream0 = new JavaCharStream(stringReader1);
JavaParserTokenManager javaParserTokenManager0 = new JavaParserTokenManager(javaCharStream0);
stringReader0.reset();
Token token0 = javaParserTokenManager0.getNextToken();
assertEquals(2, javaCharStream0.bufpos);
assertEquals(74, token0.kind);


[MASTER] 08:02:09.003 [logback-1] WARN  JUnitAnalyzer - Found unstable test named test0 -> class java.lang.AssertionError: Exception was not thrown in com.soops.CEN4010.JMCA.JParser.JavaParserTokenManager but in org.junit.Assert.fail(Assert.java:88): java.lang.AssertionError: Expecting exception: Error
[MASTER] 08:02:09.003 [logback-1] WARN  JUnitAnalyzer - Failing test:
 StringReader stringReader0 = new StringReader("0000");
JavaCharStream javaCharStream0 = new JavaCharStream(stringReader0, 15, 15);
JavaCharStream javaCharStream1 = new JavaCharStream(stringReader0);
JavaParserTokenManager javaParserTokenManager0 = new JavaParserTokenManager(javaCharStream0);
Token.GTToken token_GTToken0 = new Token.GTToken();
Token token0 = token_GTToken0.specialToken;
Token.GTToken token_GTToken1 = new Token.GTToken();
Token token1 = token_GTToken1.next;
javaParserTokenManager0.getNextToken();

[MASTER] 08:02:09.445 [logback-1] WARN  JUnitAnalyzer - Found unstable test named test0 -> class java.lang.AssertionError: expected:<4> but was:<1>
[MASTER] 08:02:09.445 [logback-1] WARN  JUnitAnalyzer - Failing test:
 StringReader stringReader0 = new StringReader("w;?OxnKb9fCfY#=xq8");
stringReader0.markSupported();
char[] charArray0 = new char[8];
charArray0[0] = 't';
charArray0[1] = 'z';
charArray0[2] = '\\';
charArray0[3] = 'W';
FileSystemHandling.appendLineToFile((EvoSuiteFile) null, "w;?OxnKb9fCfY#=xq8");
charArray0[4] = 't';
charArray0[5] = ':';
charArray0[6] = 'M';
charArray0[7] = 'p';
stringReader0.read(charArray0);
stringReader0.ready();
JavaCharStream javaCharStream0 = new JavaCharStream(stringReader0);
JavaParserTokenManager javaParserTokenManager0 = new JavaParserTokenManager(javaCharStream0);
Token token0 = javaParserTokenManager0.getNextToken();
assertEquals(4, javaCharStream0.bufpos);
assertEquals("9fCfY", token0.toString());


* Writing JUnit test case 'JavaParserTokenManager_ESTest' to /home/ubuntu/termite/rmosa/tests/s1020/19_jmca/evosuite-tests
* Done!

* Computation finished
[MASTER] 08:08:09.200 [logback-1] WARN  SimpleMutationAssertionGenerator - Reached maximum time to generate assertions, aborting assertion generation
* Resulting test suite's mutation score: 35%
* Compiling and checking tests
* Permissions denied during test execution: 
  - java.lang.RuntimePermission: 
         writeFileDescriptor: 10
* Writing JUnit test case 'JavaCharStream_ESTest' to /home/ubuntu/termite/rmosa/tests/s1020/19_jmca/evosuite-tests
* Done!

* Computation finished
