* EvoSuite 1.0.6
* Configuration: RMOSA
* Going to generate test cases for class: com.soops.CEN4010.JMCA.JParser.SimpleNode
* Starting client
* Properties loaded from /home/ubuntu/termite/projects/19_jmca/evosuite-files/evosuite.properties
* Connecting to master process on port 7483
* Analyzing classpath: 
* Inheritance tree loaded from evosuite-files/inheritance.xml.gz
[MASTER] 02:55:21.632 [logback-1] WARN  InheritanceTree - Class not in inheritance graph: java.util.function.Consumer
[MASTER] 02:55:21.641 [logback-1] WARN  InheritanceTree - Class not in inheritance graph: java.util.function.Predicate
[MASTER] 02:55:21.674 [logback-1] WARN  InheritanceTree - Class not in inheritance graph: java.util.function.UnaryOperator
[MASTER] 02:55:22.133 [logback-1] WARN  InheritanceTree - Class not in inheritance graph: java.util.function.Function
* Finished analyzing classpath
* Generating tests for class com.soops.CEN4010.JMCA.JParser.SimpleNode
* Test criteria:
  - Line Coverage
  - Branch Coverage
  - Exception
  - Mutation testing (weak)
  - Method-Output Coverage
  - Top-Level Method Coverage
  - No-Exception Top-Level Method Coverage
  - Context Branch Coverage
Ranking Type: org.evosuite.ga.metaheuristics.mosa.EntropyBasedPreferenceSorting
* Using seed 1014
* Starting evolution
* Search finished after 122s and 122 generations, 99653 statements, best individual has fitness: 240.0
* Going to analyze the coverage criteria
* Coverage analysis for criterion LINE
* Coverage of criterion LINE: 100%
* Total number of goals: 62
* Number of covered goals: 62
* Coverage analysis for criterion BRANCH
* Coverage of criterion BRANCH: 96%
* Total number of goals: 67
* Number of covered goals: 64
* Coverage analysis for criterion EXCEPTION
* Coverage of criterion EXCEPTION: 100%
* Total number of goals: 11
* Number of covered goals: 11
* Coverage analysis for criterion WEAKMUTATION
* Coverage of criterion WEAKMUTATION: 87%
* Total number of goals: 121
* Number of covered goals: 105
* Coverage analysis for criterion OUTPUT
* Coverage of criterion OUTPUT: 53%
* Total number of goals: 17
* Number of covered goals: 9
* Coverage analysis for criterion METHOD
* Coverage of criterion METHOD: 100%
* Total number of goals: 13
* Number of covered goals: 13
* Coverage analysis for criterion METHODNOEXCEPTION
* Coverage of criterion METHODNOEXCEPTION: 100%
* Total number of goals: 13
* Number of covered goals: 13
* Coverage analysis for criterion CBRANCH
* Coverage of criterion CBRANCH: 96%
* Total number of goals: 67
* Number of covered goals: 64
* Generated 38 tests with total length 355
* Resulting test suite's coverage: 92% (average coverage for all fitness functions)
* Generating assertions
* Resulting test suite's mutation score: 80%
* Compiling and checking tests
* Writing JUnit test case 'SimpleNode_ESTest' to /home/ubuntu/termite/rmosa/tests/s1014/19_jmca/evosuite-tests
* Done!

* Computation finished
* EvoSuite 1.0.6
* Configuration: RMOSA
* Going to generate test cases for class: com.soops.CEN4010.JMCA.JParser.JavaParserTokenManager
* EvoSuite 1.0.6
* Configuration: RMOSA
* Going to generate test cases for class: com.soops.CEN4010.JMCA.JParser.JavaCharStream
* Starting client
* Properties loaded from /home/ubuntu/termite/projects/19_jmca/evosuite-files/evosuite.properties
* Connecting to master process on port 7483
* Starting client
* Properties loaded from /home/ubuntu/termite/projects/19_jmca/evosuite-files/evosuite.properties
* Connecting to master process on port 7484
* Analyzing classpath: 
* Analyzing classpath: 
* Inheritance tree loaded from evosuite-files/inheritance.xml.gz
* Finished analyzing classpath
* Generating tests for class com.soops.CEN4010.JMCA.JParser.JavaCharStream
* Test criteria:
  - Line Coverage
  - Branch Coverage
  - Exception
  - Mutation testing (weak)
  - Method-Output Coverage
  - Top-Level Method Coverage
  - No-Exception Top-Level Method Coverage
  - Context Branch Coverage
Ranking Type: org.evosuite.ga.metaheuristics.mosa.EntropyBasedPreferenceSorting
* Using seed 1014
* Starting evolution
* Inheritance tree loaded from evosuite-files/inheritance.xml.gz
[MASTER] 03:06:04.439 [logback-1] WARN  InheritanceTree - Class not in inheritance graph: java.util.function.Consumer
[MASTER] 03:06:04.512 [logback-1] WARN  InheritanceTree - Class not in inheritance graph: java.util.function.Predicate
[MASTER] 03:06:04.513 [logback-1] WARN  InheritanceTree - Class not in inheritance graph: java.util.function.UnaryOperator
[MASTER] 03:06:04.541 [logback-1] WARN  InheritanceTree - Class not in inheritance graph: java.util.function.Function
* Finished analyzing classpath
* Generating tests for class com.soops.CEN4010.JMCA.JParser.JavaParserTokenManager
* Test criteria:
  - Line Coverage
  - Branch Coverage
  - Exception
  - Mutation testing (weak)
  - Method-Output Coverage
  - Top-Level Method Coverage
  - No-Exception Top-Level Method Coverage
  - Context Branch Coverage
Ranking Type: org.evosuite.ga.metaheuristics.mosa.EntropyBasedPreferenceSorting
* Using seed 1014
* Starting evolution
* Search finished after 125s and 18 generations, 12366 statements, best individual has fitness: 2752.0
* Going to analyze the coverage criteria
* Coverage analysis for criterion LINE
* Coverage of criterion LINE: 77%
* Total number of goals: 239
* Number of covered goals: 185
* Coverage analysis for criterion BRANCH
* Coverage of criterion BRANCH: 79%
* Total number of goals: 216
* Number of covered goals: 170
* Coverage analysis for criterion EXCEPTION
* Coverage of criterion EXCEPTION: 100%
* Total number of goals: 26
* Number of covered goals: 26
* Coverage analysis for criterion WEAKMUTATION
* Coverage of criterion WEAKMUTATION: 81%
* Total number of goals: 974
* Number of covered goals: 793
* Coverage analysis for criterion OUTPUT
* Coverage of criterion OUTPUT: 61%
* Total number of goals: 36
* Number of covered goals: 22
* Coverage analysis for criterion METHOD
* Coverage of criterion METHOD: 100%
* Total number of goals: 31
* Number of covered goals: 31
* Coverage analysis for criterion METHODNOEXCEPTION
* Coverage of criterion METHODNOEXCEPTION: 100%
* Total number of goals: 31
* Number of covered goals: 31
* Coverage analysis for criterion CBRANCH
* Coverage of criterion CBRANCH: 78%
* Total number of goals: 216
* Number of covered goals: 169
* Generated 104 tests with total length 901
* Resulting test suite's coverage: 81% (average coverage for all fitness functions)
* Generating assertions
* Search finished after 142s and 36 generations, 32306 statements, best individual has fitness: 17248.0
[MASTER] 03:08:31.319 [logback-1] WARN  TimeController - Phase SEARCH lasted too long, 25 seconds more than allowed.
* Going to analyze the coverage criteria
* Coverage analysis for criterion LINE
* Coverage of criterion LINE: 51%
* Total number of goals: 981
* Number of covered goals: 502
* Coverage analysis for criterion BRANCH
* Coverage of criterion BRANCH: 58%
* Total number of goals: 1707
* Number of covered goals: 986
* Coverage analysis for criterion EXCEPTION
* Coverage of criterion EXCEPTION: 100%
* Total number of goals: 11
* Number of covered goals: 11
* Coverage analysis for criterion WEAKMUTATION
* Coverage of criterion WEAKMUTATION: 47%
* Total number of goals: 434
* Number of covered goals: 202
* Coverage analysis for criterion OUTPUT
* Coverage of criterion OUTPUT: 50%
* Total number of goals: 4
* Number of covered goals: 2
* Coverage analysis for criterion METHOD
* Coverage of criterion METHOD: 100%
* Total number of goals: 11
* Number of covered goals: 11
* Coverage analysis for criterion METHODNOEXCEPTION
* Coverage of criterion METHODNOEXCEPTION: 100%
* Total number of goals: 11
* Number of covered goals: 11
* Coverage analysis for criterion CBRANCH
* Coverage of criterion CBRANCH: 58%
* Total number of goals: 1707
* Number of covered goals: 985
* Generated 140 tests with total length 1534
* Resulting test suite's coverage: 56% (average coverage for all fitness functions)
* Generating assertions
* Resulting test suite's mutation score: 19%
* Compiling and checking tests
[MASTER] 03:09:59.769 [logback-1] WARN  JUnitAnalyzer - Found unstable test named test0 -> class java.lang.AssertionError: Exception was not thrown in com.soops.CEN4010.JMCA.JParser.JavaParserTokenManager but in org.junit.Assert.fail(Assert.java:88): java.lang.AssertionError: Expecting exception: Error
[MASTER] 03:09:59.770 [logback-1] WARN  JUnitAnalyzer - Failing test:
 StringReader stringReader0 = new StringReader("MVVUniC\"wa");
JavaCharStream javaCharStream0 = new JavaCharStream(stringReader0);
JavaParserTokenManager javaParserTokenManager0 = new JavaParserTokenManager(javaCharStream0);
javaParserTokenManager0.curLexState = (-1);
byte[] byteArray0 = new byte[7];
byteArray0[0] = (byte) (-75);
byteArray0[1] = (byte) (-3);
byteArray0[2] = (byte)11;
byteArray0[3] = (byte)29;
byteArray0[4] = (byte)90;
byteArray0[6] = (byte)72;
FileSystemHandling.appendDataToFile((EvoSuiteFile) null, byteArray0);
javaParserTokenManager0.getNextToken();
javaParserTokenManager0.MoreLexicalActions();
javaParserTokenManager0.getNextToken();

[MASTER] 03:09:59.820 [logback-1] WARN  JUnitAnalyzer - Found unstable test named test0 -> class java.lang.AssertionError: Exception was not thrown in com.soops.CEN4010.JMCA.JParser.JavaParserTokenManager but in org.junit.Assert.fail(Assert.java:88): java.lang.AssertionError: Expecting exception: Error
[MASTER] 03:09:59.821 [logback-1] WARN  JUnitAnalyzer - Failing test:
 int int0 = JavaParserConstants.XORASSIGN;
StringReader stringReader0 = new StringReader("<OCTAL_LITERAL>");
char[] charArray0 = new char[9];
stringReader0.read(charArray0);
JavaCharStream javaCharStream0 = new JavaCharStream(stringReader0);
JavaCharStream javaCharStream1 = new JavaCharStream(stringReader0);
StringReader stringReader1 = new StringReader("package");
JavaCharStream javaCharStream2 = new JavaCharStream(stringReader1, (-1), (-1), 9);
javaCharStream0.bufpos = (-1);
JavaParserTokenManager javaParserTokenManager0 = new JavaParserTokenManager(javaCharStream1);
javaParserTokenManager0.curLexState = 9;
javaParserTokenManager0.getNextToken();
javaParserTokenManager0.getNextToken();

[MASTER] 03:10:01.083 [logback-1] WARN  JUnitAnalyzer - Found unstable test named test0 -> class java.lang.AssertionError: expected:<1> but was:<0>
[MASTER] 03:10:01.084 [logback-1] WARN  JUnitAnalyzer - Failing test:
 byte[] byteArray0 = new byte[1];
byteArray0[0] = (byte) (-121);
ByteArrayInputStream byteArrayInputStream0 = new ByteArrayInputStream(byteArray0);
StringReader stringReader0 = new StringReader("1r?gnJ|ktf9D7H@");
JavaCharStream javaCharStream0 = new JavaCharStream(stringReader0);
JavaParserTokenManager javaParserTokenManager0 = new JavaParserTokenManager(javaCharStream0);
JavaParserTokenManager javaParserTokenManager1 = new JavaParserTokenManager(javaCharStream0);
Token token0 = javaParserTokenManager0.getNextToken();
assertEquals(1, javaCharStream0.bufpos);
assertEquals(74, token0.kind);


[MASTER] 03:10:01.488 [logback-1] WARN  JUnitAnalyzer - Found unstable test named test0 -> class java.lang.AssertionError: expected:<4> but was:<2>
[MASTER] 03:10:01.488 [logback-1] WARN  JUnitAnalyzer - Failing test:
 int int0 = JavaParserConstants.XORASSIGN;
StringReader stringReader0 = new StringReader(";kxz'u5qi{z_C#s<m2");
char[] charArray0 = new char[6];
charArray0[0] = '#';
FileSystemHandling.setPermissions((EvoSuiteFile) null, true, true, true);
charArray0[1] = '#';
charArray0[2] = 'D';
charArray0[3] = 'D';
charArray0[5] = 'D';
stringReader0.read(charArray0);
JavaCharStream javaCharStream0 = new JavaCharStream(stringReader0);
JavaCharStream javaCharStream1 = new JavaCharStream(stringReader0);
JavaCharStream javaCharStream2 = new JavaCharStream(stringReader0, 6, 116, 123);
JavaParserTokenManager javaParserTokenManager0 = new JavaParserTokenManager(javaCharStream0);
javaParserTokenManager0.getNextToken();
StringReader stringReader1 = new StringReader("5");
javaCharStream1.ReInit((Reader) stringReader0, 66, 6);
byte[] byteArray0 = new byte[1];
byteArray0[0] = (byte)80;
ByteArrayInputStream byteArrayInputStream0 = new ByteArrayInputStream(byteArray0);
javaParserTokenManager0.getNextToken();
assertEquals(4, javaCharStream0.getBeginColumn());
assertEquals(3, javaCharStream0.bufpos);


[MASTER] 03:10:03.615 [logback-1] WARN  JUnitAnalyzer - Found unstable test named test0 -> class java.lang.AssertionError: Exception was not thrown in com.soops.CEN4010.JMCA.JParser.JavaParserTokenManager but in org.junit.Assert.fail(Assert.java:88): java.lang.AssertionError: Expecting exception: Error
[MASTER] 03:10:03.616 [logback-1] WARN  JUnitAnalyzer - Failing test:
 StringReader stringReader0 = new StringReader("V3bPP");
JavaCharStream javaCharStream0 = new JavaCharStream(stringReader0, (-2194), (-326));
javaCharStream0.readChar();
JavaParserTokenManager javaParserTokenManager0 = new JavaParserTokenManager(javaCharStream0);
javaParserTokenManager0.getNextToken();
javaParserTokenManager0.getNextToken();

[MASTER] 03:10:03.854 [logback-1] WARN  JUnitAnalyzer - Found unstable test named test0 -> class java.lang.AssertionError: expected:<0> but was:<2>
[MASTER] 03:10:03.855 [logback-1] WARN  JUnitAnalyzer - Failing test:
 StringReader stringReader0 = new StringReader("9bY");
JavaCharStream javaCharStream0 = new JavaCharStream(stringReader0);
JavaParserTokenManager javaParserTokenManager0 = new JavaParserTokenManager(javaCharStream0);
Token token0 = javaParserTokenManager0.getNextToken();
JavaParserTokenManager javaParserTokenManager1 = new JavaParserTokenManager(javaCharStream0);
javaParserTokenManager0.getNextToken();
javaParserTokenManager0.TokenLexicalActions(token0);
JavaParserTokenManager javaParserTokenManager2 = new JavaParserTokenManager(javaCharStream0);
assertEquals(0, javaCharStream0.bufpos);
assertEquals(3, javaCharStream0.getEndColumn());


* Writing JUnit test case 'JavaParserTokenManager_ESTest' to /home/ubuntu/termite/rmosa/tests/s1014/19_jmca/evosuite-tests
* Done!

* Computation finished
* Resulting test suite's mutation score: 31%
* Compiling and checking tests
* Permissions denied during test execution: 
  - java.lang.RuntimePermission: 
         writeFileDescriptor: 9
* Writing JUnit test case 'JavaCharStream_ESTest' to /home/ubuntu/termite/rmosa/tests/s1014/19_jmca/evosuite-tests
* Done!

* Computation finished
