* EvoSuite 1.0.6
* Configuration: RMOSA
* Going to generate test cases for class: com.browsersoft.openhre.hl7.impl.regular.ExpressionMatrixImpl
* Starting client
* Properties loaded from /home/ubuntu/termite/projects/75_openhre/evosuite-files/evosuite.properties
* Connecting to master process on port 14217
* Analyzing classpath: 
* Inheritance tree loaded from evosuite-files/inheritance.xml.gz
[MASTER] 19:58:01.218 [logback-1] WARN  InheritanceTree - Class not in inheritance graph: java.util.function.Consumer
[MASTER] 19:58:01.647 [logback-1] WARN  InheritanceTree - Class not in inheritance graph: java.util.function.Predicate
[MASTER] 19:58:01.648 [logback-1] WARN  InheritanceTree - Class not in inheritance graph: java.util.function.UnaryOperator
* Finished analyzing classpath
* Generating tests for class com.browsersoft.openhre.hl7.impl.regular.ExpressionMatrixImpl
* Test criteria:
  - Line Coverage
  - Branch Coverage
  - Exception
  - Mutation testing (weak)
  - Method-Output Coverage
  - Top-Level Method Coverage
  - No-Exception Top-Level Method Coverage
  - Context Branch Coverage
Ranking Type: org.evosuite.ga.metaheuristics.mosa.EntropyBasedPreferenceSorting
* Using seed 1005
* Starting evolution
* Search finished after 122s and 16 generations, 18410 statements, best individual has fitness: 272.0
* Going to analyze the coverage criteria
* Coverage analysis for criterion LINE
* Coverage of criterion LINE: 96%
* Total number of goals: 68
* Number of covered goals: 65
* Coverage analysis for criterion BRANCH
* Coverage of criterion BRANCH: 95%
* Total number of goals: 58
* Number of covered goals: 55
* Coverage analysis for criterion EXCEPTION
* Coverage of criterion EXCEPTION: 100%
* Total number of goals: 5
* Number of covered goals: 5
* Coverage analysis for criterion WEAKMUTATION
* Coverage of criterion WEAKMUTATION: 93%
* Total number of goals: 284
* Number of covered goals: 265
* Coverage analysis for criterion OUTPUT
* Coverage of criterion OUTPUT: 67%
* Total number of goals: 18
* Number of covered goals: 12
* Coverage analysis for criterion METHOD
* Coverage of criterion METHOD: 100%
* Total number of goals: 9
* Number of covered goals: 9
* Coverage analysis for criterion METHODNOEXCEPTION
* Coverage of criterion METHODNOEXCEPTION: 100%
* Total number of goals: 9
* Number of covered goals: 9
* Coverage analysis for criterion CBRANCH
* Coverage of criterion CBRANCH: 95%
* Total number of goals: 58
* Number of covered goals: 55
* Generated 27 tests with total length 291
* Resulting test suite's coverage: 93% (average coverage for all fitness functions)
* Generating assertions
* Resulting test suite's mutation score: 69%
* Compiling and checking tests
[MASTER] 20:03:06.123 [logback-1] WARN  JUnitAnalyzer - Found unstable test named test19 -> class java.util.concurrent.ExecutionException: org.evosuite.runtime.TooManyResourcesException: Loop has been executed more times than the allowed 10000
[MASTER] 20:03:06.124 [logback-1] WARN  JUnitAnalyzer - Failing test:
 ExpressionMatrixImpl expressionMatrixImpl0 = new ExpressionMatrixImpl();
expressionMatrixImpl0.addNewNode();
expressionMatrixImpl0.addNewNode();
ExpressionMatrixImpl expressionMatrixImpl1 = new ExpressionMatrixImpl();
expressionMatrixImpl1.addNewNode();
expressionMatrixImpl0.getNumberOfElements();
expressionMatrixImpl0.creatMatrix(1520);
expressionMatrixImpl0.addNewNode();
expressionMatrixImpl0.toString();
expressionMatrixImpl0.getNumberOfNodes();
expressionMatrixImpl0.getNumberOfElements();
MessageTracerImpl messageTracerImpl0 = new MessageTracerImpl();
messageTracerImpl0.getMapper();
expressionMatrixImpl0.outNoStandardConnections(false, (ExpressionElementMapper) null);

* Permissions denied during test execution: 
  - java.lang.RuntimePermission: 
         writeFileDescriptor: 5
* Writing JUnit test case 'ExpressionMatrixImpl_ESTest' to /home/ubuntu/termite/rmosa/tests/s1005/75_openhre/evosuite-tests
* Done!

* Computation finished
