* EvoSuite 1.0.6
* Configuration: MOSA
* Going to generate test cases for class: org.jsecurity.web.DefaultWebSecurityManager
* Starting client
* Properties loaded from /home/ubuntu/termite/projects/18_jsecurity/evosuite-files/evosuite.properties
* Connecting to master process on port 14429
* Analyzing classpath: 
* Inheritance tree loaded from evosuite-files/inheritance.xml.gz
[MASTER] 07:36:15.930 [logback-1] WARN  InheritanceTree - Class not in inheritance graph: java.util.function.Consumer
[MASTER] 07:36:16.024 [logback-1] WARN  InheritanceTree - Class not in inheritance graph: java.util.function.Predicate
[MASTER] 07:36:16.065 [logback-1] WARN  InheritanceTree - Class not in inheritance graph: java.util.function.UnaryOperator
[MASTER] 07:36:16.596 [logback-1] WARN  InheritanceTree - Class not in inheritance graph: java.util.function.Function
* Finished analyzing classpath
* Generating tests for class org.jsecurity.web.DefaultWebSecurityManager
* Test criteria:
  - Line Coverage
  - Branch Coverage
  - Exception
  - Mutation testing (weak)
  - Method-Output Coverage
  - Top-Level Method Coverage
  - No-Exception Top-Level Method Coverage
  - Context Branch Coverage
* Total number of test goals for MOSA: 468
* Using seed 1029
* Starting evolution
* Search finished after 413s and 141 generations, 31313 statements, best individual has fitness: 928.0
* Going to analyze the coverage criteria
* Coverage analysis for criterion LINE
* Coverage of criterion LINE: 78%
* Total number of goals: 97
* Number of covered goals: 76
* Coverage analysis for criterion BRANCH
* Coverage of criterion BRANCH: 72%
* Total number of goals: 67
* Number of covered goals: 48
* Coverage analysis for criterion EXCEPTION
* Coverage of criterion EXCEPTION: 100%
* Total number of goals: 18
* Number of covered goals: 18
* Coverage analysis for criterion WEAKMUTATION
* Coverage of criterion WEAKMUTATION: 78%
* Total number of goals: 162
* Number of covered goals: 127
* Coverage analysis for criterion OUTPUT
* Coverage of criterion OUTPUT: 38%
* Total number of goals: 29
* Number of covered goals: 11
* Coverage analysis for criterion METHOD
* Coverage of criterion METHOD: 100%
* Total number of goals: 23
* Number of covered goals: 23
* Coverage analysis for criterion METHODNOEXCEPTION
* Coverage of criterion METHODNOEXCEPTION: 100%
* Total number of goals: 23
* Number of covered goals: 23
* Coverage analysis for criterion CBRANCH
* Coverage of criterion CBRANCH: 70%
* Total number of goals: 67
* Number of covered goals: 47
* Generated 38 tests with total length 184
* Resulting test suite's coverage: 76% (average coverage for all fitness functions)
* Generating assertions
* Resulting test suite's mutation score: 35%
* Compiling and checking tests
[MASTER] 07:43:30.336 [logback-1] WARN  JUnitAnalyzer - Found unstable test named test0 -> class org.evosuite.runtime.mock.java.lang.MockIllegalStateException: No ServletRequest found in ThreadContext. Make sure WebUtils.bind() is being called. (typically called by JSecurityFilter)  This could also happen when running integration tests that don't properly call WebUtils.bind().
[MASTER] 07:43:30.336 [logback-1] WARN  JUnitAnalyzer - Failing test:
 DefaultWebSecurityManager defaultWebSecurityManager0 = new DefaultWebSecurityManager();
Subject subject0 = defaultWebSecurityManager0.getSubject();
defaultWebSecurityManager0.bind(subject0, (ServletRequest) null, (ServletResponse) null);

[MASTER] 07:43:37.845 [logback-1] WARN  JUnitAnalyzer - Found unstable test named test0 -> class org.evosuite.runtime.mock.java.lang.MockIllegalStateException: No ServletRequest found in ThreadContext. Make sure WebUtils.bind() is being called. (typically called by JSecurityFilter)  This could also happen when running integration tests that don't properly call WebUtils.bind().
[MASTER] 07:43:37.845 [logback-1] WARN  JUnitAnalyzer - Failing test:
 DefaultWebSecurityManager defaultWebSecurityManager0 = new DefaultWebSecurityManager();
Subject subject0 = defaultWebSecurityManager0.getSubject();
ServletResponse servletResponse0 = mock(ServletResponse.class, new ViolatedAssumptionAnswer());
ServletResponseWrapper servletResponseWrapper0 = new ServletResponseWrapper(servletResponse0);
ServletResponseWrapper servletResponseWrapper1 = new ServletResponseWrapper(servletResponseWrapper0);
ServletRequest servletRequest0 = mock(ServletRequest.class, new ViolatedAssumptionAnswer());
ServletRequestWrapper servletRequestWrapper0 = new ServletRequestWrapper(servletRequest0);
defaultWebSecurityManager0.bind(subject0, servletRequestWrapper0, servletResponseWrapper1);
defaultWebSecurityManager0.setSessionMode(" 9'WkXwv{uIt");

[MASTER] 07:43:38.199 [logback-1] WARN  JUnitAnalyzer - Found unstable test named test0 -> class org.evosuite.runtime.mock.java.lang.MockIllegalStateException: No ServletRequest found in ThreadContext. Make sure WebUtils.bind() is being called. (typically called by JSecurityFilter)  This could also happen when running integration tests that don't properly call WebUtils.bind().
[MASTER] 07:43:38.199 [logback-1] WARN  JUnitAnalyzer - Failing test:
 DefaultWebSecurityManager defaultWebSecurityManager0 = new DefaultWebSecurityManager();
ServletResponse servletResponse0 = mock(ServletResponse.class, new ViolatedAssumptionAnswer());
ServletResponseWrapper servletResponseWrapper0 = new ServletResponseWrapper(servletResponse0);
ServletRequest servletRequest0 = mock(ServletRequest.class, new ViolatedAssumptionAnswer());
ServletRequestWrapper servletRequestWrapper0 = new ServletRequestWrapper(servletRequest0);
ServletRequestWrapper servletRequestWrapper1 = new ServletRequestWrapper(servletRequestWrapper0);
Subject subject0 = defaultWebSecurityManager0.getSubject();
defaultWebSecurityManager0.bind(subject0, servletRequestWrapper0, servletResponseWrapper0);
assertTrue(defaultWebSecurityManager0.isHttpSessionMode());


* Permissions denied during test execution: 
  - java.lang.RuntimePermission: 
         writeFileDescriptor: 1
* Writing JUnit test case 'DefaultWebSecurityManager_ESTest' to /home/ubuntu/termite/mosa/tests/s1029/18_jsecurity/evosuite-tests
* Done!

* Computation finished
* EvoSuite 1.0.6
* Configuration: MOSA
* Going to generate test cases for class: org.jsecurity.authc.UsernamePasswordToken
* Starting client
* Properties loaded from /home/ubuntu/termite/projects/18_jsecurity/evosuite-files/evosuite.properties
* Connecting to master process on port 14430
* Analyzing classpath: 
* Inheritance tree loaded from evosuite-files/inheritance.xml.gz
* Finished analyzing classpath
* Generating tests for class org.jsecurity.authc.UsernamePasswordToken
* Test criteria:
  - Line Coverage
  - Branch Coverage
  - Exception
  - Mutation testing (weak)
  - Method-Output Coverage
  - Top-Level Method Coverage
  - No-Exception Top-Level Method Coverage
  - Context Branch Coverage
* Total number of test goals for MOSA: 213
* Using seed 1029
* Starting evolution
* Search finished after 302s and 2263 generations, 849717 statements, best individual has fitness: 72.0
* Going to analyze the coverage criteria
* Coverage analysis for criterion LINE
* Coverage of criterion LINE: 100%
* Total number of goals: 54
* Number of covered goals: 54
* Coverage analysis for criterion BRANCH
* Coverage of criterion BRANCH: 100%
* Total number of goals: 29
* Number of covered goals: 29
* Coverage analysis for criterion EXCEPTION
* Coverage of criterion EXCEPTION: 100% (no goals)
* Coverage analysis for criterion WEAKMUTATION
* Coverage of criterion WEAKMUTATION: 96%
* Total number of goals: 23
* Number of covered goals: 22
* Coverage analysis for criterion OUTPUT
* Coverage of criterion OUTPUT: 78%
* Total number of goals: 36
* Number of covered goals: 28
* Coverage analysis for criterion METHOD
* Coverage of criterion METHOD: 100%
* Total number of goals: 21
* Number of covered goals: 21
* Coverage analysis for criterion METHODNOEXCEPTION
* Coverage of criterion METHODNOEXCEPTION: 100%
* Total number of goals: 21
* Number of covered goals: 21
* Coverage analysis for criterion CBRANCH
* Coverage of criterion CBRANCH: 100%
* Total number of goals: 29
* Number of covered goals: 29
* Generated 32 tests with total length 80
* Resulting test suite's coverage: 96% (average coverage for all fitness functions)
* Generating assertions
* Resulting test suite's mutation score: 64%
* Compiling and checking tests
* Permissions denied during test execution: 
  - java.lang.RuntimePermission: 
         writeFileDescriptor: 1
* Writing JUnit test case 'UsernamePasswordToken_ESTest' to /home/ubuntu/termite/mosa/tests/s1029/18_jsecurity/evosuite-tests
* Done!

* Computation finished
