* EvoSuite 1.0.6
* Configuration: MOSA
* Going to generate test cases for class: org.firebirdsql.encodings.EncodingFactory
* EvoSuite 1.0.6
* Configuration: MOSA
* Going to generate test cases for class: org.firebirdsql.jdbc.FBProcedureCall
* Starting client
* Properties loaded from /home/ubuntu/termite/projects/110_firebird/evosuite-files/evosuite.properties
* Connecting to master process on port 19697
* Starting client
* Properties loaded from /home/ubuntu/termite/projects/110_firebird/evosuite-files/evosuite.properties
* Connecting to master process on port 19699
* Analyzing classpath: 
* Analyzing classpath: 
* Inheritance tree loaded from evosuite-files/inheritance.xml.gz
* Finished analyzing classpath
* Generating tests for class org.firebirdsql.jdbc.FBProcedureCall
* Test criteria:
  - Line Coverage
  - Branch Coverage
  - Exception
  - Mutation testing (weak)
  - Method-Output Coverage
  - Top-Level Method Coverage
  - No-Exception Top-Level Method Coverage
  - Context Branch Coverage
* Total number of test goals for MOSA: 766
* Using seed 1007
* Starting evolution
* Inheritance tree loaded from evosuite-files/inheritance.xml.gz
* Finished analyzing classpath
* Generating tests for class org.firebirdsql.encodings.EncodingFactory
* Test criteria:
  - Line Coverage
  - Branch Coverage
  - Exception
  - Mutation testing (weak)
  - Method-Output Coverage
  - Top-Level Method Coverage
  - No-Exception Top-Level Method Coverage
  - Context Branch Coverage
* Total number of test goals for MOSA: 1066
* Using seed 1007
* Starting evolution
* Search finished after 261s and 562 generations, 146660 statements, best individual has fitness: 624.0
* Going to analyze the coverage criteria
* Coverage analysis for criterion LINE
* Coverage of criterion LINE: 94%
* Total number of goals: 242
* Number of covered goals: 228
* Coverage analysis for criterion BRANCH
* Coverage of criterion BRANCH: 96%
* Total number of goals: 195
* Number of covered goals: 188
* Coverage analysis for criterion EXCEPTION
* Coverage of criterion EXCEPTION: 100%
* Total number of goals: 5
* Number of covered goals: 5
* Coverage analysis for criterion WEAKMUTATION
* Coverage of criterion WEAKMUTATION: 91%
* Total number of goals: 387
* Number of covered goals: 351
* Coverage analysis for criterion OUTPUT
* Coverage of criterion OUTPUT: 48%
* Total number of goals: 25
* Number of covered goals: 12
* Coverage analysis for criterion METHOD
* Coverage of criterion METHOD: 100%
* Total number of goals: 11
* Number of covered goals: 11
* Coverage analysis for criterion METHODNOEXCEPTION
* Coverage of criterion METHODNOEXCEPTION: 100%
* Total number of goals: 11
* Number of covered goals: 11
* Coverage analysis for criterion CBRANCH
* Coverage of criterion CBRANCH: 96%
* Total number of goals: 195
* Number of covered goals: 188
* Generated 101 tests with total length 131
* Resulting test suite's coverage: 93% (average coverage for all fitness functions)
* Generating assertions
* Resulting test suite's mutation score: 40%
* Compiling and checking tests
* Search finished after 300s and 795 generations, 191830 statements, best individual has fitness: 504.0
* Going to analyze the coverage criteria
* Coverage analysis for criterion LINE
* Coverage of criterion LINE: 95%
* Total number of goals: 117
* Number of covered goals: 111
* Coverage analysis for criterion BRANCH
* Coverage of criterion BRANCH: 91%
* Total number of goals: 98
* Number of covered goals: 89
* Coverage analysis for criterion EXCEPTION
* Coverage of criterion EXCEPTION: 100%
* Total number of goals: 18
* Number of covered goals: 18
* Coverage analysis for criterion WEAKMUTATION
* Coverage of criterion WEAKMUTATION: 95%
* Total number of goals: 347
* Number of covered goals: 331
* Coverage analysis for criterion OUTPUT
* Coverage of criterion OUTPUT: 70%
* Total number of goals: 70
* Number of covered goals: 49
* Coverage analysis for criterion METHOD
* Coverage of criterion METHOD: 94%
* Total number of goals: 18
* Number of covered goals: 17
* Coverage analysis for criterion METHODNOEXCEPTION
* Coverage of criterion METHODNOEXCEPTION: 94%
* Total number of goals: 18
* Number of covered goals: 17
* Coverage analysis for criterion CBRANCH
* Coverage of criterion CBRANCH: 91%
* Total number of goals: 98
* Number of covered goals: 89
* Generated 78 tests with total length 321
* Resulting test suite's coverage: 92% (average coverage for all fitness functions)
* Generating assertions
* Permissions denied during test execution: 
  - java.lang.RuntimePermission: 
         writeFileDescriptor: 1
* Writing JUnit test case 'EncodingFactory_ESTest' to /home/ubuntu/termite/mosa/tests/s1007/110_firebird/evosuite-tests
* Done!

* Computation finished
* Resulting test suite's mutation score: 59%
* Compiling and checking tests
[MASTER] 02:42:12.909 [logback-1] WARN  JUnitAnalyzer - Found unstable test named test0 -> class java.lang.AssertionError: expected:<37> but was:<0>
[MASTER] 02:42:12.909 [logback-1] WARN  JUnitAnalyzer - Failing test:
 FBProcedureCall fBProcedureCall0 = new FBProcedureCall();
FBProcedureParam fBProcedureParam0 = fBProcedureCall0.getInputParam(453);
fBProcedureCall0.addOutputParam(fBProcedureParam0);
fBProcedureCall0.addOutputParam(fBProcedureParam0);
assertEquals(37, fBProcedureParam0.getType());


[MASTER] 02:42:13.999 [logback-1] WARN  JUnitAnalyzer - Found unstable test named test0 -> class java.lang.AssertionError: null
[MASTER] 02:42:13.999 [logback-1] WARN  JUnitAnalyzer - Failing test:
 FBProcedureCall fBProcedureCall0 = new FBProcedureCall();
fBProcedureCall0.setName("GRSZ");
FBProcedureCall fBProcedureCall1 = new FBProcedureCall();
String string0 = fBProcedureCall1.getSQL(false);
assertEquals("EXECUTE PROCEDURE null", string0);

boolean boolean0 = fBProcedureCall0.equals(fBProcedureCall1);
assertFalse(fBProcedureCall1.equals((Object)fBProcedureCall0));
assertTrue(boolean0);


[MASTER] 02:42:15.059 [logback-1] WARN  JUnitAnalyzer - Found unstable test named test0 -> class java.lang.OutOfMemoryError: Requested array size exceeds VM limit
[MASTER] 02:42:15.059 [logback-1] WARN  JUnitAnalyzer - Failing test:
 FBProcedureCall fBProcedureCall0 = new FBProcedureCall();
fBProcedureCall0.getInputParam(2147483645);

[MASTER] 02:42:15.198 [logback-1] WARN  JUnitAnalyzer - Found unstable test named test0 -> class java.lang.OutOfMemoryError: Requested array size exceeds VM limit
[MASTER] 02:42:15.198 [logback-1] WARN  JUnitAnalyzer - Failing test:
 FBProcedureCall fBProcedureCall0 = new FBProcedureCall();
fBProcedureCall0.registerOutParam(2147483645, 2147483645);

[MASTER] 02:42:15.241 [logback-1] WARN  JUnitAnalyzer - Found unstable test named test0 -> class java.lang.OutOfMemoryError: Requested array size exceeds VM limit
[MASTER] 02:42:15.241 [logback-1] WARN  JUnitAnalyzer - Failing test:
 FBProcedureCall fBProcedureCall0 = new FBProcedureCall();
fBProcedureCall0.addParam(2147483645, "-`FSfI");

[MASTER] 02:42:15.343 [logback-1] WARN  JUnitAnalyzer - Found unstable test named test0 -> class java.lang.AssertionError: expected:<2> but was:<0>
[MASTER] 02:42:15.344 [logback-1] WARN  JUnitAnalyzer - Failing test:
 FBProcedureCall fBProcedureCall0 = new FBProcedureCall();
FBProcedureParam fBProcedureParam0 = fBProcedureCall0.addParam(66, "N2I) 7KPvv*IeY?ie");
fBProcedureParam0.setValue(fBProcedureCall0);
String string0 = fBProcedureCall0.getSQL(false);
assertEquals("EXECUTE PROCEDURE null(N2I) 7KPvv*IeY?ie)", string0);

fBProcedureCall0.addOutputParam(fBProcedureParam0);
FBProcedureParam fBProcedureParam1 = fBProcedureCall0.getOutputParam((-1));
assertEquals(66, fBProcedureParam1.getPosition());

FBProcedureParam fBProcedureParam2 = fBProcedureCall0.getOutputParam(887);
fBProcedureCall0.addOutputParam(fBProcedureParam2);
assertEquals(2, fBProcedureParam2.getType());
assertFalse(fBProcedureParam2.isParam());


* Permissions denied during test execution: 
  - java.lang.RuntimePermission: 
         writeFileDescriptor: 4
* Writing JUnit test case 'FBProcedureCall_ESTest' to /home/ubuntu/termite/mosa/tests/s1007/110_firebird/evosuite-tests
* Done!

* Computation finished
* EvoSuite 1.0.6
* Configuration: MOSA
* Going to generate test cases for class: org.firebirdsql.jdbc.FBCachedFetcher
* Starting client
* Properties loaded from /home/ubuntu/termite/projects/110_firebird/evosuite-files/evosuite.properties
* Connecting to master process on port 19698
* Analyzing classpath: 
* Inheritance tree loaded from evosuite-files/inheritance.xml.gz
[MASTER] 03:08:23.330 [logback-1] WARN  InheritanceTree - Class not in inheritance graph: java.util.function.Consumer
[MASTER] 03:08:23.343 [logback-1] WARN  InheritanceTree - Class not in inheritance graph: java.util.function.Predicate
[MASTER] 03:08:23.365 [logback-1] WARN  InheritanceTree - Class not in inheritance graph: java.util.function.UnaryOperator
[MASTER] 03:08:23.993 [logback-1] WARN  InheritanceTree - Class not in inheritance graph: java.sql.SQLType
[MASTER] 03:08:25.261 [logback-1] WARN  InheritanceTree - Class not in inheritance graph: java.util.function.BiFunction
[MASTER] 03:08:25.261 [logback-1] WARN  InheritanceTree - Class not in inheritance graph: java.util.function.Function
[MASTER] 03:08:25.262 [logback-1] WARN  InheritanceTree - Class not in inheritance graph: java.util.function.BiConsumer
[MASTER] 03:08:27.387 [logback-1] WARN  InheritanceTree - Class not in inheritance graph: java.time.ZoneId
[MASTER] 03:08:27.398 [logback-1] WARN  InheritanceTree - Class not in inheritance graph: java.time.temporal.TemporalAccessor
[MASTER] 03:08:27.398 [logback-1] WARN  InheritanceTree - Class not in inheritance graph: java.time.Clock
[MASTER] 03:08:27.668 [logback-1] WARN  InheritanceTree - Class not in inheritance graph: java.time.temporal.Temporal
[MASTER] 03:08:27.669 [logback-1] WARN  InheritanceTree - Class not in inheritance graph: java.time.temporal.TemporalField
[MASTER] 03:08:27.670 [logback-1] WARN  InheritanceTree - Class not in inheritance graph: java.time.temporal.TemporalUnit
[MASTER] 03:08:27.670 [logback-1] WARN  InheritanceTree - Class not in inheritance graph: java.time.temporal.TemporalAmount
[MASTER] 03:08:27.672 [logback-1] WARN  InheritanceTree - Class not in inheritance graph: java.time.temporal.TemporalQuery
[MASTER] 03:08:27.673 [logback-1] WARN  InheritanceTree - Class not in inheritance graph: java.time.temporal.TemporalAdjuster
[MASTER] 03:08:28.327 [logback-1] WARN  InheritanceTree - Class not in inheritance graph: java.time.chrono.Chronology
[MASTER] 03:08:28.950 [logback-1] WARN  InheritanceTree - Class not in inheritance graph: java.time.chrono.Era
* Finished analyzing classpath
* Generating tests for class org.firebirdsql.jdbc.FBCachedFetcher
* Test criteria:
  - Line Coverage
  - Branch Coverage
  - Exception
  - Mutation testing (weak)
  - Method-Output Coverage
  - Top-Level Method Coverage
  - No-Exception Top-Level Method Coverage
  - Context Branch Coverage
* Total number of test goals for MOSA: 813
* Using seed 1007
* Starting evolution
[MASTER] 03:08:37.408 [logback-1] WARN  CoverageArchive - A solution with a timeout/exception result has been added to the archive. The covered goal was [METHOD] org.firebirdsql.jdbc.FBCachedFetcher.<init>(Ljava/util/List;Lorg/firebirdsql/jdbc/FBObjectListener$FetcherListener;)V
[MASTER] 03:08:37.413 [logback-1] WARN  CoverageArchive - A solution with a timeout/exception result has been added to the archive. The covered goal was [METHODNOEX] org.firebirdsql.jdbc.FBCachedFetcher.<init>(Ljava/util/List;Lorg/firebirdsql/jdbc/FBObjectListener$FetcherListener;)V
[MASTER] 03:08:59.269 [logback-2] ERROR TestCluster - Failed to check cache for java.util.Comparator<T> : Type points to itself
[MASTER] 03:09:43.270 [logback-2] ERROR TestCluster - Failed to check cache for java.util.function.Predicate<T> : Type points to itself
[MASTER] 03:10:21.233 [logback-2] ERROR TestCluster - Failed to check cache for java.util.function.Function<T, R> : Type points to itself
[MASTER] 03:11:17.365 [logback-2] ERROR TestCluster - Failed to check cache for java.util.Enumeration<E> : Type points to itself
* Search finished after 230s and 567 generations, 273955 statements, best individual has fitness: 1624.0
* Going to analyze the coverage criteria
* Coverage analysis for criterion LINE
* Coverage of criterion LINE: 63%
* Total number of goals: 158
* Number of covered goals: 100
* Coverage analysis for criterion BRANCH
* Coverage of criterion BRANCH: 51%
* Total number of goals: 118
* Number of covered goals: 60
* Coverage analysis for criterion EXCEPTION
* Coverage of criterion EXCEPTION: 100%
* Total number of goals: 15
* Number of covered goals: 15
* Coverage analysis for criterion WEAKMUTATION
* Coverage of criterion WEAKMUTATION: 96%
* Total number of goals: 347
* Number of covered goals: 333
* Coverage analysis for criterion OUTPUT
* Coverage of criterion OUTPUT: 96%
* Total number of goals: 28
* Number of covered goals: 27
* Coverage analysis for criterion METHOD
* Coverage of criterion METHOD: 100%
* Total number of goals: 22
* Number of covered goals: 22
* Coverage analysis for criterion METHODNOEXCEPTION
* Coverage of criterion METHODNOEXCEPTION: 100%
* Total number of goals: 22
* Number of covered goals: 22
* Coverage analysis for criterion CBRANCH
* Coverage of criterion CBRANCH: 40%
* Total number of goals: 118
* Number of covered goals: 47
* Generated 53 tests with total length 365
* Resulting test suite's coverage: 75% (average coverage for all fitness functions)
* Generating assertions
* Resulting test suite's mutation score: 61%
* Compiling and checking tests
[MASTER] 03:12:39.066 [logback-2] ERROR ClassStateSupport - Could not initialize org.firebirdsql.gds.impl.jni.JniGDSImpl: no jaybird22_x64 in java.library.path
[MASTER] 03:12:39.152 [logback-2] ERROR ClassResetter - java.lang.NoClassDefFoundError: Could not initialize class org.firebirdsql.gds.impl.jni.JniGDSImpl
[MASTER] 03:13:05.002 [logback-1] WARN  ClassResetter - java.lang.reflect.InvocationTargetException, caused by: java.lang.NoClassDefFoundError: Could not initialize class org.firebirdsql.gds.impl.jni.JniGDSImpl
* Permissions denied during test execution: 
  - java.security.SecurityPermission: 
         createAccessControlContext: 1
  - javax.security.auth.AuthPermission: 
         getSubject: 6
         doAs: 1
* Writing JUnit test case 'FBCachedFetcher_ESTest' to /home/ubuntu/termite/mosa/tests/s1007/110_firebird/evosuite-tests
* Done!

* Computation finished
