* EvoSuite 1.0.6
* Configuration: MOSA
* Going to generate test cases for class: org.jsecurity.authc.UsernamePasswordToken
* Starting client
* Properties loaded from /home/ubuntu/termite/projects/18_jsecurity/evosuite-files/evosuite.properties
* Connecting to master process on port 18050
* Analyzing classpath: 
* Inheritance tree loaded from evosuite-files/inheritance.xml.gz
* Finished analyzing classpath
* Generating tests for class org.jsecurity.authc.UsernamePasswordToken
* Test criteria:
  - Line Coverage
  - Branch Coverage
  - Exception
  - Mutation testing (weak)
  - Method-Output Coverage
  - Top-Level Method Coverage
  - No-Exception Top-Level Method Coverage
  - Context Branch Coverage
* Total number of test goals for MOSA: 213
* Using seed 1026
* Starting evolution
* Search finished after 290s and 2263 generations, 843661 statements, best individual has fitness: 72.0
* Going to analyze the coverage criteria
* Coverage analysis for criterion LINE
* Coverage of criterion LINE: 100%
* Total number of goals: 54
* Number of covered goals: 54
* Coverage analysis for criterion BRANCH
* Coverage of criterion BRANCH: 100%
* Total number of goals: 29
* Number of covered goals: 29
* Coverage analysis for criterion EXCEPTION
* Coverage of criterion EXCEPTION: 100% (no goals)
* Coverage analysis for criterion WEAKMUTATION
* Coverage of criterion WEAKMUTATION: 96%
* Total number of goals: 23
* Number of covered goals: 22
* Coverage analysis for criterion OUTPUT
* Coverage of criterion OUTPUT: 78%
* Total number of goals: 36
* Number of covered goals: 28
* Coverage analysis for criterion METHOD
* Coverage of criterion METHOD: 100%
* Total number of goals: 21
* Number of covered goals: 21
* Coverage analysis for criterion METHODNOEXCEPTION
* Coverage of criterion METHODNOEXCEPTION: 100%
* Total number of goals: 21
* Number of covered goals: 21
* Coverage analysis for criterion CBRANCH
* Coverage of criterion CBRANCH: 100%
* Total number of goals: 29
* Number of covered goals: 29
* Generated 33 tests with total length 79
* Resulting test suite's coverage: 96% (average coverage for all fitness functions)
* Generating assertions
* Resulting test suite's mutation score: 61%
* Compiling and checking tests
* Writing JUnit test case 'UsernamePasswordToken_ESTest' to /home/ubuntu/termite/mosa/tests/s1026/18_jsecurity/evosuite-tests
* Done!

* Computation finished
* EvoSuite 1.0.6
* Configuration: MOSA
* Going to generate test cases for class: org.jsecurity.web.DefaultWebSecurityManager
* Starting client
* Properties loaded from /home/ubuntu/termite/projects/18_jsecurity/evosuite-files/evosuite.properties
* Connecting to master process on port 18045
* Analyzing classpath: 
* Inheritance tree loaded from evosuite-files/inheritance.xml.gz
[MASTER] 04:04:59.827 [logback-1] WARN  InheritanceTree - Class not in inheritance graph: java.util.function.Consumer
[MASTER] 04:04:59.862 [logback-1] WARN  InheritanceTree - Class not in inheritance graph: java.util.function.Predicate
[MASTER] 04:04:59.863 [logback-1] WARN  InheritanceTree - Class not in inheritance graph: java.util.function.UnaryOperator
[MASTER] 04:05:00.275 [logback-1] WARN  InheritanceTree - Class not in inheritance graph: java.util.function.Function
* Finished analyzing classpath
* Generating tests for class org.jsecurity.web.DefaultWebSecurityManager
* Test criteria:
  - Line Coverage
  - Branch Coverage
  - Exception
  - Mutation testing (weak)
  - Method-Output Coverage
  - Top-Level Method Coverage
  - No-Exception Top-Level Method Coverage
  - Context Branch Coverage
* Total number of test goals for MOSA: 468
* Using seed 1026
* Starting evolution
[MASTER] 04:05:07.566 [logback-1] WARN  CoverageArchive - A solution with a timeout/exception result has been added to the archive. The covered goal was org.jsecurity.web.DefaultWebSecurityManager.<init>(Lorg/jsecurity/realm/Realm;)V: Line 71
[MASTER] 04:05:07.567 [logback-1] WARN  CoverageArchive - A solution with a timeout/exception result has been added to the archive. The covered goal was org.jsecurity.web.DefaultWebSecurityManager.<init>(Lorg/jsecurity/realm/Realm;)V: Line 72
[MASTER] 04:05:07.567 [logback-1] WARN  CoverageArchive - A solution with a timeout/exception result has been added to the archive. The covered goal was org.jsecurity.web.DefaultWebSecurityManager.<init>(Lorg/jsecurity/realm/Realm;)V: Line 73
[MASTER] 04:05:07.569 [logback-1] WARN  CoverageArchive - A solution with a timeout/exception result has been added to the archive. The covered goal was [METHOD] org.jsecurity.web.DefaultWebSecurityManager.<init>(Lorg/jsecurity/realm/Realm;)V
[MASTER] 04:05:07.572 [logback-1] WARN  CoverageArchive - A solution with a timeout/exception result has been added to the archive. The covered goal was [METHOD] org.jsecurity.web.DefaultWebSecurityManager.setSessionIdCookieName(Ljava/lang/String;)V
[MASTER] 04:05:07.572 [logback-1] WARN  CoverageArchive - A solution with a timeout/exception result has been added to the archive. The covered goal was [METHOD] org.jsecurity.web.DefaultWebSecurityManager.setSessionIdCookieMaxAge(I)V
[MASTER] 04:05:07.572 [logback-1] WARN  CoverageArchive - A solution with a timeout/exception result has been added to the archive. The covered goal was [METHOD] org.jsecurity.web.DefaultWebSecurityManager.isAuthenticated(Lorg/jsecurity/session/Session;Ljavax/servlet/ServletRequest;Ljavax/servlet/ServletResponse;)Z
[MASTER] 04:05:07.572 [logback-1] WARN  CoverageArchive - A solution with a timeout/exception result has been added to the archive. The covered goal was [METHOD] org.jsecurity.web.DefaultWebSecurityManager.isAuthenticated(Lorg/jsecurity/session/Session;)Z
[MASTER] 04:05:07.572 [logback-1] WARN  CoverageArchive - A solution with a timeout/exception result has been added to the archive. The covered goal was [METHOD] org.jsecurity.web.DefaultWebSecurityManager.createSubject(Lorg/jsecurity/session/Session;Ljavax/servlet/ServletRequest;Ljavax/servlet/ServletResponse;)Lorg/jsecurity/subject/Subject;
[MASTER] 04:05:07.572 [logback-1] WARN  CoverageArchive - A solution with a timeout/exception result has been added to the archive. The covered goal was [METHOD] org.jsecurity.web.DefaultWebSecurityManager.createSubject()Lorg/jsecurity/subject/Subject;
[MASTER] 04:05:07.572 [logback-1] WARN  CoverageArchive - A solution with a timeout/exception result has been added to the archive. The covered goal was [METHOD] org.jsecurity.web.DefaultWebSecurityManager.bind(Lorg/jsecurity/subject/Subject;Ljavax/servlet/ServletRequest;Ljavax/servlet/ServletResponse;)V
[MASTER] 04:05:07.573 [logback-1] WARN  CoverageArchive - A solution with a timeout/exception result has been added to the archive. The covered goal was [METHOD] org.jsecurity.web.DefaultWebSecurityManager.bind(Lorg/jsecurity/subject/Subject;)V
[MASTER] 04:05:07.573 [logback-1] WARN  CoverageArchive - A solution with a timeout/exception result has been added to the archive. The covered goal was [METHOD] org.jsecurity.web.DefaultWebSecurityManager.getPrincipals(Lorg/jsecurity/session/Session;Ljavax/servlet/ServletRequest;Ljavax/servlet/ServletResponse;)Lorg/jsecurity/subject/PrincipalCollection;
[MASTER] 04:05:07.573 [logback-1] WARN  CoverageArchive - A solution with a timeout/exception result has been added to the archive. The covered goal was [METHODNOEX] org.jsecurity.web.DefaultWebSecurityManager.<init>(Lorg/jsecurity/realm/Realm;)V
[MASTER] 04:05:07.573 [logback-1] WARN  CoverageArchive - A solution with a timeout/exception result has been added to the archive. The covered goal was [METHODNOEX] org.jsecurity.web.DefaultWebSecurityManager.setSessionIdCookieName(Ljava/lang/String;)V
[MASTER] 04:05:07.573 [logback-1] WARN  CoverageArchive - A solution with a timeout/exception result has been added to the archive. The covered goal was [METHODNOEX] org.jsecurity.web.DefaultWebSecurityManager.setSessionIdCookieMaxAge(I)V
[MASTER] 04:05:07.573 [logback-1] WARN  CoverageArchive - A solution with a timeout/exception result has been added to the archive. The covered goal was [METHODNOEX] org.jsecurity.web.DefaultWebSecurityManager.isAuthenticated(Lorg/jsecurity/session/Session;Ljavax/servlet/ServletRequest;Ljavax/servlet/ServletResponse;)Z
[MASTER] 04:05:07.573 [logback-1] WARN  CoverageArchive - A solution with a timeout/exception result has been added to the archive. The covered goal was [METHODNOEX] org.jsecurity.web.DefaultWebSecurityManager.isAuthenticated(Lorg/jsecurity/session/Session;)Z
[MASTER] 04:05:07.574 [logback-1] WARN  CoverageArchive - A solution with a timeout/exception result has been added to the archive. The covered goal was [METHODNOEX] org.jsecurity.web.DefaultWebSecurityManager.createSubject(Lorg/jsecurity/session/Session;Ljavax/servlet/ServletRequest;Ljavax/servlet/ServletResponse;)Lorg/jsecurity/subject/Subject;
[MASTER] 04:05:07.574 [logback-1] WARN  CoverageArchive - A solution with a timeout/exception result has been added to the archive. The covered goal was [METHODNOEX] org.jsecurity.web.DefaultWebSecurityManager.createSubject()Lorg/jsecurity/subject/Subject;
[MASTER] 04:05:07.574 [logback-1] WARN  CoverageArchive - A solution with a timeout/exception result has been added to the archive. The covered goal was [METHODNOEX] org.jsecurity.web.DefaultWebSecurityManager.bind(Lorg/jsecurity/subject/Subject;Ljavax/servlet/ServletRequest;Ljavax/servlet/ServletResponse;)V
[MASTER] 04:05:07.574 [logback-1] WARN  CoverageArchive - A solution with a timeout/exception result has been added to the archive. The covered goal was [METHODNOEX] org.jsecurity.web.DefaultWebSecurityManager.bind(Lorg/jsecurity/subject/Subject;)V
[MASTER] 04:05:07.574 [logback-1] WARN  CoverageArchive - A solution with a timeout/exception result has been added to the archive. The covered goal was [METHODNOEX] org.jsecurity.web.DefaultWebSecurityManager.getPrincipals(Lorg/jsecurity/session/Session;Ljavax/servlet/ServletRequest;Ljavax/servlet/ServletResponse;)Lorg/jsecurity/subject/PrincipalCollection;
[MASTER] 04:05:07.574 [logback-1] WARN  CoverageArchive - A solution with a timeout/exception result has been added to the archive. The covered goal was Branch org.jsecurity.web.DefaultWebSecurityManager.<init>(Lorg/jsecurity/realm/Realm;)V: root-Branch in context: org.jsecurity.web.DefaultWebSecurityManager:<init>(Lorg/jsecurity/realm/Realm;)V
* Search finished after 186s and 141 generations, 34151 statements, best individual has fitness: 872.0
* Going to analyze the coverage criteria
* Coverage analysis for criterion LINE
* Coverage of criterion LINE: 79%
* Total number of goals: 97
* Number of covered goals: 77
* Coverage analysis for criterion BRANCH
* Coverage of criterion BRANCH: 73%
* Total number of goals: 67
* Number of covered goals: 49
* Coverage analysis for criterion EXCEPTION
* Coverage of criterion EXCEPTION: 100%
* Total number of goals: 16
* Number of covered goals: 16
* Coverage analysis for criterion WEAKMUTATION
* Coverage of criterion WEAKMUTATION: 80%
* Total number of goals: 162
* Number of covered goals: 129
* Coverage analysis for criterion OUTPUT
* Coverage of criterion OUTPUT: 38%
* Total number of goals: 29
* Number of covered goals: 11
* Coverage analysis for criterion METHOD
* Coverage of criterion METHOD: 100%
* Total number of goals: 23
* Number of covered goals: 23
* Coverage analysis for criterion METHODNOEXCEPTION
* Coverage of criterion METHODNOEXCEPTION: 96%
* Total number of goals: 23
* Number of covered goals: 22
* Coverage analysis for criterion CBRANCH
* Coverage of criterion CBRANCH: 72%
* Total number of goals: 67
* Number of covered goals: 48
* Generated 40 tests with total length 185
* Resulting test suite's coverage: 77% (average coverage for all fitness functions)
* Generating assertions
* Resulting test suite's mutation score: 35%
* Compiling and checking tests
[MASTER] 04:08:23.221 [logback-1] WARN  JUnitAnalyzer - Found unstable test named test0 -> class org.evosuite.runtime.mock.java.lang.MockIllegalStateException: No ServletRequest found in ThreadContext. Make sure WebUtils.bind() is being called. (typically called by JSecurityFilter)  This could also happen when running integration tests that don't properly call WebUtils.bind().
[MASTER] 04:08:23.221 [logback-1] WARN  JUnitAnalyzer - Failing test:
 DefaultWebSecurityManager defaultWebSecurityManager0 = new DefaultWebSecurityManager();
Subject subject0 = defaultWebSecurityManager0.getSubject();
ServletResponse servletResponse0 = mock(ServletResponse.class, new ViolatedAssumptionAnswer());
ServletResponseWrapper servletResponseWrapper0 = new ServletResponseWrapper(servletResponse0);
defaultWebSecurityManager0.bind(subject0, (ServletRequest) null, servletResponseWrapper0);

[MASTER] 04:08:33.823 [logback-1] WARN  JUnitAnalyzer - Found unstable test named test0 -> class org.evosuite.runtime.mock.java.lang.MockIllegalStateException: No ServletRequest found in ThreadContext. Make sure WebUtils.bind() is being called. (typically called by JSecurityFilter)  This could also happen when running integration tests that don't properly call WebUtils.bind().
[MASTER] 04:08:33.824 [logback-1] WARN  JUnitAnalyzer - Failing test:
 DefaultWebSecurityManager defaultWebSecurityManager0 = new DefaultWebSecurityManager();
ServletResponse servletResponse0 = mock(ServletResponse.class, new ViolatedAssumptionAnswer());
ServletResponseWrapper servletResponseWrapper0 = new ServletResponseWrapper(servletResponse0);
ServletResponseWrapper servletResponseWrapper1 = new ServletResponseWrapper(servletResponseWrapper0);
ServletResponseWrapper servletResponseWrapper2 = new ServletResponseWrapper(servletResponseWrapper0);
Subject subject0 = defaultWebSecurityManager0.getSubject();
ServletRequest servletRequest0 = mock(ServletRequest.class, new ViolatedAssumptionAnswer());
ServletRequestWrapper servletRequestWrapper0 = new ServletRequestWrapper(servletRequest0);
defaultWebSecurityManager0.bind(subject0, servletRequestWrapper0, servletResponseWrapper1);
defaultWebSecurityManager0.bind(subject0);

[MASTER] 04:08:34.107 [logback-1] WARN  JUnitAnalyzer - Found unstable test named test0 -> class org.evosuite.runtime.mock.java.lang.MockIllegalStateException: No ServletRequest found in ThreadContext. Make sure WebUtils.bind() is being called. (typically called by JSecurityFilter)  This could also happen when running integration tests that don't properly call WebUtils.bind().
[MASTER] 04:08:34.107 [logback-1] WARN  JUnitAnalyzer - Failing test:
 DefaultWebSecurityManager defaultWebSecurityManager0 = new DefaultWebSecurityManager();
Subject subject0 = defaultWebSecurityManager0.getSubject();
ServletResponse servletResponse0 = mock(ServletResponse.class, new ViolatedAssumptionAnswer());
ServletResponseWrapper servletResponseWrapper0 = new ServletResponseWrapper(servletResponse0);
defaultWebSecurityManager0.bind(subject0, (ServletRequest) null, servletResponseWrapper0);
assertTrue(defaultWebSecurityManager0.isHttpSessionMode());


[MASTER] 04:08:34.460 [logback-1] WARN  JUnitAnalyzer - Found unstable test named test0 -> class org.evosuite.runtime.mock.java.lang.MockIllegalStateException: No ServletRequest found in ThreadContext. Make sure WebUtils.bind() is being called. (typically called by JSecurityFilter)  This could also happen when running integration tests that don't properly call WebUtils.bind().
[MASTER] 04:08:34.460 [logback-1] WARN  JUnitAnalyzer - Failing test:
 DefaultWebSecurityManager defaultWebSecurityManager0 = new DefaultWebSecurityManager();
ServletRequest servletRequest0 = mock(ServletRequest.class, new ViolatedAssumptionAnswer());
ServletRequestWrapper servletRequestWrapper0 = new ServletRequestWrapper(servletRequest0);
ServletRequestWrapper servletRequestWrapper1 = new ServletRequestWrapper(servletRequestWrapper0);
ServletResponse servletResponse0 = mock(ServletResponse.class, new ViolatedAssumptionAnswer());
ServletResponseWrapper servletResponseWrapper0 = new ServletResponseWrapper(servletResponse0);
ServletResponseWrapper servletResponseWrapper1 = new ServletResponseWrapper(servletResponseWrapper0);
Subject subject0 = defaultWebSecurityManager0.getSubject();
defaultWebSecurityManager0.bind(subject0, servletRequestWrapper0, servletResponseWrapper0);
assertTrue(defaultWebSecurityManager0.isHttpSessionMode());


* Writing JUnit test case 'DefaultWebSecurityManager_ESTest' to /home/ubuntu/termite/mosa/tests/s1026/18_jsecurity/evosuite-tests
* Done!

* Computation finished
