* EvoSuite 1.0.6
* Configuration: MOSA
* Going to generate test cases for class: net.sourceforge.squirrel_sql.plugins.dbcopy.util.DBUtil
* Starting client
* Properties loaded from /home/ubuntu/termite/projects/102_squirrel-sql/evosuite-files/evosuite.properties
* Connecting to master process on port 12631
* Analyzing classpath: 
* Inheritance tree loaded from evosuite-files/inheritance.xml.gz
[MASTER] 13:24:04.156 [logback-1] WARN  InheritanceTree - Class not in inheritance graph: java.sql.SQLType
[MASTER] 13:24:04.669 [logback-1] WARN  InheritanceTree - Class not in inheritance graph: java.util.function.Consumer
[MASTER] 13:24:04.695 [logback-1] WARN  InheritanceTree - Class not in inheritance graph: java.util.function.Predicate
[MASTER] 13:24:04.724 [logback-1] WARN  InheritanceTree - Class not in inheritance graph: java.util.function.UnaryOperator
[MASTER] 13:24:05.620 [logback-1] WARN  InheritanceTree - Class not in inheritance graph: java.util.function.BiFunction
[MASTER] 13:24:05.620 [logback-1] WARN  InheritanceTree - Class not in inheritance graph: java.util.function.Function
[MASTER] 13:24:05.622 [logback-1] WARN  InheritanceTree - Class not in inheritance graph: java.util.function.BiConsumer
[MASTER] 13:24:06.772 [logback-1] WARN  InheritanceTree - Class not in inheritance graph: java.time.ZoneId
[MASTER] 13:24:06.793 [logback-1] WARN  InheritanceTree - Class not in inheritance graph: java.time.temporal.TemporalAccessor
[MASTER] 13:24:06.793 [logback-1] WARN  InheritanceTree - Class not in inheritance graph: java.time.Clock
[MASTER] 13:24:08.008 [logback-1] WARN  InheritanceTree - Class not in inheritance graph: java.time.temporal.Temporal
[MASTER] 13:24:08.012 [logback-1] WARN  InheritanceTree - Class not in inheritance graph: java.time.temporal.TemporalField
[MASTER] 13:24:08.013 [logback-1] WARN  InheritanceTree - Class not in inheritance graph: java.time.temporal.TemporalUnit
[MASTER] 13:24:08.014 [logback-1] WARN  InheritanceTree - Class not in inheritance graph: java.time.temporal.TemporalAmount
[MASTER] 13:24:08.016 [logback-1] WARN  InheritanceTree - Class not in inheritance graph: java.time.temporal.TemporalQuery
[MASTER] 13:24:08.018 [logback-1] WARN  InheritanceTree - Class not in inheritance graph: java.time.temporal.TemporalAdjuster
[MASTER] 13:24:09.534 [logback-1] WARN  InheritanceTree - Class not in inheritance graph: java.time.chrono.Chronology
[MASTER] 13:24:11.618 [logback-1] WARN  InheritanceTree - Class not in inheritance graph: java.time.chrono.Era
* Finished analyzing classpath
* Generating tests for class net.sourceforge.squirrel_sql.plugins.dbcopy.util.DBUtil
* Test criteria:
  - Line Coverage
  - Branch Coverage
  - Exception
  - Mutation testing (weak)
  - Method-Output Coverage
  - Top-Level Method Coverage
  - No-Exception Top-Level Method Coverage
  - Context Branch Coverage
* Total number of test goals for MOSA: 2842
* Using seed 1015
* Starting evolution
[MASTER] 13:24:49.353 [logback-1] WARN  TestChromosome - Functional mock problem: org.evosuite.ga.ConstructionFailedException: Failed to add constructor for com.gargoylesoftware.base.resource.jdbc.ConnectionWrapper due to org.evosuite.ga.ConstructionFailedException: Failed to add constructor for com.gargoylesoftware.base.resource.jdbc.CallableStatementWrapper due to org.evosuite.ga.ConstructionFailedException: Have no generator for class com.gargoylesoftware.base.resource.jdbc.ConnectionWrapper canUseFunctionalMocks=false, canBeMocked: true
[MASTER] 13:25:04.861 [logback-2] ERROR TestCluster - Failed to check cache for java.util.Comparator<T> : Type points to itself
[MASTER] 13:25:34.691 [logback-1] WARN  CoverageArchive - A solution with a timeout/exception result has been added to the archive. The covered goal was [METHODNOEX] net.sourceforge.squirrel_sql.plugins.dbcopy.util.DBUtil.getQualifiedObjectName(Lnet/sourceforge/squirrel_sql/client/session/ISession;Ljava/lang/String;Ljava/lang/String;Ljava/lang/String;I)Ljava/lang/String;
[MASTER] 13:25:45.397 [logback-1] WARN  CoverageArchive - A solution with a timeout/exception result has been added to the archive. The covered goal was [METHODNOEX] net.sourceforge.squirrel_sql.plugins.dbcopy.util.DBUtil.getSchemaFromDbObject(Lnet/sourceforge/squirrel_sql/fw/sql/IDatabaseObjectInfo;Lnet/sourceforge/squirrel_sql/client/session/schemainfo/SchemaInfo;)Lnet/sourceforge/squirrel_sql/fw/sql/IDatabaseObjectInfo;
[MASTER] 13:26:27.760 [logback-1] WARN  CoverageArchive - A solution with a timeout/exception result has been added to the archive. The covered goal was [METHODNOEX] net.sourceforge.squirrel_sql.plugins.dbcopy.util.DBUtil.getTableCount(Lnet/sourceforge/squirrel_sql/client/session/ISession;Ljava/lang/String;Ljava/lang/String;Ljava/lang/String;I)I
[MASTER] 13:27:05.799 [logback-1] WARN  TestChromosome - Functional mock problem: org.evosuite.ga.ConstructionFailedException: Failed to add constructor for com.gargoylesoftware.base.resource.jdbc.CallableStatementWrapper due to org.evosuite.ga.ConstructionFailedException: Failed to add constructor for com.gargoylesoftware.base.resource.jdbc.ConnectionWrapper due to org.evosuite.ga.ConstructionFailedException: Have no generator for class com.gargoylesoftware.base.resource.jdbc.CallableStatementWrapper canUseFunctionalMocks=false, canBeMocked: true
[MASTER] 13:27:21.970 [logback-1] WARN  CoverageArchive - A solution with a timeout/exception result has been added to the archive. The covered goal was [METHODNOEX] net.sourceforge.squirrel_sql.plugins.dbcopy.util.DBUtil.replaceOtherDataType(Lnet/sourceforge/squirrel_sql/fw/sql/TableColumnInfo;Lnet/sourceforge/squirrel_sql/client/session/ISession;)I
[MASTER] 13:27:31.579 [logback-1] WARN  CoverageArchive - A solution with a timeout/exception result has been added to the archive. The covered goal was [METHODNOEX] net.sourceforge.squirrel_sql.plugins.dbcopy.util.DBUtil.tableHasForeignKey(Ljava/lang/String;Ljava/lang/String;Ljava/lang/String;Lnet/sourceforge/squirrel_sql/fw/sql/ForeignKeyInfo;Lnet/sourceforge/squirrel_sql/plugins/dbcopy/SessionInfoProvider;)Z
[MASTER] 13:27:52.124 [logback-2] ERROR TestCluster - Failed to check cache for java.util.function.Function<T, R> : Type points to itself
[MASTER] 13:28:18.186 [logback-1] WARN  CoverageArchive - A solution with a timeout/exception result has been added to the archive. The covered goal was [METHODNOEX] net.sourceforge.squirrel_sql.plugins.dbcopy.util.DBUtil.dropTable(Ljava/lang/String;Ljava/lang/String;Ljava/lang/String;Lnet/sourceforge/squirrel_sql/client/session/ISession;ZI)Z
[MASTER] 13:29:19.401 [logback-1] WARN  CoverageArchive - A solution with a timeout/exception result has been added to the archive. The covered goal was [METHODNOEX] net.sourceforge.squirrel_sql.plugins.dbcopy.util.DBUtil.getColumnCount(Lnet/sourceforge/squirrel_sql/fw/sql/ISQLConnection;Lnet/sourceforge/squirrel_sql/fw/sql/ITableInfo;)I
* Search finished after 316s and 271 generations, 105827 statements, best individual has fitness: 16880.0
* Going to analyze the coverage criteria
* Coverage analysis for criterion LINE
* Coverage of criterion LINE: 20%
* Total number of goals: 792
* Number of covered goals: 160
* Coverage analysis for criterion BRANCH
* Coverage of criterion BRANCH: 24%
* Total number of goals: 463
* Number of covered goals: 113
* Coverage analysis for criterion EXCEPTION
* Coverage of criterion EXCEPTION: 100%
* Total number of goals: 41
* Number of covered goals: 41
* Coverage analysis for criterion WEAKMUTATION
* Coverage of criterion WEAKMUTATION: 27%
* Total number of goals: 906
* Number of covered goals: 241
* Coverage analysis for criterion OUTPUT
* Coverage of criterion OUTPUT: 27%
* Total number of goals: 122
* Number of covered goals: 33
* Coverage analysis for criterion METHOD
* Coverage of criterion METHOD: 100%
* Total number of goals: 48
* Number of covered goals: 48
* Coverage analysis for criterion METHODNOEXCEPTION
* Coverage of criterion METHODNOEXCEPTION: 90%
* Total number of goals: 48
* Number of covered goals: 43
* Coverage analysis for criterion CBRANCH
* Coverage of criterion CBRANCH: 24%
* Total number of goals: 463
* Number of covered goals: 113
* Generated 98 tests with total length 387
* Resulting test suite's coverage: 27% (average coverage for all fitness functions)
* Generating assertions
* Resulting test suite's mutation score: 9%
* Compiling and checking tests
* Permissions denied during test execution: 
  - java.lang.RuntimePermission: 
         writeFileDescriptor: 4
* Writing JUnit test case 'DBUtil_ESTest' to /home/ubuntu/termite/mosa/tests/s1015/102_squirrel-sql/evosuite-tests
* Done!

* Computation finished
* EvoSuite 1.0.6
* Configuration: MOSA
* Going to generate test cases for class: net.sourceforge.squirrel_sql.client.session.Session
* Starting client
* Properties loaded from /home/ubuntu/termite/projects/102_squirrel-sql/evosuite-files/evosuite.properties
* Connecting to master process on port 12632
* Analyzing classpath: 
* Inheritance tree loaded from evosuite-files/inheritance.xml.gz
[MASTER] 13:37:06.173 [logback-1] WARN  InheritanceTree - Class not in inheritance graph: java.util.function.BiFunction
[MASTER] 13:37:06.174 [logback-1] WARN  InheritanceTree - Class not in inheritance graph: java.util.function.Function
[MASTER] 13:37:06.176 [logback-1] WARN  InheritanceTree - Class not in inheritance graph: java.util.function.BiConsumer
[MASTER] 13:37:16.866 [logback-1] WARN  InheritanceTree - Class not in inheritance graph: java.util.function.Consumer
[MASTER] 13:37:16.868 [logback-1] WARN  InheritanceTree - Class not in inheritance graph: java.util.function.Predicate
[MASTER] 13:37:17.086 [logback-1] WARN  InheritanceTree - Class not in inheritance graph: java.util.function.UnaryOperator
[MASTER] 13:37:22.388 [logback-1] WARN  InheritanceTree - Class not in inheritance graph: java.time.ZoneId
[MASTER] 13:37:23.218 [logback-1] WARN  InheritanceTree - Class not in inheritance graph: java.time.temporal.Temporal
[MASTER] 13:37:23.218 [logback-1] WARN  InheritanceTree - Class not in inheritance graph: java.time.temporal.TemporalAccessor
[MASTER] 13:37:23.236 [logback-1] WARN  InheritanceTree - Class not in inheritance graph: java.time.temporal.TemporalField
[MASTER] 13:37:23.237 [logback-1] WARN  InheritanceTree - Class not in inheritance graph: java.time.temporal.TemporalUnit
[MASTER] 13:37:23.237 [logback-1] WARN  InheritanceTree - Class not in inheritance graph: java.time.temporal.TemporalAmount
[MASTER] 13:37:23.237 [logback-1] WARN  InheritanceTree - Class not in inheritance graph: java.time.Clock
[MASTER] 13:37:23.238 [logback-1] WARN  InheritanceTree - Class not in inheritance graph: java.time.temporal.TemporalQuery
[MASTER] 13:37:23.239 [logback-1] WARN  InheritanceTree - Class not in inheritance graph: java.time.temporal.TemporalAdjuster
[MASTER] 13:37:23.655 [logback-1] WARN  InheritanceTree - Class not in inheritance graph: java.time.chrono.Chronology
[MASTER] 13:37:23.918 [logback-1] WARN  InheritanceTree - Class not in inheritance graph: java.time.chrono.Era
* Finished analyzing classpath
* Generating tests for class net.sourceforge.squirrel_sql.client.session.Session
* Test criteria:
  - Line Coverage
  - Branch Coverage
  - Exception
  - Mutation testing (weak)
  - Method-Output Coverage
  - Top-Level Method Coverage
  - No-Exception Top-Level Method Coverage
  - Context Branch Coverage
* Total number of test goals for MOSA: 1345
* Using seed 1015
* Starting evolution
[MASTER] 13:37:28.103 [logback-2] ERROR TestCluster - Failed to check cache for java.util.HashMap<K, V> : Type points to itself
[MASTER] 13:37:28.112 [logback-2] ERROR TestCluster - Failed to check cache for javax.swing.JComboBox<E> : Type points to itself
[MASTER] 13:37:28.116 [logback-2] ERROR TestCluster - Failed to check cache for javax.swing.JList<E> : Type points to itself
[MASTER] 13:38:54.238 [logback-1] WARN  InheritanceTree - Class not in inheritance graph: java.time.chrono.ChronoLocalDate
* Search finished after 302s and 157 generations, 69126 statements, best individual has fitness: 10616.0
* Going to analyze the coverage criteria
* Coverage analysis for criterion LINE
* Coverage of criterion LINE: 4%
* Total number of goals: 396
* Number of covered goals: 15
* Coverage analysis for criterion BRANCH
* Coverage of criterion BRANCH: 0%
* Total number of goals: 204
* Number of covered goals: 1
* Coverage analysis for criterion EXCEPTION
* Coverage of criterion EXCEPTION: 100%
* Total number of goals: 1
* Number of covered goals: 1
* Coverage analysis for criterion WEAKMUTATION
* Coverage of criterion WEAKMUTATION: 0%
* Total number of goals: 258
* Number of covered goals: 0
* Coverage analysis for criterion OUTPUT
* Coverage of criterion OUTPUT: 0%
* Total number of goals: 165
* Number of covered goals: 0
* Coverage analysis for criterion METHOD
* Coverage of criterion METHOD: 2%
* Total number of goals: 59
* Number of covered goals: 1
* Coverage analysis for criterion METHODNOEXCEPTION
* Coverage of criterion METHODNOEXCEPTION: 2%
* Total number of goals: 59
* Number of covered goals: 1
* Coverage analysis for criterion CBRANCH
* Coverage of criterion CBRANCH: 0%
* Total number of goals: 204
* Number of covered goals: 1
* Generated 1 tests with total length 2
* Resulting test suite's coverage: 1% (average coverage for all fitness functions)
* Generating assertions
* Resulting test suite's mutation score: 0%
* Compiling and checking tests
* Writing JUnit test case 'Session_ESTest' to /home/ubuntu/termite/mosa/tests/s1015/102_squirrel-sql/evosuite-tests
* Done!

* Computation finished
