* EvoSuite 1.0.6
* Configuration: MOSA
* Going to generate test cases for class: com.soops.CEN4010.JMCA.JParser.JavaCharStream
* Starting client
* Properties loaded from /home/ubuntu/termite/projects/19_jmca/evosuite-files/evosuite.properties
* Connecting to master process on port 19693
* Analyzing classpath: 
* Inheritance tree loaded from evosuite-files/inheritance.xml.gz
* Finished analyzing classpath
* Generating tests for class com.soops.CEN4010.JMCA.JParser.JavaCharStream
* Test criteria:
  - Line Coverage
  - Branch Coverage
  - Exception
  - Mutation testing (weak)
  - Method-Output Coverage
  - Top-Level Method Coverage
  - No-Exception Top-Level Method Coverage
  - Context Branch Coverage
* Total number of test goals for MOSA: 1743
* Using seed 1007
* Starting evolution
* Search finished after 198s and 69 generations, 34597 statements, best individual has fitness: 856.0
* Going to analyze the coverage criteria
* Coverage analysis for criterion LINE
* Coverage of criterion LINE: 90%
* Total number of goals: 239
* Number of covered goals: 216
* Coverage analysis for criterion BRANCH
* Coverage of criterion BRANCH: 94%
* Total number of goals: 216
* Number of covered goals: 202
* Coverage analysis for criterion EXCEPTION
* Coverage of criterion EXCEPTION: 100%
* Total number of goals: 36
* Number of covered goals: 36
* Coverage analysis for criterion WEAKMUTATION
* Coverage of criterion WEAKMUTATION: 95%
* Total number of goals: 974
* Number of covered goals: 926
* Coverage analysis for criterion OUTPUT
* Coverage of criterion OUTPUT: 81%
* Total number of goals: 36
* Number of covered goals: 29
* Coverage analysis for criterion METHOD
* Coverage of criterion METHOD: 100%
* Total number of goals: 31
* Number of covered goals: 31
* Coverage analysis for criterion METHODNOEXCEPTION
* Coverage of criterion METHODNOEXCEPTION: 100%
* Total number of goals: 31
* Number of covered goals: 31
* Coverage analysis for criterion CBRANCH
* Coverage of criterion CBRANCH: 93%
* Total number of goals: 216
* Number of covered goals: 201
* Generated 157 tests with total length 826
* Resulting test suite's coverage: 94% (average coverage for all fitness functions)
* Generating assertions
* Resulting test suite's mutation score: 44%
* Compiling and checking tests
* Permissions denied during test execution: 
  - java.lang.RuntimePermission: 
         writeFileDescriptor: 8
* Writing JUnit test case 'JavaCharStream_ESTest' to /home/ubuntu/termite/mosa/tests/s1007/19_jmca/evosuite-tests
* Done!

* Computation finished
* EvoSuite 1.0.6
* Configuration: MOSA
* Going to generate test cases for class: com.soops.CEN4010.JMCA.JParser.JavaParserTokenManager
* Starting client
* Properties loaded from /home/ubuntu/termite/projects/19_jmca/evosuite-files/evosuite.properties
* Connecting to master process on port 19695
* Analyzing classpath: 
* Inheritance tree loaded from evosuite-files/inheritance.xml.gz
[MASTER] 02:47:08.245 [logback-1] WARN  InheritanceTree - Class not in inheritance graph: java.util.function.Consumer
[MASTER] 02:47:08.247 [logback-1] WARN  InheritanceTree - Class not in inheritance graph: java.util.function.Predicate
[MASTER] 02:47:08.260 [logback-1] WARN  InheritanceTree - Class not in inheritance graph: java.util.function.UnaryOperator
[MASTER] 02:47:08.267 [logback-1] WARN  InheritanceTree - Class not in inheritance graph: java.util.function.Function
* Finished analyzing classpath
* Generating tests for class com.soops.CEN4010.JMCA.JParser.JavaParserTokenManager
* Test criteria:
  - Line Coverage
  - Branch Coverage
  - Exception
  - Mutation testing (weak)
  - Method-Output Coverage
  - Top-Level Method Coverage
  - No-Exception Top-Level Method Coverage
  - Context Branch Coverage
* Total number of test goals for MOSA: 4855
* Using seed 1007
* Starting evolution
[MASTER] 02:47:12.543 [logback-1] WARN  CoverageArchive - A solution with a timeout/exception result has been added to the archive. The covered goal was com.soops.CEN4010.JMCA.JParser.JavaParserTokenManager.SkipLexicalActions(Lcom/soops/CEN4010/JMCA/JParser/Token;)V: Line 1715
[MASTER] 02:47:12.556 [logback-1] WARN  CoverageArchive - A solution with a timeout/exception result has been added to the archive. The covered goal was com.soops.CEN4010.JMCA.JParser.JavaParserTokenManager.SkipLexicalActions(Lcom/soops/CEN4010/JMCA/JParser/Token;)V: Line 1720
[MASTER] 02:47:12.559 [logback-1] WARN  CoverageArchive - A solution with a timeout/exception result has been added to the archive. The covered goal was com.soops.CEN4010.JMCA.JParser.JavaParserTokenManager.SkipLexicalActions(Lcom/soops/CEN4010/JMCA/JParser/Token;)V: I4 Branch 840 LOOKUPSWITCH L1715 Default-Case - true
[MASTER] 02:47:12.574 [logback-1] WARN  CoverageArchive - A solution with a timeout/exception result has been added to the archive. The covered goal was [METHOD] com.soops.CEN4010.JMCA.JParser.JavaParserTokenManager.SkipLexicalActions(Lcom/soops/CEN4010/JMCA/JParser/Token;)V
[MASTER] 02:47:12.575 [logback-1] WARN  CoverageArchive - A solution with a timeout/exception result has been added to the archive. The covered goal was [METHODNOEX] com.soops.CEN4010.JMCA.JParser.JavaParserTokenManager.SkipLexicalActions(Lcom/soops/CEN4010/JMCA/JParser/Token;)V
[MASTER] 02:47:12.583 [logback-1] WARN  CoverageArchive - A solution with a timeout/exception result has been added to the archive. The covered goal was Branch com.soops.CEN4010.JMCA.JParser.JavaParserTokenManager.SkipLexicalActions(Lcom/soops/CEN4010/JMCA/JParser/Token;)V: I4 Branch 840 LOOKUPSWITCH L1715 Default-Case - true in context: 
* Search finished after 238s and 71 generations, 39634 statements, best individual has fitness: 16960.0
* Going to analyze the coverage criteria
* Coverage analysis for criterion LINE
* Coverage of criterion LINE: 52%
* Total number of goals: 981
* Number of covered goals: 515
* Coverage analysis for criterion BRANCH
* Coverage of criterion BRANCH: 59%
* Total number of goals: 1707
* Number of covered goals: 1007
* Coverage analysis for criterion EXCEPTION
* Coverage of criterion EXCEPTION: 100%
* Total number of goals: 9
* Number of covered goals: 9
* Coverage analysis for criterion WEAKMUTATION
* Coverage of criterion WEAKMUTATION: 42%
* Total number of goals: 434
* Number of covered goals: 183
* Coverage analysis for criterion OUTPUT
* Coverage of criterion OUTPUT: 50%
* Total number of goals: 4
* Number of covered goals: 2
* Coverage analysis for criterion METHOD
* Coverage of criterion METHOD: 100%
* Total number of goals: 11
* Number of covered goals: 11
* Coverage analysis for criterion METHODNOEXCEPTION
* Coverage of criterion METHODNOEXCEPTION: 100%
* Total number of goals: 11
* Number of covered goals: 11
* Coverage analysis for criterion CBRANCH
* Coverage of criterion CBRANCH: 59%
* Total number of goals: 1707
* Number of covered goals: 1006
* Generated 140 tests with total length 989
* Resulting test suite's coverage: 56% (average coverage for all fitness functions)
* Generating assertions
* Resulting test suite's mutation score: 20%
* Compiling and checking tests
[MASTER] 02:53:17.408 [logback-1] WARN  JUnitAnalyzer - Found unstable test named test0 -> class java.lang.AssertionError: Exception was not thrown in com.soops.CEN4010.JMCA.JParser.JavaParserTokenManager but in org.junit.Assert.fail(Assert.java:88): java.lang.AssertionError: Expecting exception: Error
[MASTER] 02:53:17.408 [logback-1] WARN  JUnitAnalyzer - Failing test:
 StringReader stringReader0 = new StringReader("74tr\"@d~~qXP!-6zpF");
JavaCharStream javaCharStream0 = new JavaCharStream(stringReader0);
JavaParserTokenManager javaParserTokenManager0 = new JavaParserTokenManager(javaCharStream0);
javaParserTokenManager0.getNextToken();
javaParserTokenManager0.getNextToken();

[MASTER] 02:53:17.624 [logback-1] WARN  JUnitAnalyzer - Found unstable test named test0 -> class java.lang.AssertionError: expected:<1> but was:<0>
[MASTER] 02:53:17.624 [logback-1] WARN  JUnitAnalyzer - Failing test:
 StringReader stringReader0 = new StringReader("xDM'e(XK\"");
StringReader stringReader1 = new StringReader("6q*z");
JavaCharStream javaCharStream0 = new JavaCharStream(stringReader1);
JavaParserTokenManager javaParserTokenManager0 = new JavaParserTokenManager(javaCharStream0);
Token token0 = javaParserTokenManager0.getNextToken();
assertEquals(1, javaCharStream0.bufpos);
assertEquals(74, token0.kind);


[MASTER] 02:53:19.989 [logback-1] WARN  JUnitAnalyzer - Found unstable test named test0 -> class java.lang.AssertionError: expected:<10> but was:<5>
[MASTER] 02:53:19.989 [logback-1] WARN  JUnitAnalyzer - Failing test:
 StringReader stringReader0 = new StringReader("wcon<v~97mI8~Q n(");
StringReader stringReader1 = new StringReader("4CAg}dXsDh{P9:");
JavaCharStream javaCharStream0 = new JavaCharStream(stringReader1);
JavaParserTokenManager javaParserTokenManager0 = new JavaParserTokenManager(javaCharStream0);
JavaParserTokenManager javaParserTokenManager1 = new JavaParserTokenManager(javaCharStream0);
javaParserTokenManager1.getNextToken();
javaParserTokenManager1.getNextToken();
JavaParserTokenManager javaParserTokenManager2 = new JavaParserTokenManager(javaCharStream0);
javaParserTokenManager1.getNextToken();
assertEquals(4, javaCharStream0.bufpos);
assertEquals(10, javaCharStream0.getColumn());


[MASTER] 02:53:21.175 [logback-1] WARN  JUnitAnalyzer - Found unstable test named test0 -> class java.lang.AssertionError: expected:<0> but was:<1>
[MASTER] 02:53:21.175 [logback-1] WARN  JUnitAnalyzer - Failing test:
 StringReader stringReader0 = new StringReader("76m");
stringReader0.ready();
JavaCharStream javaCharStream0 = new JavaCharStream(stringReader0);
char[] charArray0 = new char[1];
stringReader0.read(charArray0);
JavaParserTokenManager javaParserTokenManager0 = new JavaParserTokenManager(javaCharStream0);
javaParserTokenManager0.getNextToken();
Token token0 = javaParserTokenManager0.getNextToken();
assertEquals(0, javaCharStream0.bufpos);
assertEquals("", token0.toString());


[MASTER] 02:53:22.889 [logback-1] WARN  JUnitAnalyzer - Found unstable test named test0 -> class java.lang.AssertionError: expected:<74> but was:<66>
[MASTER] 02:53:22.890 [logback-1] WARN  JUnitAnalyzer - Failing test:
 StringReader stringReader0 = new StringReader("W:I%0xtP");
JavaCharStream javaCharStream0 = new JavaCharStream(stringReader0);
stringReader0.read();
JavaCharStream javaCharStream1 = new JavaCharStream(stringReader0, (byte)10, 13);
JavaParserTokenManager javaParserTokenManager0 = new JavaParserTokenManager(javaCharStream1);
javaParserTokenManager0.getNextToken();
javaParserTokenManager0.getNextToken();
JavaParserTokenManager javaParserTokenManager1 = new JavaParserTokenManager(javaCharStream1);
javaParserTokenManager0.getNextToken();
Token token0 = javaParserTokenManager0.getNextToken();
assertEquals(16, javaCharStream1.getBeginColumn());
assertEquals(74, token0.kind);


* Permissions denied during test execution: 
  - java.lang.RuntimePermission: 
         writeFileDescriptor: 7
* Writing JUnit test case 'JavaParserTokenManager_ESTest' to /home/ubuntu/termite/mosa/tests/s1007/19_jmca/evosuite-tests
* Done!

* Computation finished
* EvoSuite 1.0.6
* Configuration: MOSA
* Going to generate test cases for class: com.soops.CEN4010.JMCA.JParser.SimpleNode
* Starting client
* Properties loaded from /home/ubuntu/termite/projects/19_jmca/evosuite-files/evosuite.properties
* Connecting to master process on port 19694
* Analyzing classpath: 
* Inheritance tree loaded from evosuite-files/inheritance.xml.gz
[MASTER] 03:08:19.189 [logback-1] WARN  InheritanceTree - Class not in inheritance graph: java.util.function.Consumer
[MASTER] 03:08:19.207 [logback-1] WARN  InheritanceTree - Class not in inheritance graph: java.util.function.Predicate
[MASTER] 03:08:19.208 [logback-1] WARN  InheritanceTree - Class not in inheritance graph: java.util.function.UnaryOperator
[MASTER] 03:08:19.658 [logback-1] WARN  InheritanceTree - Class not in inheritance graph: java.util.function.Function
* Finished analyzing classpath
* Generating tests for class com.soops.CEN4010.JMCA.JParser.SimpleNode
* Test criteria:
  - Line Coverage
  - Branch Coverage
  - Exception
  - Mutation testing (weak)
  - Method-Output Coverage
  - Top-Level Method Coverage
  - No-Exception Top-Level Method Coverage
  - Context Branch Coverage
* Total number of test goals for MOSA: 360
* Using seed 1007
* Starting evolution
[MASTER] 03:08:29.679 [logback-1] WARN  CoverageArchive - A solution with a timeout/exception result has been added to the archive. The covered goal was com.soops.CEN4010.JMCA.JParser.SimpleNode.dump(Ljava/lang/String;Ljava/io/Writer;)V: Line 155
[MASTER] 03:08:29.686 [logback-1] WARN  CoverageArchive - A solution with a timeout/exception result has been added to the archive. The covered goal was Branch com.soops.CEN4010.JMCA.JParser.SimpleNode.dump(Ljava/lang/String;Ljava/io/Writer;)V: I231 Branch 26 IFNULL L154 - false in context: com.soops.CEN4010.JMCA.JParser.SimpleNode:dump(Ljava/lang/String;Ljava/io/Writer;)V
[MASTER] 03:08:53.285 [logback-1] WARN  CoverageArchive - A solution with a timeout/exception result has been added to the archive. The covered goal was Weak Mutation 84: com.soops.CEN4010.JMCA.JParser.SimpleNode.dump(Ljava/lang/String;Ljava/io/Writer;)V:111 - ReplaceComparisonOperator > -> -2
[MASTER] 03:08:53.285 [logback-1] WARN  CoverageArchive - A solution with a timeout/exception result has been added to the archive. The covered goal was Branch com.soops.CEN4010.JMCA.JParser.SimpleNode.dump(Ljava/lang/String;Ljava/io/Writer;)V: I67 Branch 10 IFGT L111 - true in context: com.soops.CEN4010.JMCA.JParser.SimpleNode:dump(Ljava/lang/String;Ljava/io/Writer;)V
* Search finished after 247s and 256 generations, 105923 statements, best individual has fitness: 152.0
* Going to analyze the coverage criteria
* Coverage analysis for criterion LINE
* Coverage of criterion LINE: 100%
* Total number of goals: 62
* Number of covered goals: 62
* Coverage analysis for criterion BRANCH
* Coverage of criterion BRANCH: 100%
* Total number of goals: 67
* Number of covered goals: 67
* Coverage analysis for criterion EXCEPTION
* Coverage of criterion EXCEPTION: 100%
* Total number of goals: 13
* Number of covered goals: 13
* Coverage analysis for criterion WEAKMUTATION
* Coverage of criterion WEAKMUTATION: 91%
* Total number of goals: 121
* Number of covered goals: 110
* Coverage analysis for criterion OUTPUT
* Coverage of criterion OUTPUT: 53%
* Total number of goals: 17
* Number of covered goals: 9
* Coverage analysis for criterion METHOD
* Coverage of criterion METHOD: 100%
* Total number of goals: 13
* Number of covered goals: 13
* Coverage analysis for criterion METHODNOEXCEPTION
* Coverage of criterion METHODNOEXCEPTION: 100%
* Total number of goals: 13
* Number of covered goals: 13
* Coverage analysis for criterion CBRANCH
* Coverage of criterion CBRANCH: 100%
* Total number of goals: 67
* Number of covered goals: 67
* Generated 45 tests with total length 230
* Resulting test suite's coverage: 95% (average coverage for all fitness functions)
* Generating assertions
* Resulting test suite's mutation score: 82%
* Compiling and checking tests
* Writing JUnit test case 'SimpleNode_ESTest' to /home/ubuntu/termite/mosa/tests/s1007/19_jmca/evosuite-tests
* Done!

* Computation finished
