* EvoSuite 1.0.6
* Configuration: MOSA
* Going to generate test cases for class: com.soops.CEN4010.JMCA.JParser.JavaParserTokenManager
* Starting client
* Properties loaded from /home/ubuntu/termite/projects/19_jmca/evosuite-files/evosuite.properties
* Connecting to master process on port 21001
* Analyzing classpath: 
* Inheritance tree loaded from evosuite-files/inheritance.xml.gz
[MASTER] 01:59:21.534 [logback-1] WARN  InheritanceTree - Class not in inheritance graph: java.util.function.Consumer
[MASTER] 01:59:21.546 [logback-1] WARN  InheritanceTree - Class not in inheritance graph: java.util.function.Predicate
[MASTER] 01:59:21.547 [logback-1] WARN  InheritanceTree - Class not in inheritance graph: java.util.function.UnaryOperator
[MASTER] 01:59:21.551 [logback-1] WARN  InheritanceTree - Class not in inheritance graph: java.util.function.Function
* Finished analyzing classpath
* Generating tests for class com.soops.CEN4010.JMCA.JParser.JavaParserTokenManager
* Test criteria:
  - Line Coverage
  - Branch Coverage
  - Exception
  - Mutation testing (weak)
  - Method-Output Coverage
  - Top-Level Method Coverage
  - No-Exception Top-Level Method Coverage
  - Context Branch Coverage
* Total number of test goals for MOSA: 4855
* Using seed 1025
* Starting evolution
[MASTER] 01:59:29.540 [logback-1] WARN  CoverageArchive - A solution with a timeout/exception result has been added to the archive. The covered goal was com.soops.CEN4010.JMCA.JParser.JavaParserTokenManager.ReInit(Lcom/soops/CEN4010/JMCA/JParser/JavaCharStream;I)V: Line 1550
[MASTER] 01:59:29.540 [logback-1] WARN  CoverageArchive - A solution with a timeout/exception result has been added to the archive. The covered goal was com.soops.CEN4010.JMCA.JParser.JavaParserTokenManager.SwitchTo(I)V: Line 1556
[MASTER] 01:59:29.540 [logback-1] WARN  CoverageArchive - A solution with a timeout/exception result has been added to the archive. The covered goal was com.soops.CEN4010.JMCA.JParser.JavaParserTokenManager.SwitchTo(I)V: Line 1557
[MASTER] 01:59:29.542 [logback-1] WARN  CoverageArchive - A solution with a timeout/exception result has been added to the archive. The covered goal was com.soops.CEN4010.JMCA.JParser.JavaParserTokenManager.SwitchTo(I)V: I6 Branch 811 IFGE L1553 - true
[MASTER] 01:59:29.544 [logback-1] WARN  CoverageArchive - A solution with a timeout/exception result has been added to the archive. The covered goal was Weak Mutation 8184: com.soops.CEN4010.JMCA.JParser.JavaParserTokenManager.SwitchTo(I)V:1553 - ReplaceComparisonOperator >= -> >
[MASTER] 01:59:29.545 [logback-1] WARN  CoverageArchive - A solution with a timeout/exception result has been added to the archive. The covered goal was [METHODNOEX] com.soops.CEN4010.JMCA.JParser.JavaParserTokenManager.ReInit(Lcom/soops/CEN4010/JMCA/JParser/JavaCharStream;I)V
[MASTER] 01:59:44.991 [logback-1] WARN  CoverageArchive - A solution with a timeout/exception result has been added to the archive. The covered goal was Weak Mutation 8183: com.soops.CEN4010.JMCA.JParser.JavaParserTokenManager.SwitchTo(I)V:1553 - ReplaceComparisonOperator >= -> ==
* Search finished after 269s and 71 generations, 48375 statements, best individual has fitness: 15912.0
* Going to analyze the coverage criteria
* Coverage analysis for criterion LINE
* Coverage of criterion LINE: 55%
* Total number of goals: 981
* Number of covered goals: 537
* Coverage analysis for criterion BRANCH
* Coverage of criterion BRANCH: 62%
* Total number of goals: 1707
* Number of covered goals: 1052
* Coverage analysis for criterion EXCEPTION
* Coverage of criterion EXCEPTION: 100%
* Total number of goals: 9
* Number of covered goals: 9
* Coverage analysis for criterion WEAKMUTATION
* Coverage of criterion WEAKMUTATION: 47%
* Total number of goals: 434
* Number of covered goals: 202
* Coverage analysis for criterion OUTPUT
* Coverage of criterion OUTPUT: 50%
* Total number of goals: 4
* Number of covered goals: 2
* Coverage analysis for criterion METHOD
* Coverage of criterion METHOD: 100%
* Total number of goals: 11
* Number of covered goals: 11
* Coverage analysis for criterion METHODNOEXCEPTION
* Coverage of criterion METHODNOEXCEPTION: 100%
* Total number of goals: 11
* Number of covered goals: 11
* Coverage analysis for criterion CBRANCH
* Coverage of criterion CBRANCH: 62%
* Total number of goals: 1707
* Number of covered goals: 1051
* Generated 158 tests with total length 1434
* Resulting test suite's coverage: 59% (average coverage for all fitness functions)
* Generating assertions
* Resulting test suite's mutation score: 21%
* Compiling and checking tests
[MASTER] 02:06:17.409 [logback-1] WARN  JUnitAnalyzer - Found unstable test named test0 -> class java.lang.AssertionError: expected:<6> but was:<3>
[MASTER] 02:06:17.410 [logback-1] WARN  JUnitAnalyzer - Failing test:
 StringReader stringReader0 = new StringReader("<tc/9tl4!lvVEMkZq");
Token.GTToken token_GTToken0 = new Token.GTToken();
JavaCharStream javaCharStream0 = new JavaCharStream(stringReader0, 0, 0);
stringReader0.read();
JavaParserTokenManager javaParserTokenManager0 = new JavaParserTokenManager(javaCharStream0);
javaParserTokenManager0.getNextToken();
JavaParserTokenManager javaParserTokenManager1 = new JavaParserTokenManager(javaCharStream0);
javaParserTokenManager1.getNextToken();
javaParserTokenManager0.getNextToken();
assertEquals(6, javaCharStream0.bufpos);
assertEquals(6, javaCharStream0.getColumn());


[MASTER] 02:06:17.456 [logback-1] WARN  JUnitAnalyzer - Found unstable test named test0 -> class java.lang.AssertionError: Exception was not thrown in com.soops.CEN4010.JMCA.JParser.JavaParserTokenManager but in org.junit.Assert.fail(Assert.java:88): java.lang.AssertionError: Expecting exception: Error
[MASTER] 02:06:17.456 [logback-1] WARN  JUnitAnalyzer - Failing test:
 FileSystemHandling fileSystemHandling0 = new FileSystemHandling();
StringReader stringReader0 = new StringReader("Y9F0EmIwA`D");
stringReader0.reset();
JavaCharStream javaCharStream0 = new JavaCharStream(stringReader0, 43, 43);
stringReader0.read();
JavaParserTokenManager javaParserTokenManager0 = new JavaParserTokenManager(javaCharStream0);
javaParserTokenManager0.getNextToken();
javaParserTokenManager0.getNextToken();

[MASTER] 02:06:18.300 [logback-1] WARN  JUnitAnalyzer - Found unstable test named test0 -> class java.lang.AssertionError: expected:<3> but was:<0>
[MASTER] 02:06:18.301 [logback-1] WARN  JUnitAnalyzer - Failing test:
 StringReader stringReader0 = new StringReader("f5o6T");
JavaCharStream javaCharStream0 = new JavaCharStream(stringReader0, 22, 34);
JavaParserTokenManager javaParserTokenManager0 = new JavaParserTokenManager(javaCharStream0);
Token.GTToken token_GTToken0 = new Token.GTToken();
JavaCharStream javaCharStream1 = new JavaCharStream(stringReader0, (-1623), (-1));
javaCharStream0.bufcolumn = javaParserTokenManager0.jjnewLexState;
stringReader0.read();
JavaParserTokenManager javaParserTokenManager1 = new JavaParserTokenManager(javaCharStream0);
Token token0 = javaParserTokenManager1.getNextToken();
javaParserTokenManager1.TokenLexicalActions(token0);
assertEquals(3, javaCharStream0.bufpos);
assertEquals(37, javaCharStream0.getColumn());


[MASTER] 02:06:18.924 [logback-1] WARN  JUnitAnalyzer - Found unstable test named test0 -> class java.lang.AssertionError: expected:<1467> but was:<1466>
[MASTER] 02:06:18.924 [logback-1] WARN  JUnitAnalyzer - Failing test:
 FileSystemHandling.shouldThrowIOException((EvoSuiteFile) null);
StringReader stringReader0 = new StringReader("~zL/^6i}&,lO");
JavaCharStream javaCharStream0 = new JavaCharStream(stringReader0, 2, 1460);
JavaParserTokenManager javaParserTokenManager0 = new JavaParserTokenManager(javaCharStream0);
javaParserTokenManager0.getNextToken();
javaParserTokenManager0.getNextToken();
javaParserTokenManager0.getNextToken();
Token.newToken(2);
JavaParserTokenManager javaParserTokenManager1 = new JavaParserTokenManager(javaCharStream0);
javaParserTokenManager1.getNextToken();
javaParserTokenManager0.getNextToken();
javaParserTokenManager1.getNextToken();
assertEquals(1467, javaCharStream0.getColumn());
assertEquals(6, javaCharStream0.bufpos);


[MASTER] 02:06:19.421 [logback-1] WARN  JUnitAnalyzer - Found unstable test named test0 -> class java.lang.AssertionError: expected:<6> but was:<5>
[MASTER] 02:06:19.421 [logback-1] WARN  JUnitAnalyzer - Failing test:
 StringReader stringReader0 = new StringReader(",VZ!2Ar8(B(nRDOnkzA");
Token.GTToken token_GTToken0 = new Token.GTToken();
JavaCharStream javaCharStream0 = new JavaCharStream(stringReader0, 1161, 0);
stringReader0.read();
JavaParserTokenManager javaParserTokenManager0 = new JavaParserTokenManager(javaCharStream0);
JavaParserTokenManager javaParserTokenManager1 = new JavaParserTokenManager(javaCharStream0);
stringReader0.read();
JavaParserTokenManager javaParserTokenManager2 = new JavaParserTokenManager(javaCharStream0);
javaParserTokenManager0.getNextToken();
javaParserTokenManager0.getNextToken();
JavaParserTokenManager javaParserTokenManager3 = new JavaParserTokenManager(javaCharStream0);
javaParserTokenManager3.getNextToken();
javaParserTokenManager3.getNextToken();
assertEquals(6, javaCharStream0.bufpos);
assertEquals(6, javaCharStream0.getBeginColumn());


[MASTER] 02:06:19.580 [logback-1] WARN  JUnitAnalyzer - Found unstable test named test0 -> class java.lang.AssertionError: expected:<1> but was:<0>
[MASTER] 02:06:19.580 [logback-1] WARN  JUnitAnalyzer - Failing test:
 PipedInputStream pipedInputStream0 = new PipedInputStream(987);
FileSystemHandling.appendLineToFile((EvoSuiteFile) null, "?6g|Ss4.7qL%vap2x");
StringReader stringReader0 = new StringReader("?6g|Ss4.7qL%vap2x");
StringReader stringReader1 = new StringReader("");
JavaCharStream javaCharStream0 = new JavaCharStream(stringReader0);
stringReader1.read();
JavaParserTokenManager javaParserTokenManager0 = new JavaParserTokenManager(javaCharStream0);
JavaParserTokenManager javaParserTokenManager1 = new JavaParserTokenManager(javaCharStream0);
javaParserTokenManager0.getNextToken();
javaParserTokenManager0.getNextToken();
assertEquals(1, javaCharStream0.bufpos);
assertEquals(3, javaCharStream0.getEndColumn());


[MASTER] 02:06:21.214 [logback-1] WARN  JUnitAnalyzer - Found unstable test named test0 -> class java.lang.AssertionError: expected:<5> but was:<1>
[MASTER] 02:06:21.214 [logback-1] WARN  JUnitAnalyzer - Failing test:
 StringReader stringReader0 = new StringReader("");
StringReader stringReader1 = new StringReader("uT]3lz6OR\u0002O?b");
StringReader stringReader2 = new StringReader("");
JavaCharStream javaCharStream0 = new JavaCharStream(stringReader1, (-1884), (-1884));
JavaParserTokenManager javaParserTokenManager0 = new JavaParserTokenManager(javaCharStream0);
javaParserTokenManager0.getNextToken();
Token token0 = javaParserTokenManager0.getNextToken();
javaParserTokenManager0.getNextToken();
javaParserTokenManager0.SkipLexicalActions(token0);
assertEquals(5, javaCharStream0.bufpos);
assertEquals("]", token0.toString());


* Permissions denied during test execution: 
  - java.lang.RuntimePermission: 
         writeFileDescriptor: 4
* Writing JUnit test case 'JavaParserTokenManager_ESTest' to /home/ubuntu/termite/mosa/tests/s1025/19_jmca/evosuite-tests
* Done!

* Computation finished
* EvoSuite 1.0.6
* Configuration: MOSA
* Going to generate test cases for class: com.soops.CEN4010.JMCA.JParser.JavaCharStream
* Starting client
* Properties loaded from /home/ubuntu/termite/projects/19_jmca/evosuite-files/evosuite.properties
* Connecting to master process on port 21002
* Analyzing classpath: 
* Inheritance tree loaded from evosuite-files/inheritance.xml.gz
* Finished analyzing classpath
* Generating tests for class com.soops.CEN4010.JMCA.JParser.JavaCharStream
* Test criteria:
  - Line Coverage
  - Branch Coverage
  - Exception
  - Mutation testing (weak)
  - Method-Output Coverage
  - Top-Level Method Coverage
  - No-Exception Top-Level Method Coverage
  - Context Branch Coverage
* Total number of test goals for MOSA: 1743
* Using seed 1025
* Starting evolution
* Search finished after 175s and 69 generations, 39623 statements, best individual has fitness: 1400.0
* Going to analyze the coverage criteria
* Coverage analysis for criterion LINE
* Coverage of criterion LINE: 84%
* Total number of goals: 239
* Number of covered goals: 200
* Coverage analysis for criterion BRANCH
* Coverage of criterion BRANCH: 90%
* Total number of goals: 216
* Number of covered goals: 194
* Coverage analysis for criterion EXCEPTION
* Coverage of criterion EXCEPTION: 100%
* Total number of goals: 40
* Number of covered goals: 40
* Coverage analysis for criterion WEAKMUTATION
* Coverage of criterion WEAKMUTATION: 91%
* Total number of goals: 974
* Number of covered goals: 885
* Coverage analysis for criterion OUTPUT
* Coverage of criterion OUTPUT: 92%
* Total number of goals: 36
* Number of covered goals: 33
* Coverage analysis for criterion METHOD
* Coverage of criterion METHOD: 100%
* Total number of goals: 31
* Number of covered goals: 31
* Coverage analysis for criterion METHODNOEXCEPTION
* Coverage of criterion METHODNOEXCEPTION: 100%
* Total number of goals: 31
* Number of covered goals: 31
* Coverage analysis for criterion CBRANCH
* Coverage of criterion CBRANCH: 90%
* Total number of goals: 216
* Number of covered goals: 194
* Generated 162 tests with total length 929
* Resulting test suite's coverage: 90% (average coverage for all fitness functions)
* Generating assertions
* Resulting test suite's mutation score: 44%
* Compiling and checking tests
* Permissions denied during test execution: 
  - java.lang.RuntimePermission: 
         writeFileDescriptor: 8
* Writing JUnit test case 'JavaCharStream_ESTest' to /home/ubuntu/termite/mosa/tests/s1025/19_jmca/evosuite-tests
* Done!

* Computation finished
* EvoSuite 1.0.6
* Configuration: MOSA
* Going to generate test cases for class: com.soops.CEN4010.JMCA.JParser.SimpleNode
* Starting client
* Properties loaded from /home/ubuntu/termite/projects/19_jmca/evosuite-files/evosuite.properties
* Connecting to master process on port 21004
* Analyzing classpath: 
* Inheritance tree loaded from evosuite-files/inheritance.xml.gz
[MASTER] 03:19:48.759 [logback-1] WARN  InheritanceTree - Class not in inheritance graph: java.util.function.Consumer
[MASTER] 03:19:48.763 [logback-1] WARN  InheritanceTree - Class not in inheritance graph: java.util.function.Predicate
[MASTER] 03:19:48.786 [logback-1] WARN  InheritanceTree - Class not in inheritance graph: java.util.function.UnaryOperator
[MASTER] 03:19:49.214 [logback-1] WARN  InheritanceTree - Class not in inheritance graph: java.util.function.Function
* Finished analyzing classpath
* Generating tests for class com.soops.CEN4010.JMCA.JParser.SimpleNode
* Test criteria:
  - Line Coverage
  - Branch Coverage
  - Exception
  - Mutation testing (weak)
  - Method-Output Coverage
  - Top-Level Method Coverage
  - No-Exception Top-Level Method Coverage
  - Context Branch Coverage
* Total number of test goals for MOSA: 360
* Using seed 1025
* Starting evolution
[MASTER] 03:23:00.374 [logback-1] WARN  CoverageArchive - A solution with a timeout/exception result has been added to the archive. The covered goal was com.soops.CEN4010.JMCA.JParser.SimpleNode.dump(Ljava/lang/String;Ljava/io/Writer;)V: Line 155
[MASTER] 03:23:00.375 [logback-1] WARN  CoverageArchive - A solution with a timeout/exception result has been added to the archive. The covered goal was Branch com.soops.CEN4010.JMCA.JParser.SimpleNode.dump(Ljava/lang/String;Ljava/io/Writer;)V: I231 Branch 26 IFNULL L154 - false in context: com.soops.CEN4010.JMCA.JParser.SimpleNode:dump(Ljava/lang/String;Ljava/io/Writer;)V
* Search finished after 248s and 256 generations, 104107 statements, best individual has fitness: 160.0
* Going to analyze the coverage criteria
* Coverage analysis for criterion LINE
* Coverage of criterion LINE: 100%
* Total number of goals: 62
* Number of covered goals: 62
* Coverage analysis for criterion BRANCH
* Coverage of criterion BRANCH: 100%
* Total number of goals: 67
* Number of covered goals: 67
* Coverage analysis for criterion EXCEPTION
* Coverage of criterion EXCEPTION: 100%
* Total number of goals: 13
* Number of covered goals: 13
* Coverage analysis for criterion WEAKMUTATION
* Coverage of criterion WEAKMUTATION: 91%
* Total number of goals: 121
* Number of covered goals: 110
* Coverage analysis for criterion OUTPUT
* Coverage of criterion OUTPUT: 47%
* Total number of goals: 17
* Number of covered goals: 8
* Coverage analysis for criterion METHOD
* Coverage of criterion METHOD: 100%
* Total number of goals: 13
* Number of covered goals: 13
* Coverage analysis for criterion METHODNOEXCEPTION
* Coverage of criterion METHODNOEXCEPTION: 100%
* Total number of goals: 13
* Number of covered goals: 13
* Coverage analysis for criterion CBRANCH
* Coverage of criterion CBRANCH: 100%
* Total number of goals: 67
* Number of covered goals: 67
* Generated 44 tests with total length 206
* Resulting test suite's coverage: 95% (average coverage for all fitness functions)
* Generating assertions
* Resulting test suite's mutation score: 83%
* Compiling and checking tests
[MASTER] 03:24:49.733 [logback-1] WARN  JUnitAnalyzer - Found unstable test named test0 -> class java.lang.StackOverflowError: null
[MASTER] 03:24:49.734 [logback-1] WARN  JUnitAnalyzer - Failing test:
 SimpleNode simpleNode0 = new SimpleNode(0);
JJTJavaParserState jJTJavaParserState0 = new JJTJavaParserState();
simpleNode0.jjtAddChild(simpleNode0, 0);
String string0 = "-=/";
StringWriter stringWriter0 = new StringWriter(1477);
simpleNode0.dump(string0, stringWriter0);

* Permissions denied during test execution: 
  - java.lang.RuntimePermission: 
         writeFileDescriptor: 2
* Writing JUnit test case 'SimpleNode_ESTest' to /home/ubuntu/termite/mosa/tests/s1025/19_jmca/evosuite-tests
* Done!

* Computation finished
