* EvoSuite 1.0.6
* Configuration: MOSA
* Going to generate test cases for class: com.lts.io.ArchiveScanner
* Starting client
* Properties loaded from /home/ubuntu/termite/projects/78_caloriecount/evosuite-files/evosuite.properties
* Connecting to master process on port 14958
* Analyzing classpath: 
* Inheritance tree loaded from evosuite-files/inheritance.xml.gz
[MASTER] 18:07:52.806 [logback-1] WARN  InheritanceTree - Class not in inheritance graph: java.util.function.Consumer
[MASTER] 18:07:52.822 [logback-1] WARN  InheritanceTree - Class not in inheritance graph: java.util.function.Predicate
[MASTER] 18:07:52.829 [logback-1] WARN  InheritanceTree - Class not in inheritance graph: java.util.function.UnaryOperator
[MASTER] 18:07:53.534 [logback-1] WARN  InheritanceTree - Class not in inheritance graph: java.util.function.Function
[MASTER] 18:07:54.066 [logback-1] WARN  InheritanceTree - Class not in inheritance graph: java.util.function.BiFunction
[MASTER] 18:07:54.079 [logback-1] WARN  InheritanceTree - Class not in inheritance graph: java.util.function.BiConsumer
* Finished analyzing classpath
* Generating tests for class com.lts.io.ArchiveScanner
* Test criteria:
  - Line Coverage
  - Branch Coverage
  - Exception
  - Mutation testing (weak)
  - Method-Output Coverage
  - Top-Level Method Coverage
  - No-Exception Top-Level Method Coverage
  - Context Branch Coverage
* Total number of test goals for MOSA: 380
* Using seed 1000
* Starting evolution
[MASTER] 18:08:45.083 [logback-2] ERROR TestCluster - Failed to check cache for java.util.Enumeration<E> : Type points to itself
* Search finished after 297s and 899 generations, 272581 statements, best individual has fitness: 360.0
* Going to analyze the coverage criteria
* Coverage analysis for criterion LINE
* Coverage of criterion LINE: 84%
* Total number of goals: 67
* Number of covered goals: 56
* Coverage analysis for criterion BRANCH
* Coverage of criterion BRANCH: 84%
* Total number of goals: 45
* Number of covered goals: 38
* Coverage analysis for criterion EXCEPTION
* Coverage of criterion EXCEPTION: 100%
* Total number of goals: 11
* Number of covered goals: 11
* Coverage analysis for criterion WEAKMUTATION
* Coverage of criterion WEAKMUTATION: 91%
* Total number of goals: 202
* Number of covered goals: 184
* Coverage analysis for criterion OUTPUT
* Coverage of criterion OUTPUT: 80%
* Total number of goals: 5
* Number of covered goals: 4
* Coverage analysis for criterion METHOD
* Coverage of criterion METHOD: 100%
* Total number of goals: 8
* Number of covered goals: 8
* Coverage analysis for criterion METHODNOEXCEPTION
* Coverage of criterion METHODNOEXCEPTION: 100%
* Total number of goals: 8
* Number of covered goals: 8
* Coverage analysis for criterion CBRANCH
* Coverage of criterion CBRANCH: 84%
* Total number of goals: 45
* Number of covered goals: 38
* Generated 44 tests with total length 323
* Resulting test suite's coverage: 88% (average coverage for all fitness functions)
* Generating assertions
* Resulting test suite's mutation score: 59%
* Compiling and checking tests
[MASTER] 18:13:01.713 [logback-1] WARN  JUnitAnalyzer - Found unstable test named test0 -> class java.lang.AssertionError: null
[MASTER] 18:13:01.714 [logback-1] WARN  JUnitAnalyzer - Failing test:
 ImprovedFile improvedFile0 = new ImprovedFile("editAction", "editAction");
ArchiveScanner archiveScanner0 = new ArchiveScanner(improvedFile0);
boolean boolean0 = archiveScanner0.isArchive(improvedFile0);
assertTrue(boolean0);


[MASTER] 18:13:01.939 [logback-1] WARN  JUnitAnalyzer - Found unstable test named test0 -> class java.lang.AssertionError: expected:<2> but was:<0>
[MASTER] 18:13:01.939 [logback-1] WARN  JUnitAnalyzer - Failing test:
 ImprovedFile improvedFile0 = new ImprovedFile("<}<~3^R");
ArchiveScanner archiveScanner0 = new ArchiveScanner(improvedFile0);
int int0 = archiveScanner0.toFileType(improvedFile0);
assertEquals(2, int0);


[MASTER] 18:13:05.083 [logback-1] WARN  JUnitAnalyzer - Found unstable test named test0 -> class java.lang.AssertionError: expected:<0> but was:<2>
[MASTER] 18:13:05.084 [logback-1] WARN  JUnitAnalyzer - Failing test:
 String string0 = ".ear";
ImprovedFile improvedFile0 = new ImprovedFile(".ear");
ArchiveScanner archiveScanner0 = new ArchiveScanner(improvedFile0);
Vector<String> vector0 = new Vector<String>();
archiveScanner0.filesExcluded = vector0;
archiveScanner0.excludes = archiveScanner0.DEFAULT_ARCHIVE_EXTENSIONS;
archiveScanner0.setIncludes(archiveScanner0.DEFAULT_ARCHIVE_EXTENSIONS);
archiveScanner0.processFile(string0);
int int0 = archiveScanner0.toFileType(improvedFile0);
assertEquals(0, int0);


* Permissions denied during test execution: 
  - java.lang.RuntimePermission: 
         writeFileDescriptor: 2
* Writing JUnit test case 'ArchiveScanner_ESTest' to /home/ubuntu/termite/mosa/tests/s1000/78_caloriecount/evosuite-tests
* Done!

* Computation finished
* EvoSuite 1.0.6
* Configuration: MOSA
* Going to generate test cases for class: com.lts.application.international.MessageFormatter
* Starting client
* Properties loaded from /home/ubuntu/termite/projects/78_caloriecount/evosuite-files/evosuite.properties
* Connecting to master process on port 14957
* Analyzing classpath: 
* Inheritance tree loaded from evosuite-files/inheritance.xml.gz
[MASTER] 18:52:27.845 [logback-1] WARN  InheritanceTree - Class not in inheritance graph: java.util.function.Consumer
[MASTER] 18:52:27.958 [logback-1] WARN  InheritanceTree - Class not in inheritance graph: java.util.function.Predicate
[MASTER] 18:52:27.959 [logback-1] WARN  InheritanceTree - Class not in inheritance graph: java.util.function.UnaryOperator
[MASTER] 18:52:28.682 [logback-1] WARN  InheritanceTree - Class not in inheritance graph: java.util.function.Function
[MASTER] 18:52:29.445 [logback-1] WARN  InheritanceTree - Class not in inheritance graph: java.util.function.BiFunction
[MASTER] 18:52:29.447 [logback-1] WARN  InheritanceTree - Class not in inheritance graph: java.util.function.BiConsumer
* Finished analyzing classpath
* Generating tests for class com.lts.application.international.MessageFormatter
* Test criteria:
  - Line Coverage
  - Branch Coverage
  - Exception
  - Mutation testing (weak)
  - Method-Output Coverage
  - Top-Level Method Coverage
  - No-Exception Top-Level Method Coverage
  - Context Branch Coverage
* Total number of test goals for MOSA: 482
* Using seed 1000
* Starting evolution
[MASTER] 18:52:33.156 [logback-2] ERROR TestCluster - Failed to check cache for java.util.Enumeration<E> : Type points to itself
[MASTER] 18:53:59.970 [logback-2] ERROR TestCluster - Failed to check cache for java.util.function.Function<T, R> : Type points to itself
[MASTER] 18:56:31.144 [logback-2] ERROR TestCluster - Failed to check cache for java.util.List<E> : Type points to itself
* Search finished after 254s and 651 generations, 158356 statements, best individual has fitness: 576.0
* Going to analyze the coverage criteria
* Coverage analysis for criterion LINE
* Coverage of criterion LINE: 91%
* Total number of goals: 130
* Number of covered goals: 118
* Coverage analysis for criterion BRANCH
* Coverage of criterion BRANCH: 88%
* Total number of goals: 52
* Number of covered goals: 46
* Coverage analysis for criterion EXCEPTION
* Coverage of criterion EXCEPTION: 100%
* Total number of goals: 26
* Number of covered goals: 26
* Coverage analysis for criterion WEAKMUTATION
* Coverage of criterion WEAKMUTATION: 94%
* Total number of goals: 150
* Number of covered goals: 141
* Coverage analysis for criterion OUTPUT
* Coverage of criterion OUTPUT: 40%
* Total number of goals: 50
* Number of covered goals: 20
* Coverage analysis for criterion METHOD
* Coverage of criterion METHOD: 100%
* Total number of goals: 24
* Number of covered goals: 24
* Coverage analysis for criterion METHODNOEXCEPTION
* Coverage of criterion METHODNOEXCEPTION: 96%
* Total number of goals: 24
* Number of covered goals: 23
* Coverage analysis for criterion CBRANCH
* Coverage of criterion CBRANCH: 88%
* Total number of goals: 52
* Number of covered goals: 46
* Generated 47 tests with total length 230
* Resulting test suite's coverage: 86% (average coverage for all fitness functions)
* Generating assertions
* Resulting test suite's mutation score: 25%
* Compiling and checking tests
* Permissions denied during test execution: 
  - java.lang.RuntimePermission: 
         writeFileDescriptor: 1
* Writing JUnit test case 'MessageFormatter_ESTest' to /home/ubuntu/termite/mosa/tests/s1000/78_caloriecount/evosuite-tests
* Done!

* Computation finished
