* EvoSuite 1.0.6
* Configuration: MOSA
* Going to generate test cases for class: com.lts.application.international.MessageFormatter
* Starting client
* Properties loaded from /home/ubuntu/termite/projects/78_caloriecount/evosuite-files/evosuite.properties
* Connecting to master process on port 2398
* Analyzing classpath: 
[MASTER] 03:27:42.239 [logback-2] ERROR ClientNodeImpl - Error when connecting to master via RMI
java.lang.SecurityException: Unprivileged thread "main" cannot add a privileged thread: failed to add "Statistics sender in client process"
Current privileged threads are: 
"pool-3-thread-1"
"Reference Handler"
"Finalizer"
"Signal Dispatcher"
"Attach Listener"
"RMI TCP Accept-2408"
"RMI Reaper"
"GC Daemon"
"RMI Scheduler(0)"
"RMI RenewClean-[127.0.0.1:17606]"
	at org.evosuite.runtime.sandbox.MSecurityManager.addPrivilegedThread(MSecurityManager.java:396) ~[evosuite.jar:1.0.6]
	at org.evosuite.runtime.sandbox.Sandbox.addPrivilegedThread(Sandbox.java:92) ~[evosuite.jar:1.0.6]
	at org.evosuite.rmi.service.ClientNodeImpl.init(ClientNodeImpl.java:369) ~[evosuite.jar:1.0.6]
	at org.evosuite.rmi.ClientServices.registerServices(ClientServices.java:68) [evosuite.jar:1.0.6]
	at org.evosuite.ClientProcess.run(ClientProcess.java:82) [evosuite.jar:1.0.6]
	at org.evosuite.ClientProcess.main(ClientProcess.java:203) [evosuite.jar:1.0.6]
[MASTER] 03:27:42.306 [logback-2] ERROR ClientProcess - Error when generating tests for: com.lts.application.international.MessageFormatter with seed 1008. Configuration id : MOSA
java.lang.RuntimeException: Could not connect to master process on port 2398
	at org.evosuite.ClientProcess.run(ClientProcess.java:87) ~[evosuite.jar:1.0.6]
	at org.evosuite.ClientProcess.main(ClientProcess.java:203) ~[evosuite.jar:1.0.6]
[MASTER] 03:27:42.751 [main] ERROR ExternalProcessHandler - Class com.lts.application.international.MessageFormatter. Lost connection with clients.
ClientNode: INITIALIZATION

java.rmi.UnmarshalException: Error unmarshaling return header; nested exception is: 
	java.io.EOFException
	at sun.rmi.transport.StreamRemoteCall.executeCall(StreamRemoteCall.java:236) ~[na:1.8.0_201]
	at sun.rmi.server.UnicastRef.invoke(UnicastRef.java:161) ~[na:1.8.0_201]
	at java.rmi.server.RemoteObjectInvocationHandler.invokeRemoteMethod(RemoteObjectInvocationHandler.java:227) ~[na:1.8.0_201]
	at java.rmi.server.RemoteObjectInvocationHandler.invoke(RemoteObjectInvocationHandler.java:179) ~[na:1.8.0_201]
	at com.sun.proxy.$Proxy7.waitUntilFinished(Unknown Source) ~[na:na]
	at org.evosuite.utils.ExternalProcessHandler.waitForResult(ExternalProcessHandler.java:608) ~[evosuite.jar:1.0.6]
	at org.evosuite.executionmode.TestGeneration.generateTests(TestGeneration.java:498) [evosuite.jar:1.0.6]
	at org.evosuite.executionmode.TestGeneration.executeTestGeneration(TestGeneration.java:79) [evosuite.jar:1.0.6]
	at org.evosuite.EvoSuite.parseCommandLine(EvoSuite.java:269) [evosuite.jar:1.0.6]
	at org.evosuite.EvoSuite.main(EvoSuite.java:302) [evosuite.jar:1.0.6]
Caused by: java.io.EOFException: null
	at java.io.DataInputStream.readByte(DataInputStream.java:267) ~[na:1.8.0_201]
	at sun.rmi.transport.StreamRemoteCall.executeCall(StreamRemoteCall.java:222) ~[na:1.8.0_201]
	... 9 common frames omitted
* Computation finished
[MASTER] 03:27:42.860 [main] ERROR SearchStatistics - No statistics has been saved because EvoSuite failed to generate any test case
[MASTER] 03:27:42.961 [main] ERROR TestGeneration - failed to write statistics data
* EvoSuite 1.0.6
* Configuration: MOSA
* Going to generate test cases for class: com.lts.io.ArchiveScanner
* Starting client
* Properties loaded from /home/ubuntu/termite/projects/78_caloriecount/evosuite-files/evosuite.properties
* Connecting to master process on port 2401
* Analyzing classpath: 
* Inheritance tree loaded from evosuite-files/inheritance.xml.gz
[MASTER] 03:33:25.976 [logback-1] WARN  InheritanceTree - Class not in inheritance graph: java.util.function.Consumer
[MASTER] 03:33:25.994 [logback-1] WARN  InheritanceTree - Class not in inheritance graph: java.util.function.Predicate
[MASTER] 03:33:25.997 [logback-1] WARN  InheritanceTree - Class not in inheritance graph: java.util.function.UnaryOperator
[MASTER] 03:33:26.779 [logback-1] WARN  InheritanceTree - Class not in inheritance graph: java.util.function.Function
[MASTER] 03:33:27.319 [logback-1] WARN  InheritanceTree - Class not in inheritance graph: java.util.function.BiFunction
[MASTER] 03:33:27.328 [logback-1] WARN  InheritanceTree - Class not in inheritance graph: java.util.function.BiConsumer
* Finished analyzing classpath
* Generating tests for class com.lts.io.ArchiveScanner
* Test criteria:
  - Line Coverage
  - Branch Coverage
  - Exception
  - Mutation testing (weak)
  - Method-Output Coverage
  - Top-Level Method Coverage
  - No-Exception Top-Level Method Coverage
  - Context Branch Coverage
* Total number of test goals for MOSA: 380
* Using seed 1008
* Starting evolution
[MASTER] 03:34:27.970 [logback-2] ERROR TestCluster - Failed to check cache for java.util.Enumeration<E> : Type points to itself
* Search finished after 245s and 899 generations, 274665 statements, best individual has fitness: 360.0
* Going to analyze the coverage criteria
* Coverage analysis for criterion LINE
* Coverage of criterion LINE: 84%
* Total number of goals: 67
* Number of covered goals: 56
* Coverage analysis for criterion BRANCH
* Coverage of criterion BRANCH: 87%
* Total number of goals: 45
* Number of covered goals: 39
* Coverage analysis for criterion EXCEPTION
* Coverage of criterion EXCEPTION: 100%
* Total number of goals: 10
* Number of covered goals: 10
* Coverage analysis for criterion WEAKMUTATION
* Coverage of criterion WEAKMUTATION: 90%
* Total number of goals: 202
* Number of covered goals: 182
* Coverage analysis for criterion OUTPUT
* Coverage of criterion OUTPUT: 80%
* Total number of goals: 5
* Number of covered goals: 4
* Coverage analysis for criterion METHOD
* Coverage of criterion METHOD: 100%
* Total number of goals: 8
* Number of covered goals: 8
* Coverage analysis for criterion METHODNOEXCEPTION
* Coverage of criterion METHODNOEXCEPTION: 100%
* Total number of goals: 8
* Number of covered goals: 8
* Coverage analysis for criterion CBRANCH
* Coverage of criterion CBRANCH: 87%
* Total number of goals: 45
* Number of covered goals: 39
* Generated 50 tests with total length 339
* Resulting test suite's coverage: 88% (average coverage for all fitness functions)
* Generating assertions
* Resulting test suite's mutation score: 39%
* Compiling and checking tests
[MASTER] 03:37:43.464 [logback-1] WARN  JUnitAnalyzer - Found unstable test named test0 -> class java.lang.AssertionError: expected:<2> but was:<0>
[MASTER] 03:37:43.464 [logback-1] WARN  JUnitAnalyzer - Failing test:
 ImprovedFile improvedFile0 = new ImprovedFile("M__V#GSqC0gg^");
ArchiveScanner archiveScanner0 = new ArchiveScanner(improvedFile0);
int int0 = archiveScanner0.toFileType(improvedFile0);
assertEquals(2, int0);


[MASTER] 03:37:43.557 [logback-1] WARN  JUnitAnalyzer - Found unstable test named test0 -> class java.lang.AssertionError: null
[MASTER] 03:37:43.557 [logback-1] WARN  JUnitAnalyzer - Failing test:
 ImprovedFile improvedFile0 = new ImprovedFile("r");
ArchiveScanner archiveScanner0 = new ArchiveScanner(improvedFile0);
boolean boolean0 = archiveScanner0.isArchive(improvedFile0);
assertTrue(boolean0);


* Permissions denied during test execution: 
  - java.lang.RuntimePermission: 
         writeFileDescriptor: 2
* Writing JUnit test case 'ArchiveScanner_ESTest' to /home/ubuntu/termite/mosa/tests/s1008/78_caloriecount/evosuite-tests
* Done!

* Computation finished
