* EvoSuite 1.0.6
* Configuration: MOSA
* Going to generate test cases for class: org.databene.jdbacl.SQLUtil
* EvoSuite 1.0.6
* Configuration: MOSA
* Going to generate test cases for class: org.databene.jdbacl.DBUtil
* Starting client
* Properties loaded from /home/ubuntu/termite/projects/13_jdbacl/evosuite-files/evosuite.properties
* Connecting to master process on port 11931
* Starting client
* Properties loaded from /home/ubuntu/termite/projects/13_jdbacl/evosuite-files/evosuite.properties
* Connecting to master process on port 11930
* Analyzing classpath: 
* Analyzing classpath: 
* Inheritance tree loaded from evosuite-files/inheritance.xml.gz
* Inheritance tree loaded from evosuite-files/inheritance.xml.gz
[MASTER] 23:08:17.468 [logback-1] WARN  InheritanceTree - Class not in inheritance graph: java.util.function.Consumer
[MASTER] 23:08:17.523 [logback-1] WARN  InheritanceTree - Class not in inheritance graph: java.util.function.Predicate
[MASTER] 23:08:17.524 [logback-1] WARN  InheritanceTree - Class not in inheritance graph: java.util.function.UnaryOperator
[MASTER] 23:08:17.725 [logback-1] WARN  InheritanceTree - Class not in inheritance graph: java.util.function.BiFunction
[MASTER] 23:08:17.725 [logback-1] WARN  InheritanceTree - Class not in inheritance graph: java.util.function.Function
[MASTER] 23:08:17.750 [logback-1] WARN  InheritanceTree - Class not in inheritance graph: java.util.function.BiConsumer
[MASTER] 23:08:21.062 [logback-1] WARN  InheritanceTree - Class not in inheritance graph: java.sql.SQLType
[MASTER] 23:08:22.584 [logback-1] WARN  InheritanceTree - Class not in inheritance graph: java.sql.SQLType
[MASTER] 23:08:22.988 [logback-1] WARN  InheritanceTree - Class not in inheritance graph: java.util.function.BiFunction
[MASTER] 23:08:22.988 [logback-1] WARN  InheritanceTree - Class not in inheritance graph: java.util.function.Function
[MASTER] 23:08:23.016 [logback-1] WARN  InheritanceTree - Class not in inheritance graph: java.util.function.BiConsumer
[MASTER] 23:08:23.193 [logback-1] WARN  InheritanceTree - Class not in inheritance graph: java.util.function.Consumer
[MASTER] 23:08:23.214 [logback-1] WARN  InheritanceTree - Class not in inheritance graph: java.util.function.Predicate
[MASTER] 23:08:23.215 [logback-1] WARN  InheritanceTree - Class not in inheritance graph: java.util.function.UnaryOperator
[MASTER] 23:08:24.164 [logback-1] WARN  InheritanceTree - Class not in inheritance graph: java.time.temporal.Temporal
[MASTER] 23:08:24.164 [logback-1] WARN  InheritanceTree - Class not in inheritance graph: java.time.ZoneId
[MASTER] 23:08:24.165 [logback-1] WARN  InheritanceTree - Class not in inheritance graph: java.time.temporal.TemporalAccessor
[MASTER] 23:08:24.165 [logback-1] WARN  InheritanceTree - Class not in inheritance graph: java.time.temporal.TemporalField
[MASTER] 23:08:24.166 [logback-1] WARN  InheritanceTree - Class not in inheritance graph: java.time.temporal.TemporalUnit
[MASTER] 23:08:24.166 [logback-1] WARN  InheritanceTree - Class not in inheritance graph: java.time.temporal.TemporalAmount
[MASTER] 23:08:24.167 [logback-1] WARN  InheritanceTree - Class not in inheritance graph: java.time.Clock
[MASTER] 23:08:24.198 [logback-1] WARN  InheritanceTree - Class not in inheritance graph: java.time.temporal.TemporalQuery
[MASTER] 23:08:24.199 [logback-1] WARN  InheritanceTree - Class not in inheritance graph: java.time.temporal.TemporalAdjuster
[MASTER] 23:08:28.599 [logback-1] WARN  InheritanceTree - Class not in inheritance graph: java.time.ZoneId
[MASTER] 23:08:28.642 [logback-1] WARN  InheritanceTree - Class not in inheritance graph: java.time.temporal.TemporalAccessor
[MASTER] 23:08:28.642 [logback-1] WARN  InheritanceTree - Class not in inheritance graph: java.time.Clock
[MASTER] 23:08:28.651 [logback-1] WARN  InheritanceTree - Class not in inheritance graph: java.time.temporal.Temporal
[MASTER] 23:08:28.676 [logback-1] WARN  InheritanceTree - Class not in inheritance graph: java.time.temporal.TemporalField
[MASTER] 23:08:28.677 [logback-1] WARN  InheritanceTree - Class not in inheritance graph: java.time.temporal.TemporalUnit
[MASTER] 23:08:28.677 [logback-1] WARN  InheritanceTree - Class not in inheritance graph: java.time.temporal.TemporalAmount
[MASTER] 23:08:28.679 [logback-1] WARN  InheritanceTree - Class not in inheritance graph: java.time.temporal.TemporalQuery
[MASTER] 23:08:28.680 [logback-1] WARN  InheritanceTree - Class not in inheritance graph: java.time.temporal.TemporalAdjuster
[MASTER] 23:08:28.722 [logback-1] WARN  InheritanceTree - Class not in inheritance graph: java.util.function.ToDoubleFunction
[MASTER] 23:08:28.722 [logback-1] WARN  InheritanceTree - Class not in inheritance graph: java.util.function.ToIntFunction
[MASTER] 23:08:28.737 [logback-1] WARN  InheritanceTree - Class not in inheritance graph: java.util.function.ToLongFunction
[MASTER] 23:08:29.662 [logback-1] WARN  InheritanceTree - Class not in inheritance graph: java.util.function.ToDoubleFunction
[MASTER] 23:08:29.662 [logback-1] WARN  InheritanceTree - Class not in inheritance graph: java.util.function.ToIntFunction
[MASTER] 23:08:29.663 [logback-1] WARN  InheritanceTree - Class not in inheritance graph: java.util.function.ToLongFunction
[MASTER] 23:08:29.842 [logback-1] WARN  InheritanceTree - Class not in inheritance graph: java.time.chrono.Chronology
[MASTER] 23:08:30.618 [logback-1] WARN  InheritanceTree - Class not in inheritance graph: java.time.chrono.Chronology
[MASTER] 23:08:31.450 [logback-1] WARN  InheritanceTree - Class not in inheritance graph: java.time.chrono.Era
[MASTER] 23:08:33.862 [logback-1] WARN  InheritanceTree - Class not in inheritance graph: java.time.chrono.Era
* Finished analyzing classpath
* Generating tests for class org.databene.jdbacl.SQLUtil
* Test criteria:
  - Line Coverage
  - Branch Coverage
  - Exception
  - Mutation testing (weak)
  - Method-Output Coverage
  - Top-Level Method Coverage
  - No-Exception Top-Level Method Coverage
  - Context Branch Coverage
* Total number of test goals for MOSA: 1394
* Using seed 1023
* Starting evolution
* Finished analyzing classpath
* Generating tests for class org.databene.jdbacl.DBUtil
* Test criteria:
  - Line Coverage
  - Branch Coverage
  - Exception
  - Mutation testing (weak)
  - Method-Output Coverage
  - Top-Level Method Coverage
  - No-Exception Top-Level Method Coverage
  - Context Branch Coverage
* Total number of test goals for MOSA: 1775
* Using seed 1023
* Starting evolution
[MASTER] 23:08:39.625 [logback-2] ERROR TestCluster - Failed to check cache for org.databene.jdbacl.model.CompositeDBObject<C> : Type points to itself
[MASTER] 23:08:46.082 [logback-1] WARN  TestChromosome - Functional mock problem: org.evosuite.ga.ConstructionFailedException: Have no generator for class org.hsqldb.jdbc.jdbcResultSet canUseFunctionalMocks=false, canBeMocked: true
[MASTER] 23:08:48.309 [logback-1] WARN  TestChromosome - Functional mock problem: org.evosuite.ga.ConstructionFailedException: Failed to add constructor for org.hsqldb.Result due to org.evosuite.ga.ConstructionFailedException: Failed to add constructor for org.h2.index.PageDataIndex due to org.evosuite.ga.ConstructionFailedException: Failed to add constructor for org.h2.engine.Session due to org.evosuite.ga.ConstructionFailedException: Failed to add constructor for org.h2.engine.Database due to org.evosuite.ga.ConstructionFailedException: Failed to add constructor for org.h2.engine.ConnectionInfo due to org.evosuite.ga.ConstructionFailedException: Max recursion depth reached
[MASTER] 23:08:56.195 [logback-2] ERROR TestCluster - Failed to check cache for org.databene.jdbacl.model.CompositeDBObject<C> : Type points to itself
[MASTER] 23:09:04.372 [logback-1] WARN  TestChromosome - Functional mock problem: org.evosuite.ga.ConstructionFailedException: Failed to add constructor for org.firebirdsql.gds.impl.GDSHelper due to org.evosuite.ga.ConstructionFailedException: Have no generator for class org.firebirdsql.jdbc.FBConnection canUseFunctionalMocks=false, canBeMocked: true
[MASTER] 23:09:26.453 [logback-1] WARN  TestChromosome - Functional mock problem: org.evosuite.ga.ConstructionFailedException: Failed to add constructor for org.hsqldb.Result due to org.evosuite.ga.ConstructionFailedException: Failed to add constructor for org.hsqldb.jdbc.jdbcCallableStatement due to org.evosuite.ga.ConstructionFailedException: Failed to add constructor for org.hsqldb.jdbc.jdbcConnection due to org.evosuite.ga.ConstructionFailedException: Max recursion depth reached
[MASTER] 23:09:51.519 [logback-1] WARN  CoverageArchive - A solution with a timeout/exception result has been added to the archive. The covered goal was [Output]: org.databene.jdbacl.SQLUtil.appendConstraintName(Lorg/databene/jdbacl/model/DBConstraint;Ljava/lang/StringBuilder;Lorg/databene/jdbacl/NameSpec;)Ljava/lang/StringBuilder;:Null
* Search finished after 93s and 130 generations, 42090 statements, best individual has fitness: 4848.0
* Going to analyze the coverage criteria
* Coverage analysis for criterion LINE
* Coverage of criterion LINE: 80%
* Total number of goals: 324
* Number of covered goals: 260
* Coverage analysis for criterion BRANCH
* Coverage of criterion BRANCH: 74%
* Total number of goals: 197
* Number of covered goals: 145
* Coverage analysis for criterion EXCEPTION
* Coverage of criterion EXCEPTION: 100%
* Total number of goals: 71
* Number of covered goals: 71
* Coverage analysis for criterion WEAKMUTATION
* Coverage of criterion WEAKMUTATION: 74%
* Total number of goals: 700
* Number of covered goals: 517
* Coverage analysis for criterion OUTPUT
* Coverage of criterion OUTPUT: 16%
* Total number of goals: 255
* Number of covered goals: 42
* Coverage analysis for criterion METHOD
* Coverage of criterion METHOD: 100%
* Total number of goals: 51
* Number of covered goals: 51
* Coverage analysis for criterion METHODNOEXCEPTION
* Coverage of criterion METHODNOEXCEPTION: 100%
* Total number of goals: 51
* Number of covered goals: 51
* Coverage analysis for criterion CBRANCH
* Coverage of criterion CBRANCH: 60%
* Total number of goals: 197
* Number of covered goals: 118
* Generated 126 tests with total length 570
* Resulting test suite's coverage: 67% (average coverage for all fitness functions)
* Generating assertions
* Resulting test suite's mutation score: 16%
* Compiling and checking tests
[MASTER] 23:10:45.073 [logback-2] ERROR ClassStateSupport - Could not initialize org.firebirdsql.gds.impl.jni.JniGDSImpl: no jaybird21 in java.library.path
[MASTER] 23:10:45.564 [logback-2] ERROR ClassResetter - java.lang.NoClassDefFoundError: Could not initialize class org.firebirdsql.gds.impl.jni.JniGDSImpl
[MASTER] 23:10:46.523 [logback-2] ERROR ClassStateSupport - Could not initialize org.apache.derby.iapi.types.SqlXmlUtil: org/apache/xml/utils/PrefixResolver
[MASTER] 23:11:20.920 [logback-1] WARN  JUnitAnalyzer - Found unstable test named test0 -> class java.sql.SQLException: Invalid argument in JDBC call
[MASTER] 23:11:20.920 [logback-1] WARN  JUnitAnalyzer - Failing test:
 DBUtil.resetMonitors();
HsqlProperties hsqlProperties0 = new HsqlProperties("Using driver ");
jdbcConnection jdbcConnection0 = new jdbcConnection(hsqlProperties0);

* Permissions denied during test execution: 
  - java.io.FilePermission: 
         write /dev/random: 1
  - java.net.SocketPermission: 
         resolve java.lang.String@0000000016: 9
         resolve java.lang.String@0000000027: 1
         resolve java.lang.String@0000000017: 2
         and other 10 cases of action/name for this exception class
  - java.sql.SQLPermission: 
         deregisterDriver: 7
* Writing JUnit test case 'DBUtil_ESTest' to /home/ubuntu/termite/mosa/tests/s1023/13_jdbacl/evosuite-tests
* Done!

* Computation finished
* Search finished after 228s and 392 generations, 164952 statements, best individual has fitness: 1232.0
* Going to analyze the coverage criteria
* Coverage analysis for criterion LINE
* Coverage of criterion LINE: 92%
* Total number of goals: 251
* Number of covered goals: 232
* Coverage analysis for criterion BRANCH
* Coverage of criterion BRANCH: 93%
* Total number of goals: 188
* Number of covered goals: 174
* Coverage analysis for criterion EXCEPTION
* Coverage of criterion EXCEPTION: 100%
* Total number of goals: 51
* Number of covered goals: 51
* Coverage analysis for criterion WEAKMUTATION
* Coverage of criterion WEAKMUTATION: 89%
* Total number of goals: 595
* Number of covered goals: 532
* Coverage analysis for criterion OUTPUT
* Coverage of criterion OUTPUT: 54%
* Total number of goals: 94
* Number of covered goals: 51
* Coverage analysis for criterion METHOD
* Coverage of criterion METHOD: 100%
* Total number of goals: 39
* Number of covered goals: 39
* Coverage analysis for criterion METHODNOEXCEPTION
* Coverage of criterion METHODNOEXCEPTION: 100%
* Total number of goals: 39
* Number of covered goals: 39
* Coverage analysis for criterion CBRANCH
* Coverage of criterion CBRANCH: 93%
* Total number of goals: 188
* Number of covered goals: 174
* Generated 140 tests with total length 616
* Resulting test suite's coverage: 89% (average coverage for all fitness functions)
* Generating assertions
* Resulting test suite's mutation score: 62%
* Compiling and checking tests
[MASTER] 23:13:09.476 [logback-2] ERROR ClassStateSupport - Could not initialize org.firebirdsql.gds.impl.jni.JniGDSImpl: no jaybird21 in java.library.path
[MASTER] 23:13:09.957 [logback-2] ERROR ClassResetter - java.lang.NoClassDefFoundError: Could not initialize class org.firebirdsql.gds.impl.jni.JniGDSImpl
[MASTER] 23:13:13.707 [logback-2] ERROR ClassStateSupport - Could not initialize org.apache.derby.iapi.types.SqlXmlUtil: org/apache/xml/utils/PrefixResolver
* Permissions denied during test execution: 
  - java.io.FilePermission: 
         write /dev/random: 1
  - java.lang.RuntimePermission: 
         writeFileDescriptor: 1
  - java.net.SocketPermission: 
         resolve java.lang.String@0000000026: 1
         resolve java.lang.String@0000000031: 1
         resolve java.lang.String@0000000020: 1
         resolve java.lang.String@0000000022: 1
* Writing JUnit test case 'SQLUtil_ESTest' to /home/ubuntu/termite/mosa/tests/s1023/13_jdbacl/evosuite-tests
* Done!

* Computation finished
