* EvoSuite 1.0.6
* Configuration: MOSA
* Going to generate test cases for class: org.jsecurity.authc.UsernamePasswordToken
* Starting client
* Properties loaded from /home/ubuntu/termite/projects/18_jsecurity/evosuite-files/evosuite.properties
* Connecting to master process on port 20199
* Analyzing classpath: 
* Inheritance tree loaded from evosuite-files/inheritance.xml.gz
* Finished analyzing classpath
* Generating tests for class org.jsecurity.authc.UsernamePasswordToken
* Test criteria:
  - Line Coverage
  - Branch Coverage
  - Exception
  - Mutation testing (weak)
  - Method-Output Coverage
  - Top-Level Method Coverage
  - No-Exception Top-Level Method Coverage
  - Context Branch Coverage
* Total number of test goals for MOSA: 213
* Using seed 1003
* Starting evolution
* Search finished after 321s and 2263 generations, 841404 statements, best individual has fitness: 72.0
* Going to analyze the coverage criteria
* Coverage analysis for criterion LINE
* Coverage of criterion LINE: 100%
* Total number of goals: 54
* Number of covered goals: 54
* Coverage analysis for criterion BRANCH
* Coverage of criterion BRANCH: 100%
* Total number of goals: 29
* Number of covered goals: 29
* Coverage analysis for criterion EXCEPTION
* Coverage of criterion EXCEPTION: 100% (no goals)
* Coverage analysis for criterion WEAKMUTATION
* Coverage of criterion WEAKMUTATION: 96%
* Total number of goals: 23
* Number of covered goals: 22
* Coverage analysis for criterion OUTPUT
* Coverage of criterion OUTPUT: 78%
* Total number of goals: 36
* Number of covered goals: 28
* Coverage analysis for criterion METHOD
* Coverage of criterion METHOD: 100%
* Total number of goals: 21
* Number of covered goals: 21
* Coverage analysis for criterion METHODNOEXCEPTION
* Coverage of criterion METHODNOEXCEPTION: 100%
* Total number of goals: 21
* Number of covered goals: 21
* Coverage analysis for criterion CBRANCH
* Coverage of criterion CBRANCH: 100%
* Total number of goals: 29
* Number of covered goals: 29
* Generated 30 tests with total length 68
* Resulting test suite's coverage: 96% (average coverage for all fitness functions)
* Generating assertions
* Resulting test suite's mutation score: 61%
* Compiling and checking tests
* Permissions denied during test execution: 
  - java.lang.RuntimePermission: 
         writeFileDescriptor: 4
* Writing JUnit test case 'UsernamePasswordToken_ESTest' to /home/ubuntu/termite/mosa/tests/s1003/18_jsecurity/evosuite-tests
* Done!

* Computation finished
* EvoSuite 1.0.6
* Configuration: MOSA
* Going to generate test cases for class: org.jsecurity.web.DefaultWebSecurityManager
* Starting client
* Properties loaded from /home/ubuntu/termite/projects/18_jsecurity/evosuite-files/evosuite.properties
* Connecting to master process on port 20199
* Analyzing classpath: 
* Inheritance tree loaded from evosuite-files/inheritance.xml.gz
[MASTER] 22:07:56.971 [logback-1] WARN  InheritanceTree - Class not in inheritance graph: java.util.function.Consumer
[MASTER] 22:07:57.034 [logback-1] WARN  InheritanceTree - Class not in inheritance graph: java.util.function.Predicate
[MASTER] 22:07:57.035 [logback-1] WARN  InheritanceTree - Class not in inheritance graph: java.util.function.UnaryOperator
[MASTER] 22:07:57.714 [logback-1] WARN  InheritanceTree - Class not in inheritance graph: java.util.function.Function
* Finished analyzing classpath
* Generating tests for class org.jsecurity.web.DefaultWebSecurityManager
* Test criteria:
  - Line Coverage
  - Branch Coverage
  - Exception
  - Mutation testing (weak)
  - Method-Output Coverage
  - Top-Level Method Coverage
  - No-Exception Top-Level Method Coverage
  - Context Branch Coverage
* Total number of test goals for MOSA: 468
* Using seed 1003
* Starting evolution
[MASTER] 22:08:06.436 [logback-1] WARN  CoverageArchive - A solution with a timeout/exception result has been added to the archive. The covered goal was [METHOD] org.jsecurity.web.DefaultWebSecurityManager.isAuthenticated(Lorg/jsecurity/session/Session;)Z
[MASTER] 22:08:06.436 [logback-1] WARN  CoverageArchive - A solution with a timeout/exception result has been added to the archive. The covered goal was [METHOD] org.jsecurity.web.DefaultWebSecurityManager.createSubject(Ljavax/servlet/ServletRequest;Ljavax/servlet/ServletResponse;)Lorg/jsecurity/subject/Subject;
[MASTER] 22:08:06.436 [logback-1] WARN  CoverageArchive - A solution with a timeout/exception result has been added to the archive. The covered goal was [METHOD] org.jsecurity.web.DefaultWebSecurityManager.createSubject(Lorg/jsecurity/subject/PrincipalCollection;ZLorg/jsecurity/session/Session;Ljavax/servlet/ServletRequest;Ljavax/servlet/ServletResponse;)Lorg/jsecurity/subject/Subject;
[MASTER] 22:08:06.436 [logback-1] WARN  CoverageArchive - A solution with a timeout/exception result has been added to the archive. The covered goal was [METHOD] org.jsecurity.web.DefaultWebSecurityManager.createSubject(Lorg/jsecurity/session/Session;Ljavax/servlet/ServletRequest;Ljavax/servlet/ServletResponse;)Lorg/jsecurity/subject/Subject;
[MASTER] 22:08:06.436 [logback-1] WARN  CoverageArchive - A solution with a timeout/exception result has been added to the archive. The covered goal was [METHOD] org.jsecurity.web.DefaultWebSecurityManager.bind(Lorg/jsecurity/subject/Subject;Ljavax/servlet/ServletRequest;Ljavax/servlet/ServletResponse;)V
[MASTER] 22:08:06.437 [logback-1] WARN  CoverageArchive - A solution with a timeout/exception result has been added to the archive. The covered goal was [METHOD] org.jsecurity.web.DefaultWebSecurityManager.bind(Lorg/jsecurity/subject/Subject;)V
[MASTER] 22:08:06.438 [logback-1] WARN  CoverageArchive - A solution with a timeout/exception result has been added to the archive. The covered goal was [METHODNOEX] org.jsecurity.web.DefaultWebSecurityManager.isAuthenticated(Lorg/jsecurity/session/Session;)Z
[MASTER] 22:08:06.438 [logback-1] WARN  CoverageArchive - A solution with a timeout/exception result has been added to the archive. The covered goal was [METHODNOEX] org.jsecurity.web.DefaultWebSecurityManager.createSubject(Ljavax/servlet/ServletRequest;Ljavax/servlet/ServletResponse;)Lorg/jsecurity/subject/Subject;
[MASTER] 22:08:06.438 [logback-1] WARN  CoverageArchive - A solution with a timeout/exception result has been added to the archive. The covered goal was [METHODNOEX] org.jsecurity.web.DefaultWebSecurityManager.createSubject(Lorg/jsecurity/subject/PrincipalCollection;ZLorg/jsecurity/session/Session;Ljavax/servlet/ServletRequest;Ljavax/servlet/ServletResponse;)Lorg/jsecurity/subject/Subject;
[MASTER] 22:08:06.438 [logback-1] WARN  CoverageArchive - A solution with a timeout/exception result has been added to the archive. The covered goal was [METHODNOEX] org.jsecurity.web.DefaultWebSecurityManager.createSubject(Lorg/jsecurity/session/Session;Ljavax/servlet/ServletRequest;Ljavax/servlet/ServletResponse;)Lorg/jsecurity/subject/Subject;
[MASTER] 22:08:06.438 [logback-1] WARN  CoverageArchive - A solution with a timeout/exception result has been added to the archive. The covered goal was [METHODNOEX] org.jsecurity.web.DefaultWebSecurityManager.bind(Lorg/jsecurity/subject/Subject;Ljavax/servlet/ServletRequest;Ljavax/servlet/ServletResponse;)V
[MASTER] 22:08:06.438 [logback-1] WARN  CoverageArchive - A solution with a timeout/exception result has been added to the archive. The covered goal was [METHODNOEX] org.jsecurity.web.DefaultWebSecurityManager.bind(Lorg/jsecurity/subject/Subject;)V
* Search finished after 210s and 141 generations, 31067 statements, best individual has fitness: 784.0
* Going to analyze the coverage criteria
* Coverage analysis for criterion LINE
* Coverage of criterion LINE: 82%
* Total number of goals: 97
* Number of covered goals: 80
* Coverage analysis for criterion BRANCH
* Coverage of criterion BRANCH: 75%
* Total number of goals: 67
* Number of covered goals: 50
* Coverage analysis for criterion EXCEPTION
* Coverage of criterion EXCEPTION: 100%
* Total number of goals: 17
* Number of covered goals: 17
* Coverage analysis for criterion WEAKMUTATION
* Coverage of criterion WEAKMUTATION: 83%
* Total number of goals: 162
* Number of covered goals: 135
* Coverage analysis for criterion OUTPUT
* Coverage of criterion OUTPUT: 38%
* Total number of goals: 29
* Number of covered goals: 11
* Coverage analysis for criterion METHOD
* Coverage of criterion METHOD: 100%
* Total number of goals: 23
* Number of covered goals: 23
* Coverage analysis for criterion METHODNOEXCEPTION
* Coverage of criterion METHODNOEXCEPTION: 96%
* Total number of goals: 23
* Number of covered goals: 22
* Coverage analysis for criterion CBRANCH
* Coverage of criterion CBRANCH: 73%
* Total number of goals: 67
* Number of covered goals: 49
* Generated 37 tests with total length 132
* Resulting test suite's coverage: 80% (average coverage for all fitness functions)
* Generating assertions
* Resulting test suite's mutation score: 35%
* Compiling and checking tests
[MASTER] 22:11:52.024 [logback-1] WARN  JUnitAnalyzer - Found unstable test named test0 -> class org.evosuite.runtime.mock.java.lang.MockIllegalStateException: No ServletRequest found in ThreadContext. Make sure WebUtils.bind() is being called. (typically called by JSecurityFilter)  This could also happen when running integration tests that don't properly call WebUtils.bind().
[MASTER] 22:11:52.024 [logback-1] WARN  JUnitAnalyzer - Failing test:
 DefaultWebSecurityManager defaultWebSecurityManager0 = new DefaultWebSecurityManager();
Subject subject0 = defaultWebSecurityManager0.getSubject();
defaultWebSecurityManager0.bind(subject0, (ServletRequest) null, (ServletResponse) null);

[MASTER] 22:12:00.820 [logback-1] WARN  JUnitAnalyzer - Found unstable test named test0 -> class org.evosuite.runtime.mock.java.lang.MockIllegalStateException: No ServletRequest found in ThreadContext. Make sure WebUtils.bind() is being called. (typically called by JSecurityFilter)  This could also happen when running integration tests that don't properly call WebUtils.bind().
[MASTER] 22:12:00.821 [logback-1] WARN  JUnitAnalyzer - Failing test:
 DefaultWebSecurityManager defaultWebSecurityManager0 = new DefaultWebSecurityManager();
Subject subject0 = defaultWebSecurityManager0.getSubject();
ServletRequest servletRequest0 = mock(ServletRequest.class, new ViolatedAssumptionAnswer());
ServletRequestWrapper servletRequestWrapper0 = new ServletRequestWrapper(servletRequest0);
defaultWebSecurityManager0.bind(subject0, servletRequestWrapper0, (ServletResponse) null);

[MASTER] 22:12:01.729 [logback-1] WARN  JUnitAnalyzer - Found unstable test named test0 -> class org.evosuite.runtime.mock.java.lang.MockIllegalStateException: No ServletRequest found in ThreadContext. Make sure WebUtils.bind() is being called. (typically called by JSecurityFilter)  This could also happen when running integration tests that don't properly call WebUtils.bind().
[MASTER] 22:12:01.729 [logback-1] WARN  JUnitAnalyzer - Failing test:
 DefaultWebSecurityManager defaultWebSecurityManager0 = new DefaultWebSecurityManager();
Subject subject0 = defaultWebSecurityManager0.getSubject();
ServletRequest servletRequest0 = mock(ServletRequest.class, new ViolatedAssumptionAnswer());
ServletRequestWrapper servletRequestWrapper0 = new ServletRequestWrapper(servletRequest0);
defaultWebSecurityManager0.bind(subject0, servletRequestWrapper0, (ServletResponse) null);

* Writing JUnit test case 'DefaultWebSecurityManager_ESTest' to /home/ubuntu/termite/mosa/tests/s1003/18_jsecurity/evosuite-tests
* Done!

* Computation finished
