* EvoSuite 1.0.6
* Configuration: MOSA
* Going to generate test cases for class: com.browsersoft.openhre.hl7.impl.regular.ExpressionMatrixImpl
* Starting client
* Properties loaded from /home/ubuntu/termite/projects/75_openhre/evosuite-files/evosuite.properties
* Connecting to master process on port 21354
* Analyzing classpath: 
* Inheritance tree loaded from evosuite-files/inheritance.xml.gz
[MASTER] 07:25:20.759 [logback-1] WARN  InheritanceTree - Class not in inheritance graph: java.util.function.Consumer
[MASTER] 07:25:21.284 [logback-1] WARN  InheritanceTree - Class not in inheritance graph: java.util.function.Predicate
[MASTER] 07:25:21.293 [logback-1] WARN  InheritanceTree - Class not in inheritance graph: java.util.function.UnaryOperator
* Finished analyzing classpath
* Generating tests for class com.browsersoft.openhre.hl7.impl.regular.ExpressionMatrixImpl
* Test criteria:
  - Line Coverage
  - Branch Coverage
  - Exception
  - Mutation testing (weak)
  - Method-Output Coverage
  - Top-Level Method Coverage
  - No-Exception Top-Level Method Coverage
  - Context Branch Coverage
* Total number of test goals for MOSA: 504
* Using seed 1010
* Starting evolution
* Search finished after 208s and 68 generations, 26810 statements, best individual has fitness: 872.0
* Going to analyze the coverage criteria
* Coverage analysis for criterion LINE
* Coverage of criterion LINE: 85%
* Total number of goals: 68
* Number of covered goals: 58
* Coverage analysis for criterion BRANCH
* Coverage of criterion BRANCH: 78%
* Total number of goals: 58
* Number of covered goals: 45
* Coverage analysis for criterion EXCEPTION
* Coverage of criterion EXCEPTION: 100%
* Total number of goals: 5
* Number of covered goals: 5
* Coverage analysis for criterion WEAKMUTATION
* Coverage of criterion WEAKMUTATION: 77%
* Total number of goals: 284
* Number of covered goals: 219
* Coverage analysis for criterion OUTPUT
* Coverage of criterion OUTPUT: 56%
* Total number of goals: 18
* Number of covered goals: 10
* Coverage analysis for criterion METHOD
* Coverage of criterion METHOD: 100%
* Total number of goals: 9
* Number of covered goals: 9
* Coverage analysis for criterion METHODNOEXCEPTION
* Coverage of criterion METHODNOEXCEPTION: 100%
* Total number of goals: 9
* Number of covered goals: 9
* Coverage analysis for criterion CBRANCH
* Coverage of criterion CBRANCH: 78%
* Total number of goals: 58
* Number of covered goals: 45
* Generated 25 tests with total length 134
* Resulting test suite's coverage: 79% (average coverage for all fitness functions)
* Generating assertions
* Resulting test suite's mutation score: 46%
* Compiling and checking tests
[MASTER] 07:30:42.506 [logback-1] WARN  JUnitAnalyzer - Found unstable test named test23 -> class java.util.concurrent.ExecutionException: org.evosuite.runtime.TooManyResourcesException: Loop has been executed more times than the allowed 10000
[MASTER] 07:30:42.508 [logback-1] WARN  JUnitAnalyzer - Failing test:
 ExpressionMatrixImpl expressionMatrixImpl0 = new ExpressionMatrixImpl();
expressionMatrixImpl0.addNewNode();
expressionMatrixImpl0.creatMatrix(5482);
expressionMatrixImpl0.outNoStandardConnections(false, (ExpressionElementMapper) null);
expressionMatrixImpl0.outNoStandardConnections(false, (ExpressionElementMapper) null);

* Permissions denied during test execution: 
  - java.lang.RuntimePermission: 
         writeFileDescriptor: 7
* Writing JUnit test case 'ExpressionMatrixImpl_ESTest' to /home/ubuntu/termite/mosa/tests/s1010/75_openhre/evosuite-tests
* Done!

* Computation finished
