* EvoSuite 1.0.6
* Configuration: MOSA
* Going to generate test cases for class: org.firebirdsql.encodings.EncodingFactory
* Starting client
* Properties loaded from /home/ubuntu/termite/projects/110_firebird/evosuite-files/evosuite.properties
* Connecting to master process on port 2251
* Analyzing classpath: 
* Inheritance tree loaded from evosuite-files/inheritance.xml.gz
* Finished analyzing classpath
* Generating tests for class org.firebirdsql.encodings.EncodingFactory
* Test criteria:
  - Line Coverage
  - Branch Coverage
  - Exception
  - Mutation testing (weak)
  - Method-Output Coverage
  - Top-Level Method Coverage
  - No-Exception Top-Level Method Coverage
  - Context Branch Coverage
* Total number of test goals for MOSA: 1066
* Using seed 1002
* Starting evolution
* Search finished after 122s and 378 generations, 107455 statements, best individual has fitness: 632.0
* Going to analyze the coverage criteria
* Coverage analysis for criterion LINE
* Coverage of criterion LINE: 94%
* Total number of goals: 242
* Number of covered goals: 228
* Coverage analysis for criterion BRANCH
* Coverage of criterion BRANCH: 96%
* Total number of goals: 195
* Number of covered goals: 188
* Coverage analysis for criterion EXCEPTION
* Coverage of criterion EXCEPTION: 100%
* Total number of goals: 5
* Number of covered goals: 5
* Coverage analysis for criterion WEAKMUTATION
* Coverage of criterion WEAKMUTATION: 91%
* Total number of goals: 387
* Number of covered goals: 351
* Coverage analysis for criterion OUTPUT
* Coverage of criterion OUTPUT: 48%
* Total number of goals: 25
* Number of covered goals: 12
* Coverage analysis for criterion METHOD
* Coverage of criterion METHOD: 100%
* Total number of goals: 11
* Number of covered goals: 11
* Coverage analysis for criterion METHODNOEXCEPTION
* Coverage of criterion METHODNOEXCEPTION: 100%
* Total number of goals: 11
* Number of covered goals: 11
* Coverage analysis for criterion CBRANCH
* Coverage of criterion CBRANCH: 96%
* Total number of goals: 195
* Number of covered goals: 187
* Generated 107 tests with total length 149
* Resulting test suite's coverage: 93% (average coverage for all fitness functions)
* Generating assertions
* Resulting test suite's mutation score: 39%
* Compiling and checking tests
* Writing JUnit test case 'EncodingFactory_ESTest' to /home/ubuntu/termite/mosa/tests/s1002/110_firebird/evosuite-tests
* Done!

* Computation finished
* EvoSuite 1.0.6
* Configuration: MOSA
* Going to generate test cases for class: org.firebirdsql.jdbc.FBCachedFetcher
* EvoSuite 1.0.6
* Configuration: MOSA
* Going to generate test cases for class: org.firebirdsql.jdbc.FBProcedureCall
* Starting client
* Properties loaded from /home/ubuntu/termite/projects/110_firebird/evosuite-files/evosuite.properties
* Starting client
* Properties loaded from /home/ubuntu/termite/projects/110_firebird/evosuite-files/evosuite.properties
* Connecting to master process on port 2250
* Connecting to master process on port 2247
* Analyzing classpath: 
* Analyzing classpath: 
* Inheritance tree loaded from evosuite-files/inheritance.xml.gz
* Finished analyzing classpath
* Generating tests for class org.firebirdsql.jdbc.FBProcedureCall
* Test criteria:
  - Line Coverage
  - Branch Coverage
  - Exception
  - Mutation testing (weak)
  - Method-Output Coverage
  - Top-Level Method Coverage
  - No-Exception Top-Level Method Coverage
  - Context Branch Coverage
* Inheritance tree loaded from evosuite-files/inheritance.xml.gz
* Total number of test goals for MOSA: 766
* Using seed 1002
* Starting evolution
[MASTER] 16:26:09.504 [logback-1] WARN  InheritanceTree - Class not in inheritance graph: java.util.function.Consumer
[MASTER] 16:26:09.523 [logback-1] WARN  InheritanceTree - Class not in inheritance graph: java.util.function.Predicate
[MASTER] 16:26:09.524 [logback-1] WARN  InheritanceTree - Class not in inheritance graph: java.util.function.UnaryOperator
[MASTER] 16:26:09.936 [logback-1] WARN  InheritanceTree - Class not in inheritance graph: java.sql.SQLType
[MASTER] 16:26:10.603 [logback-1] WARN  InheritanceTree - Class not in inheritance graph: java.util.function.BiFunction
[MASTER] 16:26:10.604 [logback-1] WARN  InheritanceTree - Class not in inheritance graph: java.util.function.Function
[MASTER] 16:26:10.604 [logback-1] WARN  InheritanceTree - Class not in inheritance graph: java.util.function.BiConsumer
[MASTER] 16:26:11.702 [logback-1] WARN  InheritanceTree - Class not in inheritance graph: java.time.ZoneId
[MASTER] 16:26:11.722 [logback-1] WARN  InheritanceTree - Class not in inheritance graph: java.time.temporal.TemporalAccessor
[MASTER] 16:26:11.723 [logback-1] WARN  InheritanceTree - Class not in inheritance graph: java.time.Clock
[MASTER] 16:26:11.837 [logback-1] WARN  InheritanceTree - Class not in inheritance graph: java.time.temporal.Temporal
[MASTER] 16:26:11.837 [logback-1] WARN  InheritanceTree - Class not in inheritance graph: java.time.temporal.TemporalField
[MASTER] 16:26:11.838 [logback-1] WARN  InheritanceTree - Class not in inheritance graph: java.time.temporal.TemporalUnit
[MASTER] 16:26:11.838 [logback-1] WARN  InheritanceTree - Class not in inheritance graph: java.time.temporal.TemporalAmount
[MASTER] 16:26:11.839 [logback-1] WARN  InheritanceTree - Class not in inheritance graph: java.time.temporal.TemporalQuery
[MASTER] 16:26:11.839 [logback-1] WARN  InheritanceTree - Class not in inheritance graph: java.time.temporal.TemporalAdjuster
[MASTER] 16:26:12.334 [logback-1] WARN  InheritanceTree - Class not in inheritance graph: java.time.chrono.Chronology
[MASTER] 16:26:12.577 [logback-1] WARN  InheritanceTree - Class not in inheritance graph: java.time.chrono.Era
* Finished analyzing classpath
* Generating tests for class org.firebirdsql.jdbc.FBCachedFetcher
* Test criteria:
  - Line Coverage
  - Branch Coverage
  - Exception
  - Mutation testing (weak)
  - Method-Output Coverage
  - Top-Level Method Coverage
  - No-Exception Top-Level Method Coverage
  - Context Branch Coverage
* Total number of test goals for MOSA: 813
* Using seed 1002
* Starting evolution
[MASTER] 16:26:25.830 [logback-2] ERROR TestCluster - Failed to check cache for java.util.function.Predicate<T> : Type points to itself
[MASTER] 16:26:32.145 [logback-2] ERROR TestCluster - Failed to check cache for java.util.Comparator<T> : Type points to itself
[MASTER] 16:27:35.439 [logback-2] ERROR TestCluster - Failed to check cache for java.util.function.Function<T, R> : Type points to itself
[MASTER] 16:27:36.290 [logback-2] ERROR TestCluster - Failed to check cache for java.util.Enumeration<E> : Type points to itself
* Search finished after 122s and 510 generations, 132793 statements, best individual has fitness: 552.0
* Going to analyze the coverage criteria
* Coverage analysis for criterion LINE
* Coverage of criterion LINE: 95%
* Total number of goals: 117
* Number of covered goals: 111
* Coverage analysis for criterion BRANCH
* Coverage of criterion BRANCH: 92%
* Total number of goals: 98
* Number of covered goals: 90
* Coverage analysis for criterion EXCEPTION
* Coverage of criterion EXCEPTION: 100%
* Total number of goals: 18
* Number of covered goals: 18
* Coverage analysis for criterion WEAKMUTATION
* Coverage of criterion WEAKMUTATION: 93%
* Total number of goals: 347
* Number of covered goals: 323
* Coverage analysis for criterion OUTPUT
* Coverage of criterion OUTPUT: 70%
* Total number of goals: 70
* Number of covered goals: 49
* Coverage analysis for criterion METHOD
* Coverage of criterion METHOD: 94%
* Total number of goals: 18
* Number of covered goals: 17
* Coverage analysis for criterion METHODNOEXCEPTION
* Coverage of criterion METHODNOEXCEPTION: 94%
* Total number of goals: 18
* Number of covered goals: 17
* Coverage analysis for criterion CBRANCH
* Coverage of criterion CBRANCH: 92%
* Total number of goals: 98
* Number of covered goals: 90
* Generated 74 tests with total length 348
* Resulting test suite's coverage: 91% (average coverage for all fitness functions)
* Generating assertions
* Search finished after 122s and 486 generations, 221604 statements, best individual has fitness: 1624.0
* Going to analyze the coverage criteria
* Coverage analysis for criterion LINE
* Coverage of criterion LINE: 63%
* Total number of goals: 158
* Number of covered goals: 100
* Coverage analysis for criterion BRANCH
* Coverage of criterion BRANCH: 51%
* Total number of goals: 118
* Number of covered goals: 60
* Coverage analysis for criterion EXCEPTION
* Coverage of criterion EXCEPTION: 100%
* Total number of goals: 15
* Number of covered goals: 15
* Coverage analysis for criterion WEAKMUTATION
* Coverage of criterion WEAKMUTATION: 96%
* Total number of goals: 347
* Number of covered goals: 333
* Coverage analysis for criterion OUTPUT
* Coverage of criterion OUTPUT: 96%
* Total number of goals: 28
* Number of covered goals: 27
* Coverage analysis for criterion METHOD
* Coverage of criterion METHOD: 100%
* Total number of goals: 22
* Number of covered goals: 22
* Coverage analysis for criterion METHODNOEXCEPTION
* Coverage of criterion METHODNOEXCEPTION: 100%
* Total number of goals: 22
* Number of covered goals: 22
* Coverage analysis for criterion CBRANCH
* Coverage of criterion CBRANCH: 40%
* Total number of goals: 118
* Number of covered goals: 47
* Generated 55 tests with total length 302
* Resulting test suite's coverage: 75% (average coverage for all fitness functions)
* Generating assertions
* Resulting test suite's mutation score: 63%
* Compiling and checking tests
[MASTER] 16:28:25.939 [logback-2] ERROR ClassStateSupport - Could not initialize org.firebirdsql.gds.impl.jni.JniGDSImpl: no jaybird22_x64 in java.library.path
[MASTER] 16:28:25.968 [logback-2] ERROR ClassResetter - java.lang.NoClassDefFoundError: Could not initialize class org.firebirdsql.gds.impl.jni.JniGDSImpl
* Resulting test suite's mutation score: 55%
* Compiling and checking tests
[MASTER] 16:28:38.240 [logback-1] WARN  JUnitAnalyzer - Found unstable test named test0 -> class java.lang.AssertionError: null
[MASTER] 16:28:38.240 [logback-1] WARN  JUnitAnalyzer - Failing test:
 FBProcedureCall fBProcedureCall0 = new FBProcedureCall();
FBProcedureCall fBProcedureCall1 = new FBProcedureCall();
fBProcedureCall1.setName("Rhf^#");
boolean boolean0 = fBProcedureCall1.equals(fBProcedureCall0);
assertFalse(fBProcedureCall0.equals((Object)fBProcedureCall1));
assertTrue(boolean0);


[MASTER] 16:28:38.667 [logback-1] WARN  JUnitAnalyzer - Found unstable test named test0 -> class java.lang.AssertionError: expected:<37> but was:<0>
[MASTER] 16:28:38.667 [logback-1] WARN  JUnitAnalyzer - Failing test:
 FBProcedureCall fBProcedureCall0 = new FBProcedureCall();
FBProcedureParam fBProcedureParam0 = new FBProcedureParam();
fBProcedureCall0.addOutputParam(fBProcedureParam0);
FBProcedureParam fBProcedureParam1 = fBProcedureCall0.getInputParam(37);
assertEquals(37, fBProcedureParam1.getType());

FBProcedureParam fBProcedureParam2 = fBProcedureCall0.getOutputParam((-1));
assertEquals(0, fBProcedureParam2.getType());


[MASTER] 16:28:40.018 [logback-1] WARN  JUnitAnalyzer - Found unstable test named test0 -> class java.lang.OutOfMemoryError: Requested array size exceeds VM limit
[MASTER] 16:28:40.018 [logback-1] WARN  JUnitAnalyzer - Failing test:
 FBProcedureCall fBProcedureCall0 = new FBProcedureCall();
fBProcedureCall0.registerOutParam(2147483645, 2147483645);

[MASTER] 16:28:40.044 [logback-1] WARN  JUnitAnalyzer - Found unstable test named test0 -> class java.lang.OutOfMemoryError: Requested array size exceeds VM limit
[MASTER] 16:28:40.044 [logback-1] WARN  JUnitAnalyzer - Failing test:
 FBProcedureCall fBProcedureCall0 = new FBProcedureCall();
fBProcedureCall0.getInputParam(2147483645);

[MASTER] 16:28:40.076 [logback-1] WARN  JUnitAnalyzer - Found unstable test named test0 -> class java.lang.OutOfMemoryError: Requested array size exceeds VM limit
[MASTER] 16:28:40.076 [logback-1] WARN  JUnitAnalyzer - Failing test:
 FBProcedureCall fBProcedureCall0 = new FBProcedureCall();
FBProcedureCall fBProcedureCall1 = new FBProcedureCall();
fBProcedureCall0.addParam(2147483645, "N&");

* Writing JUnit test case 'FBProcedureCall_ESTest' to /home/ubuntu/termite/mosa/tests/s1002/110_firebird/evosuite-tests
* Done!

* Computation finished
[MASTER] 16:28:45.680 [logback-1] WARN  ClassResetter - java.lang.reflect.InvocationTargetException, caused by: java.lang.NoClassDefFoundError: Could not initialize class org.firebirdsql.gds.impl.jni.JniGDSImpl
* Permissions denied during test execution: 
  - java.security.SecurityPermission: 
         createAccessControlContext: 1
  - javax.security.auth.AuthPermission: 
         getSubject: 8
         doAs: 1
* Writing JUnit test case 'FBCachedFetcher_ESTest' to /home/ubuntu/termite/mosa/tests/s1002/110_firebird/evosuite-tests
* Done!

* Computation finished
