* EvoSuite 1.0.6
* Configuration: MOSA
* Going to generate test cases for class: org.databene.jdbacl.DBUtil
* Starting client
* Properties loaded from /home/ubuntu/termite/projects/13_jdbacl/evosuite-files/evosuite.properties
* Connecting to master process on port 15873
* Analyzing classpath: 
* Inheritance tree loaded from evosuite-files/inheritance.xml.gz
[MASTER] 19:02:53.798 [logback-1] WARN  InheritanceTree - Class not in inheritance graph: java.sql.SQLType
[MASTER] 19:02:54.594 [logback-1] WARN  InheritanceTree - Class not in inheritance graph: java.util.function.BiFunction
[MASTER] 19:02:54.595 [logback-1] WARN  InheritanceTree - Class not in inheritance graph: java.util.function.Function
[MASTER] 19:02:54.599 [logback-1] WARN  InheritanceTree - Class not in inheritance graph: java.util.function.BiConsumer
[MASTER] 19:02:54.918 [logback-1] WARN  InheritanceTree - Class not in inheritance graph: java.util.function.Consumer
[MASTER] 19:02:54.961 [logback-1] WARN  InheritanceTree - Class not in inheritance graph: java.util.function.Predicate
[MASTER] 19:02:54.961 [logback-1] WARN  InheritanceTree - Class not in inheritance graph: java.util.function.UnaryOperator
[MASTER] 19:03:00.500 [logback-1] WARN  InheritanceTree - Class not in inheritance graph: java.time.ZoneId
[MASTER] 19:03:00.502 [logback-1] WARN  InheritanceTree - Class not in inheritance graph: java.time.temporal.TemporalAccessor
[MASTER] 19:03:00.502 [logback-1] WARN  InheritanceTree - Class not in inheritance graph: java.time.Clock
[MASTER] 19:03:00.565 [logback-1] WARN  InheritanceTree - Class not in inheritance graph: java.time.temporal.Temporal
[MASTER] 19:03:00.566 [logback-1] WARN  InheritanceTree - Class not in inheritance graph: java.time.temporal.TemporalField
[MASTER] 19:03:00.573 [logback-1] WARN  InheritanceTree - Class not in inheritance graph: java.time.temporal.TemporalUnit
[MASTER] 19:03:00.574 [logback-1] WARN  InheritanceTree - Class not in inheritance graph: java.time.temporal.TemporalAmount
[MASTER] 19:03:00.575 [logback-1] WARN  InheritanceTree - Class not in inheritance graph: java.time.temporal.TemporalQuery
[MASTER] 19:03:00.575 [logback-1] WARN  InheritanceTree - Class not in inheritance graph: java.time.temporal.TemporalAdjuster
[MASTER] 19:03:01.373 [logback-1] WARN  InheritanceTree - Class not in inheritance graph: java.util.function.ToDoubleFunction
[MASTER] 19:03:01.374 [logback-1] WARN  InheritanceTree - Class not in inheritance graph: java.util.function.ToIntFunction
[MASTER] 19:03:01.374 [logback-1] WARN  InheritanceTree - Class not in inheritance graph: java.util.function.ToLongFunction
[MASTER] 19:03:01.567 [logback-1] WARN  InheritanceTree - Class not in inheritance graph: java.time.chrono.Chronology
[MASTER] 19:03:03.767 [logback-1] WARN  InheritanceTree - Class not in inheritance graph: java.time.chrono.Era
* Finished analyzing classpath
* Generating tests for class org.databene.jdbacl.DBUtil
* Test criteria:
  - Line Coverage
  - Branch Coverage
  - Exception
  - Mutation testing (weak)
  - Method-Output Coverage
  - Top-Level Method Coverage
  - No-Exception Top-Level Method Coverage
  - Context Branch Coverage
* Total number of test goals for MOSA: 1775
* Using seed 1006
* Starting evolution
[MASTER] 19:03:11.046 [logback-2] ERROR TestCluster - Failed to check cache for org.databene.jdbacl.model.CompositeDBObject<C> : Type points to itself
[MASTER] 19:03:21.347 [logback-1] WARN  CoverageArchive - A solution with a timeout/exception result has been added to the archive. The covered goal was Branch org.databene.jdbacl.DBUtil.close(Ljava/sql/ResultSet;)V: I3 Branch 15 IFNULL L283 - true in context: org.databene.jdbacl.DBUtil:close(Ljava/sql/ResultSet;)V
[MASTER] 19:03:43.119 [logback-1] WARN  TestChromosome - Functional mock problem: org.evosuite.ga.ConstructionFailedException: Have no generator for class org.hsqldb.jdbc.jdbcResultSet canUseFunctionalMocks=false, canBeMocked: true
[MASTER] 19:03:49.869 [logback-1] WARN  TestChromosome - Functional mock problem: org.evosuite.ga.ConstructionFailedException: Failed to add constructor for org.hsqldb.Result due to org.evosuite.ga.ConstructionFailedException: Have no generator for class org.firebirdsql.jdbc.FBConnection canUseFunctionalMocks=false, canBeMocked: true
[MASTER] 19:04:38.505 [logback-1] WARN  TestChromosome - Functional mock problem: org.evosuite.ga.ConstructionFailedException: Failed to add constructor for org.hsqldb.Result due to org.evosuite.ga.ConstructionFailedException: Failed to add constructor for org.h2.jdbc.JdbcConnection due to org.evosuite.ga.ConstructionFailedException: Failed to add constructor for org.h2.engine.Session due to org.evosuite.ga.ConstructionFailedException: Failed to add constructor for org.h2.engine.Database due to org.evosuite.ga.ConstructionFailedException: Max recursion depth reached
[MASTER] 19:04:39.775 [logback-1] WARN  TestChromosome - Functional mock problem: org.evosuite.ga.ConstructionFailedException: Failed to add constructor for org.hsqldb.Result due to org.evosuite.ga.ConstructionFailedException: Failed to add constructor for org.postgresql.jdbc4.Jdbc4Connection due to org.evosuite.ga.ConstructionFailedException: Failed to add constructor for org.apache.derby.iapi.services.io.FormatableProperties due to org.evosuite.ga.ConstructionFailedException: Failed to add constructor for org.apache.derby.impl.sql.execute.rts.RealHashTableStatistics due to org.evosuite.ga.ConstructionFailedException: Max recursion depth reached
* Search finished after 125s and 256 generations, 73302 statements, best individual has fitness: 5040.0
* Going to analyze the coverage criteria
* Coverage analysis for criterion LINE
* Coverage of criterion LINE: 78%
* Total number of goals: 324
* Number of covered goals: 254
* Coverage analysis for criterion BRANCH
* Coverage of criterion BRANCH: 72%
* Total number of goals: 197
* Number of covered goals: 142
* Coverage analysis for criterion EXCEPTION
* Coverage of criterion EXCEPTION: 100%
* Total number of goals: 74
* Number of covered goals: 74
* Coverage analysis for criterion WEAKMUTATION
* Coverage of criterion WEAKMUTATION: 72%
* Total number of goals: 700
* Number of covered goals: 502
* Coverage analysis for criterion OUTPUT
* Coverage of criterion OUTPUT: 16%
* Total number of goals: 255
* Number of covered goals: 42
* Coverage analysis for criterion METHOD
* Coverage of criterion METHOD: 100%
* Total number of goals: 51
* Number of covered goals: 51
* Coverage analysis for criterion METHODNOEXCEPTION
* Coverage of criterion METHODNOEXCEPTION: 100%
* Total number of goals: 51
* Number of covered goals: 51
* Coverage analysis for criterion CBRANCH
* Coverage of criterion CBRANCH: 60%
* Total number of goals: 197
* Number of covered goals: 118
* Generated 135 tests with total length 441
* Resulting test suite's coverage: 66% (average coverage for all fitness functions)
* Generating assertions
* Resulting test suite's mutation score: 13%
* Compiling and checking tests
[MASTER] 19:05:33.840 [logback-2] ERROR ClassStateSupport - Could not initialize org.firebirdsql.gds.impl.jni.JniGDSImpl: no jaybird21 in java.library.path
[MASTER] 19:05:34.211 [logback-2] ERROR ClassResetter - java.lang.NoClassDefFoundError: Could not initialize class org.firebirdsql.gds.impl.jni.JniGDSImpl
[MASTER] 19:05:34.948 [logback-2] ERROR ClassStateSupport - Could not initialize org.apache.derby.iapi.types.SqlXmlUtil: org/apache/xml/utils/PrefixResolver
* Permissions denied during test execution: 
  - java.io.FilePermission: 
         write /dev/random: 1
  - java.net.SocketPermission: 
         resolve java.lang.String@0000000027: 2
         resolve java.lang.String@0000000016: 24
         resolve java.lang.String@0000000017: 3
         and other 10 cases of action/name for this exception class
* Writing JUnit test case 'DBUtil_ESTest' to /home/ubuntu/termite/mosa/tests/s1006/13_jdbacl/evosuite-tests
* Done!

* Computation finished
* EvoSuite 1.0.6
* Configuration: MOSA
* Going to generate test cases for class: org.databene.jdbacl.SQLUtil
* Starting client
* Properties loaded from /home/ubuntu/termite/projects/13_jdbacl/evosuite-files/evosuite.properties
* Connecting to master process on port 15879
* Analyzing classpath: 
* Inheritance tree loaded from evosuite-files/inheritance.xml.gz
[MASTER] 19:31:11.272 [logback-1] WARN  InheritanceTree - Class not in inheritance graph: java.util.function.Consumer
[MASTER] 19:31:11.288 [logback-1] WARN  InheritanceTree - Class not in inheritance graph: java.util.function.Predicate
[MASTER] 19:31:11.288 [logback-1] WARN  InheritanceTree - Class not in inheritance graph: java.util.function.UnaryOperator
[MASTER] 19:31:11.347 [logback-1] WARN  InheritanceTree - Class not in inheritance graph: java.util.function.BiFunction
[MASTER] 19:31:11.347 [logback-1] WARN  InheritanceTree - Class not in inheritance graph: java.util.function.Function
[MASTER] 19:31:11.349 [logback-1] WARN  InheritanceTree - Class not in inheritance graph: java.util.function.BiConsumer
[MASTER] 19:31:13.460 [logback-1] WARN  InheritanceTree - Class not in inheritance graph: java.sql.SQLType
[MASTER] 19:31:14.173 [logback-1] WARN  InheritanceTree - Class not in inheritance graph: java.time.temporal.Temporal
[MASTER] 19:31:14.173 [logback-1] WARN  InheritanceTree - Class not in inheritance graph: java.time.ZoneId
[MASTER] 19:31:14.174 [logback-1] WARN  InheritanceTree - Class not in inheritance graph: java.time.temporal.TemporalAccessor
[MASTER] 19:31:14.174 [logback-1] WARN  InheritanceTree - Class not in inheritance graph: java.time.temporal.TemporalField
[MASTER] 19:31:14.174 [logback-1] WARN  InheritanceTree - Class not in inheritance graph: java.time.temporal.TemporalUnit
[MASTER] 19:31:14.174 [logback-1] WARN  InheritanceTree - Class not in inheritance graph: java.time.temporal.TemporalAmount
[MASTER] 19:31:14.197 [logback-1] WARN  InheritanceTree - Class not in inheritance graph: java.time.Clock
[MASTER] 19:31:14.201 [logback-1] WARN  InheritanceTree - Class not in inheritance graph: java.time.temporal.TemporalQuery
[MASTER] 19:31:14.205 [logback-1] WARN  InheritanceTree - Class not in inheritance graph: java.time.temporal.TemporalAdjuster
[MASTER] 19:31:17.117 [logback-1] WARN  InheritanceTree - Class not in inheritance graph: java.util.function.ToDoubleFunction
[MASTER] 19:31:17.118 [logback-1] WARN  InheritanceTree - Class not in inheritance graph: java.util.function.ToIntFunction
[MASTER] 19:31:17.118 [logback-1] WARN  InheritanceTree - Class not in inheritance graph: java.util.function.ToLongFunction
[MASTER] 19:31:18.920 [logback-1] WARN  InheritanceTree - Class not in inheritance graph: java.time.chrono.Chronology
[MASTER] 19:31:20.428 [logback-1] WARN  InheritanceTree - Class not in inheritance graph: java.time.chrono.Era
* Finished analyzing classpath
* Generating tests for class org.databene.jdbacl.SQLUtil
* Test criteria:
  - Line Coverage
  - Branch Coverage
  - Exception
  - Mutation testing (weak)
  - Method-Output Coverage
  - Top-Level Method Coverage
  - No-Exception Top-Level Method Coverage
  - Context Branch Coverage
* Total number of test goals for MOSA: 1394
* Using seed 1006
* Starting evolution
[MASTER] 19:31:22.950 [logback-2] ERROR TestCluster - Failed to check cache for org.databene.jdbacl.model.CompositeDBObject<C> : Type points to itself
[MASTER] 19:31:24.734 [logback-1] WARN  CoverageArchive - A solution with a timeout/exception result has been added to the archive. The covered goal was org.databene.jdbacl.SQLUtil.removeComments(Ljava/lang/String;)Ljava/lang/String;: Line 411
[MASTER] 19:31:24.735 [logback-1] WARN  CoverageArchive - A solution with a timeout/exception result has been added to the archive. The covered goal was org.databene.jdbacl.SQLUtil.removeComments(Ljava/lang/String;)Ljava/lang/String;: Line 414
[MASTER] 19:31:24.735 [logback-1] WARN  CoverageArchive - A solution with a timeout/exception result has been added to the archive. The covered goal was org.databene.jdbacl.SQLUtil.removeComments(Ljava/lang/String;)Ljava/lang/String;: Line 415
[MASTER] 19:31:24.735 [logback-1] WARN  CoverageArchive - A solution with a timeout/exception result has been added to the archive. The covered goal was org.databene.jdbacl.SQLUtil.removeComments(Ljava/lang/String;)Ljava/lang/String;: Line 416
[MASTER] 19:31:24.735 [logback-1] WARN  CoverageArchive - A solution with a timeout/exception result has been added to the archive. The covered goal was org.databene.jdbacl.SQLUtil.removeComments(Ljava/lang/String;)Ljava/lang/String;: Line 417
[MASTER] 19:31:24.736 [logback-1] WARN  CoverageArchive - A solution with a timeout/exception result has been added to the archive. The covered goal was org.databene.jdbacl.SQLUtil.removeComments(Ljava/lang/String;)Ljava/lang/String;: I20 Branch 60 IFLE L416 - false
[MASTER] 19:31:24.736 [logback-1] WARN  CoverageArchive - A solution with a timeout/exception result has been added to the archive. The covered goal was org.databene.jdbacl.SQLUtil.appendConstraintName(Lorg/databene/jdbacl/model/DBConstraint;Ljava/lang/StringBuilder;Lorg/databene/jdbacl/NameSpec;)Ljava/lang/StringBuilder;: I7 Branch 52 IF_ACMPEQ L385 - false
[MASTER] 19:31:24.736 [logback-1] WARN  CoverageArchive - A solution with a timeout/exception result has been added to the archive. The covered goal was org.databene.jdbacl.SQLUtil.appendConstraintName(Lorg/databene/jdbacl/model/DBConstraint;Ljava/lang/StringBuilder;Lorg/databene/jdbacl/NameSpec;)Ljava/lang/StringBuilder;: I10 Branch 53 IF_ACMPNE L385 - true
[MASTER] 19:31:24.737 [logback-1] WARN  CoverageArchive - A solution with a timeout/exception result has been added to the archive. The covered goal was Weak Mutation 372: org.databene.jdbacl.SQLUtil.appendConstraintName(Lorg/databene/jdbacl/model/DBConstraint;Ljava/lang/StringBuilder;Lorg/databene/jdbacl/NameSpec;)Ljava/lang/StringBuilder;:385 - ReplaceComparisonOperator != -> ==
[MASTER] 19:31:24.737 [logback-1] WARN  CoverageArchive - A solution with a timeout/exception result has been added to the archive. The covered goal was Weak Mutation 406: org.databene.jdbacl.SQLUtil.removeComments(Ljava/lang/String;)Ljava/lang/String;:415 - ReplaceConstant - /* -> 
[MASTER] 19:31:24.737 [logback-1] WARN  CoverageArchive - A solution with a timeout/exception result has been added to the archive. The covered goal was Weak Mutation 407: org.databene.jdbacl.SQLUtil.removeComments(Ljava/lang/String;)Ljava/lang/String;:415 - ReplaceConstant - *_/ -> 
[MASTER] 19:31:24.737 [logback-1] WARN  CoverageArchive - A solution with a timeout/exception result has been added to the archive. The covered goal was Weak Mutation 412: org.databene.jdbacl.SQLUtil.removeComments(Ljava/lang/String;)Ljava/lang/String;:416 - ReplaceComparisonOperator <= -> -1
[MASTER] 19:31:24.738 [logback-1] WARN  CoverageArchive - A solution with a timeout/exception result has been added to the archive. The covered goal was [Output]: org.databene.jdbacl.SQLUtil.removeComments(Ljava/lang/String;)Ljava/lang/String;:NonEmptyString
[MASTER] 19:31:24.738 [logback-1] WARN  CoverageArchive - A solution with a timeout/exception result has been added to the archive. The covered goal was [METHOD] org.databene.jdbacl.SQLUtil.removeComments(Ljava/lang/String;)Ljava/lang/String;
[MASTER] 19:31:24.738 [logback-1] WARN  CoverageArchive - A solution with a timeout/exception result has been added to the archive. The covered goal was [METHODNOEX] org.databene.jdbacl.SQLUtil.removeComments(Ljava/lang/String;)Ljava/lang/String;
[MASTER] 19:31:24.738 [logback-1] WARN  CoverageArchive - A solution with a timeout/exception result has been added to the archive. The covered goal was Branch org.databene.jdbacl.SQLUtil.removeComments(Ljava/lang/String;)Ljava/lang/String;: I20 Branch 60 IFLE L416 - false in context: org.databene.jdbacl.SQLUtil:removeComments(Ljava/lang/String;)Ljava/lang/String;
* Search finished after 123s and 338 generations, 143501 statements, best individual has fitness: 1064.0
* Going to analyze the coverage criteria
* Coverage analysis for criterion LINE
* Coverage of criterion LINE: 95%
* Total number of goals: 251
* Number of covered goals: 239
* Coverage analysis for criterion BRANCH
* Coverage of criterion BRANCH: 94%
* Total number of goals: 188
* Number of covered goals: 176
* Coverage analysis for criterion EXCEPTION
* Coverage of criterion EXCEPTION: 100%
* Total number of goals: 50
* Number of covered goals: 50
* Coverage analysis for criterion WEAKMUTATION
* Coverage of criterion WEAKMUTATION: 91%
* Total number of goals: 595
* Number of covered goals: 540
* Coverage analysis for criterion OUTPUT
* Coverage of criterion OUTPUT: 55%
* Total number of goals: 94
* Number of covered goals: 52
* Coverage analysis for criterion METHOD
* Coverage of criterion METHOD: 100%
* Total number of goals: 39
* Number of covered goals: 39
* Coverage analysis for criterion METHODNOEXCEPTION
* Coverage of criterion METHODNOEXCEPTION: 100%
* Total number of goals: 39
* Number of covered goals: 39
* Coverage analysis for criterion CBRANCH
* Coverage of criterion CBRANCH: 94%
* Total number of goals: 188
* Number of covered goals: 176
* Generated 139 tests with total length 668
* Resulting test suite's coverage: 91% (average coverage for all fitness functions)
* Generating assertions
* Resulting test suite's mutation score: 64%
* Compiling and checking tests
[MASTER] 19:33:46.923 [logback-2] ERROR ClassStateSupport - Could not initialize org.firebirdsql.gds.impl.jni.JniGDSImpl: no jaybird21 in java.library.path
[MASTER] 19:33:47.294 [logback-2] ERROR ClassResetter - java.lang.NoClassDefFoundError: Could not initialize class org.firebirdsql.gds.impl.jni.JniGDSImpl
[MASTER] 19:33:47.843 [logback-2] ERROR ClassStateSupport - Could not initialize org.apache.derby.iapi.types.SqlXmlUtil: org/apache/xml/utils/PrefixResolver
* Permissions denied during test execution: 
  - java.io.FilePermission: 
         write /dev/random: 1
  - java.lang.RuntimePermission: 
         writeFileDescriptor: 2
  - java.net.SocketPermission: 
         resolve java.lang.String@0000000127: 1
         resolve java.lang.String@0000000019: 1
         resolve java.lang.String@0000000026: 1
         and other 2 cases of action/name for this exception class
* Writing JUnit test case 'SQLUtil_ESTest' to /home/ubuntu/termite/mosa/tests/s1006/13_jdbacl/evosuite-tests
* Done!

* Computation finished
