* EvoSuite 1.0.6
* Configuration: MOSA
* Going to generate test cases for class: com.soops.CEN4010.JMCA.JParser.JavaParserTokenManager
* EvoSuite 1.0.6
* Configuration: MOSA
* Going to generate test cases for class: com.soops.CEN4010.JMCA.JParser.SimpleNode
* Starting client
* Properties loaded from /home/ubuntu/termite/projects/19_jmca/evosuite-files/evosuite.properties
* Starting client
* Properties loaded from /home/ubuntu/termite/projects/19_jmca/evosuite-files/evosuite.properties
* Connecting to master process on port 19695
* Connecting to master process on port 19697
* Analyzing classpath: 
* Analyzing classpath: 
* Inheritance tree loaded from evosuite-files/inheritance.xml.gz
[MASTER] 19:36:37.471 [logback-1] WARN  InheritanceTree - Class not in inheritance graph: java.util.function.Consumer
[MASTER] 19:36:37.473 [logback-1] WARN  InheritanceTree - Class not in inheritance graph: java.util.function.Predicate
[MASTER] 19:36:37.473 [logback-1] WARN  InheritanceTree - Class not in inheritance graph: java.util.function.UnaryOperator
[MASTER] 19:36:37.814 [logback-1] WARN  InheritanceTree - Class not in inheritance graph: java.util.function.Function
* Finished analyzing classpath
* Generating tests for class com.soops.CEN4010.JMCA.JParser.SimpleNode
* Test criteria:
  - Line Coverage
  - Branch Coverage
  - Exception
  - Mutation testing (weak)
  - Method-Output Coverage
  - Top-Level Method Coverage
  - No-Exception Top-Level Method Coverage
  - Context Branch Coverage
* Total number of test goals for MOSA: 360
* Using seed 1007
* Starting evolution
* Inheritance tree loaded from evosuite-files/inheritance.xml.gz
[MASTER] 19:36:45.609 [logback-1] WARN  InheritanceTree - Class not in inheritance graph: java.util.function.Consumer
[MASTER] 19:36:45.622 [logback-1] WARN  InheritanceTree - Class not in inheritance graph: java.util.function.Predicate
[MASTER] 19:36:45.622 [logback-1] WARN  InheritanceTree - Class not in inheritance graph: java.util.function.UnaryOperator
[MASTER] 19:36:45.626 [logback-1] WARN  InheritanceTree - Class not in inheritance graph: java.util.function.Function
* Finished analyzing classpath
* Generating tests for class com.soops.CEN4010.JMCA.JParser.JavaParserTokenManager
* Test criteria:
  - Line Coverage
  - Branch Coverage
  - Exception
  - Mutation testing (weak)
  - Method-Output Coverage
  - Top-Level Method Coverage
  - No-Exception Top-Level Method Coverage
  - Context Branch Coverage
[MASTER] 19:36:47.024 [logback-1] WARN  CoverageArchive - A solution with a timeout/exception result has been added to the archive. The covered goal was com.soops.CEN4010.JMCA.JParser.SimpleNode.dump(Ljava/lang/String;Ljava/io/Writer;)V: Line 155
[MASTER] 19:36:47.025 [logback-1] WARN  CoverageArchive - A solution with a timeout/exception result has been added to the archive. The covered goal was Branch com.soops.CEN4010.JMCA.JParser.SimpleNode.dump(Ljava/lang/String;Ljava/io/Writer;)V: I231 Branch 26 IFNULL L154 - false in context: com.soops.CEN4010.JMCA.JParser.SimpleNode:dump(Ljava/lang/String;Ljava/io/Writer;)V
* Total number of test goals for MOSA: 4855
* Using seed 1007
* Starting evolution
[MASTER] 19:36:49.441 [logback-1] WARN  CoverageArchive - A solution with a timeout/exception result has been added to the archive. The covered goal was com.soops.CEN4010.JMCA.JParser.JavaParserTokenManager.SkipLexicalActions(Lcom/soops/CEN4010/JMCA/JParser/Token;)V: Line 1715
[MASTER] 19:36:49.444 [logback-1] WARN  CoverageArchive - A solution with a timeout/exception result has been added to the archive. The covered goal was com.soops.CEN4010.JMCA.JParser.JavaParserTokenManager.SkipLexicalActions(Lcom/soops/CEN4010/JMCA/JParser/Token;)V: Line 1720
[MASTER] 19:36:49.445 [logback-1] WARN  CoverageArchive - A solution with a timeout/exception result has been added to the archive. The covered goal was com.soops.CEN4010.JMCA.JParser.JavaParserTokenManager.SkipLexicalActions(Lcom/soops/CEN4010/JMCA/JParser/Token;)V: I4 Branch 840 LOOKUPSWITCH L1715 Default-Case - true
[MASTER] 19:36:49.450 [logback-1] WARN  CoverageArchive - A solution with a timeout/exception result has been added to the archive. The covered goal was [METHOD] com.soops.CEN4010.JMCA.JParser.JavaParserTokenManager.SkipLexicalActions(Lcom/soops/CEN4010/JMCA/JParser/Token;)V
[MASTER] 19:36:49.450 [logback-1] WARN  CoverageArchive - A solution with a timeout/exception result has been added to the archive. The covered goal was [METHODNOEX] com.soops.CEN4010.JMCA.JParser.JavaParserTokenManager.SkipLexicalActions(Lcom/soops/CEN4010/JMCA/JParser/Token;)V
[MASTER] 19:36:49.456 [logback-1] WARN  CoverageArchive - A solution with a timeout/exception result has been added to the archive. The covered goal was Branch com.soops.CEN4010.JMCA.JParser.JavaParserTokenManager.SkipLexicalActions(Lcom/soops/CEN4010/JMCA/JParser/Token;)V: I4 Branch 840 LOOKUPSWITCH L1715 Default-Case - true in context: 
[MASTER] 19:37:37.313 [logback-2] ERROR TestCluster - Failed to check cache for java.util.function.Predicate<T> : Type points to itself
[MASTER] 19:38:34.595 [logback-1] WARN  InheritanceTree - Class not in inheritance graph: java.util.function.BiFunction
[MASTER] 19:38:34.596 [logback-1] WARN  InheritanceTree - Class not in inheritance graph: java.util.function.BiConsumer
* Search finished after 122s and 120 generations, 55401 statements, best individual has fitness: 288.0
* Going to analyze the coverage criteria
* Coverage analysis for criterion LINE
* Coverage of criterion LINE: 98%
* Total number of goals: 62
* Number of covered goals: 61
* Coverage analysis for criterion BRANCH
* Coverage of criterion BRANCH: 94%
* Total number of goals: 67
* Number of covered goals: 63
* Coverage analysis for criterion EXCEPTION
* Coverage of criterion EXCEPTION: 100%
* Total number of goals: 12
* Number of covered goals: 12
* Coverage analysis for criterion WEAKMUTATION
* Coverage of criterion WEAKMUTATION: 85%
* Total number of goals: 121
* Number of covered goals: 103
* Coverage analysis for criterion OUTPUT
* Coverage of criterion OUTPUT: 59%
* Total number of goals: 17
* Number of covered goals: 10
* Coverage analysis for criterion METHOD
* Coverage of criterion METHOD: 100%
* Total number of goals: 13
* Number of covered goals: 13
* Coverage analysis for criterion METHODNOEXCEPTION
* Coverage of criterion METHODNOEXCEPTION: 100%
* Total number of goals: 13
* Number of covered goals: 13
* Coverage analysis for criterion CBRANCH
* Coverage of criterion CBRANCH: 91%
* Total number of goals: 67
* Number of covered goals: 61
* Generated 41 tests with total length 220
* Resulting test suite's coverage: 90% (average coverage for all fitness functions)
* Generating assertions
* Search finished after 129s and 27 generations, 13612 statements, best individual has fitness: 19824.0
* Going to analyze the coverage criteria
* Coverage analysis for criterion LINE
* Coverage of criterion LINE: 43%
* Total number of goals: 981
* Number of covered goals: 418
* Coverage analysis for criterion BRANCH
* Coverage of criterion BRANCH: 52%
* Total number of goals: 1707
* Number of covered goals: 881
* Coverage analysis for criterion EXCEPTION
* Coverage of criterion EXCEPTION: 100%
* Total number of goals: 9
* Number of covered goals: 9
* Coverage analysis for criterion WEAKMUTATION
* Coverage of criterion WEAKMUTATION: 40%
* Total number of goals: 434
* Number of covered goals: 173
* Coverage analysis for criterion OUTPUT
* Coverage of criterion OUTPUT: 50%
* Total number of goals: 4
* Number of covered goals: 2
* Coverage analysis for criterion METHOD
* Coverage of criterion METHOD: 100%
* Total number of goals: 11
* Number of covered goals: 11
* Coverage analysis for criterion METHODNOEXCEPTION
* Coverage of criterion METHODNOEXCEPTION: 100%
* Total number of goals: 11
* Number of covered goals: 11
* Coverage analysis for criterion CBRANCH
* Coverage of criterion CBRANCH: 52%
* Total number of goals: 1707
* Number of covered goals: 881
* Generated 88 tests with total length 673
* Resulting test suite's coverage: 49% (average coverage for all fitness functions)
* Generating assertions
* Resulting test suite's mutation score: 15%
* Compiling and checking tests
[MASTER] 19:39:45.056 [logback-1] WARN  JUnitAnalyzer - Found unstable test named test0 -> class java.lang.AssertionError: expected:<6> but was:<1>
[MASTER] 19:39:45.056 [logback-1] WARN  JUnitAnalyzer - Failing test:
 PipedOutputStream pipedOutputStream0 = new PipedOutputStream();
FileSystemHandling.appendDataToFile((EvoSuiteFile) null, (byte[]) null);
FileSystemHandling.appendDataToFile((EvoSuiteFile) null, (byte[]) null);
StringReader stringReader0 = new StringReader("60sw814<iC@yw+x");
JavaCharStream javaCharStream0 = new JavaCharStream(stringReader0);
JavaParserTokenManager javaParserTokenManager0 = new JavaParserTokenManager(javaCharStream0);
javaParserTokenManager0.getNextToken();
assertEquals(6, javaCharStream0.bufpos);
assertEquals(7, javaCharStream0.getEndColumn());


[MASTER] 19:39:45.096 [logback-1] WARN  JUnitAnalyzer - Found unstable test named test0 -> class java.lang.AssertionError: Exception was not thrown in com.soops.CEN4010.JMCA.JParser.JavaParserTokenManager but in org.junit.Assert.fail(Assert.java:88): java.lang.AssertionError: Expecting exception: Error
[MASTER] 19:39:45.096 [logback-1] WARN  JUnitAnalyzer - Failing test:
 StringReader stringReader0 = new StringReader("srVO[");
JavaCharStream javaCharStream0 = new JavaCharStream(stringReader0);
javaCharStream0.ReadByte();
javaCharStream0.ReadByte();
javaCharStream0.ReadByte();
byte[] byteArray0 = new byte[9];
byteArray0[0] = (byte)24;
byteArray0[1] = (byte)0;
byteArray0[2] = (byte)94;
byteArray0[3] = (byte)44;
byteArray0[4] = (byte)84;
byteArray0[5] = (byte)108;
byteArray0[6] = (byte) (-67);
byteArray0[7] = (byte)105;
byteArray0[8] = (byte)0;
FileSystemHandling.appendDataToFile((EvoSuiteFile) null, byteArray0);
StringReader stringReader1 = new StringReader("=K5@y2_VHW_l#");
StringReader stringReader2 = new StringReader("89");
JavaCharStream javaCharStream1 = new JavaCharStream(stringReader2);
JavaParserTokenManager javaParserTokenManager0 = new JavaParserTokenManager(javaCharStream0);
FileSystemHandling.appendLineToFile((EvoSuiteFile) null, "=K5@y2_VHW_l#");
JavaParserTokenManager javaParserTokenManager1 = new JavaParserTokenManager(javaCharStream1);
javaParserTokenManager1.getNextToken();

[MASTER] 19:39:45.484 [logback-1] WARN  JUnitAnalyzer - Found unstable test named test0 -> class java.lang.AssertionError: expected:<7> but was:<6>
[MASTER] 19:39:45.484 [logback-1] WARN  JUnitAnalyzer - Failing test:
 FileSystemHandling.appendDataToFile((EvoSuiteFile) null, (byte[]) null);
FileSystemHandling.appendDataToFile((EvoSuiteFile) null, (byte[]) null);
StringReader stringReader0 = new StringReader("60sw814<iC@yw+x");
JavaCharStream javaCharStream0 = new JavaCharStream(stringReader0);
JavaParserTokenManager javaParserTokenManager0 = new JavaParserTokenManager(javaCharStream0);
javaParserTokenManager0.getNextToken();
javaParserTokenManager0.MoreLexicalActions();
javaParserTokenManager0.getNextToken();
assertEquals(7, javaCharStream0.bufpos);
assertEquals(8, javaCharStream0.getEndColumn());


* Writing JUnit test case 'JavaParserTokenManager_ESTest' to /home/ubuntu/termite/mosa/tests/s1007/19_jmca/evosuite-tests
* Done!

* Computation finished
* Resulting test suite's mutation score: 87%
* Compiling and checking tests
[MASTER] 19:41:12.092 [logback-1] WARN  JUnitAnalyzer - Found unstable test named test09 -> class java.lang.StackOverflowError: null
[MASTER] 19:41:12.093 [logback-1] WARN  JUnitAnalyzer - Failing test:
 SimpleNode simpleNode0 = new SimpleNode(16);
StringWriter stringWriter0 = new StringWriter();
String string0 = ">=";
Node[] nodeArray0 = new Node[1];
nodeArray0[0] = (Node) simpleNode0;
simpleNode0.children = nodeArray0;
simpleNode0.setIdentifier(">=");
simpleNode0.dump(string0, stringWriter0);

* Writing JUnit test case 'SimpleNode_ESTest' to /home/ubuntu/termite/mosa/tests/s1007/19_jmca/evosuite-tests
* Done!

* Computation finished
* EvoSuite 1.0.6
* Configuration: MOSA
* Going to generate test cases for class: com.soops.CEN4010.JMCA.JParser.JavaCharStream
* Starting client
* Properties loaded from /home/ubuntu/termite/projects/19_jmca/evosuite-files/evosuite.properties
* Connecting to master process on port 19695
* Analyzing classpath: 
* Inheritance tree loaded from evosuite-files/inheritance.xml.gz
* Finished analyzing classpath
* Generating tests for class com.soops.CEN4010.JMCA.JParser.JavaCharStream
* Test criteria:
  - Line Coverage
  - Branch Coverage
  - Exception
  - Mutation testing (weak)
  - Method-Output Coverage
  - Top-Level Method Coverage
  - No-Exception Top-Level Method Coverage
  - Context Branch Coverage
* Total number of test goals for MOSA: 1743
* Using seed 1007
* Starting evolution
* Search finished after 129s and 39 generations, 20328 statements, best individual has fitness: 1232.0
* Going to analyze the coverage criteria
* Coverage analysis for criterion LINE
* Coverage of criterion LINE: 88%
* Total number of goals: 239
* Number of covered goals: 210
* Coverage analysis for criterion BRANCH
* Coverage of criterion BRANCH: 90%
* Total number of goals: 216
* Number of covered goals: 194
* Coverage analysis for criterion EXCEPTION
* Coverage of criterion EXCEPTION: 100%
* Total number of goals: 32
* Number of covered goals: 32
* Coverage analysis for criterion WEAKMUTATION
* Coverage of criterion WEAKMUTATION: 92%
* Total number of goals: 974
* Number of covered goals: 898
* Coverage analysis for criterion OUTPUT
* Coverage of criterion OUTPUT: 86%
* Total number of goals: 36
* Number of covered goals: 31
* Coverage analysis for criterion METHOD
* Coverage of criterion METHOD: 100%
* Total number of goals: 31
* Number of covered goals: 31
* Coverage analysis for criterion METHODNOEXCEPTION
* Coverage of criterion METHODNOEXCEPTION: 100%
* Total number of goals: 31
* Number of covered goals: 31
* Coverage analysis for criterion CBRANCH
* Coverage of criterion CBRANCH: 90%
* Total number of goals: 216
* Number of covered goals: 194
* Generated 132 tests with total length 908
* Resulting test suite's coverage: 91% (average coverage for all fitness functions)
* Generating assertions
* Resulting test suite's mutation score: 40%
* Compiling and checking tests
* Permissions denied during test execution: 
  - java.lang.RuntimePermission: 
         writeFileDescriptor: 8
* Writing JUnit test case 'JavaCharStream_ESTest' to /home/ubuntu/termite/mosa/tests/s1007/19_jmca/evosuite-tests
* Done!

* Computation finished
