* EvoSuite 1.0.6
* Configuration: MOSA
* Going to generate test cases for class: com.soops.CEN4010.JMCA.JParser.JavaParserTokenManager
* EvoSuite 1.0.6
* Configuration: MOSA
* Going to generate test cases for class: com.soops.CEN4010.JMCA.JParser.JavaCharStream
* Starting client
* Properties loaded from /home/ubuntu/termite/projects/19_jmca/evosuite-files/evosuite.properties
* Connecting to master process on port 5942
* Starting client
* Properties loaded from /home/ubuntu/termite/projects/19_jmca/evosuite-files/evosuite.properties
* Connecting to master process on port 5945
* Analyzing classpath: 
* Analyzing classpath: 
* Inheritance tree loaded from evosuite-files/inheritance.xml.gz
* Finished analyzing classpath
* Generating tests for class com.soops.CEN4010.JMCA.JParser.JavaCharStream
* Test criteria:
  - Line Coverage
  - Branch Coverage
  - Exception
  - Mutation testing (weak)
  - Method-Output Coverage
  - Top-Level Method Coverage
  - No-Exception Top-Level Method Coverage
  - Context Branch Coverage
* Total number of test goals for MOSA: 1743
* Using seed 1011
* Starting evolution
* Inheritance tree loaded from evosuite-files/inheritance.xml.gz
[MASTER] 22:55:25.070 [logback-1] WARN  InheritanceTree - Class not in inheritance graph: java.util.function.Consumer
[MASTER] 22:55:25.112 [logback-1] WARN  InheritanceTree - Class not in inheritance graph: java.util.function.Predicate
[MASTER] 22:55:25.112 [logback-1] WARN  InheritanceTree - Class not in inheritance graph: java.util.function.UnaryOperator
[MASTER] 22:55:25.115 [logback-1] WARN  InheritanceTree - Class not in inheritance graph: java.util.function.Function
* Finished analyzing classpath
* Generating tests for class com.soops.CEN4010.JMCA.JParser.JavaParserTokenManager
* Test criteria:
  - Line Coverage
  - Branch Coverage
  - Exception
  - Mutation testing (weak)
  - Method-Output Coverage
  - Top-Level Method Coverage
  - No-Exception Top-Level Method Coverage
  - Context Branch Coverage
* Total number of test goals for MOSA: 4855
* Using seed 1011
* Starting evolution
[MASTER] 22:55:59.526 [logback-1] WARN  CoverageArchive - A solution with a timeout/exception result has been added to the archive. The covered goal was com.soops.CEN4010.JMCA.JParser.JavaCharStream.ReInit(Ljava/io/InputStream;III)V: Line 457
[MASTER] 22:55:59.526 [logback-1] WARN  CoverageArchive - A solution with a timeout/exception result has been added to the archive. The covered goal was com.soops.CEN4010.JMCA.JParser.JavaCharStream.ReInit(Ljava/io/InputStream;III)V: Line 458
[MASTER] 22:55:59.528 [logback-1] WARN  CoverageArchive - A solution with a timeout/exception result has been added to the archive. The covered goal was Weak Mutation 1471: com.soops.CEN4010.JMCA.JParser.JavaCharStream.ReInit(Ljava/io/InputStream;III)V:457 - InsertUnaryOp Negation of startline
[MASTER] 22:55:59.528 [logback-1] WARN  CoverageArchive - A solution with a timeout/exception result has been added to the archive. The covered goal was Weak Mutation 1472: com.soops.CEN4010.JMCA.JParser.JavaCharStream.ReInit(Ljava/io/InputStream;III)V:457 - InsertUnaryOp IINC 1 startline
[MASTER] 22:55:59.528 [logback-1] WARN  CoverageArchive - A solution with a timeout/exception result has been added to the archive. The covered goal was Weak Mutation 1473: com.soops.CEN4010.JMCA.JParser.JavaCharStream.ReInit(Ljava/io/InputStream;III)V:457 - InsertUnaryOp IINC -1 startline
[MASTER] 22:55:59.528 [logback-1] WARN  CoverageArchive - A solution with a timeout/exception result has been added to the archive. The covered goal was Weak Mutation 1485: com.soops.CEN4010.JMCA.JParser.JavaCharStream.ReInit(Ljava/io/InputStream;III)V:457 - InsertUnaryOp Negation of startcolumn
[MASTER] 22:55:59.528 [logback-1] WARN  CoverageArchive - A solution with a timeout/exception result has been added to the archive. The covered goal was Weak Mutation 1486: com.soops.CEN4010.JMCA.JParser.JavaCharStream.ReInit(Ljava/io/InputStream;III)V:457 - InsertUnaryOp IINC 1 startcolumn
[MASTER] 22:55:59.528 [logback-1] WARN  CoverageArchive - A solution with a timeout/exception result has been added to the archive. The covered goal was Weak Mutation 1487: com.soops.CEN4010.JMCA.JParser.JavaCharStream.ReInit(Ljava/io/InputStream;III)V:457 - InsertUnaryOp IINC -1 startcolumn
[MASTER] 22:55:59.528 [logback-1] WARN  CoverageArchive - A solution with a timeout/exception result has been added to the archive. The covered goal was Weak Mutation 1488: com.soops.CEN4010.JMCA.JParser.JavaCharStream.ReInit(Ljava/io/InputStream;III)V:457 - ReplaceConstant - 4096 -> 0
[MASTER] 22:55:59.528 [logback-1] WARN  CoverageArchive - A solution with a timeout/exception result has been added to the archive. The covered goal was Weak Mutation 1489: com.soops.CEN4010.JMCA.JParser.JavaCharStream.ReInit(Ljava/io/InputStream;III)V:457 - ReplaceConstant - 4096 -> 1
[MASTER] 22:55:59.528 [logback-1] WARN  CoverageArchive - A solution with a timeout/exception result has been added to the archive. The covered goal was Weak Mutation 1490: com.soops.CEN4010.JMCA.JParser.JavaCharStream.ReInit(Ljava/io/InputStream;III)V:457 - ReplaceConstant - 4096 -> -1
[MASTER] 22:55:59.528 [logback-1] WARN  CoverageArchive - A solution with a timeout/exception result has been added to the archive. The covered goal was Weak Mutation 1491: com.soops.CEN4010.JMCA.JParser.JavaCharStream.ReInit(Ljava/io/InputStream;III)V:457 - ReplaceConstant - 4096 -> 4095
[MASTER] 22:55:59.528 [logback-1] WARN  CoverageArchive - A solution with a timeout/exception result has been added to the archive. The covered goal was Weak Mutation 1492: com.soops.CEN4010.JMCA.JParser.JavaCharStream.ReInit(Ljava/io/InputStream;III)V:457 - ReplaceConstant - 4096 -> 4097
[MASTER] 22:55:59.528 [logback-1] WARN  CoverageArchive - A solution with a timeout/exception result has been added to the archive. The covered goal was [METHOD] com.soops.CEN4010.JMCA.JParser.JavaCharStream.ReInit(Ljava/io/InputStream;III)V
[MASTER] 22:55:59.528 [logback-1] WARN  CoverageArchive - A solution with a timeout/exception result has been added to the archive. The covered goal was [METHODNOEX] com.soops.CEN4010.JMCA.JParser.JavaCharStream.ReInit(Ljava/io/InputStream;III)V
[MASTER] 22:55:59.528 [logback-1] WARN  CoverageArchive - A solution with a timeout/exception result has been added to the archive. The covered goal was Branch com.soops.CEN4010.JMCA.JParser.JavaCharStream.ReInit(Ljava/io/InputStream;III)V: root-Branch in context: com.soops.CEN4010.JMCA.JParser.JavaCharStream:ReInit(Ljava/io/InputStream;III)V
* Search finished after 126s and 46 generations, 19802 statements, best individual has fitness: 1616.0
* Going to analyze the coverage criteria
* Coverage analysis for criterion LINE
* Coverage of criterion LINE: 83%
* Total number of goals: 239
* Number of covered goals: 199
* Coverage analysis for criterion BRANCH
* Coverage of criterion BRANCH: 87%
* Total number of goals: 216
* Number of covered goals: 188
* Coverage analysis for criterion EXCEPTION
* Coverage of criterion EXCEPTION: 100%
* Total number of goals: 36
* Number of covered goals: 36
* Coverage analysis for criterion WEAKMUTATION
* Coverage of criterion WEAKMUTATION: 90%
* Total number of goals: 974
* Number of covered goals: 873
* Coverage analysis for criterion OUTPUT
* Coverage of criterion OUTPUT: 86%
* Total number of goals: 36
* Number of covered goals: 31
* Coverage analysis for criterion METHOD
* Coverage of criterion METHOD: 100%
* Total number of goals: 31
* Number of covered goals: 31
* Coverage analysis for criterion METHODNOEXCEPTION
* Coverage of criterion METHODNOEXCEPTION: 100%
* Total number of goals: 31
* Number of covered goals: 31
* Coverage analysis for criterion CBRANCH
* Coverage of criterion CBRANCH: 87%
* Total number of goals: 216
* Number of covered goals: 188
* Generated 138 tests with total length 719
* Resulting test suite's coverage: 89% (average coverage for all fitness functions)
* Generating assertions
* Search finished after 128s and 42 generations, 27960 statements, best individual has fitness: 20832.0
* Going to analyze the coverage criteria
* Coverage analysis for criterion LINE
* Coverage of criterion LINE: 41%
* Total number of goals: 981
* Number of covered goals: 401
* Coverage analysis for criterion BRANCH
* Coverage of criterion BRANCH: 50%
* Total number of goals: 1707
* Number of covered goals: 845
* Coverage analysis for criterion EXCEPTION
* Coverage of criterion EXCEPTION: 100%
* Total number of goals: 9
* Number of covered goals: 9
* Coverage analysis for criterion WEAKMUTATION
* Coverage of criterion WEAKMUTATION: 32%
* Total number of goals: 434
* Number of covered goals: 137
* Coverage analysis for criterion OUTPUT
* Coverage of criterion OUTPUT: 50%
* Total number of goals: 4
* Number of covered goals: 2
* Coverage analysis for criterion METHOD
* Coverage of criterion METHOD: 100%
* Total number of goals: 11
* Number of covered goals: 11
* Coverage analysis for criterion METHODNOEXCEPTION
* Coverage of criterion METHODNOEXCEPTION: 100%
* Total number of goals: 11
* Number of covered goals: 11
* Coverage analysis for criterion CBRANCH
* Coverage of criterion CBRANCH: 49%
* Total number of goals: 1707
* Number of covered goals: 844
* Generated 90 tests with total length 875
* Resulting test suite's coverage: 46% (average coverage for all fitness functions)
* Generating assertions
* Resulting test suite's mutation score: 16%
* Compiling and checking tests
[MASTER] 22:58:31.487 [logback-1] WARN  JUnitAnalyzer - Found unstable test named test0 -> class java.lang.AssertionError: Exception was not thrown in com.soops.CEN4010.JMCA.JParser.JavaParserTokenManager but in org.junit.Assert.fail(Assert.java:88): java.lang.AssertionError: Expecting exception: Error
[MASTER] 22:58:31.487 [logback-1] WARN  JUnitAnalyzer - Failing test:
 StringReader stringReader0 = new StringReader("assert");
byte[] byteArray0 = new byte[5];
byteArray0[0] = (byte)48;
byteArray0[1] = (byte)73;
byteArray0[2] = (byte)59;
byteArray0[3] = (byte)104;
byteArray0[4] = (byte)104;
ByteArrayInputStream byteArrayInputStream0 = new ByteArrayInputStream(byteArray0);
JavaCharStream javaCharStream0 = new JavaCharStream(byteArrayInputStream0, (byte)104, (byte)104);
JavaParserTokenManager javaParserTokenManager0 = new JavaParserTokenManager(javaCharStream0);
javaParserTokenManager0.getNextToken();

[MASTER] 22:58:31.848 [logback-1] WARN  JUnitAnalyzer - Found unstable test named test0 -> class com.soops.CEN4010.JMCA.JParser.TokenMgrError: Lexical error at line 44, column 49.  Encountered: <EOF> after : ""
[MASTER] 22:58:31.849 [logback-1] WARN  JUnitAnalyzer - Failing test:
 StringReader stringReader0 = new StringReader("\"new\"");
StringReader stringReader1 = new StringReader("byte");
JavaCharStream javaCharStream0 = new JavaCharStream(stringReader0, 44, 44);
javaCharStream0.BeginToken();
JavaParserTokenManager javaParserTokenManager0 = new JavaParserTokenManager(javaCharStream0);
javaParserTokenManager0.getNextToken();
javaParserTokenManager0.getNextToken();
Token token0 = javaParserTokenManager0.getNextToken();
assertEquals(0, javaCharStream0.bufpos);
assertEquals(0, token0.kind);


[MASTER] 22:58:32.010 [logback-1] WARN  JUnitAnalyzer - Found unstable test named test0 -> class java.lang.AssertionError: Exception was not thrown in com.soops.CEN4010.JMCA.JParser.JavaParserTokenManager but in org.junit.Assert.fail(Assert.java:88): java.lang.AssertionError: Expecting exception: Error
[MASTER] 22:58:32.010 [logback-1] WARN  JUnitAnalyzer - Failing test:
 StringReader stringReader0 = new StringReader(".kwh=xr");
JavaCharStream javaCharStream0 = new JavaCharStream(stringReader0);
char[] charArray0 = new char[5];
charArray0[0] = 'V';
charArray0[1] = '9';
charArray0[2] = '9';
charArray0[3] = '*';
charArray0[4] = 'j';
stringReader0.read(charArray0);
File file0 = MockFile.createTempFile("y<)", ".kwh=xr");
MockFileInputStream mockFileInputStream0 = new MockFileInputStream(file0);
JavaCharStream javaCharStream1 = new JavaCharStream(mockFileInputStream0, 5, 123, 123);
JavaParserTokenManager javaParserTokenManager0 = new JavaParserTokenManager(javaCharStream0);
javaParserTokenManager0.curLexState = 123;
javaParserTokenManager0.getNextToken();
JavaParserTokenManager javaParserTokenManager1 = new JavaParserTokenManager(javaCharStream0);
assertEquals(0, javaCharStream0.bufpos);

Token.newToken('*');
javaParserTokenManager0.getNextToken();

[MASTER] 22:58:32.213 [logback-1] WARN  JUnitAnalyzer - Found unstable test named test0 -> class java.lang.AssertionError: expected:<3> but was:<2>
[MASTER] 22:58:32.214 [logback-1] WARN  JUnitAnalyzer - Failing test:
 StringReader stringReader0 = new StringReader("9`w#2yn<}Q(fox");
JavaCharStream javaCharStream0 = new JavaCharStream(stringReader0, (-1940), 3);
JavaParserTokenManager javaParserTokenManager0 = new JavaParserTokenManager(javaCharStream0);
JavaParserTokenManager javaParserTokenManager1 = new JavaParserTokenManager(javaCharStream0);
char[] charArray0 = new char[4];
stringReader0.read(charArray0);
javaParserTokenManager1.getNextToken();
javaParserTokenManager0.getNextToken();
assertEquals(3, javaCharStream0.bufpos);
assertEquals(6, javaCharStream0.getColumn());


[MASTER] 22:58:32.344 [logback-1] WARN  JUnitAnalyzer - Found unstable test named test0 -> class java.lang.AssertionError: Exception was not thrown in com.soops.CEN4010.JMCA.JParser.JavaParserTokenManager but in org.junit.Assert.fail(Assert.java:88): java.lang.AssertionError: Expecting exception: Error
[MASTER] 22:58:32.345 [logback-1] WARN  JUnitAnalyzer - Failing test:
 StringReader stringReader0 = new StringReader("9`w#2yn<}Q(fox");
JavaCharStream javaCharStream0 = new JavaCharStream(stringReader0, (-1940), 3);
JavaParserTokenManager javaParserTokenManager0 = new JavaParserTokenManager(javaCharStream0);
JavaCharStream javaCharStream1 = new JavaCharStream(stringReader0, 3, 3, 1220);
JavaParserTokenManager javaParserTokenManager1 = new JavaParserTokenManager(javaCharStream0);
javaParserTokenManager1.getNextToken();

[MASTER] 22:58:32.739 [logback-1] WARN  JUnitAnalyzer - Found unstable test named test0 -> class java.lang.AssertionError: Exception was not thrown in com.soops.CEN4010.JMCA.JParser.JavaParserTokenManager but in org.junit.Assert.fail(Assert.java:88): java.lang.AssertionError: Expecting exception: Error
[MASTER] 22:58:32.739 [logback-1] WARN  JUnitAnalyzer - Failing test:
 StringReader stringReader0 = new StringReader("84'&`A");
JavaCharStream javaCharStream0 = new JavaCharStream(stringReader0);
StringReader stringReader1 = new StringReader("84'&`A");
char[] charArray0 = new char[0];
stringReader1.read(charArray0);
JavaParserTokenManager javaParserTokenManager0 = new JavaParserTokenManager(javaCharStream0);
JavaCharStream javaCharStream1 = new JavaCharStream(stringReader1);
JavaParserTokenManager javaParserTokenManager1 = new JavaParserTokenManager(javaCharStream1);
javaParserTokenManager1.getNextToken();

[MASTER] 22:58:33.151 [logback-1] WARN  JUnitAnalyzer - Found unstable test named test0 -> class java.lang.AssertionError: Exception was not thrown in com.soops.CEN4010.JMCA.JParser.JavaParserTokenManager but in org.junit.Assert.fail(Assert.java:88): java.lang.AssertionError: Expecting exception: Error
[MASTER] 22:58:33.151 [logback-1] WARN  JUnitAnalyzer - Failing test:
 StringReader stringReader0 = new StringReader("84'&`A");
JavaCharStream javaCharStream0 = new JavaCharStream(stringReader0);
StringReader stringReader1 = new StringReader("84'&`A");
char[] charArray0 = new char[0];
stringReader1.read(charArray0);
JavaParserTokenManager javaParserTokenManager0 = new JavaParserTokenManager(javaCharStream0);
javaParserTokenManager0.getNextToken();

[MASTER] 22:58:33.191 [logback-1] WARN  JUnitAnalyzer - Found unstable test named test0 -> class java.lang.AssertionError: Exception was not thrown in com.soops.CEN4010.JMCA.JParser.JavaParserTokenManager but in org.junit.Assert.fail(Assert.java:88): java.lang.AssertionError: Expecting exception: Error
[MASTER] 22:58:33.191 [logback-1] WARN  JUnitAnalyzer - Failing test:
 StringReader stringReader0 = new StringReader("oOpaus");
byte[] byteArray0 = new byte[8];
byteArray0[0] = (byte)49;
byteArray0[1] = (byte)102;
byteArray0[2] = (byte)23;
byteArray0[3] = (byte)1;
byteArray0[5] = (byte)102;
ByteArrayInputStream byteArrayInputStream0 = new ByteArrayInputStream(byteArray0);
JavaCharStream javaCharStream0 = new JavaCharStream(byteArrayInputStream0, 8, (-1628), 697);
JavaParserTokenManager javaParserTokenManager0 = new JavaParserTokenManager(javaCharStream0);
javaParserTokenManager0.getNextToken();

* Writing JUnit test case 'JavaParserTokenManager_ESTest' to /home/ubuntu/termite/mosa/tests/s1011/19_jmca/evosuite-tests
* Done!

* Computation finished
* Resulting test suite's mutation score: 41%
* Compiling and checking tests
* Permissions denied during test execution: 
  - java.lang.RuntimePermission: 
         writeFileDescriptor: 8
* Writing JUnit test case 'JavaCharStream_ESTest' to /home/ubuntu/termite/mosa/tests/s1011/19_jmca/evosuite-tests
* Done!

* Computation finished
* EvoSuite 1.0.6
* Configuration: MOSA
* Going to generate test cases for class: com.soops.CEN4010.JMCA.JParser.SimpleNode
* Starting client
* Properties loaded from /home/ubuntu/termite/projects/19_jmca/evosuite-files/evosuite.properties
* Connecting to master process on port 5947
* Analyzing classpath: 
* Inheritance tree loaded from evosuite-files/inheritance.xml.gz
[MASTER] 23:06:55.958 [logback-1] WARN  InheritanceTree - Class not in inheritance graph: java.util.function.Consumer
[MASTER] 23:06:55.996 [logback-1] WARN  InheritanceTree - Class not in inheritance graph: java.util.function.Predicate
[MASTER] 23:06:55.997 [logback-1] WARN  InheritanceTree - Class not in inheritance graph: java.util.function.UnaryOperator
[MASTER] 23:06:56.227 [logback-1] WARN  InheritanceTree - Class not in inheritance graph: java.util.function.Function
* Finished analyzing classpath
* Generating tests for class com.soops.CEN4010.JMCA.JParser.SimpleNode
* Test criteria:
  - Line Coverage
  - Branch Coverage
  - Exception
  - Mutation testing (weak)
  - Method-Output Coverage
  - Top-Level Method Coverage
  - No-Exception Top-Level Method Coverage
  - Context Branch Coverage
* Total number of test goals for MOSA: 360
* Using seed 1011
* Starting evolution
[MASTER] 23:07:35.501 [logback-1] WARN  CoverageArchive - A solution with a timeout/exception result has been added to the archive. The covered goal was [METHODNOEX] com.soops.CEN4010.JMCA.JParser.SimpleNode.jjtGetChild(I)Lcom/soops/CEN4010/JMCA/JParser/Node;
* Search finished after 124s and 51 generations, 26026 statements, best individual has fitness: 304.0
* Going to analyze the coverage criteria
* Coverage analysis for criterion LINE
* Coverage of criterion LINE: 98%
* Total number of goals: 62
* Number of covered goals: 61
* Coverage analysis for criterion BRANCH
* Coverage of criterion BRANCH: 91%
* Total number of goals: 67
* Number of covered goals: 61
* Coverage analysis for criterion EXCEPTION
* Coverage of criterion EXCEPTION: 100%
* Total number of goals: 13
* Number of covered goals: 13
* Coverage analysis for criterion WEAKMUTATION
* Coverage of criterion WEAKMUTATION: 85%
* Total number of goals: 121
* Number of covered goals: 103
* Coverage analysis for criterion OUTPUT
* Coverage of criterion OUTPUT: 59%
* Total number of goals: 17
* Number of covered goals: 10
* Coverage analysis for criterion METHOD
* Coverage of criterion METHOD: 100%
* Total number of goals: 13
* Number of covered goals: 13
* Coverage analysis for criterion METHODNOEXCEPTION
* Coverage of criterion METHODNOEXCEPTION: 100%
* Total number of goals: 13
* Number of covered goals: 13
* Coverage analysis for criterion CBRANCH
* Coverage of criterion CBRANCH: 91%
* Total number of goals: 67
* Number of covered goals: 61
* Generated 40 tests with total length 242
* Resulting test suite's coverage: 90% (average coverage for all fitness functions)
* Generating assertions
* Resulting test suite's mutation score: 78%
* Compiling and checking tests
[MASTER] 23:09:32.762 [logback-1] WARN  JUnitAnalyzer - Found unstable test named test0 -> class java.lang.StackOverflowError: null
[MASTER] 23:09:32.762 [logback-1] WARN  JUnitAnalyzer - Failing test:
 SimpleNode simpleNode0 = new SimpleNode(0);
simpleNode0.jjtAddChild(simpleNode0, 0);
StringWriter stringWriter0 = new StringWriter(0);
String string0 = "p\"=D";
simpleNode0.dump(string0, stringWriter0);

* Writing JUnit test case 'SimpleNode_ESTest' to /home/ubuntu/termite/mosa/tests/s1011/19_jmca/evosuite-tests
* Done!

* Computation finished
