* EvoSuite 1.0.6
* Configuration: MOSA
* Going to generate test cases for class: org.jsecurity.web.DefaultWebSecurityManager
* Starting client
* Properties loaded from /home/ubuntu/termite/projects/18_jsecurity/evosuite-files/evosuite.properties
* Connecting to master process on port 7490
* Analyzing classpath: 
* Inheritance tree loaded from evosuite-files/inheritance.xml.gz
[MASTER] 00:59:29.645 [logback-1] WARN  InheritanceTree - Class not in inheritance graph: java.util.function.Consumer
[MASTER] 00:59:29.732 [logback-1] WARN  InheritanceTree - Class not in inheritance graph: java.util.function.Predicate
[MASTER] 00:59:29.734 [logback-1] WARN  InheritanceTree - Class not in inheritance graph: java.util.function.UnaryOperator
[MASTER] 00:59:30.096 [logback-1] WARN  InheritanceTree - Class not in inheritance graph: java.util.function.Function
* Finished analyzing classpath
* Generating tests for class org.jsecurity.web.DefaultWebSecurityManager
* Test criteria:
  - Line Coverage
  - Branch Coverage
  - Exception
  - Mutation testing (weak)
  - Method-Output Coverage
  - Top-Level Method Coverage
  - No-Exception Top-Level Method Coverage
  - Context Branch Coverage
* Total number of test goals for MOSA: 468
* Using seed 1014
* Starting evolution
[MASTER] 00:59:37.594 [logback-2] ERROR TestCluster - Failed to check cache for java.util.Enumeration<E> : Type points to itself
[MASTER] 00:59:38.559 [logback-1] WARN  TestChromosome - Functional mock problem: org.evosuite.ga.ConstructionFailedException: Have no generator for class javax.servlet.ServletResponseWrapper canUseFunctionalMocks=false, canBeMocked: true
[MASTER] 00:59:47.377 [logback-1] WARN  InheritanceTree - Class not in inheritance graph: java.util.function.BiFunction
[MASTER] 00:59:47.377 [logback-1] WARN  InheritanceTree - Class not in inheritance graph: java.util.function.BiConsumer
[MASTER] 01:01:13.901 [logback-1] WARN  CoverageArchive - A solution with a timeout/exception result has been added to the archive. The covered goal was org.jsecurity.web.DefaultWebSecurityManager.bind(Lorg/jsecurity/subject/Subject;Ljavax/servlet/ServletRequest;Ljavax/servlet/ServletResponse;)V: Line 255
[MASTER] 01:01:13.901 [logback-1] WARN  CoverageArchive - A solution with a timeout/exception result has been added to the archive. The covered goal was org.jsecurity.web.DefaultWebSecurityManager.bind(Lorg/jsecurity/subject/Subject;Ljavax/servlet/ServletRequest;Ljavax/servlet/ServletResponse;)V: Line 256
[MASTER] 01:01:13.902 [logback-1] WARN  CoverageArchive - A solution with a timeout/exception result has been added to the archive. The covered goal was Weak Mutation 154: org.jsecurity.web.DefaultWebSecurityManager.bind(Lorg/jsecurity/subject/Subject;Ljavax/servlet/ServletRequest;Ljavax/servlet/ServletResponse;)V:255 - ReplaceVariable AUTHENTICATED_SESSION_KEY -> JSECURITY_SESSION_MODE
[MASTER] 01:01:13.902 [logback-1] WARN  CoverageArchive - A solution with a timeout/exception result has been added to the archive. The covered goal was Weak Mutation 155: org.jsecurity.web.DefaultWebSecurityManager.bind(Lorg/jsecurity/subject/Subject;Ljavax/servlet/ServletRequest;Ljavax/servlet/ServletResponse;)V:255 - ReplaceVariable AUTHENTICATED_SESSION_KEY -> HTTP_SESSION_MODE
[MASTER] 01:01:13.902 [logback-1] WARN  CoverageArchive - A solution with a timeout/exception result has been added to the archive. The covered goal was Weak Mutation 156: org.jsecurity.web.DefaultWebSecurityManager.bind(Lorg/jsecurity/subject/Subject;Ljavax/servlet/ServletRequest;Ljavax/servlet/ServletResponse;)V:255 - ReplaceVariable AUTHENTICATED_SESSION_KEY -> PRINCIPALS_SESSION_KEY
* Search finished after 122s and 65 generations, 17509 statements, best individual has fitness: 944.0
* Going to analyze the coverage criteria
* Coverage analysis for criterion LINE
* Coverage of criterion LINE: 77%
* Total number of goals: 97
* Number of covered goals: 75
* Coverage analysis for criterion BRANCH
* Coverage of criterion BRANCH: 72%
* Total number of goals: 67
* Number of covered goals: 48
* Coverage analysis for criterion EXCEPTION
* Coverage of criterion EXCEPTION: 100%
* Total number of goals: 17
* Number of covered goals: 17
* Coverage analysis for criterion WEAKMUTATION
* Coverage of criterion WEAKMUTATION: 76%
* Total number of goals: 162
* Number of covered goals: 123
* Coverage analysis for criterion OUTPUT
* Coverage of criterion OUTPUT: 38%
* Total number of goals: 29
* Number of covered goals: 11
* Coverage analysis for criterion METHOD
* Coverage of criterion METHOD: 100%
* Total number of goals: 23
* Number of covered goals: 23
* Coverage analysis for criterion METHODNOEXCEPTION
* Coverage of criterion METHODNOEXCEPTION: 91%
* Total number of goals: 23
* Number of covered goals: 21
* Coverage analysis for criterion CBRANCH
* Coverage of criterion CBRANCH: 69%
* Total number of goals: 67
* Number of covered goals: 46
* Generated 32 tests with total length 143
* Resulting test suite's coverage: 76% (average coverage for all fitness functions)
* Generating assertions
* Resulting test suite's mutation score: 31%
* Compiling and checking tests
[MASTER] 01:01:51.134 [logback-1] WARN  JUnitAnalyzer - Found unstable test named test0 -> class org.evosuite.runtime.mock.java.lang.MockIllegalStateException: No ServletRequest found in ThreadContext. Make sure WebUtils.bind() is being called. (typically called by JSecurityFilter)  This could also happen when running integration tests that don't properly call WebUtils.bind().
[MASTER] 01:01:51.135 [logback-1] WARN  JUnitAnalyzer - Failing test:
 DefaultWebSecurityManager defaultWebSecurityManager0 = new DefaultWebSecurityManager();
defaultWebSecurityManager0.getSubject();
defaultWebSecurityManager0.setSessionMode("jsecurity");
defaultWebSecurityManager0.getSessionMode();

[MASTER] 01:01:51.725 [logback-1] WARN  JUnitAnalyzer - Found unstable test named test0 -> class org.evosuite.runtime.mock.java.lang.MockIllegalStateException: No ServletRequest found in ThreadContext. Make sure WebUtils.bind() is being called. (typically called by JSecurityFilter)  This could also happen when running integration tests that don't properly call WebUtils.bind().
[MASTER] 01:01:51.725 [logback-1] WARN  JUnitAnalyzer - Failing test:
 SimpleAccountRealm simpleAccountRealm0 = new SimpleAccountRealm();
DefaultWebSecurityManager defaultWebSecurityManager0 = new DefaultWebSecurityManager();
defaultWebSecurityManager0.setSessionMode("jsecurity");
defaultWebSecurityManager0.setSessionIdCookieName("S?U|9cBN#[_L`W");
defaultWebSecurityManager0.getSubject();

* Writing JUnit test case 'DefaultWebSecurityManager_ESTest' to /home/ubuntu/termite/mosa/tests/s1014/18_jsecurity/evosuite-tests
* Done!

* Computation finished
* EvoSuite 1.0.6
* Configuration: MOSA
* Going to generate test cases for class: org.jsecurity.authc.UsernamePasswordToken
* Starting client
* Properties loaded from /home/ubuntu/termite/projects/18_jsecurity/evosuite-files/evosuite.properties
* Connecting to master process on port 7490
* Analyzing classpath: 
* Inheritance tree loaded from evosuite-files/inheritance.xml.gz
* Finished analyzing classpath
* Generating tests for class org.jsecurity.authc.UsernamePasswordToken
* Test criteria:
  - Line Coverage
  - Branch Coverage
  - Exception
  - Mutation testing (weak)
  - Method-Output Coverage
  - Top-Level Method Coverage
  - No-Exception Top-Level Method Coverage
  - Context Branch Coverage
* Total number of test goals for MOSA: 213
* Using seed 1014
* Starting evolution
* Search finished after 121s and 1576 generations, 613116 statements, best individual has fitness: 64.0
* Going to analyze the coverage criteria
* Coverage analysis for criterion LINE
* Coverage of criterion LINE: 100%
* Total number of goals: 54
* Number of covered goals: 54
* Coverage analysis for criterion BRANCH
* Coverage of criterion BRANCH: 100%
* Total number of goals: 29
* Number of covered goals: 29
* Coverage analysis for criterion EXCEPTION
* Coverage of criterion EXCEPTION: 100% (no goals)
* Coverage analysis for criterion WEAKMUTATION
* Coverage of criterion WEAKMUTATION: 96%
* Total number of goals: 23
* Number of covered goals: 22
* Coverage analysis for criterion OUTPUT
* Coverage of criterion OUTPUT: 81%
* Total number of goals: 36
* Number of covered goals: 29
* Coverage analysis for criterion METHOD
* Coverage of criterion METHOD: 100%
* Total number of goals: 21
* Number of covered goals: 21
* Coverage analysis for criterion METHODNOEXCEPTION
* Coverage of criterion METHODNOEXCEPTION: 100%
* Total number of goals: 21
* Number of covered goals: 21
* Coverage analysis for criterion CBRANCH
* Coverage of criterion CBRANCH: 100%
* Total number of goals: 29
* Number of covered goals: 29
* Generated 33 tests with total length 102
* Resulting test suite's coverage: 96% (average coverage for all fitness functions)
* Generating assertions
* Resulting test suite's mutation score: 61%
* Compiling and checking tests
* Writing JUnit test case 'UsernamePasswordToken_ESTest' to /home/ubuntu/termite/mosa/tests/s1014/18_jsecurity/evosuite-tests
* Done!

* Computation finished
