* EvoSuite 1.0.6
* Configuration: MOSA
* Going to generate test cases for class: org.databene.jdbacl.SQLUtil
* Starting client
* Properties loaded from /home/ubuntu/termite/projects/13_jdbacl/evosuite-files/evosuite.properties
* Connecting to master process on port 5950
* Analyzing classpath: 
* Inheritance tree loaded from evosuite-files/inheritance.xml.gz
[MASTER] 22:34:14.553 [logback-1] WARN  InheritanceTree - Class not in inheritance graph: java.util.function.Consumer
[MASTER] 22:34:14.562 [logback-1] WARN  InheritanceTree - Class not in inheritance graph: java.util.function.Predicate
[MASTER] 22:34:14.562 [logback-1] WARN  InheritanceTree - Class not in inheritance graph: java.util.function.UnaryOperator
[MASTER] 22:34:14.646 [logback-1] WARN  InheritanceTree - Class not in inheritance graph: java.util.function.BiFunction
[MASTER] 22:34:14.647 [logback-1] WARN  InheritanceTree - Class not in inheritance graph: java.util.function.Function
[MASTER] 22:34:14.670 [logback-1] WARN  InheritanceTree - Class not in inheritance graph: java.util.function.BiConsumer
[MASTER] 22:34:17.241 [logback-1] WARN  InheritanceTree - Class not in inheritance graph: java.sql.SQLType
[MASTER] 22:34:17.928 [logback-1] WARN  InheritanceTree - Class not in inheritance graph: java.time.temporal.Temporal
[MASTER] 22:34:17.929 [logback-1] WARN  InheritanceTree - Class not in inheritance graph: java.time.ZoneId
[MASTER] 22:34:17.932 [logback-1] WARN  InheritanceTree - Class not in inheritance graph: java.time.temporal.TemporalAccessor
[MASTER] 22:34:17.932 [logback-1] WARN  InheritanceTree - Class not in inheritance graph: java.time.temporal.TemporalField
[MASTER] 22:34:17.933 [logback-1] WARN  InheritanceTree - Class not in inheritance graph: java.time.temporal.TemporalUnit
[MASTER] 22:34:17.933 [logback-1] WARN  InheritanceTree - Class not in inheritance graph: java.time.temporal.TemporalAmount
[MASTER] 22:34:17.937 [logback-1] WARN  InheritanceTree - Class not in inheritance graph: java.time.Clock
[MASTER] 22:34:17.940 [logback-1] WARN  InheritanceTree - Class not in inheritance graph: java.time.temporal.TemporalQuery
[MASTER] 22:34:17.942 [logback-1] WARN  InheritanceTree - Class not in inheritance graph: java.time.temporal.TemporalAdjuster
[MASTER] 22:34:22.049 [logback-1] WARN  InheritanceTree - Class not in inheritance graph: java.util.function.ToDoubleFunction
[MASTER] 22:34:22.050 [logback-1] WARN  InheritanceTree - Class not in inheritance graph: java.util.function.ToIntFunction
[MASTER] 22:34:22.051 [logback-1] WARN  InheritanceTree - Class not in inheritance graph: java.util.function.ToLongFunction
[MASTER] 22:34:23.849 [logback-1] WARN  InheritanceTree - Class not in inheritance graph: java.time.chrono.Chronology
[MASTER] 22:34:25.611 [logback-1] WARN  InheritanceTree - Class not in inheritance graph: java.time.chrono.Era
* Finished analyzing classpath
* Generating tests for class org.databene.jdbacl.SQLUtil
* Test criteria:
  - Line Coverage
  - Branch Coverage
  - Exception
  - Mutation testing (weak)
  - Method-Output Coverage
  - Top-Level Method Coverage
  - No-Exception Top-Level Method Coverage
  - Context Branch Coverage
* Total number of test goals for MOSA: 1394
* Using seed 1011
* Starting evolution
[MASTER] 22:34:31.163 [logback-2] ERROR TestCluster - Failed to check cache for org.databene.jdbacl.model.CompositeDBObject<C> : Type points to itself
[MASTER] 22:34:45.153 [logback-1] WARN  CoverageArchive - A solution with a timeout/exception result has been added to the archive. The covered goal was [Output]: org.databene.jdbacl.SQLUtil.appendConstraintName(Lorg/databene/jdbacl/model/DBConstraint;Ljava/lang/StringBuilder;Lorg/databene/jdbacl/NameSpec;)Ljava/lang/StringBuilder;:Null
[MASTER] 22:34:45.154 [logback-1] WARN  CoverageArchive - A solution with a timeout/exception result has been added to the archive. The covered goal was Branch org.databene.jdbacl.SQLUtil.appendConstraintName(Lorg/databene/jdbacl/model/DBConstraint;Ljava/lang/StringBuilder;Lorg/databene/jdbacl/NameSpec;)Ljava/lang/StringBuilder;: I13 Branch 54 IFEQ L385 - true in context: org.databene.jdbacl.SQLUtil:appendConstraintName(Lorg/databene/jdbacl/model/DBConstraint;Ljava/lang/StringBuilder;Lorg/databene/jdbacl/NameSpec;)Ljava/lang/StringBuilder;
* Search finished after 124s and 345 generations, 139657 statements, best individual has fitness: 1264.0
* Going to analyze the coverage criteria
* Coverage analysis for criterion LINE
* Coverage of criterion LINE: 94%
* Total number of goals: 251
* Number of covered goals: 235
* Coverage analysis for criterion BRANCH
* Coverage of criterion BRANCH: 93%
* Total number of goals: 188
* Number of covered goals: 174
* Coverage analysis for criterion EXCEPTION
* Coverage of criterion EXCEPTION: 100%
* Total number of goals: 48
* Number of covered goals: 48
* Coverage analysis for criterion WEAKMUTATION
* Coverage of criterion WEAKMUTATION: 88%
* Total number of goals: 595
* Number of covered goals: 524
* Coverage analysis for criterion OUTPUT
* Coverage of criterion OUTPUT: 54%
* Total number of goals: 94
* Number of covered goals: 51
* Coverage analysis for criterion METHOD
* Coverage of criterion METHOD: 100%
* Total number of goals: 39
* Number of covered goals: 39
* Coverage analysis for criterion METHODNOEXCEPTION
* Coverage of criterion METHODNOEXCEPTION: 100%
* Total number of goals: 39
* Number of covered goals: 39
* Coverage analysis for criterion CBRANCH
* Coverage of criterion CBRANCH: 92%
* Total number of goals: 188
* Number of covered goals: 173
* Generated 142 tests with total length 561
* Resulting test suite's coverage: 89% (average coverage for all fitness functions)
* Generating assertions
* Resulting test suite's mutation score: 59%
* Compiling and checking tests
[MASTER] 22:36:52.676 [logback-2] ERROR ClassStateSupport - Could not initialize org.firebirdsql.gds.impl.jni.JniGDSImpl: no jaybird21 in java.library.path
[MASTER] 22:36:53.083 [logback-2] ERROR ClassResetter - java.lang.NoClassDefFoundError: Could not initialize class org.firebirdsql.gds.impl.jni.JniGDSImpl
[MASTER] 22:36:55.304 [logback-2] ERROR ClassStateSupport - Could not initialize org.apache.derby.iapi.types.SqlXmlUtil: org/apache/xml/utils/PrefixResolver
* Permissions denied during test execution: 
  - java.io.FilePermission: 
         write /dev/random: 1
  - java.lang.RuntimePermission: 
         writeFileDescriptor: 1
  - java.net.SocketPermission: 
         resolve java.lang.String@0000000027: 1
         resolve java.lang.String@0000000147: 1
         resolve java.lang.String@0000000026: 2
         and other 2 cases of action/name for this exception class
* Writing JUnit test case 'SQLUtil_ESTest' to /home/ubuntu/termite/mosa/tests/s1011/13_jdbacl/evosuite-tests
* Done!

* Computation finished
* EvoSuite 1.0.6
* Configuration: MOSA
* Going to generate test cases for class: org.databene.jdbacl.DBUtil
* Starting client
* Properties loaded from /home/ubuntu/termite/projects/13_jdbacl/evosuite-files/evosuite.properties
* Connecting to master process on port 5950
* Analyzing classpath: 
* Inheritance tree loaded from evosuite-files/inheritance.xml.gz
[MASTER] 22:41:05.486 [logback-1] WARN  InheritanceTree - Class not in inheritance graph: java.sql.SQLType
[MASTER] 22:41:06.357 [logback-1] WARN  InheritanceTree - Class not in inheritance graph: java.util.function.BiFunction
[MASTER] 22:41:06.357 [logback-1] WARN  InheritanceTree - Class not in inheritance graph: java.util.function.Function
[MASTER] 22:41:06.358 [logback-1] WARN  InheritanceTree - Class not in inheritance graph: java.util.function.BiConsumer
[MASTER] 22:41:06.465 [logback-1] WARN  InheritanceTree - Class not in inheritance graph: java.util.function.Consumer
[MASTER] 22:41:06.466 [logback-1] WARN  InheritanceTree - Class not in inheritance graph: java.util.function.Predicate
[MASTER] 22:41:06.466 [logback-1] WARN  InheritanceTree - Class not in inheritance graph: java.util.function.UnaryOperator
[MASTER] 22:41:11.107 [logback-1] WARN  InheritanceTree - Class not in inheritance graph: java.time.ZoneId
[MASTER] 22:41:11.109 [logback-1] WARN  InheritanceTree - Class not in inheritance graph: java.time.temporal.TemporalAccessor
[MASTER] 22:41:11.110 [logback-1] WARN  InheritanceTree - Class not in inheritance graph: java.time.Clock
[MASTER] 22:41:11.114 [logback-1] WARN  InheritanceTree - Class not in inheritance graph: java.time.temporal.Temporal
[MASTER] 22:41:11.114 [logback-1] WARN  InheritanceTree - Class not in inheritance graph: java.time.temporal.TemporalField
[MASTER] 22:41:11.115 [logback-1] WARN  InheritanceTree - Class not in inheritance graph: java.time.temporal.TemporalUnit
[MASTER] 22:41:11.115 [logback-1] WARN  InheritanceTree - Class not in inheritance graph: java.time.temporal.TemporalAmount
[MASTER] 22:41:11.126 [logback-1] WARN  InheritanceTree - Class not in inheritance graph: java.time.temporal.TemporalQuery
[MASTER] 22:41:11.127 [logback-1] WARN  InheritanceTree - Class not in inheritance graph: java.time.temporal.TemporalAdjuster
[MASTER] 22:41:11.803 [logback-1] WARN  InheritanceTree - Class not in inheritance graph: java.util.function.ToDoubleFunction
[MASTER] 22:41:11.803 [logback-1] WARN  InheritanceTree - Class not in inheritance graph: java.util.function.ToIntFunction
[MASTER] 22:41:11.803 [logback-1] WARN  InheritanceTree - Class not in inheritance graph: java.util.function.ToLongFunction
[MASTER] 22:41:11.870 [logback-1] WARN  InheritanceTree - Class not in inheritance graph: java.time.chrono.Chronology
[MASTER] 22:41:12.746 [logback-1] WARN  InheritanceTree - Class not in inheritance graph: java.time.chrono.Era
* Finished analyzing classpath
* Generating tests for class org.databene.jdbacl.DBUtil
* Test criteria:
  - Line Coverage
  - Branch Coverage
  - Exception
  - Mutation testing (weak)
  - Method-Output Coverage
  - Top-Level Method Coverage
  - No-Exception Top-Level Method Coverage
  - Context Branch Coverage
* Total number of test goals for MOSA: 1775
* Using seed 1011
* Starting evolution
[MASTER] 22:41:18.601 [logback-2] ERROR TestCluster - Failed to check cache for org.databene.jdbacl.model.CompositeDBObject<C> : Type points to itself
[MASTER] 22:41:27.052 [logback-1] WARN  CoverageArchive - A solution with a timeout/exception result has been added to the archive. The covered goal was [METHOD] org.databene.jdbacl.DBUtil.close(Ljava/sql/Statement;)V
[MASTER] 22:41:27.052 [logback-1] WARN  CoverageArchive - A solution with a timeout/exception result has been added to the archive. The covered goal was [METHODNOEX] org.databene.jdbacl.DBUtil.close(Ljava/sql/Statement;)V
[MASTER] 22:41:27.052 [logback-1] WARN  CoverageArchive - A solution with a timeout/exception result has been added to the archive. The covered goal was Branch org.databene.jdbacl.DBUtil.close(Ljava/sql/Statement;)V: I3 Branch 14 IFNULL L248 - true in context: org.databene.jdbacl.DBUtil:close(Ljava/sql/Statement;)V
[MASTER] 22:41:35.545 [logback-1] WARN  TestChromosome - Functional mock problem: org.evosuite.ga.ConstructionFailedException: Failed to add constructor for org.hsqldb.Result due to org.evosuite.ga.ConstructionFailedException: Failed to add constructor for org.firebirdsql.jdbc.FBStatement due to org.evosuite.ga.ConstructionFailedException: Failed to add constructor for org.firebirdsql.jdbc.InternalTransactionCoordinator$LocalTransactionCoordinator due to org.evosuite.ga.ConstructionFailedException: Failed to add constructor for org.firebirdsql.jdbc.FBConnection due to org.evosuite.ga.ConstructionFailedException: Max recursion depth reached
[MASTER] 22:41:54.180 [logback-1] WARN  TestChromosome - Functional mock problem: org.evosuite.ga.ConstructionFailedException: Have no generator for class org.hsqldb.jdbc.jdbcResultSet canUseFunctionalMocks=false, canBeMocked: true
[MASTER] 22:42:14.373 [logback-2] ERROR TestCluster - Failed to check cache for java.lang.Class<T> : Type points to itself
[MASTER] 22:42:39.856 [logback-1] WARN  TestChromosome - Functional mock problem: org.evosuite.ga.ConstructionFailedException: Failed to add constructor for org.hsqldb.Result due to org.evosuite.ga.ConstructionFailedException: Failed to add constructor for java.sql.SQLWarning due to org.evosuite.ga.ConstructionFailedException: Failed to add constructor for org.firebirdsql.jdbc.FBResultSet due to org.evosuite.ga.ConstructionFailedException: Failed to add constructor for org.apache.derby.iapi.sql.dictionary.TableDescriptor due to org.evosuite.ga.ConstructionFailedException: Max recursion depth reached
[MASTER] 22:42:41.493 [logback-1] WARN  TestChromosome - Functional mock problem: org.evosuite.ga.ConstructionFailedException: Failed to add constructor for org.hsqldb.Result due to org.evosuite.ga.ConstructionFailedException: Failed to add constructor for org.apache.derby.iapi.types.SQLBlob due to org.evosuite.ga.ConstructionFailedException: Failed to add constructor for org.h2.jdbc.JdbcBlob due to org.evosuite.ga.ConstructionFailedException: Max recursion depth reached
[MASTER] 22:42:44.879 [logback-1] WARN  TestChromosome - Functional mock problem: org.evosuite.ga.ConstructionFailedException: Failed to add constructor for org.hsqldb.Result due to org.evosuite.ga.ConstructionFailedException: Failed to add constructor for org.firebirdsql.jdbc.FBStatement due to org.evosuite.ga.ConstructionFailedException: Failed to add constructor for org.firebirdsql.jdbc.InternalTransactionCoordinator$LocalTransactionCoordinator due to org.evosuite.ga.ConstructionFailedException: Failed to add constructor for org.firebirdsql.jca.FBLocalTransaction due to org.evosuite.ga.ConstructionFailedException: Max recursion depth reached
* Search finished after 123s and 296 generations, 94370 statements, best individual has fitness: 5064.0
* Going to analyze the coverage criteria
* Coverage analysis for criterion LINE
* Coverage of criterion LINE: 79%
* Total number of goals: 324
* Number of covered goals: 257
* Coverage analysis for criterion BRANCH
* Coverage of criterion BRANCH: 74%
* Total number of goals: 197
* Number of covered goals: 145
* Coverage analysis for criterion EXCEPTION
* Coverage of criterion EXCEPTION: 100%
* Total number of goals: 76
* Number of covered goals: 76
* Coverage analysis for criterion WEAKMUTATION
* Coverage of criterion WEAKMUTATION: 71%
* Total number of goals: 700
* Number of covered goals: 496
* Coverage analysis for criterion OUTPUT
* Coverage of criterion OUTPUT: 16%
* Total number of goals: 255
* Number of covered goals: 41
* Coverage analysis for criterion METHOD
* Coverage of criterion METHOD: 100%
* Total number of goals: 51
* Number of covered goals: 51
* Coverage analysis for criterion METHODNOEXCEPTION
* Coverage of criterion METHODNOEXCEPTION: 100%
* Total number of goals: 51
* Number of covered goals: 51
* Coverage analysis for criterion CBRANCH
* Coverage of criterion CBRANCH: 58%
* Total number of goals: 197
* Number of covered goals: 115
* Generated 137 tests with total length 565
* Resulting test suite's coverage: 66% (average coverage for all fitness functions)
* Generating assertions
* Resulting test suite's mutation score: 17%
* Compiling and checking tests
[MASTER] 22:43:37.328 [logback-2] ERROR ClassStateSupport - Could not initialize org.firebirdsql.gds.impl.jni.LocalGDSImpl: no jaybird21 in java.library.path
[MASTER] 22:43:37.337 [logback-2] ERROR ClassStateSupport - Could not initialize org.firebirdsql.gds.impl.jni.NativeGDSImpl: org.firebirdsql.gds.impl.jni.JniGDSImpl
[MASTER] 22:43:37.466 [logback-2] ERROR ClassStateSupport - Could not initialize org.firebirdsql.gds.impl.jni.JniGDSImpl: Could not initialize class org.firebirdsql.gds.impl.jni.JniGDSImpl
[MASTER] 22:43:38.274 [logback-2] ERROR ClassResetter - java.lang.NoClassDefFoundError: Could not initialize class org.firebirdsql.gds.impl.jni.JniGDSImpl
[MASTER] 22:43:39.954 [logback-2] ERROR ClassStateSupport - Could not initialize org.firebirdsql.gds.impl.jni.NativeGDSImpl: no jaybird21 in java.library.path
[MASTER] 22:43:40.183 [logback-2] ERROR ClassStateSupport - Could not initialize org.apache.derby.iapi.types.SqlXmlUtil: org/apache/xml/utils/PrefixResolver
[MASTER] 22:43:40.779 [logback-2] ERROR ClassStateSupport - Could not initialize org.firebirdsql.gds.impl.jni.LocalGDSImpl: org.firebirdsql.gds.impl.jni.JniGDSImpl
* Permissions denied during test execution: 
  - java.io.FilePermission: 
         write /dev/random: 1
  - java.net.SocketPermission: 
         resolve java.lang.String@0000000016: 13
         resolve java.lang.String@0000000027: 7
         resolve java.lang.String@0000000017: 11
         and other 11 cases of action/name for this exception class
  - java.sql.SQLPermission: 
         deregisterDriver: 1
* Writing JUnit test case 'DBUtil_ESTest' to /home/ubuntu/termite/mosa/tests/s1011/13_jdbacl/evosuite-tests
* Done!

* Computation finished
