* EvoSuite 1.0.6
* Configuration: MOSA
* Going to generate test cases for class: com.browsersoft.openhre.hl7.impl.regular.ExpressionMatrixImpl
* Starting client
* Properties loaded from /home/ubuntu/termite/projects/75_openhre/evosuite-files/evosuite.properties
* Connecting to master process on port 7357
* Analyzing classpath: 
* Inheritance tree loaded from evosuite-files/inheritance.xml.gz
[MASTER] 21:07:42.873 [logback-1] WARN  InheritanceTree - Class not in inheritance graph: java.util.function.Consumer
[MASTER] 21:07:43.246 [logback-1] WARN  InheritanceTree - Class not in inheritance graph: java.util.function.Predicate
[MASTER] 21:07:43.247 [logback-1] WARN  InheritanceTree - Class not in inheritance graph: java.util.function.UnaryOperator
* Finished analyzing classpath
* Generating tests for class com.browsersoft.openhre.hl7.impl.regular.ExpressionMatrixImpl
* Test criteria:
  - Line Coverage
  - Branch Coverage
  - Exception
  - Mutation testing (weak)
  - Method-Output Coverage
  - Top-Level Method Coverage
  - No-Exception Top-Level Method Coverage
  - Context Branch Coverage
* Total number of test goals for MOSA: 504
* Using seed 1009
* Starting evolution
* Search finished after 122s and 75 generations, 42990 statements, best individual has fitness: 80.0
* Going to analyze the coverage criteria
* Coverage analysis for criterion LINE
* Coverage of criterion LINE: 100%
* Total number of goals: 68
* Number of covered goals: 68
* Coverage analysis for criterion BRANCH
* Coverage of criterion BRANCH: 100%
* Total number of goals: 58
* Number of covered goals: 58
* Coverage analysis for criterion EXCEPTION
* Coverage of criterion EXCEPTION: 100%
* Total number of goals: 5
* Number of covered goals: 5
* Coverage analysis for criterion WEAKMUTATION
* Coverage of criterion WEAKMUTATION: 98%
* Total number of goals: 284
* Number of covered goals: 279
* Coverage analysis for criterion OUTPUT
* Coverage of criterion OUTPUT: 72%
* Total number of goals: 18
* Number of covered goals: 13
* Coverage analysis for criterion METHOD
* Coverage of criterion METHOD: 100%
* Total number of goals: 9
* Number of covered goals: 9
* Coverage analysis for criterion METHODNOEXCEPTION
* Coverage of criterion METHODNOEXCEPTION: 100%
* Total number of goals: 9
* Number of covered goals: 9
* Coverage analysis for criterion CBRANCH
* Coverage of criterion CBRANCH: 100%
* Total number of goals: 58
* Number of covered goals: 58
* Generated 33 tests with total length 265
* Resulting test suite's coverage: 98% (average coverage for all fitness functions)
* Generating assertions
* Resulting test suite's mutation score: 81%
* Compiling and checking tests
[MASTER] 21:12:53.646 [logback-1] WARN  JUnitAnalyzer - Found unstable test named test0 -> class java.util.concurrent.ExecutionException: org.evosuite.runtime.TooManyResourcesException: Loop has been executed more times than the allowed 10000
[MASTER] 21:12:53.646 [logback-1] WARN  JUnitAnalyzer - Failing test:
 ExpressionMatrixImpl expressionMatrixImpl0 = new ExpressionMatrixImpl();
expressionMatrixImpl0.creatMatrix(4313);
expressionMatrixImpl0.addNewNode();
expressionMatrixImpl0.getNumberOfNodes();
expressionMatrixImpl0.addNewNode();
expressionMatrixImpl0.setValue(0, 265, 4313);
MessageTracerImpl messageTracerImpl0 = new MessageTracerImpl();
messageTracerImpl0.getMapper();
expressionMatrixImpl0.outNoStandardConnections(false, (ExpressionElementMapper) null);
expressionMatrixImpl0.toString();

* Permissions denied during test execution: 
  - java.lang.RuntimePermission: 
         writeFileDescriptor: 5
* Writing JUnit test case 'ExpressionMatrixImpl_ESTest' to /home/ubuntu/termite/mosa/tests/s1009/75_openhre/evosuite-tests
* Done!

* Computation finished
