* EvoSuite 1.0.6
* Configuration: MOSA
* Going to generate test cases for class: org.jsecurity.web.DefaultWebSecurityManager
* Starting client
* Properties loaded from /home/ubuntu/termite/projects/18_jsecurity/evosuite-files/evosuite.properties
* Connecting to master process on port 14961
* Analyzing classpath: 
* Inheritance tree loaded from evosuite-files/inheritance.xml.gz
[MASTER] 14:40:32.293 [logback-1] WARN  InheritanceTree - Class not in inheritance graph: java.util.function.Consumer
[MASTER] 14:40:32.369 [logback-1] WARN  InheritanceTree - Class not in inheritance graph: java.util.function.Predicate
[MASTER] 14:40:32.369 [logback-1] WARN  InheritanceTree - Class not in inheritance graph: java.util.function.UnaryOperator
[MASTER] 14:40:32.731 [logback-1] WARN  InheritanceTree - Class not in inheritance graph: java.util.function.Function
* Finished analyzing classpath
* Generating tests for class org.jsecurity.web.DefaultWebSecurityManager
* Test criteria:
  - Line Coverage
  - Branch Coverage
  - Exception
  - Mutation testing (weak)
  - Method-Output Coverage
  - Top-Level Method Coverage
  - No-Exception Top-Level Method Coverage
  - Context Branch Coverage
* Total number of test goals for MOSA: 468
* Using seed 1000
* Starting evolution
[MASTER] 14:41:17.776 [logback-1] WARN  TestChromosome - Functional mock problem: org.evosuite.ga.ConstructionFailedException: Have no generator for class javax.servlet.ServletRequestWrapper canUseFunctionalMocks=false, canBeMocked: true
[MASTER] 14:41:33.418 [logback-1] WARN  InheritanceTree - Class not in inheritance graph: java.util.function.BiFunction
[MASTER] 14:41:33.420 [logback-1] WARN  InheritanceTree - Class not in inheritance graph: java.util.function.BiConsumer
* Search finished after 121s and 103 generations, 24663 statements, best individual has fitness: 808.0
* Going to analyze the coverage criteria
* Coverage analysis for criterion LINE
* Coverage of criterion LINE: 84%
* Total number of goals: 97
* Number of covered goals: 81
* Coverage analysis for criterion BRANCH
* Coverage of criterion BRANCH: 73%
* Total number of goals: 67
* Number of covered goals: 49
* Coverage analysis for criterion EXCEPTION
* Coverage of criterion EXCEPTION: 100%
* Total number of goals: 17
* Number of covered goals: 17
* Coverage analysis for criterion WEAKMUTATION
* Coverage of criterion WEAKMUTATION: 83%
* Total number of goals: 162
* Number of covered goals: 135
* Coverage analysis for criterion OUTPUT
* Coverage of criterion OUTPUT: 38%
* Total number of goals: 29
* Number of covered goals: 11
* Coverage analysis for criterion METHOD
* Coverage of criterion METHOD: 100%
* Total number of goals: 23
* Number of covered goals: 23
* Coverage analysis for criterion METHODNOEXCEPTION
* Coverage of criterion METHODNOEXCEPTION: 96%
* Total number of goals: 23
* Number of covered goals: 22
* Coverage analysis for criterion CBRANCH
* Coverage of criterion CBRANCH: 72%
* Total number of goals: 67
* Number of covered goals: 48
* Generated 40 tests with total length 213
* Resulting test suite's coverage: 79% (average coverage for all fitness functions)
* Generating assertions
* Resulting test suite's mutation score: 35%
* Compiling and checking tests
[MASTER] 14:43:32.084 [logback-1] WARN  JUnitAnalyzer - Found unstable test named test0 -> class org.evosuite.runtime.mock.java.lang.MockIllegalStateException: No ServletRequest found in ThreadContext. Make sure WebUtils.bind() is being called. (typically called by JSecurityFilter)  This could also happen when running integration tests that don't properly call WebUtils.bind().
[MASTER] 14:43:32.084 [logback-1] WARN  JUnitAnalyzer - Failing test:
 DefaultWebSecurityManager defaultWebSecurityManager0 = new DefaultWebSecurityManager();
Integer integer0 = new Integer((-3477));
defaultWebSecurityManager0.setRememberMeCookieMaxAge(integer0);
defaultWebSecurityManager0.getSubject();

[MASTER] 14:43:38.423 [logback-1] WARN  JUnitAnalyzer - Found unstable test named test0 -> class org.evosuite.runtime.mock.java.lang.MockIllegalStateException: No ServletRequest found in ThreadContext. Make sure WebUtils.bind() is being called. (typically called by JSecurityFilter)  This could also happen when running integration tests that don't properly call WebUtils.bind().
[MASTER] 14:43:38.423 [logback-1] WARN  JUnitAnalyzer - Failing test:
 DefaultWebSecurityManager defaultWebSecurityManager0 = new DefaultWebSecurityManager();
DefaultWebSecurityManager defaultWebSecurityManager1 = new DefaultWebSecurityManager();
defaultWebSecurityManager0.getPrincipals((Session) null);
defaultWebSecurityManager0.setSessionMode("jsecurity");
ServletRequest servletRequest0 = mock(ServletRequest.class, new ViolatedAssumptionAnswer());
doReturn("org.jsecurity.web.DefaultWebSecurityManager_AUTHENTICATED_SESSION_KEY").when(servletRequest0).getRemoteHost();
defaultWebSecurityManager1.getSubject();
ServletResponse servletResponse0 = mock(ServletResponse.class, new ViolatedAssumptionAnswer());
ServletResponseWrapper servletResponseWrapper0 = new ServletResponseWrapper(servletResponse0);
defaultWebSecurityManager0.createSubject((PrincipalCollection) null, false, (Session) null, servletRequest0, (ServletResponse) servletResponseWrapper0);
MemorySessionDAO memorySessionDAO0 = new MemorySessionDAO();
memorySessionDAO0.readSession((Serializable) null);

[MASTER] 14:43:38.706 [logback-1] WARN  JUnitAnalyzer - Found unstable test named test0 -> class org.evosuite.runtime.mock.java.lang.MockIllegalStateException: No ServletRequest found in ThreadContext. Make sure WebUtils.bind() is being called. (typically called by JSecurityFilter)  This could also happen when running integration tests that don't properly call WebUtils.bind().
[MASTER] 14:43:38.706 [logback-1] WARN  JUnitAnalyzer - Failing test:
 DefaultWebSecurityManager defaultWebSecurityManager0 = new DefaultWebSecurityManager();
Subject subject0 = defaultWebSecurityManager0.getSubject();
ServletRequest servletRequest0 = mock(ServletRequest.class, new ViolatedAssumptionAnswer());
ServletRequestWrapper servletRequestWrapper0 = new ServletRequestWrapper(servletRequest0);
ServletResponse servletResponse0 = mock(ServletResponse.class, new ViolatedAssumptionAnswer());
ServletResponseWrapper servletResponseWrapper0 = new ServletResponseWrapper(servletResponse0);
defaultWebSecurityManager0.bind(subject0, servletRequestWrapper0, servletResponseWrapper0);
defaultWebSecurityManager0.setSessionIdCookieName("");

* Writing JUnit test case 'DefaultWebSecurityManager_ESTest' to /home/ubuntu/termite/mosa/tests/s1000/18_jsecurity/evosuite-tests
* Done!

* Computation finished
* EvoSuite 1.0.6
* Configuration: MOSA
* Going to generate test cases for class: org.jsecurity.authc.UsernamePasswordToken
* Starting client
* Properties loaded from /home/ubuntu/termite/projects/18_jsecurity/evosuite-files/evosuite.properties
* Connecting to master process on port 14961
* Analyzing classpath: 
* Inheritance tree loaded from evosuite-files/inheritance.xml.gz
* Finished analyzing classpath
* Generating tests for class org.jsecurity.authc.UsernamePasswordToken
* Test criteria:
  - Line Coverage
  - Branch Coverage
  - Exception
  - Mutation testing (weak)
  - Method-Output Coverage
  - Top-Level Method Coverage
  - No-Exception Top-Level Method Coverage
  - Context Branch Coverage
* Total number of test goals for MOSA: 213
* Using seed 1000
* Starting evolution
* Search finished after 121s and 1556 generations, 587738 statements, best individual has fitness: 72.0
* Going to analyze the coverage criteria
* Coverage analysis for criterion LINE
* Coverage of criterion LINE: 100%
* Total number of goals: 54
* Number of covered goals: 54
* Coverage analysis for criterion BRANCH
* Coverage of criterion BRANCH: 100%
* Total number of goals: 29
* Number of covered goals: 29
* Coverage analysis for criterion EXCEPTION
* Coverage of criterion EXCEPTION: 100% (no goals)
* Coverage analysis for criterion WEAKMUTATION
* Coverage of criterion WEAKMUTATION: 96%
* Total number of goals: 23
* Number of covered goals: 22
* Coverage analysis for criterion OUTPUT
* Coverage of criterion OUTPUT: 78%
* Total number of goals: 36
* Number of covered goals: 28
* Coverage analysis for criterion METHOD
* Coverage of criterion METHOD: 100%
* Total number of goals: 21
* Number of covered goals: 21
* Coverage analysis for criterion METHODNOEXCEPTION
* Coverage of criterion METHODNOEXCEPTION: 100%
* Total number of goals: 21
* Number of covered goals: 21
* Coverage analysis for criterion CBRANCH
* Coverage of criterion CBRANCH: 100%
* Total number of goals: 29
* Number of covered goals: 29
* Generated 31 tests with total length 75
* Resulting test suite's coverage: 96% (average coverage for all fitness functions)
* Generating assertions
* Resulting test suite's mutation score: 64%
* Compiling and checking tests
* Writing JUnit test case 'UsernamePasswordToken_ESTest' to /home/ubuntu/termite/mosa/tests/s1000/18_jsecurity/evosuite-tests
* Done!

* Computation finished
