* EvoSuite 1.0.6
* Configuration: MOSA
* Going to generate test cases for class: com.soops.CEN4010.JMCA.JParser.JavaCharStream
* Starting client
* Properties loaded from /home/ubuntu/termite/projects/19_jmca/evosuite-files/evosuite.properties
* Connecting to master process on port 15875
* Analyzing classpath: 
* Inheritance tree loaded from evosuite-files/inheritance.xml.gz
* Finished analyzing classpath
* Generating tests for class com.soops.CEN4010.JMCA.JParser.JavaCharStream
* Test criteria:
  - Line Coverage
  - Branch Coverage
  - Exception
  - Mutation testing (weak)
  - Method-Output Coverage
  - Top-Level Method Coverage
  - No-Exception Top-Level Method Coverage
  - Context Branch Coverage
* Total number of test goals for MOSA: 1743
* Using seed 1006
* Starting evolution
[MASTER] 19:04:52.486 [logback-1] WARN  CoverageArchive - A solution with a timeout/exception result has been added to the archive. The covered goal was com.soops.CEN4010.JMCA.JParser.JavaCharStream.ReInit(Ljava/io/InputStream;)V: Line 466
[MASTER] 19:04:52.486 [logback-1] WARN  CoverageArchive - A solution with a timeout/exception result has been added to the archive. The covered goal was com.soops.CEN4010.JMCA.JParser.JavaCharStream.ReInit(Ljava/io/InputStream;)V: Line 467
[MASTER] 19:04:52.487 [logback-1] WARN  CoverageArchive - A solution with a timeout/exception result has been added to the archive. The covered goal was Weak Mutation 1524: com.soops.CEN4010.JMCA.JParser.JavaCharStream.ReInit(Ljava/io/InputStream;)V:466 - ReplaceConstant - 1 -> 0
[MASTER] 19:04:52.487 [logback-1] WARN  CoverageArchive - A solution with a timeout/exception result has been added to the archive. The covered goal was Weak Mutation 1525: com.soops.CEN4010.JMCA.JParser.JavaCharStream.ReInit(Ljava/io/InputStream;)V:466 - ReplaceConstant - 1 -> 0
[MASTER] 19:04:52.487 [logback-1] WARN  CoverageArchive - A solution with a timeout/exception result has been added to the archive. The covered goal was Weak Mutation 1526: com.soops.CEN4010.JMCA.JParser.JavaCharStream.ReInit(Ljava/io/InputStream;)V:466 - ReplaceConstant - 4096 -> 0
[MASTER] 19:04:52.487 [logback-1] WARN  CoverageArchive - A solution with a timeout/exception result has been added to the archive. The covered goal was Weak Mutation 1527: com.soops.CEN4010.JMCA.JParser.JavaCharStream.ReInit(Ljava/io/InputStream;)V:466 - ReplaceConstant - 4096 -> 1
[MASTER] 19:04:52.487 [logback-1] WARN  CoverageArchive - A solution with a timeout/exception result has been added to the archive. The covered goal was Weak Mutation 1528: com.soops.CEN4010.JMCA.JParser.JavaCharStream.ReInit(Ljava/io/InputStream;)V:466 - ReplaceConstant - 4096 -> -1
[MASTER] 19:04:52.487 [logback-1] WARN  CoverageArchive - A solution with a timeout/exception result has been added to the archive. The covered goal was Weak Mutation 1529: com.soops.CEN4010.JMCA.JParser.JavaCharStream.ReInit(Ljava/io/InputStream;)V:466 - ReplaceConstant - 4096 -> 4095
[MASTER] 19:04:52.487 [logback-1] WARN  CoverageArchive - A solution with a timeout/exception result has been added to the archive. The covered goal was Weak Mutation 1530: com.soops.CEN4010.JMCA.JParser.JavaCharStream.ReInit(Ljava/io/InputStream;)V:466 - ReplaceConstant - 4096 -> 4097
[MASTER] 19:04:52.488 [logback-1] WARN  CoverageArchive - A solution with a timeout/exception result has been added to the archive. The covered goal was [METHOD] com.soops.CEN4010.JMCA.JParser.JavaCharStream.ReInit(Ljava/io/InputStream;)V
[MASTER] 19:04:52.488 [logback-1] WARN  CoverageArchive - A solution with a timeout/exception result has been added to the archive. The covered goal was [METHODNOEX] com.soops.CEN4010.JMCA.JParser.JavaCharStream.ReInit(Ljava/io/InputStream;)V
[MASTER] 19:04:52.488 [logback-1] WARN  CoverageArchive - A solution with a timeout/exception result has been added to the archive. The covered goal was Branch com.soops.CEN4010.JMCA.JParser.JavaCharStream.ReInit(Ljava/io/InputStream;)V: root-Branch in context: com.soops.CEN4010.JMCA.JParser.JavaCharStream:ReInit(Ljava/io/InputStream;)V
* Search finished after 127s and 33 generations, 16706 statements, best individual has fitness: 1128.0
* Going to analyze the coverage criteria
* Coverage analysis for criterion LINE
* Coverage of criterion LINE: 87%
* Total number of goals: 239
* Number of covered goals: 208
* Coverage analysis for criterion BRANCH
* Coverage of criterion BRANCH: 90%
* Total number of goals: 216
* Number of covered goals: 195
* Coverage analysis for criterion EXCEPTION
* Coverage of criterion EXCEPTION: 100%
* Total number of goals: 37
* Number of covered goals: 37
* Coverage analysis for criterion WEAKMUTATION
* Coverage of criterion WEAKMUTATION: 94%
* Total number of goals: 974
* Number of covered goals: 912
* Coverage analysis for criterion OUTPUT
* Coverage of criterion OUTPUT: 83%
* Total number of goals: 36
* Number of covered goals: 30
* Coverage analysis for criterion METHOD
* Coverage of criterion METHOD: 100%
* Total number of goals: 31
* Number of covered goals: 31
* Coverage analysis for criterion METHODNOEXCEPTION
* Coverage of criterion METHODNOEXCEPTION: 100%
* Total number of goals: 31
* Number of covered goals: 31
* Coverage analysis for criterion CBRANCH
* Coverage of criterion CBRANCH: 90%
* Total number of goals: 216
* Number of covered goals: 195
* Generated 143 tests with total length 882
* Resulting test suite's coverage: 92% (average coverage for all fitness functions)
* Generating assertions
* Resulting test suite's mutation score: 36%
* Compiling and checking tests
* Permissions denied during test execution: 
  - java.lang.RuntimePermission: 
         writeFileDescriptor: 7
* Writing JUnit test case 'JavaCharStream_ESTest' to /home/ubuntu/termite/mosa/tests/s1006/19_jmca/evosuite-tests
* Done!

* Computation finished
* EvoSuite 1.0.6
* Configuration: MOSA
* Going to generate test cases for class: com.soops.CEN4010.JMCA.JParser.JavaParserTokenManager
* Starting client
* Properties loaded from /home/ubuntu/termite/projects/19_jmca/evosuite-files/evosuite.properties
* Connecting to master process on port 15872
* Analyzing classpath: 
* Inheritance tree loaded from evosuite-files/inheritance.xml.gz
[MASTER] 19:09:03.639 [logback-1] WARN  InheritanceTree - Class not in inheritance graph: java.util.function.Consumer
[MASTER] 19:09:03.662 [logback-1] WARN  InheritanceTree - Class not in inheritance graph: java.util.function.Predicate
[MASTER] 19:09:03.666 [logback-1] WARN  InheritanceTree - Class not in inheritance graph: java.util.function.UnaryOperator
[MASTER] 19:09:03.676 [logback-1] WARN  InheritanceTree - Class not in inheritance graph: java.util.function.Function
* Finished analyzing classpath
* Generating tests for class com.soops.CEN4010.JMCA.JParser.JavaParserTokenManager
* Test criteria:
  - Line Coverage
  - Branch Coverage
  - Exception
  - Mutation testing (weak)
  - Method-Output Coverage
  - Top-Level Method Coverage
  - No-Exception Top-Level Method Coverage
  - Context Branch Coverage
* Total number of test goals for MOSA: 4855
* Using seed 1006
* Starting evolution
* Search finished after 135s and 62 generations, 38377 statements, best individual has fitness: 17048.0
[MASTER] 19:11:21.731 [logback-1] WARN  TimeController - Phase SEARCH lasted too long, 16 seconds more than allowed.
* Going to analyze the coverage criteria
* Coverage analysis for criterion LINE
* Coverage of criterion LINE: 52%
* Total number of goals: 981
* Number of covered goals: 509
* Coverage analysis for criterion BRANCH
* Coverage of criterion BRANCH: 59%
* Total number of goals: 1707
* Number of covered goals: 1003
* Coverage analysis for criterion EXCEPTION
* Coverage of criterion EXCEPTION: 100%
* Total number of goals: 9
* Number of covered goals: 9
* Coverage analysis for criterion WEAKMUTATION
* Coverage of criterion WEAKMUTATION: 43%
* Total number of goals: 434
* Number of covered goals: 186
* Coverage analysis for criterion OUTPUT
* Coverage of criterion OUTPUT: 50%
* Total number of goals: 4
* Number of covered goals: 2
* Coverage analysis for criterion METHOD
* Coverage of criterion METHOD: 100%
* Total number of goals: 11
* Number of covered goals: 11
* Coverage analysis for criterion METHODNOEXCEPTION
* Coverage of criterion METHODNOEXCEPTION: 100%
* Total number of goals: 11
* Number of covered goals: 11
* Coverage analysis for criterion CBRANCH
* Coverage of criterion CBRANCH: 59%
* Total number of goals: 1707
* Number of covered goals: 1002
* Generated 140 tests with total length 1188
* Resulting test suite's coverage: 56% (average coverage for all fitness functions)
* Generating assertions
* Resulting test suite's mutation score: 21%
* Compiling and checking tests
[MASTER] 19:12:40.265 [logback-1] WARN  JUnitAnalyzer - Found unstable test named test0 -> class java.lang.AssertionError: Exception was not thrown in com.soops.CEN4010.JMCA.JParser.JavaParserTokenManager but in org.junit.Assert.fail(Assert.java:88): java.lang.AssertionError: Expecting exception: Error
[MASTER] 19:12:40.265 [logback-1] WARN  JUnitAnalyzer - Failing test:
 StringReader stringReader0 = new StringReader("14{?iLyO3");
JavaCharStream javaCharStream0 = new JavaCharStream(stringReader0);
JavaParserTokenManager javaParserTokenManager0 = new JavaParserTokenManager(javaCharStream0);
javaParserTokenManager0.getNextToken();

[MASTER] 19:12:40.508 [logback-1] WARN  JUnitAnalyzer - Found unstable test named test0 -> class java.lang.AssertionError: expected:<5> but was:<4>
[MASTER] 19:12:40.508 [logback-1] WARN  JUnitAnalyzer - Failing test:
 StringReader stringReader0 = new StringReader("*81cc:+kKtCb*");
StringReader stringReader1 = new StringReader("wgby-!wm@");
JavaCharStream javaCharStream0 = new JavaCharStream(stringReader0);
JavaParserTokenManager javaParserTokenManager0 = new JavaParserTokenManager(javaCharStream0);
javaParserTokenManager0.getNextToken();
javaParserTokenManager0.getNextToken();
javaParserTokenManager0.getNextToken();
assertEquals(5, javaCharStream0.bufpos);
assertEquals(6, javaCharStream0.getBeginColumn());


[MASTER] 19:12:40.546 [logback-1] WARN  JUnitAnalyzer - Found unstable test named test0 -> class java.lang.AssertionError: Exception was not thrown in com.soops.CEN4010.JMCA.JParser.JavaParserTokenManager but in org.junit.Assert.fail(Assert.java:88): java.lang.AssertionError: Expecting exception: Error
[MASTER] 19:12:40.546 [logback-1] WARN  JUnitAnalyzer - Failing test:
 StringReader stringReader0 = new StringReader("8E_");
JavaCharStream javaCharStream0 = new JavaCharStream(stringReader0, 0, 0);
javaCharStream0.bufpos = 0;
JavaParserTokenManager javaParserTokenManager0 = new JavaParserTokenManager(javaCharStream0, 0);
javaParserTokenManager0.getNextToken();

[MASTER] 19:12:40.713 [logback-1] WARN  JUnitAnalyzer - Found unstable test named test0 -> class java.lang.AssertionError: Exception was not thrown in com.soops.CEN4010.JMCA.JParser.JavaParserTokenManager but in org.junit.Assert.fail(Assert.java:88): java.lang.AssertionError: Expecting exception: Error
[MASTER] 19:12:40.713 [logback-1] WARN  JUnitAnalyzer - Failing test:
 StringReader stringReader0 = new StringReader("3i");
StringReader stringReader1 = new StringReader("3i");
JavaCharStream javaCharStream0 = new JavaCharStream(stringReader1, 41, 41);
JavaParserTokenManager javaParserTokenManager0 = new JavaParserTokenManager(javaCharStream0);
javaParserTokenManager0.getNextToken();

[MASTER] 19:12:40.906 [logback-1] WARN  JUnitAnalyzer - Found unstable test named test0 -> class java.lang.AssertionError: Exception was not thrown in com.soops.CEN4010.JMCA.JParser.JavaParserTokenManager but in org.junit.Assert.fail(Assert.java:88): java.lang.AssertionError: Expecting exception: Error
[MASTER] 19:12:40.906 [logback-1] WARN  JUnitAnalyzer - Failing test:
 StringReader stringReader0 = new StringReader("cBy3{0n:2X?{");
JavaCharStream javaCharStream0 = new JavaCharStream(stringReader0, (-4507), (-4507));
JavaCharStream javaCharStream1 = new JavaCharStream(stringReader0, 74, (-1));
JavaParserTokenManager javaParserTokenManager0 = new JavaParserTokenManager(javaCharStream0);
javaParserTokenManager0.getNextToken();
javaParserTokenManager0.getNextToken();
javaParserTokenManager0.getNextToken();

[MASTER] 19:12:41.007 [logback-1] WARN  JUnitAnalyzer - Found unstable test named test0 -> class java.lang.AssertionError: expected:<6> but was:<5>
[MASTER] 19:12:41.007 [logback-1] WARN  JUnitAnalyzer - Failing test:
 StringReader stringReader0 = new StringReader("*81ucc:+kKtCb*");
JavaCharStream javaCharStream0 = new JavaCharStream(stringReader0, 110, 110);
javaCharStream0.available = 110;
JavaCharStream javaCharStream1 = new JavaCharStream(stringReader0, 38, 38);
JavaParserTokenManager javaParserTokenManager0 = new JavaParserTokenManager(javaCharStream1);
javaParserTokenManager0.getNextToken();
javaParserTokenManager0.getNextToken();
Token token0 = javaParserTokenManager0.getNextToken();
assertEquals(6, javaCharStream1.bufpos);
assertEquals(92, token0.kind);


[MASTER] 19:12:41.405 [logback-1] WARN  JUnitAnalyzer - Found unstable test named test0 -> class java.lang.AssertionError: expected:<3> but was:<2>
[MASTER] 19:12:41.405 [logback-1] WARN  JUnitAnalyzer - Failing test:
 StringReader stringReader0 = new StringReader("n?P6r~");
StringReader stringReader1 = new StringReader("l2Qz(,");
JavaCharStream javaCharStream0 = new JavaCharStream(stringReader1);
JavaParserTokenManager javaParserTokenManager0 = new JavaParserTokenManager(javaCharStream0);
javaCharStream0.BeginToken();
javaParserTokenManager0.getNextToken();
javaParserTokenManager0.MoreLexicalActions();
javaParserTokenManager0.getNextToken();
assertEquals(3, javaCharStream0.bufpos);
assertEquals(5, javaCharStream0.getColumn());


[MASTER] 19:12:41.521 [logback-1] WARN  JUnitAnalyzer - Found unstable test named test0 -> class java.lang.AssertionError: Exception was not thrown in com.soops.CEN4010.JMCA.JParser.JavaParserTokenManager but in org.junit.Assert.fail(Assert.java:88): java.lang.AssertionError: Expecting exception: Error
[MASTER] 19:12:41.521 [logback-1] WARN  JUnitAnalyzer - Failing test:
 FileSystemHandling fileSystemHandling0 = new FileSystemHandling();
StringReader stringReader0 = new StringReader("Xpr=0I^~1e!,Fx");
JavaCharStream javaCharStream0 = new JavaCharStream(stringReader0, (-274), (-4330));
javaCharStream0.BeginToken();
javaCharStream0.backup((-2679));
JavaParserTokenManager javaParserTokenManager0 = new JavaParserTokenManager(javaCharStream0);
javaParserTokenManager0.getNextToken();
javaParserTokenManager0.getNextToken();

[MASTER] 19:12:41.916 [logback-1] WARN  JUnitAnalyzer - Found unstable test named test0 -> class java.lang.AssertionError: Exception was not thrown in com.soops.CEN4010.JMCA.JParser.JavaParserTokenManager but in org.junit.Assert.fail(Assert.java:88): java.lang.AssertionError: Expecting exception: Error
[MASTER] 19:12:41.916 [logback-1] WARN  JUnitAnalyzer - Failing test:
 StringReader stringReader0 = new StringReader("cB:y3{0n2X?w{");
JavaCharStream javaCharStream0 = new JavaCharStream(stringReader0);
javaCharStream0.backup(0);
javaCharStream0.BeginToken();
stringReader0.ready();
JavaParserTokenManager javaParserTokenManager0 = new JavaParserTokenManager(javaCharStream0);
javaParserTokenManager0.getNextToken();
javaParserTokenManager0.getNextToken();
javaParserTokenManager0.getNextToken();
javaParserTokenManager0.getNextToken();
javaParserTokenManager0.getNextToken();

[MASTER] 19:12:42.168 [logback-1] WARN  JUnitAnalyzer - Found unstable test named test0 -> class java.lang.AssertionError: Exception was not thrown in com.soops.CEN4010.JMCA.JParser.JavaParserTokenManager but in org.junit.Assert.fail(Assert.java:88): java.lang.AssertionError: Expecting exception: Error
[MASTER] 19:12:42.169 [logback-1] WARN  JUnitAnalyzer - Failing test:
 FileSystemHandling fileSystemHandling0 = new FileSystemHandling();
StringReader stringReader0 = new StringReader("Xpr=0I^1e!,Fx");
JavaCharStream javaCharStream0 = new JavaCharStream(stringReader0, (-274), (-4330));
stringReader0.read();
javaCharStream0.BeginToken();
javaCharStream0.backup((-608));
JavaParserTokenManager javaParserTokenManager0 = new JavaParserTokenManager(javaCharStream0);
javaParserTokenManager0.getNextToken();
javaParserTokenManager0.getNextToken();

[MASTER] 19:12:42.311 [logback-1] WARN  JUnitAnalyzer - Found unstable test named test0 -> class java.lang.AssertionError: Exception was not thrown in com.soops.CEN4010.JMCA.JParser.JavaParserTokenManager but in org.junit.Assert.fail(Assert.java:88): java.lang.AssertionError: Expecting exception: Error
[MASTER] 19:12:42.311 [logback-1] WARN  JUnitAnalyzer - Failing test:
 PipedInputStream pipedInputStream0 = new PipedInputStream(112);
StringReader stringReader0 = new StringReader("ro1f`i`Km^F");
StringReader stringReader1 = new StringReader("l2Qz(,");
JavaCharStream javaCharStream0 = new JavaCharStream(stringReader0);
JavaParserTokenManager javaParserTokenManager0 = new JavaParserTokenManager(javaCharStream0);
javaParserTokenManager0.curLexState = 1968;
javaParserTokenManager0.getNextToken();
javaParserTokenManager0.getNextToken();

[MASTER] 19:12:42.352 [logback-1] WARN  JUnitAnalyzer - Found unstable test named test0 -> class java.lang.AssertionError: Exception was not thrown in com.soops.CEN4010.JMCA.JParser.JavaParserTokenManager but in org.junit.Assert.fail(Assert.java:88): java.lang.AssertionError: Expecting exception: Error
[MASTER] 19:12:42.352 [logback-1] WARN  JUnitAnalyzer - Failing test:
 StringReader stringReader0 = new StringReader("3{t.1i%U");
JavaCharStream javaCharStream0 = new JavaCharStream(stringReader0);
JavaParserTokenManager javaParserTokenManager0 = new JavaParserTokenManager(javaCharStream0);
javaParserTokenManager0.getNextToken();

[MASTER] 19:12:42.392 [logback-1] WARN  JUnitAnalyzer - Found unstable test named test0 -> class java.lang.AssertionError: expected:<10> but was:<7>
[MASTER] 19:12:42.392 [logback-1] WARN  JUnitAnalyzer - Failing test:
 StringReader stringReader0 = new StringReader("2p]+t%Nw<");
StringReader stringReader1 = new StringReader("5dAE*j");
JavaCharStream javaCharStream0 = new JavaCharStream(stringReader1);
JavaCharStream javaCharStream1 = new JavaCharStream(stringReader1, (-1), (-1));
JavaParserTokenManager javaParserTokenManager0 = new JavaParserTokenManager(javaCharStream1);
javaParserTokenManager0.getNextToken();
javaParserTokenManager0.getNextToken();
JavaParserTokenManager javaParserTokenManager1 = new JavaParserTokenManager(javaCharStream1);
stringReader1.reset();
javaParserTokenManager1.getNextToken();
javaParserTokenManager1.getNextToken();
assertEquals(10, javaCharStream1.bufpos);
assertEquals(9, javaCharStream1.getEndColumn());


[MASTER] 19:12:42.590 [logback-1] WARN  JUnitAnalyzer - Found unstable test named test0 -> class java.lang.AssertionError: Exception was not thrown in com.soops.CEN4010.JMCA.JParser.JavaParserTokenManager but in org.junit.Assert.fail(Assert.java:88): java.lang.AssertionError: Expecting exception: Error
[MASTER] 19:12:42.591 [logback-1] WARN  JUnitAnalyzer - Failing test:
 StringReader stringReader0 = new StringReader("2p]+t%Nw<");
StringReader stringReader1 = new StringReader("5 /Ejj");
JavaCharStream javaCharStream0 = new JavaCharStream(stringReader1);
JavaCharStream javaCharStream1 = new JavaCharStream(stringReader1, (-1), (-1));
JavaParserTokenManager javaParserTokenManager0 = new JavaParserTokenManager(javaCharStream1);
javaParserTokenManager0.getNextToken();

[MASTER] 19:12:42.630 [logback-1] WARN  JUnitAnalyzer - Found unstable test named test0 -> class java.lang.AssertionError: Exception was not thrown in com.soops.CEN4010.JMCA.JParser.JavaParserTokenManager but in org.junit.Assert.fail(Assert.java:88): java.lang.AssertionError: Expecting exception: Error
[MASTER] 19:12:42.630 [logback-1] WARN  JUnitAnalyzer - Failing test:
 StringReader stringReader0 = new StringReader("ala5SoyZg/6'B");
JavaCharStream javaCharStream0 = new JavaCharStream(stringReader0);
JavaParserTokenManager javaParserTokenManager0 = new JavaParserTokenManager(javaCharStream0);
javaParserTokenManager0.getNextToken();
javaParserTokenManager0.MoreLexicalActions();
javaParserTokenManager0.getNextToken();
JavaParserTokenManager javaParserTokenManager1 = new JavaParserTokenManager(javaCharStream0, 1);
javaParserTokenManager0.getNextToken();

[MASTER] 19:12:42.832 [logback-1] WARN  JUnitAnalyzer - Found unstable test named test0 -> class java.lang.AssertionError: expected:<4> but was:<3>
[MASTER] 19:12:42.833 [logback-1] WARN  JUnitAnalyzer - Failing test:
 StringReader stringReader0 = new StringReader("/*Z?1H4v|hof.\"'fo.S");
JavaCharStream javaCharStream0 = new JavaCharStream(stringReader0);
JavaParserTokenManager javaParserTokenManager0 = new JavaParserTokenManager(javaCharStream0);
javaCharStream0.BeginToken();
javaParserTokenManager0.getNextToken();
javaParserTokenManager0.MoreLexicalActions();
javaParserTokenManager0.getNextToken();
javaParserTokenManager0.getNextToken();
javaParserTokenManager0.getNextToken();
javaParserTokenManager0.getNextToken();
assertEquals(4, javaCharStream0.bufpos);
assertEquals(9, javaCharStream0.getColumn());


[MASTER] 19:12:42.870 [logback-1] WARN  JUnitAnalyzer - Found unstable test named test0 -> class java.lang.AssertionError: Exception was not thrown in com.soops.CEN4010.JMCA.JParser.JavaParserTokenManager but in org.junit.Assert.fail(Assert.java:88): java.lang.AssertionError: Expecting exception: Error
[MASTER] 19:12:42.870 [logback-1] WARN  JUnitAnalyzer - Failing test:
 StringReader stringReader0 = new StringReader("-6k-FO93^[P3D@8}9+");
JavaCharStream javaCharStream0 = new JavaCharStream(stringReader0);
JavaParserTokenManager javaParserTokenManager0 = new JavaParserTokenManager(javaCharStream0);
javaParserTokenManager0.getNextToken();
JavaParserTokenManager javaParserTokenManager1 = new JavaParserTokenManager(javaCharStream0);
javaParserTokenManager1.getNextToken();

[MASTER] 19:12:43.066 [logback-1] WARN  JUnitAnalyzer - Found unstable test named test0 -> class java.lang.AssertionError: Exception was not thrown in com.soops.CEN4010.JMCA.JParser.JavaParserTokenManager but in org.junit.Assert.fail(Assert.java:88): java.lang.AssertionError: Expecting exception: Error
[MASTER] 19:12:43.066 [logback-1] WARN  JUnitAnalyzer - Failing test:
 StringReader stringReader0 = new StringReader("/*Z?1H4v|hof.\"'fo.S");
StringReader stringReader1 = new StringReader("855:v/Ox4L}");
JavaCharStream javaCharStream0 = new JavaCharStream(stringReader1);
JavaCharStream javaCharStream1 = new JavaCharStream(stringReader1, (-1), (-1));
JavaParserTokenManager javaParserTokenManager0 = new JavaParserTokenManager(javaCharStream0);
javaParserTokenManager0.getNextToken();

[MASTER] 19:12:43.769 [logback-1] WARN  JUnitAnalyzer - Found unstable test named test0 -> class java.lang.AssertionError: Exception was not thrown in com.soops.CEN4010.JMCA.JParser.JavaParserTokenManager but in org.junit.Assert.fail(Assert.java:88): java.lang.AssertionError: Expecting exception: Error
[MASTER] 19:12:43.769 [logback-1] WARN  JUnitAnalyzer - Failing test:
 StringReader stringReader0 = new StringReader("Tg0OZ~w^k@RdL");
JavaCharStream javaCharStream0 = new JavaCharStream(stringReader0, 38, 38);
StringReader stringReader1 = new StringReader("3{t.1i%U");
JavaCharStream javaCharStream1 = new JavaCharStream(stringReader1);
JavaParserTokenManager javaParserTokenManager0 = new JavaParserTokenManager(javaCharStream1);
javaParserTokenManager0.getNextToken();

[MASTER] 19:12:44.130 [logback-1] WARN  JUnitAnalyzer - Found unstable test named test0 -> class java.lang.AssertionError: Exception was not thrown in com.soops.CEN4010.JMCA.JParser.JavaParserTokenManager but in org.junit.Assert.fail(Assert.java:88): java.lang.AssertionError: Expecting exception: Error
[MASTER] 19:12:44.130 [logback-1] WARN  JUnitAnalyzer - Failing test:
 byte[] byteArray0 = new byte[3];
byteArray0[0] = (byte)93;
byteArray0[1] = (byte)0;
byteArray0[2] = (byte)97;
FileSystemHandling.appendDataToFile((EvoSuiteFile) null, byteArray0);
StringReader stringReader0 = new StringReader("02@O1X.");
JavaCharStream javaCharStream0 = new JavaCharStream(stringReader0, 2628, (byte)0);
JavaParserTokenManager javaParserTokenManager0 = new JavaParserTokenManager(javaCharStream0);
javaParserTokenManager0.getNextToken();

[MASTER] 19:12:44.167 [logback-1] WARN  JUnitAnalyzer - Found unstable test named test0 -> class java.lang.AssertionError: Exception was not thrown in com.soops.CEN4010.JMCA.JParser.JavaParserTokenManager but in org.junit.Assert.fail(Assert.java:88): java.lang.AssertionError: Expecting exception: Error
[MASTER] 19:12:44.167 [logback-1] WARN  JUnitAnalyzer - Failing test:
 StringReader stringReader0 = new StringReader("1.4{?iL4yO3");
StringReader stringReader1 = new StringReader("1.4{?iL4yO3");
stringReader0.read();
JavaCharStream javaCharStream0 = new JavaCharStream(stringReader0);
JavaParserTokenManager javaParserTokenManager0 = new JavaParserTokenManager(javaCharStream0);
javaCharStream0.BeginToken();
javaParserTokenManager0.getNextToken();

[MASTER] 19:12:44.342 [logback-1] WARN  JUnitAnalyzer - Found unstable test named test0 -> class java.lang.AssertionError: Exception was not thrown in com.soops.CEN4010.JMCA.JParser.JavaParserTokenManager but in org.junit.Assert.fail(Assert.java:88): java.lang.AssertionError: Expecting exception: Error
[MASTER] 19:12:44.342 [logback-1] WARN  JUnitAnalyzer - Failing test:
 StringReader stringReader0 = new StringReader("2p]+t%Nw<");
JavaCharStream javaCharStream0 = new JavaCharStream(stringReader0);
JavaParserTokenManager javaParserTokenManager0 = new JavaParserTokenManager(javaCharStream0);
int int0 = JavaParserConstants.TILDE;
javaParserTokenManager0.getNextToken();

* Writing JUnit test case 'JavaParserTokenManager_ESTest' to /home/ubuntu/termite/mosa/tests/s1006/19_jmca/evosuite-tests
* Done!

* Computation finished
* EvoSuite 1.0.6
* Configuration: MOSA
* Going to generate test cases for class: com.soops.CEN4010.JMCA.JParser.SimpleNode
* Starting client
* Properties loaded from /home/ubuntu/termite/projects/19_jmca/evosuite-files/evosuite.properties
* Connecting to master process on port 15870
* Analyzing classpath: 
* Inheritance tree loaded from evosuite-files/inheritance.xml.gz
[MASTER] 19:17:38.715 [logback-1] WARN  InheritanceTree - Class not in inheritance graph: java.util.function.Consumer
[MASTER] 19:17:38.727 [logback-1] WARN  InheritanceTree - Class not in inheritance graph: java.util.function.Predicate
[MASTER] 19:17:38.743 [logback-1] WARN  InheritanceTree - Class not in inheritance graph: java.util.function.UnaryOperator
[MASTER] 19:17:38.957 [logback-1] WARN  InheritanceTree - Class not in inheritance graph: java.util.function.Function
* Finished analyzing classpath
* Generating tests for class com.soops.CEN4010.JMCA.JParser.SimpleNode
* Test criteria:
  - Line Coverage
  - Branch Coverage
  - Exception
  - Mutation testing (weak)
  - Method-Output Coverage
  - Top-Level Method Coverage
  - No-Exception Top-Level Method Coverage
  - Context Branch Coverage
* Total number of test goals for MOSA: 360
* Using seed 1006
* Starting evolution
[MASTER] 19:17:44.590 [logback-1] WARN  CoverageArchive - A solution with a timeout/exception result has been added to the archive. The covered goal was com.soops.CEN4010.JMCA.JParser.SimpleNode.dump(Ljava/lang/String;Ljava/io/Writer;)V: Line 148
[MASTER] 19:17:44.590 [logback-1] WARN  CoverageArchive - A solution with a timeout/exception result has been added to the archive. The covered goal was com.soops.CEN4010.JMCA.JParser.SimpleNode.dump(Ljava/lang/String;Ljava/io/Writer;)V: Line 152
[MASTER] 19:17:44.590 [logback-1] WARN  CoverageArchive - A solution with a timeout/exception result has been added to the archive. The covered goal was com.soops.CEN4010.JMCA.JParser.SimpleNode.dump(Ljava/lang/String;Ljava/io/Writer;)V: Line 153
[MASTER] 19:17:44.590 [logback-1] WARN  CoverageArchive - A solution with a timeout/exception result has been added to the archive. The covered goal was com.soops.CEN4010.JMCA.JParser.SimpleNode.dump(Ljava/lang/String;Ljava/io/Writer;)V: Line 154
[MASTER] 19:17:44.590 [logback-1] WARN  CoverageArchive - A solution with a timeout/exception result has been added to the archive. The covered goal was com.soops.CEN4010.JMCA.JParser.SimpleNode.dump(Ljava/lang/String;Ljava/io/Writer;)V: Line 155
[MASTER] 19:17:44.592 [logback-1] WARN  CoverageArchive - A solution with a timeout/exception result has been added to the archive. The covered goal was [METHODNOEX] com.soops.CEN4010.JMCA.JParser.SimpleNode.jjtGetChild(I)Lcom/soops/CEN4010/JMCA/JParser/Node;
[MASTER] 19:17:44.592 [logback-1] WARN  CoverageArchive - A solution with a timeout/exception result has been added to the archive. The covered goal was Branch com.soops.CEN4010.JMCA.JParser.SimpleNode.dump(Ljava/lang/String;Ljava/io/Writer;)V: I231 Branch 26 IFNULL L154 - false in context: com.soops.CEN4010.JMCA.JParser.SimpleNode:dump(Ljava/lang/String;Ljava/io/Writer;)V
[MASTER] 19:17:44.592 [logback-1] WARN  CoverageArchive - A solution with a timeout/exception result has been added to the archive. The covered goal was Branch com.soops.CEN4010.JMCA.JParser.SimpleNode.dump(Ljava/lang/String;Ljava/io/Writer;)V: I219 Branch 25 IF_ICMPGE L152 - false in context: com.soops.CEN4010.JMCA.JParser.SimpleNode:dump(Ljava/lang/String;Ljava/io/Writer;)V
[MASTER] 19:17:44.592 [logback-1] WARN  CoverageArchive - A solution with a timeout/exception result has been added to the archive. The covered goal was Branch com.soops.CEN4010.JMCA.JParser.SimpleNode.dump(Ljava/lang/String;Ljava/io/Writer;)V: I187 Branch 23 IFLE L147 - false in context: com.soops.CEN4010.JMCA.JParser.SimpleNode:dump(Ljava/lang/String;Ljava/io/Writer;)V
[MASTER] 19:17:44.592 [logback-1] WARN  CoverageArchive - A solution with a timeout/exception result has been added to the archive. The covered goal was Branch com.soops.CEN4010.JMCA.JParser.SimpleNode.dump(Ljava/lang/String;Ljava/io/Writer;)V: I183 Branch 22 IFNULL L147 - false in context: com.soops.CEN4010.JMCA.JParser.SimpleNode:dump(Ljava/lang/String;Ljava/io/Writer;)V
[MASTER] 19:17:44.592 [logback-1] WARN  CoverageArchive - A solution with a timeout/exception result has been added to the archive. The covered goal was Branch com.soops.CEN4010.JMCA.JParser.SimpleNode.dump(Ljava/lang/String;Ljava/io/Writer;)V: I209 Branch 24 IFNULL L151 - false in context: com.soops.CEN4010.JMCA.JParser.SimpleNode:dump(Ljava/lang/String;Ljava/io/Writer;)V
* Search finished after 123s and 69 generations, 35453 statements, best individual has fitness: 232.0
* Going to analyze the coverage criteria
* Coverage analysis for criterion LINE
* Coverage of criterion LINE: 98%
* Total number of goals: 62
* Number of covered goals: 61
* Coverage analysis for criterion BRANCH
* Coverage of criterion BRANCH: 96%
* Total number of goals: 67
* Number of covered goals: 64
* Coverage analysis for criterion EXCEPTION
* Coverage of criterion EXCEPTION: 100%
* Total number of goals: 13
* Number of covered goals: 13
* Coverage analysis for criterion WEAKMUTATION
* Coverage of criterion WEAKMUTATION: 89%
* Total number of goals: 121
* Number of covered goals: 108
* Coverage analysis for criterion OUTPUT
* Coverage of criterion OUTPUT: 47%
* Total number of goals: 17
* Number of covered goals: 8
* Coverage analysis for criterion METHOD
* Coverage of criterion METHOD: 100%
* Total number of goals: 13
* Number of covered goals: 13
* Coverage analysis for criterion METHODNOEXCEPTION
* Coverage of criterion METHODNOEXCEPTION: 100%
* Total number of goals: 13
* Number of covered goals: 13
* Coverage analysis for criterion CBRANCH
* Coverage of criterion CBRANCH: 96%
* Total number of goals: 67
* Number of covered goals: 64
* Generated 40 tests with total length 226
* Resulting test suite's coverage: 92% (average coverage for all fitness functions)
* Generating assertions
* Resulting test suite's mutation score: 88%
* Compiling and checking tests
[MASTER] 19:22:44.352 [logback-1] WARN  JUnitAnalyzer - Found unstable test named test0 -> class java.lang.StackOverflowError: null
[MASTER] 19:22:44.352 [logback-1] WARN  JUnitAnalyzer - Failing test:
 SimpleNode simpleNode0 = new SimpleNode(66);
StringWriter stringWriter0 = new StringWriter();
simpleNode0.setIdentifier(">=");
Node[] nodeArray0 = new Node[6];
nodeArray0[0] = (Node) simpleNode0;
nodeArray0[1] = (Node) simpleNode0;
nodeArray0[2] = (Node) simpleNode0;
nodeArray0[3] = (Node) simpleNode0;
nodeArray0[4] = (Node) simpleNode0;
nodeArray0[5] = (Node) simpleNode0;
simpleNode0.children = nodeArray0;
StringWriter stringWriter1 = stringWriter0.append('/');
stringWriter1.write("CompilationUnit : ");
String string0 = "|*x]84";
simpleNode0.dump(string0, stringWriter0);

* Permissions denied during test execution: 
  - java.lang.RuntimePermission: 
         writeFileDescriptor: 5
* Writing JUnit test case 'SimpleNode_ESTest' to /home/ubuntu/termite/mosa/tests/s1006/19_jmca/evosuite-tests
* Done!

* Computation finished
