* EvoSuite 1.0.6
* Configuration: MOSA
* Going to generate test cases for class: net.sourceforge.squirrel_sql.client.session.Session
* Starting client
* Properties loaded from /home/ubuntu/termite/projects/102_squirrel-sql/evosuite-files/evosuite.properties
* Connecting to master process on port 2251
* Analyzing classpath: 
* Inheritance tree loaded from evosuite-files/inheritance.xml.gz
[MASTER] 16:12:07.208 [logback-1] WARN  InheritanceTree - Class not in inheritance graph: java.util.function.BiFunction
[MASTER] 16:12:07.209 [logback-1] WARN  InheritanceTree - Class not in inheritance graph: java.util.function.Function
[MASTER] 16:12:07.211 [logback-1] WARN  InheritanceTree - Class not in inheritance graph: java.util.function.BiConsumer
[MASTER] 16:12:14.193 [logback-1] WARN  InheritanceTree - Class not in inheritance graph: java.util.function.Consumer
[MASTER] 16:12:14.193 [logback-1] WARN  InheritanceTree - Class not in inheritance graph: java.util.function.Predicate
[MASTER] 16:12:14.359 [logback-1] WARN  InheritanceTree - Class not in inheritance graph: java.util.function.UnaryOperator
[MASTER] 16:12:16.295 [logback-1] WARN  InheritanceTree - Class not in inheritance graph: java.time.ZoneId
[MASTER] 16:12:16.660 [logback-1] WARN  InheritanceTree - Class not in inheritance graph: java.time.temporal.Temporal
[MASTER] 16:12:16.661 [logback-1] WARN  InheritanceTree - Class not in inheritance graph: java.time.temporal.TemporalAccessor
[MASTER] 16:12:16.661 [logback-1] WARN  InheritanceTree - Class not in inheritance graph: java.time.temporal.TemporalField
[MASTER] 16:12:16.662 [logback-1] WARN  InheritanceTree - Class not in inheritance graph: java.time.temporal.TemporalUnit
[MASTER] 16:12:16.662 [logback-1] WARN  InheritanceTree - Class not in inheritance graph: java.time.temporal.TemporalAmount
[MASTER] 16:12:16.662 [logback-1] WARN  InheritanceTree - Class not in inheritance graph: java.time.Clock
[MASTER] 16:12:16.663 [logback-1] WARN  InheritanceTree - Class not in inheritance graph: java.time.temporal.TemporalQuery
[MASTER] 16:12:16.663 [logback-1] WARN  InheritanceTree - Class not in inheritance graph: java.time.temporal.TemporalAdjuster
[MASTER] 16:12:16.917 [logback-1] WARN  InheritanceTree - Class not in inheritance graph: java.time.chrono.Chronology
[MASTER] 16:12:16.994 [logback-1] WARN  InheritanceTree - Class not in inheritance graph: java.time.chrono.Era
* Finished analyzing classpath
* Generating tests for class net.sourceforge.squirrel_sql.client.session.Session
* Test criteria:
  - Line Coverage
  - Branch Coverage
  - Exception
  - Mutation testing (weak)
  - Method-Output Coverage
  - Top-Level Method Coverage
  - No-Exception Top-Level Method Coverage
  - Context Branch Coverage
* Total number of test goals for MOSA: 1345
* Using seed 1002
* Starting evolution
[MASTER] 16:12:18.360 [logback-2] ERROR TestCluster - Failed to check cache for java.util.HashMap<K, V> : Type points to itself
[MASTER] 16:12:18.364 [logback-2] ERROR TestCluster - Failed to check cache for javax.swing.JComboBox<E> : Type points to itself
[MASTER] 16:12:18.368 [logback-2] ERROR TestCluster - Failed to check cache for javax.swing.JList<E> : Type points to itself
[MASTER] 16:12:27.002 [logback-1] WARN  InheritanceTree - Class not in inheritance graph: java.time.chrono.ChronoLocalDate
[MASTER] 16:12:37.345 [logback-1] WARN  TestChromosome - Functional mock problem: org.evosuite.ga.ConstructionFailedException: Have no generator for class com.gargoylesoftware.base.resource.jdbc.ConnectionWrapper canUseFunctionalMocks=false, canBeMocked: true
* Search finished after 121s and 107 generations, 51401 statements, best individual has fitness: 10616.0
* Going to analyze the coverage criteria
* Coverage analysis for criterion LINE
* Coverage of criterion LINE: 4%
* Total number of goals: 396
* Number of covered goals: 15
* Coverage analysis for criterion BRANCH
* Coverage of criterion BRANCH: 0%
* Total number of goals: 204
* Number of covered goals: 1
* Coverage analysis for criterion EXCEPTION
* Coverage of criterion EXCEPTION: 100%
* Total number of goals: 1
* Number of covered goals: 1
* Coverage analysis for criterion WEAKMUTATION
* Coverage of criterion WEAKMUTATION: 0%
* Total number of goals: 258
* Number of covered goals: 0
* Coverage analysis for criterion OUTPUT
* Coverage of criterion OUTPUT: 0%
* Total number of goals: 165
* Number of covered goals: 0
* Coverage analysis for criterion METHOD
* Coverage of criterion METHOD: 2%
* Total number of goals: 59
* Number of covered goals: 1
* Coverage analysis for criterion METHODNOEXCEPTION
* Coverage of criterion METHODNOEXCEPTION: 2%
* Total number of goals: 59
* Number of covered goals: 1
* Coverage analysis for criterion CBRANCH
* Coverage of criterion CBRANCH: 0%
* Total number of goals: 204
* Number of covered goals: 1
* Generated 1 tests with total length 4
* Resulting test suite's coverage: 1% (average coverage for all fitness functions)
* Generating assertions
* Resulting test suite's mutation score: 2%
* Compiling and checking tests
* Writing JUnit test case 'Session_ESTest' to /home/ubuntu/termite/mosa/tests/s1002/102_squirrel-sql/evosuite-tests
* Done!

* Computation finished
* EvoSuite 1.0.6
* Configuration: MOSA
* Going to generate test cases for class: net.sourceforge.squirrel_sql.plugins.dbcopy.util.DBUtil
* Starting client
* Properties loaded from /home/ubuntu/termite/projects/102_squirrel-sql/evosuite-files/evosuite.properties
* Connecting to master process on port 2252
* Analyzing classpath: 
* Inheritance tree loaded from evosuite-files/inheritance.xml.gz
[MASTER] 16:21:33.674 [logback-1] WARN  InheritanceTree - Class not in inheritance graph: java.sql.SQLType
[MASTER] 16:21:33.895 [logback-1] WARN  InheritanceTree - Class not in inheritance graph: java.util.function.Consumer
[MASTER] 16:21:33.897 [logback-1] WARN  InheritanceTree - Class not in inheritance graph: java.util.function.Predicate
[MASTER] 16:21:33.897 [logback-1] WARN  InheritanceTree - Class not in inheritance graph: java.util.function.UnaryOperator
[MASTER] 16:21:34.296 [logback-1] WARN  InheritanceTree - Class not in inheritance graph: java.util.function.BiFunction
[MASTER] 16:21:34.296 [logback-1] WARN  InheritanceTree - Class not in inheritance graph: java.util.function.Function
[MASTER] 16:21:34.297 [logback-1] WARN  InheritanceTree - Class not in inheritance graph: java.util.function.BiConsumer
[MASTER] 16:21:34.790 [logback-1] WARN  InheritanceTree - Class not in inheritance graph: java.time.ZoneId
[MASTER] 16:21:34.802 [logback-1] WARN  InheritanceTree - Class not in inheritance graph: java.time.temporal.TemporalAccessor
[MASTER] 16:21:34.803 [logback-1] WARN  InheritanceTree - Class not in inheritance graph: java.time.Clock
[MASTER] 16:21:35.814 [logback-1] WARN  InheritanceTree - Class not in inheritance graph: java.time.temporal.Temporal
[MASTER] 16:21:35.815 [logback-1] WARN  InheritanceTree - Class not in inheritance graph: java.time.temporal.TemporalField
[MASTER] 16:21:35.816 [logback-1] WARN  InheritanceTree - Class not in inheritance graph: java.time.temporal.TemporalUnit
[MASTER] 16:21:35.816 [logback-1] WARN  InheritanceTree - Class not in inheritance graph: java.time.temporal.TemporalAmount
[MASTER] 16:21:35.819 [logback-1] WARN  InheritanceTree - Class not in inheritance graph: java.time.temporal.TemporalQuery
[MASTER] 16:21:35.830 [logback-1] WARN  InheritanceTree - Class not in inheritance graph: java.time.temporal.TemporalAdjuster
[MASTER] 16:21:37.004 [logback-1] WARN  InheritanceTree - Class not in inheritance graph: java.time.chrono.Chronology
[MASTER] 16:21:39.450 [logback-1] WARN  InheritanceTree - Class not in inheritance graph: java.time.chrono.Era
* Finished analyzing classpath
* Generating tests for class net.sourceforge.squirrel_sql.plugins.dbcopy.util.DBUtil
* Test criteria:
  - Line Coverage
  - Branch Coverage
  - Exception
  - Mutation testing (weak)
  - Method-Output Coverage
  - Top-Level Method Coverage
  - No-Exception Top-Level Method Coverage
  - Context Branch Coverage
* Total number of test goals for MOSA: 2842
* Using seed 1002
* Starting evolution
[MASTER] 16:21:48.211 [logback-1] WARN  TestChromosome - Functional mock problem: org.evosuite.ga.ConstructionFailedException: Failed to add constructor for com.gargoylesoftware.base.resource.jdbc.ConnectionWrapper due to org.evosuite.ga.ConstructionFailedException: Failed to add constructor for com.gargoylesoftware.base.resource.jdbc.CallableStatementWrapper due to org.evosuite.ga.ConstructionFailedException: Have no generator for class com.gargoylesoftware.base.resource.jdbc.ConnectionWrapper canUseFunctionalMocks=false, canBeMocked: true
[MASTER] 16:22:34.553 [logback-2] ERROR TestCluster - Failed to check cache for java.lang.Class<T> : Type points to itself
* Search finished after 123s and 252 generations, 70352 statements, best individual has fitness: 16800.0
* Going to analyze the coverage criteria
* Coverage analysis for criterion LINE
* Coverage of criterion LINE: 21%
* Total number of goals: 792
* Number of covered goals: 163
* Coverage analysis for criterion BRANCH
* Coverage of criterion BRANCH: 26%
* Total number of goals: 463
* Number of covered goals: 122
* Coverage analysis for criterion EXCEPTION
* Coverage of criterion EXCEPTION: 100%
* Total number of goals: 42
* Number of covered goals: 42
* Coverage analysis for criterion WEAKMUTATION
* Coverage of criterion WEAKMUTATION: 26%
* Total number of goals: 906
* Number of covered goals: 238
* Coverage analysis for criterion OUTPUT
* Coverage of criterion OUTPUT: 26%
* Total number of goals: 122
* Number of covered goals: 32
* Coverage analysis for criterion METHOD
* Coverage of criterion METHOD: 98%
* Total number of goals: 48
* Number of covered goals: 47
* Coverage analysis for criterion METHODNOEXCEPTION
* Coverage of criterion METHODNOEXCEPTION: 88%
* Total number of goals: 48
* Number of covered goals: 42
* Coverage analysis for criterion CBRANCH
* Coverage of criterion CBRANCH: 26%
* Total number of goals: 463
* Number of covered goals: 122
* Generated 112 tests with total length 354
* Resulting test suite's coverage: 27% (average coverage for all fitness functions)
* Generating assertions
* Resulting test suite's mutation score: 7%
* Compiling and checking tests
* Writing JUnit test case 'DBUtil_ESTest' to /home/ubuntu/termite/mosa/tests/s1002/102_squirrel-sql/evosuite-tests
* Done!

* Computation finished
