* EvoSuite 1.0.6
* Configuration: MOSA
* Going to generate test cases for class: com.soops.CEN4010.JMCA.JParser.JavaCharStream
* Starting client
* Properties loaded from /home/ubuntu/termite/projects/19_jmca/evosuite-files/evosuite.properties
* Connecting to master process on port 12626
* Analyzing classpath: 
* Inheritance tree loaded from evosuite-files/inheritance.xml.gz
* Finished analyzing classpath
* Generating tests for class com.soops.CEN4010.JMCA.JParser.JavaCharStream
* Test criteria:
  - Line Coverage
  - Branch Coverage
  - Exception
  - Mutation testing (weak)
  - Method-Output Coverage
  - Top-Level Method Coverage
  - No-Exception Top-Level Method Coverage
  - Context Branch Coverage
* Total number of test goals for MOSA: 1743
* Using seed 1015
* Starting evolution
* Search finished after 128s and 49 generations, 21193 statements, best individual has fitness: 1560.0
* Going to analyze the coverage criteria
* Coverage analysis for criterion LINE
* Coverage of criterion LINE: 83%
* Total number of goals: 239
* Number of covered goals: 198
* Coverage analysis for criterion BRANCH
* Coverage of criterion BRANCH: 88%
* Total number of goals: 216
* Number of covered goals: 189
* Coverage analysis for criterion EXCEPTION
* Coverage of criterion EXCEPTION: 100%
* Total number of goals: 38
* Number of covered goals: 38
* Coverage analysis for criterion WEAKMUTATION
* Coverage of criterion WEAKMUTATION: 90%
* Total number of goals: 974
* Number of covered goals: 879
* Coverage analysis for criterion OUTPUT
* Coverage of criterion OUTPUT: 86%
* Total number of goals: 36
* Number of covered goals: 31
* Coverage analysis for criterion METHOD
* Coverage of criterion METHOD: 100%
* Total number of goals: 31
* Number of covered goals: 31
* Coverage analysis for criterion METHODNOEXCEPTION
* Coverage of criterion METHODNOEXCEPTION: 100%
* Total number of goals: 31
* Number of covered goals: 31
* Coverage analysis for criterion CBRANCH
* Coverage of criterion CBRANCH: 88%
* Total number of goals: 216
* Number of covered goals: 189
* Generated 147 tests with total length 772
* Resulting test suite's coverage: 89% (average coverage for all fitness functions)
* Generating assertions
* Resulting test suite's mutation score: 41%
* Compiling and checking tests
* Permissions denied during test execution: 
  - java.lang.RuntimePermission: 
         writeFileDescriptor: 7
* Writing JUnit test case 'JavaCharStream_ESTest' to /home/ubuntu/termite/mosa/tests/s1015/19_jmca/evosuite-tests
* Done!

* Computation finished
* EvoSuite 1.0.6
* Configuration: MOSA
* Going to generate test cases for class: com.soops.CEN4010.JMCA.JParser.SimpleNode
* Starting client
* Properties loaded from /home/ubuntu/termite/projects/19_jmca/evosuite-files/evosuite.properties
* Connecting to master process on port 12623
* Analyzing classpath: 
* Inheritance tree loaded from evosuite-files/inheritance.xml.gz
[MASTER] 01:39:57.128 [logback-1] WARN  InheritanceTree - Class not in inheritance graph: java.util.function.Consumer
[MASTER] 01:39:57.130 [logback-1] WARN  InheritanceTree - Class not in inheritance graph: java.util.function.Predicate
[MASTER] 01:39:57.131 [logback-1] WARN  InheritanceTree - Class not in inheritance graph: java.util.function.UnaryOperator
[MASTER] 01:39:57.411 [logback-1] WARN  InheritanceTree - Class not in inheritance graph: java.util.function.Function
* Finished analyzing classpath
* Generating tests for class com.soops.CEN4010.JMCA.JParser.SimpleNode
* Test criteria:
  - Line Coverage
  - Branch Coverage
  - Exception
  - Mutation testing (weak)
  - Method-Output Coverage
  - Top-Level Method Coverage
  - No-Exception Top-Level Method Coverage
  - Context Branch Coverage
* Total number of test goals for MOSA: 360
* Using seed 1015
* Starting evolution
[MASTER] 01:40:22.147 [logback-1] WARN  CoverageArchive - A solution with a timeout/exception result has been added to the archive. The covered goal was [Output]: com.soops.CEN4010.JMCA.JParser.SimpleNode.jjtGetChild(I)Lcom/soops/CEN4010/JMCA/JParser/Node;:Null
[MASTER] 01:40:22.147 [logback-1] WARN  CoverageArchive - A solution with a timeout/exception result has been added to the archive. The covered goal was [METHODNOEX] com.soops.CEN4010.JMCA.JParser.SimpleNode.jjtGetChild(I)Lcom/soops/CEN4010/JMCA/JParser/Node;
[MASTER] 01:40:28.439 [logback-1] WARN  CoverageArchive - A solution with a timeout/exception result has been added to the archive. The covered goal was com.soops.CEN4010.JMCA.JParser.SimpleNode.dump(Ljava/lang/String;Ljava/io/Writer;)V: Line 155
[MASTER] 01:40:28.440 [logback-1] WARN  CoverageArchive - A solution with a timeout/exception result has been added to the archive. The covered goal was Branch com.soops.CEN4010.JMCA.JParser.SimpleNode.dump(Ljava/lang/String;Ljava/io/Writer;)V: I231 Branch 26 IFNULL L154 - false in context: com.soops.CEN4010.JMCA.JParser.SimpleNode:dump(Ljava/lang/String;Ljava/io/Writer;)V
* Search finished after 123s and 162 generations, 70261 statements, best individual has fitness: 168.0
* Going to analyze the coverage criteria
* Coverage analysis for criterion LINE
* Coverage of criterion LINE: 100%
* Total number of goals: 62
* Number of covered goals: 62
* Coverage analysis for criterion BRANCH
* Coverage of criterion BRANCH: 99%
* Total number of goals: 67
* Number of covered goals: 66
* Coverage analysis for criterion EXCEPTION
* Coverage of criterion EXCEPTION: 100%
* Total number of goals: 12
* Number of covered goals: 12
* Coverage analysis for criterion WEAKMUTATION
* Coverage of criterion WEAKMUTATION: 90%
* Total number of goals: 121
* Number of covered goals: 109
* Coverage analysis for criterion OUTPUT
* Coverage of criterion OUTPUT: 59%
* Total number of goals: 17
* Number of covered goals: 10
* Coverage analysis for criterion METHOD
* Coverage of criterion METHOD: 100%
* Total number of goals: 13
* Number of covered goals: 13
* Coverage analysis for criterion METHODNOEXCEPTION
* Coverage of criterion METHODNOEXCEPTION: 100%
* Total number of goals: 13
* Number of covered goals: 13
* Coverage analysis for criterion CBRANCH
* Coverage of criterion CBRANCH: 99%
* Total number of goals: 67
* Number of covered goals: 66
* Generated 46 tests with total length 224
* Resulting test suite's coverage: 94% (average coverage for all fitness functions)
* Generating assertions
* Resulting test suite's mutation score: 78%
* Compiling and checking tests
[MASTER] 01:42:26.589 [logback-1] WARN  JUnitAnalyzer - Found unstable test named test28 -> class java.lang.StackOverflowError: null
[MASTER] 01:42:26.590 [logback-1] WARN  JUnitAnalyzer - Failing test:
 StringWriter stringWriter0 = new StringWriter(0);
SimpleNode simpleNode0 = new SimpleNode(0);
simpleNode0.jjtAddChild(simpleNode0, 0);
StringReader stringReader0 = new StringReader("");
JavaParser javaParser0 = new JavaParser(stringReader0);
Node node0 = javaParser0.currNode;
simpleNode0.jjtAddChild(simpleNode0, 217);
StringWriter stringWriter1 = new StringWriter();
StringWriter stringWriter2 = new StringWriter();
String string0 = "[c`";
simpleNode0.dump(string0, stringWriter0);

* Writing JUnit test case 'SimpleNode_ESTest' to /home/ubuntu/termite/mosa/tests/s1015/19_jmca/evosuite-tests
* Done!

* Computation finished
* EvoSuite 1.0.6
* Configuration: MOSA
* Going to generate test cases for class: com.soops.CEN4010.JMCA.JParser.JavaParserTokenManager
* Starting client
* Properties loaded from /home/ubuntu/termite/projects/19_jmca/evosuite-files/evosuite.properties
* Connecting to master process on port 12623
* Analyzing classpath: 
* Inheritance tree loaded from evosuite-files/inheritance.xml.gz
[MASTER] 02:04:33.346 [logback-1] WARN  InheritanceTree - Class not in inheritance graph: java.util.function.Consumer
[MASTER] 02:04:33.355 [logback-1] WARN  InheritanceTree - Class not in inheritance graph: java.util.function.Predicate
[MASTER] 02:04:33.360 [logback-1] WARN  InheritanceTree - Class not in inheritance graph: java.util.function.UnaryOperator
[MASTER] 02:04:33.367 [logback-1] WARN  InheritanceTree - Class not in inheritance graph: java.util.function.Function
* Finished analyzing classpath
* Generating tests for class com.soops.CEN4010.JMCA.JParser.JavaParserTokenManager
* Test criteria:
  - Line Coverage
  - Branch Coverage
  - Exception
  - Mutation testing (weak)
  - Method-Output Coverage
  - Top-Level Method Coverage
  - No-Exception Top-Level Method Coverage
  - Context Branch Coverage
* Total number of test goals for MOSA: 4855
* Using seed 1015
* Starting evolution
* Search finished after 130s and 50 generations, 25524 statements, best individual has fitness: 18576.0
[MASTER] 02:06:47.216 [logback-1] WARN  TimeController - Phase SEARCH lasted too long, 12 seconds more than allowed.
* Going to analyze the coverage criteria
* Coverage analysis for criterion LINE
* Coverage of criterion LINE: 46%
* Total number of goals: 981
* Number of covered goals: 451
* Coverage analysis for criterion BRANCH
* Coverage of criterion BRANCH: 55%
* Total number of goals: 1707
* Number of covered goals: 933
* Coverage analysis for criterion EXCEPTION
* Coverage of criterion EXCEPTION: 100%
* Total number of goals: 9
* Number of covered goals: 9
* Coverage analysis for criterion WEAKMUTATION
* Coverage of criterion WEAKMUTATION: 44%
* Total number of goals: 434
* Number of covered goals: 192
* Coverage analysis for criterion OUTPUT
* Coverage of criterion OUTPUT: 50%
* Total number of goals: 4
* Number of covered goals: 2
* Coverage analysis for criterion METHOD
* Coverage of criterion METHOD: 100%
* Total number of goals: 11
* Number of covered goals: 11
* Coverage analysis for criterion METHODNOEXCEPTION
* Coverage of criterion METHODNOEXCEPTION: 100%
* Total number of goals: 11
* Number of covered goals: 11
* Coverage analysis for criterion CBRANCH
* Coverage of criterion CBRANCH: 55%
* Total number of goals: 1707
* Number of covered goals: 933
* Generated 104 tests with total length 812
* Resulting test suite's coverage: 52% (average coverage for all fitness functions)
* Generating assertions
* Resulting test suite's mutation score: 17%
* Compiling and checking tests
[MASTER] 02:07:46.773 [logback-1] WARN  JUnitAnalyzer - Found unstable test named test0 -> class com.soops.CEN4010.JMCA.JParser.TokenMgrError: Lexical error at line 1, column 7.  Encountered: <EOF> after : ""
[MASTER] 02:07:46.773 [logback-1] WARN  JUnitAnalyzer - Failing test:
 StringReader stringReader0 = new StringReader("\"case\"");
JavaCharStream javaCharStream0 = new JavaCharStream(stringReader0);
JavaParserTokenManager javaParserTokenManager0 = new JavaParserTokenManager(javaCharStream0);
javaCharStream0.BeginToken();
javaParserTokenManager0.getNextToken();
javaParserTokenManager0.getNextToken();
assertEquals(1, javaCharStream0.getBeginLine());
assertEquals(6, javaCharStream0.getBeginColumn());


[MASTER] 02:07:47.434 [logback-1] WARN  JUnitAnalyzer - Found unstable test named test0 -> class java.lang.AssertionError: Exception was not thrown in com.soops.CEN4010.JMCA.JParser.JavaParserTokenManager but in org.junit.Assert.fail(Assert.java:88): java.lang.AssertionError: Expecting exception: Error
[MASTER] 02:07:47.438 [logback-1] WARN  JUnitAnalyzer - Failing test:
 StringReader stringReader0 = new StringReader("z0d2\"owXq{n]nB`");
JavaCharStream javaCharStream0 = new JavaCharStream(stringReader0);
JavaParserTokenManager javaParserTokenManager0 = new JavaParserTokenManager(javaCharStream0);
javaCharStream0.BeginToken();
javaParserTokenManager0.getNextToken();
javaParserTokenManager0.getNextToken();

[MASTER] 02:07:49.353 [logback-1] WARN  JUnitAnalyzer - Found unstable test named test0 -> class java.lang.AssertionError: Exception was not thrown in com.soops.CEN4010.JMCA.JParser.JavaParserTokenManager but in org.junit.Assert.fail(Assert.java:88): java.lang.AssertionError: Expecting exception: Error
[MASTER] 02:07:49.353 [logback-1] WARN  JUnitAnalyzer - Failing test:
 StringReader stringReader0 = new StringReader("k9P')=Aly{D?C{");
JavaCharStream javaCharStream0 = new JavaCharStream(stringReader0);
stringReader0.read();
JavaCharStream javaCharStream1 = new JavaCharStream(stringReader0);
JavaParserTokenManager javaParserTokenManager0 = new JavaParserTokenManager(javaCharStream1);
javaParserTokenManager0.getNextToken();
javaParserTokenManager0.getNextToken();

[MASTER] 02:07:49.555 [logback-1] WARN  JUnitAnalyzer - Found unstable test named test0 -> class java.lang.AssertionError: Exception was not thrown in com.soops.CEN4010.JMCA.JParser.JavaParserTokenManager but in org.junit.Assert.fail(Assert.java:88): java.lang.AssertionError: Expecting exception: Error
[MASTER] 02:07:49.555 [logback-1] WARN  JUnitAnalyzer - Failing test:
 StringReader stringReader0 = new StringReader("/E2");
FileSystemHandling.shouldThrowIOException((EvoSuiteFile) null);
JavaCharStream javaCharStream0 = new JavaCharStream(stringReader0);
JavaParserTokenManager javaParserTokenManager0 = new JavaParserTokenManager(javaCharStream0);
javaParserTokenManager0.curLexState = (-1);
javaParserTokenManager0.getNextToken();
javaParserTokenManager0.getNextToken();

* Writing JUnit test case 'JavaParserTokenManager_ESTest' to /home/ubuntu/termite/mosa/tests/s1015/19_jmca/evosuite-tests
* Done!

* Computation finished
