* EvoSuite 1.0.6
* Configuration: MOSA
* Going to generate test cases for class: com.soops.CEN4010.JMCA.JParser.JavaParserTokenManager
* Starting client
* Properties loaded from /home/ubuntu/termite/projects/19_jmca/evosuite-files/evosuite.properties
* Connecting to master process on port 7486
* Analyzing classpath: 
* Inheritance tree loaded from evosuite-files/inheritance.xml.gz
[MASTER] 00:46:14.702 [logback-1] WARN  InheritanceTree - Class not in inheritance graph: java.util.function.Consumer
[MASTER] 00:46:14.769 [logback-1] WARN  InheritanceTree - Class not in inheritance graph: java.util.function.Predicate
[MASTER] 00:46:14.770 [logback-1] WARN  InheritanceTree - Class not in inheritance graph: java.util.function.UnaryOperator
[MASTER] 00:46:14.772 [logback-1] WARN  InheritanceTree - Class not in inheritance graph: java.util.function.Function
* Finished analyzing classpath
* Generating tests for class com.soops.CEN4010.JMCA.JParser.JavaParserTokenManager
* Test criteria:
  - Line Coverage
  - Branch Coverage
  - Exception
  - Mutation testing (weak)
  - Method-Output Coverage
  - Top-Level Method Coverage
  - No-Exception Top-Level Method Coverage
  - Context Branch Coverage
* Total number of test goals for MOSA: 4855
* Using seed 1014
* Starting evolution
[MASTER] 00:47:10.489 [logback-1] WARN  CoverageArchive - A solution with a timeout/exception result has been added to the archive. The covered goal was com.soops.CEN4010.JMCA.JParser.JavaParserTokenManager.jjStopStringLiteralDfa_0(IJJ)I: Line 17
[MASTER] 00:47:10.491 [logback-1] WARN  CoverageArchive - A solution with a timeout/exception result has been added to the archive. The covered goal was com.soops.CEN4010.JMCA.JParser.JavaParserTokenManager.jjMoveStringLiteralDfa0_0()I: Line 238
[MASTER] 00:47:10.492 [logback-1] WARN  CoverageArchive - A solution with a timeout/exception result has been added to the archive. The covered goal was com.soops.CEN4010.JMCA.JParser.JavaParserTokenManager.jjMoveStringLiteralDfa1_0(JJ)I: Line 338
[MASTER] 00:47:10.496 [logback-1] WARN  CoverageArchive - A solution with a timeout/exception result has been added to the archive. The covered goal was com.soops.CEN4010.JMCA.JParser.JavaParserTokenManager.jjMoveNfa_0(II)I: Line 959
[MASTER] 00:47:10.506 [logback-1] WARN  CoverageArchive - A solution with a timeout/exception result has been added to the archive. The covered goal was com.soops.CEN4010.JMCA.JParser.JavaParserTokenManager.jjMoveStringLiteralDfa1_0(JJ)I: I29 Branch 156 TABLESWITCH L267 Case 50 - true
[MASTER] 00:47:10.507 [logback-1] WARN  CoverageArchive - A solution with a timeout/exception result has been added to the archive. The covered goal was com.soops.CEN4010.JMCA.JParser.JavaParserTokenManager.jjMoveStringLiteralDfa1_0(JJ)I: I29 Branch 208 TABLESWITCH L267 Case 102 - true
[MASTER] 00:47:10.508 [logback-1] WARN  CoverageArchive - A solution with a timeout/exception result has been added to the archive. The covered goal was com.soops.CEN4010.JMCA.JParser.JavaParserTokenManager.jjMoveStringLiteralDfa1_0(JJ)I: I383 Branch 251 IFEQ L338 - true
[MASTER] 00:47:10.511 [logback-1] WARN  CoverageArchive - A solution with a timeout/exception result has been added to the archive. The covered goal was com.soops.CEN4010.JMCA.JParser.JavaParserTokenManager.jjStopStringLiteralDfa_0(IJJ)I: I11 Branch 13 IFNE L16 - true
[MASTER] 00:47:10.522 [logback-1] WARN  CoverageArchive - A solution with a timeout/exception result has been added to the archive. The covered goal was com.soops.CEN4010.JMCA.JParser.JavaParserTokenManager.jjMoveStringLiteralDfa0_0()I: I4 Branch 85 TABLESWITCH L159 Case 69 - true
[MASTER] 00:47:10.523 [logback-1] WARN  CoverageArchive - A solution with a timeout/exception result has been added to the archive. The covered goal was com.soops.CEN4010.JMCA.JParser.JavaParserTokenManager.jjMoveStringLiteralDfa0_0()I: I4 Branch 130 TABLESWITCH L159 Case 114 - true
[MASTER] 00:47:10.523 [logback-1] WARN  CoverageArchive - A solution with a timeout/exception result has been added to the archive. The covered goal was com.soops.CEN4010.JMCA.JParser.JavaParserTokenManager.jjMoveNfa_0(II)I: I59 Branch 554 TABLESWITCH L918 Case 2 - true
[MASTER] 00:47:10.525 [logback-1] WARN  CoverageArchive - A solution with a timeout/exception result has been added to the archive. The covered goal was com.soops.CEN4010.JMCA.JParser.JavaParserTokenManager.jjMoveNfa_0(II)I: I240 Branch 619 IF_ICMPNE L959 - true
[MASTER] 00:47:10.531 [logback-1] WARN  CoverageArchive - A solution with a timeout/exception result has been added to the archive. The covered goal was Weak Mutation 117: com.soops.CEN4010.JMCA.JParser.JavaParserTokenManager.jjStopStringLiteralDfa_0(IJJ)I:16 - ReplaceComparisonOperator != -> <
[MASTER] 00:47:10.533 [logback-1] WARN  CoverageArchive - A solution with a timeout/exception result has been added to the archive. The covered goal was Branch com.soops.CEN4010.JMCA.JParser.JavaParserTokenManager.jjStopStringLiteralDfa_0(IJJ)I: I11 Branch 13 IFNE L16 - true in context: 
[MASTER] 00:47:10.533 [logback-1] WARN  CoverageArchive - A solution with a timeout/exception result has been added to the archive. The covered goal was Branch com.soops.CEN4010.JMCA.JParser.JavaParserTokenManager.jjMoveStringLiteralDfa0_0()I: I4 Branch 130 TABLESWITCH L159 Case 114 - true in context: 
[MASTER] 00:47:10.534 [logback-1] WARN  CoverageArchive - A solution with a timeout/exception result has been added to the archive. The covered goal was Branch com.soops.CEN4010.JMCA.JParser.JavaParserTokenManager.jjMoveStringLiteralDfa1_0(JJ)I: I29 Branch 208 TABLESWITCH L267 Case 102 - true in context: 
[MASTER] 00:47:10.534 [logback-1] WARN  CoverageArchive - A solution with a timeout/exception result has been added to the archive. The covered goal was Branch com.soops.CEN4010.JMCA.JParser.JavaParserTokenManager.jjMoveStringLiteralDfa1_0(JJ)I: I383 Branch 251 IFEQ L338 - true in context: 
[MASTER] 00:47:10.534 [logback-1] WARN  CoverageArchive - A solution with a timeout/exception result has been added to the archive. The covered goal was Branch com.soops.CEN4010.JMCA.JParser.JavaParserTokenManager.jjMoveStringLiteralDfa0_0()I: I4 Branch 85 TABLESWITCH L159 Case 69 - true in context: 
[MASTER] 00:47:10.535 [logback-1] WARN  CoverageArchive - A solution with a timeout/exception result has been added to the archive. The covered goal was Branch com.soops.CEN4010.JMCA.JParser.JavaParserTokenManager.jjMoveStringLiteralDfa1_0(JJ)I: I29 Branch 156 TABLESWITCH L267 Case 50 - true in context: 
[MASTER] 00:47:10.535 [logback-1] WARN  CoverageArchive - A solution with a timeout/exception result has been added to the archive. The covered goal was Branch com.soops.CEN4010.JMCA.JParser.JavaParserTokenManager.jjMoveNfa_0(II)I: I240 Branch 619 IF_ICMPNE L959 - true in context: 
* Search finished after 136s and 58 generations, 46167 statements, best individual has fitness: 16152.0
[MASTER] 00:48:34.830 [logback-1] WARN  TimeController - Phase SEARCH lasted too long, 18 seconds more than allowed.
* Going to analyze the coverage criteria
* Coverage analysis for criterion LINE
* Coverage of criterion LINE: 54%
* Total number of goals: 981
* Number of covered goals: 533
* Coverage analysis for criterion BRANCH
* Coverage of criterion BRANCH: 60%
* Total number of goals: 1707
* Number of covered goals: 1026
* Coverage analysis for criterion EXCEPTION
* Coverage of criterion EXCEPTION: 100%
* Total number of goals: 10
* Number of covered goals: 10
* Coverage analysis for criterion WEAKMUTATION
* Coverage of criterion WEAKMUTATION: 52%
* Total number of goals: 434
* Number of covered goals: 227
* Coverage analysis for criterion OUTPUT
* Coverage of criterion OUTPUT: 50%
* Total number of goals: 4
* Number of covered goals: 2
* Coverage analysis for criterion METHOD
* Coverage of criterion METHOD: 100%
* Total number of goals: 11
* Number of covered goals: 11
* Coverage analysis for criterion METHODNOEXCEPTION
* Coverage of criterion METHODNOEXCEPTION: 100%
* Total number of goals: 11
* Number of covered goals: 11
* Coverage analysis for criterion CBRANCH
* Coverage of criterion CBRANCH: 60%
* Total number of goals: 1707
* Number of covered goals: 1024
* Generated 145 tests with total length 1706
* Resulting test suite's coverage: 58% (average coverage for all fitness functions)
* Generating assertions
* Resulting test suite's mutation score: 19%
* Compiling and checking tests
[MASTER] 00:50:05.337 [logback-1] WARN  JUnitAnalyzer - Found unstable test named test0 -> class java.lang.AssertionError: Exception was not thrown in com.soops.CEN4010.JMCA.JParser.JavaParserTokenManager but in org.junit.Assert.fail(Assert.java:88): java.lang.AssertionError: Expecting exception: Error
[MASTER] 00:50:05.337 [logback-1] WARN  JUnitAnalyzer - Failing test:
 StringReader stringReader0 = new StringReader("2g\"r}L<eDErS");
JavaCharStream javaCharStream0 = new JavaCharStream(stringReader0, 0, 542, 0);
javaCharStream0.maxNextCharInd = 0;
JavaParserTokenManager javaParserTokenManager0 = new JavaParserTokenManager(javaCharStream0);
javaParserTokenManager0.getNextToken();

[MASTER] 00:50:05.736 [logback-1] WARN  JUnitAnalyzer - Found unstable test named test0 -> class java.lang.AssertionError: Exception was not thrown in com.soops.CEN4010.JMCA.JParser.JavaParserTokenManager but in org.junit.Assert.fail(Assert.java:88): java.lang.AssertionError: Expecting exception: Error
[MASTER] 00:50:05.736 [logback-1] WARN  JUnitAnalyzer - Failing test:
 byte[] byteArray0 = new byte[5];
byteArray0[0] = (byte)56;
byteArray0[1] = (byte)56;
ByteArrayInputStream byteArrayInputStream0 = new ByteArrayInputStream(byteArray0);
JavaCharStream javaCharStream0 = new JavaCharStream(byteArrayInputStream0);
javaCharStream0.BeginToken();
JavaParserTokenManager javaParserTokenManager0 = new JavaParserTokenManager(javaCharStream0);
javaParserTokenManager0.getNextToken();

[MASTER] 00:50:06.318 [logback-1] WARN  JUnitAnalyzer - Found unstable test named test0 -> class java.lang.AssertionError: Exception was not thrown in com.soops.CEN4010.JMCA.JParser.JavaParserTokenManager but in org.junit.Assert.fail(Assert.java:88): java.lang.AssertionError: Expecting exception: Error
[MASTER] 00:50:06.318 [logback-1] WARN  JUnitAnalyzer - Failing test:
 byte[] byteArray0 = new byte[5];
byteArray0[0] = (byte)56;
byteArray0[1] = (byte)56;
byteArray0[2] = (byte)56;
byteArray0[3] = (byte)56;
ByteArrayInputStream byteArrayInputStream0 = new ByteArrayInputStream(byteArray0);
JavaCharStream javaCharStream0 = new JavaCharStream(byteArrayInputStream0);
javaCharStream0.BeginToken();
JavaParserTokenManager javaParserTokenManager0 = new JavaParserTokenManager(javaCharStream0);
javaParserTokenManager0.getNextToken();

[MASTER] 00:50:06.505 [logback-1] WARN  JUnitAnalyzer - Found unstable test named test0 -> class java.lang.AssertionError: Exception was not thrown in com.soops.CEN4010.JMCA.JParser.JavaParserTokenManager but in org.junit.Assert.fail(Assert.java:88): java.lang.AssertionError: Expecting exception: Error
[MASTER] 00:50:06.505 [logback-1] WARN  JUnitAnalyzer - Failing test:
 byte[] byteArray0 = new byte[5];
StringReader stringReader0 = new StringReader(">>>=");
ByteArrayInputStream byteArrayInputStream0 = new ByteArrayInputStream(byteArray0);
StringReader stringReader1 = new StringReader("l5:-yt#w%_#'l7@G?y6");
JavaCharStream javaCharStream0 = new JavaCharStream(stringReader1, 1, 1, 1);
javaCharStream0.BeginToken();
JavaParserTokenManager javaParserTokenManager0 = new JavaParserTokenManager(javaCharStream0);
javaParserTokenManager0.getNextToken();

[MASTER] 00:50:07.253 [logback-1] WARN  JUnitAnalyzer - Found unstable test named test0 -> class java.lang.AssertionError: Exception was not thrown in com.soops.CEN4010.JMCA.JParser.JavaParserTokenManager but in org.junit.Assert.fail(Assert.java:88): java.lang.AssertionError: Expecting exception: Error
[MASTER] 00:50:07.253 [logback-1] WARN  JUnitAnalyzer - Failing test:
 byte[] byteArray0 = new byte[4];
ByteArrayInputStream byteArrayInputStream0 = new ByteArrayInputStream(byteArray0);
StringReader stringReader0 = new StringReader("ZaE/}{3\"ay2W");
JavaCharStream javaCharStream0 = new JavaCharStream(stringReader0);
JavaParserTokenManager javaParserTokenManager0 = new JavaParserTokenManager(javaCharStream0);
byteArrayInputStream0.reset();
javaParserTokenManager0.getNextToken();
byteArrayInputStream0.reset();
javaParserTokenManager0.getNextToken();
javaParserTokenManager0.getNextToken();
JavaParserTokenManager javaParserTokenManager1 = new JavaParserTokenManager(javaCharStream0);
javaParserTokenManager0.getNextToken();
javaParserTokenManager1.getNextToken();

[MASTER] 00:50:07.324 [logback-1] WARN  JUnitAnalyzer - Found unstable test named test0 -> class java.lang.AssertionError: expected:<7> but was:<4>
[MASTER] 00:50:07.324 [logback-1] WARN  JUnitAnalyzer - Failing test:
 StringReader stringReader0 = new StringReader("<* 4Wm4.0\".S8d");
JavaCharStream javaCharStream0 = new JavaCharStream(stringReader0);
JavaParserTokenManager javaParserTokenManager0 = new JavaParserTokenManager(javaCharStream0);
javaParserTokenManager0.getNextToken();
JavaCharStream javaCharStream1 = new JavaCharStream(stringReader0);
StringReader stringReader1 = new StringReader("\"transient\"");
javaParserTokenManager0.getNextToken();
JavaParserTokenManager javaParserTokenManager1 = new JavaParserTokenManager(javaCharStream1);
javaParserTokenManager0.getNextToken();
javaParserTokenManager0.jjFillToken();
assertEquals(4, javaCharStream0.getBeginColumn());
assertEquals(7, javaCharStream0.getColumn());


[MASTER] 00:50:07.957 [logback-1] WARN  JUnitAnalyzer - Found unstable test named test0 -> class java.lang.AssertionError: Exception was not thrown in com.soops.CEN4010.JMCA.JParser.JavaParserTokenManager but in org.junit.Assert.fail(Assert.java:88): java.lang.AssertionError: Expecting exception: Error
[MASTER] 00:50:07.957 [logback-1] WARN  JUnitAnalyzer - Failing test:
 byte[] byteArray0 = new byte[5];
byteArray0[0] = (byte)56;
byteArray0[1] = (byte)56;
ByteArrayInputStream byteArrayInputStream0 = new ByteArrayInputStream(byteArray0);
JavaCharStream javaCharStream0 = new JavaCharStream(byteArrayInputStream0);
JavaParserTokenManager javaParserTokenManager0 = new JavaParserTokenManager(javaCharStream0);
javaCharStream0.ReadByte();
javaParserTokenManager0.getNextToken();

[MASTER] 00:50:08.025 [logback-1] WARN  JUnitAnalyzer - Found unstable test named test0 -> class org.junit.ComparisonFailure: expected:<[]> but was:<[%]>
[MASTER] 00:50:08.026 [logback-1] WARN  JUnitAnalyzer - Failing test:
 byte[] byteArray0 = new byte[1];
ByteArrayInputStream byteArrayInputStream0 = new ByteArrayInputStream(byteArray0);
StringReader stringReader0 = new StringReader("?71I8%");
JavaCharStream javaCharStream0 = new JavaCharStream(stringReader0);
JavaParserTokenManager javaParserTokenManager0 = new JavaParserTokenManager(javaCharStream0);
javaParserTokenManager0.getNextToken();
JavaParserTokenManager javaParserTokenManager1 = new JavaParserTokenManager(javaCharStream0);
FileSystemHandling.shouldAllThrowIOExceptions();
JavaParserTokenManager javaParserTokenManager2 = new JavaParserTokenManager(javaCharStream0);
javaParserTokenManager1.getNextToken();
Token.newToken(29);
javaParserTokenManager1.getNextToken();
Token token0 = javaParserTokenManager0.getNextToken();
assertEquals(6, javaCharStream0.getColumn());
assertEquals("", token0.toString());


[MASTER] 00:50:08.359 [logback-1] WARN  JUnitAnalyzer - Found unstable test named test0 -> class java.lang.AssertionError: Exception was not thrown in com.soops.CEN4010.JMCA.JParser.JavaParserTokenManager but in org.junit.Assert.fail(Assert.java:88): java.lang.AssertionError: Expecting exception: Error
[MASTER] 00:50:08.359 [logback-1] WARN  JUnitAnalyzer - Failing test:
 byte[] byteArray0 = new byte[5];
StringReader stringReader0 = new StringReader("extends");
stringReader0.skip((-1345L));
FileSystemHandling.createFolder((EvoSuiteFile) null);
ByteArrayInputStream byteArrayInputStream0 = new ByteArrayInputStream(byteArray0);
StringReader stringReader1 = new StringReader("@6@V#fv<'^1H6nh");
StringReader stringReader2 = new StringReader("extends");
JavaCharStream javaCharStream0 = new JavaCharStream(stringReader1, 57, 57, (byte)48);
JavaParserTokenManager javaParserTokenManager0 = new JavaParserTokenManager(javaCharStream0);
javaParserTokenManager0.getNextToken();
javaParserTokenManager0.jjFillToken();
JavaParserTokenManager javaParserTokenManager1 = new JavaParserTokenManager(javaCharStream0);
javaParserTokenManager1.getNextToken();

[MASTER] 00:50:08.493 [logback-1] WARN  JUnitAnalyzer - Found unstable test named test0 -> class java.lang.AssertionError: Exception was not thrown in com.soops.CEN4010.JMCA.JParser.JavaParserTokenManager but in org.junit.Assert.fail(Assert.java:88): java.lang.AssertionError: Expecting exception: Error
[MASTER] 00:50:08.493 [logback-1] WARN  JUnitAnalyzer - Failing test:
 StringReader stringReader0 = new StringReader("$Y)6o+GU");
JavaCharStream javaCharStream0 = new JavaCharStream(stringReader0);
JavaParserTokenManager javaParserTokenManager0 = new JavaParserTokenManager(javaCharStream0);
Token token0 = javaParserTokenManager0.getNextToken();
javaParserTokenManager0.TokenLexicalActions(token0);
javaParserTokenManager0.getNextToken();
javaParserTokenManager0.getNextToken();

[MASTER] 00:50:08.762 [logback-1] WARN  JUnitAnalyzer - Found unstable test named test0 -> class java.lang.AssertionError: expected:<3> but was:<1>
[MASTER] 00:50:08.763 [logback-1] WARN  JUnitAnalyzer - Failing test:
 byte[] byteArray0 = new byte[4];
ByteArrayInputStream byteArrayInputStream0 = new ByteArrayInputStream(byteArray0);
JavaCharStream javaCharStream0 = new JavaCharStream(byteArrayInputStream0, 41, 41);
StringReader stringReader0 = new StringReader("|3_A");
JavaCharStream javaCharStream1 = new JavaCharStream(stringReader0);
JavaParserTokenManager javaParserTokenManager0 = new JavaParserTokenManager(javaCharStream1);
Token token0 = javaParserTokenManager0.getNextToken();
Token.newToken(1);
javaParserTokenManager0.TokenLexicalActions(token0);
javaParserTokenManager0.getNextToken();
javaParserTokenManager0.MoreLexicalActions();
assertEquals(3, javaCharStream1.bufpos);
assertEquals(4, javaCharStream1.getEndColumn());


[MASTER] 00:50:08.934 [logback-1] WARN  JUnitAnalyzer - Found unstable test named test0 -> class java.lang.AssertionError: Exception was not thrown in com.soops.CEN4010.JMCA.JParser.JavaParserTokenManager but in org.junit.Assert.fail(Assert.java:88): java.lang.AssertionError: Expecting exception: Error
[MASTER] 00:50:08.935 [logback-1] WARN  JUnitAnalyzer - Failing test:
 byte[] byteArray0 = new byte[5];
ByteArrayInputStream byteArrayInputStream0 = new ByteArrayInputStream(byteArray0);
StringReader stringReader0 = new StringReader("%=");
StringReader stringReader1 = new StringReader("%=");
StringReader stringReader2 = new StringReader("ogM$W>obp1iJxF`45");
StringReader stringReader3 = new StringReader(":0&xPR");
JavaCharStream javaCharStream0 = new JavaCharStream(stringReader3, 92, 92);
JavaParserTokenManager javaParserTokenManager0 = new JavaParserTokenManager(javaCharStream0);
MockFile mockFile0 = new MockFile("ogM$W>obp1iJxF`45", "ogM$W>obp1iJxF`45");
MockPrintStream mockPrintStream0 = new MockPrintStream(mockFile0);
javaParserTokenManager0.setDebugStream(mockPrintStream0);
javaParserTokenManager0.getNextToken();
javaParserTokenManager0.getNextToken();

[MASTER] 00:50:09.049 [logback-1] WARN  JUnitAnalyzer - Found unstable test named test0 -> class java.lang.AssertionError: Exception was not thrown in com.soops.CEN4010.JMCA.JParser.JavaParserTokenManager but in org.junit.Assert.fail(Assert.java:88): java.lang.AssertionError: Expecting exception: Error
[MASTER] 00:50:09.049 [logback-1] WARN  JUnitAnalyzer - Failing test:
 StringReader stringReader0 = new StringReader("1'zCzwRCYo|Z");
JavaCharStream javaCharStream0 = new JavaCharStream(stringReader0);
JavaParserTokenManager javaParserTokenManager0 = new JavaParserTokenManager(javaCharStream0);
javaParserTokenManager0.getNextToken();

[MASTER] 00:50:09.090 [logback-1] WARN  JUnitAnalyzer - Found unstable test named test0 -> class java.lang.AssertionError: Exception was not thrown in com.soops.CEN4010.JMCA.JParser.JavaParserTokenManager but in org.junit.Assert.fail(Assert.java:88): java.lang.AssertionError: Expecting exception: Error
[MASTER] 00:50:09.090 [logback-1] WARN  JUnitAnalyzer - Failing test:
 byte[] byteArray0 = new byte[7];
byteArray0[0] = (byte)56;
byteArray0[1] = (byte)43;
byteArray0[2] = (byte)43;
byteArray0[3] = (byte)56;
byteArray0[4] = (byte)56;
byteArray0[5] = (byte)56;
byteArray0[6] = (byte)56;
ByteArrayInputStream byteArrayInputStream0 = new ByteArrayInputStream(byteArray0);
JavaCharStream javaCharStream0 = new JavaCharStream(byteArrayInputStream0, (byte)56, (byte)56);
StringReader stringReader0 = new StringReader("const");
JavaCharStream javaCharStream1 = new JavaCharStream(stringReader0);
JavaParserTokenManager javaParserTokenManager0 = new JavaParserTokenManager(javaCharStream0);
javaParserTokenManager0.getNextToken();

[MASTER] 00:50:09.237 [logback-1] WARN  JUnitAnalyzer - Found unstable test named test0 -> class java.lang.AssertionError: Exception was not thrown in com.soops.CEN4010.JMCA.JParser.JavaParserTokenManager but in org.junit.Assert.fail(Assert.java:88): java.lang.AssertionError: Expecting exception: Error
[MASTER] 00:50:09.238 [logback-1] WARN  JUnitAnalyzer - Failing test:
 byte[] byteArray0 = new byte[5];
ByteArrayInputStream byteArrayInputStream0 = new ByteArrayInputStream(byteArray0);
StringReader stringReader0 = new StringReader("%=");
StringReader stringReader1 = new StringReader("%=");
StringReader stringReader2 = new StringReader("%=");
StringReader stringReader3 = new StringReader(":0&xPR");
JavaCharStream javaCharStream0 = new JavaCharStream(stringReader3, 92, 92);
JavaParserTokenManager javaParserTokenManager0 = new JavaParserTokenManager(javaCharStream0);
MockFile mockFile0 = new MockFile("%=", "%=");
MockPrintStream mockPrintStream0 = new MockPrintStream(mockFile0);
mockPrintStream0.println((-1));
javaParserTokenManager0.setDebugStream(mockPrintStream0);
javaParserTokenManager0.getNextToken();
javaParserTokenManager0.getNextToken();

[MASTER] 00:50:09.307 [logback-1] WARN  JUnitAnalyzer - Found unstable test named test0 -> class java.lang.AssertionError: expected:<6> but was:<4>
[MASTER] 00:50:09.308 [logback-1] WARN  JUnitAnalyzer - Failing test:
 byte[] byteArray0 = new byte[4];
ByteArrayInputStream byteArrayInputStream0 = new ByteArrayInputStream(byteArray0);
StringReader stringReader0 = new StringReader("N6GroJl(t%<(1NSN");
JavaCharStream javaCharStream0 = new JavaCharStream(stringReader0);
JavaParserTokenManager javaParserTokenManager0 = new JavaParserTokenManager(javaCharStream0);
byteArrayInputStream0.reset();
javaParserTokenManager0.curLexState = (-1);
Token token0 = javaParserTokenManager0.getNextToken();
byteArrayInputStream0.reset();
javaParserTokenManager0.getNextToken();
JavaParserTokenManager javaParserTokenManager1 = new JavaParserTokenManager(javaCharStream0);
javaParserTokenManager1.getNextToken();
javaParserTokenManager1.SkipLexicalActions(token0);
assertEquals(6, javaCharStream0.bufpos);
assertEquals(0, token0.kind);


[MASTER] 00:50:09.347 [logback-1] WARN  JUnitAnalyzer - Found unstable test named test0 -> class java.lang.AssertionError: Exception was not thrown in com.soops.CEN4010.JMCA.JParser.JavaParserTokenManager but in org.junit.Assert.fail(Assert.java:88): java.lang.AssertionError: Expecting exception: Error
[MASTER] 00:50:09.347 [logback-1] WARN  JUnitAnalyzer - Failing test:
 byte[] byteArray0 = new byte[5];
StringReader stringReader0 = new StringReader(">>>=");
ByteArrayInputStream byteArrayInputStream0 = new ByteArrayInputStream(byteArray0);
StringReader stringReader1 = new StringReader("l5:-yt#w%_#'l7@G?y6");
JavaCharStream javaCharStream0 = new JavaCharStream(stringReader1, 1, 1, 1);
javaCharStream0.BeginToken();
JavaParserTokenManager javaParserTokenManager0 = new JavaParserTokenManager(javaCharStream0);
JavaParserTokenManager javaParserTokenManager1 = new JavaParserTokenManager(javaCharStream0);
javaParserTokenManager1.getNextToken();

[MASTER] 00:50:09.558 [logback-1] WARN  JUnitAnalyzer - Found unstable test named test0 -> class java.lang.AssertionError: Exception was not thrown in com.soops.CEN4010.JMCA.JParser.JavaParserTokenManager but in org.junit.Assert.fail(Assert.java:88): java.lang.AssertionError: Expecting exception: Error
[MASTER] 00:50:09.558 [logback-1] WARN  JUnitAnalyzer - Failing test:
 byte[] byteArray0 = new byte[5];
byteArray0[0] = (byte)56;
byteArray0[1] = (byte)56;
byteArray0[2] = (byte) (-41);
ByteArrayInputStream byteArrayInputStream0 = new ByteArrayInputStream(byteArray0);
StringReader stringReader0 = new StringReader("\">=\"");
JavaCharStream javaCharStream0 = new JavaCharStream(byteArrayInputStream0);
JavaParserTokenManager javaParserTokenManager0 = new JavaParserTokenManager(javaCharStream0);
javaParserTokenManager0.getNextToken();

[MASTER] 00:50:10.211 [logback-1] WARN  JUnitAnalyzer - Found unstable test named test0 -> class java.lang.AssertionError: Exception was not thrown in com.soops.CEN4010.JMCA.JParser.JavaParserTokenManager but in org.junit.Assert.fail(Assert.java:88): java.lang.AssertionError: Expecting exception: Error
[MASTER] 00:50:10.212 [logback-1] WARN  JUnitAnalyzer - Failing test:
 byte[] byteArray0 = new byte[5];
byteArray0[0] = (byte)56;
byteArray0[1] = (byte)56;
byteArray0[2] = (byte)43;
byteArray0[3] = (byte)53;
ByteArrayInputStream byteArrayInputStream0 = new ByteArrayInputStream(byteArray0);
StringReader stringReader0 = new StringReader("<HEX_LITERAL>");
StringReader stringReader1 = new StringReader("<HEX_LITERAL>");
StringReader stringReader2 = new StringReader("ml");
StringReader stringReader3 = new StringReader(":0R");
JavaCharStream javaCharStream0 = new JavaCharStream(stringReader3, (byte)53, (byte)43);
JavaParserTokenManager javaParserTokenManager0 = new JavaParserTokenManager(javaCharStream0);
MockFile mockFile0 = new MockFile("ml", "");
MockPrintStream mockPrintStream0 = new MockPrintStream(mockFile0);
javaParserTokenManager0.setDebugStream(mockPrintStream0);
javaParserTokenManager0.getNextToken();
javaParserTokenManager0.getNextToken();

* Writing JUnit test case 'JavaParserTokenManager_ESTest' to /home/ubuntu/termite/mosa/tests/s1014/19_jmca/evosuite-tests
* Done!

* Computation finished
* EvoSuite 1.0.6
* Configuration: MOSA
* Going to generate test cases for class: com.soops.CEN4010.JMCA.JParser.JavaCharStream
* Starting client
* Properties loaded from /home/ubuntu/termite/projects/19_jmca/evosuite-files/evosuite.properties
* Connecting to master process on port 7485
* Analyzing classpath: 
* Inheritance tree loaded from evosuite-files/inheritance.xml.gz
* Finished analyzing classpath
* Generating tests for class com.soops.CEN4010.JMCA.JParser.JavaCharStream
* Test criteria:
  - Line Coverage
  - Branch Coverage
  - Exception
  - Mutation testing (weak)
  - Method-Output Coverage
  - Top-Level Method Coverage
  - No-Exception Top-Level Method Coverage
  - Context Branch Coverage
* Total number of test goals for MOSA: 1743
* Using seed 1014
* Starting evolution
[MASTER] 00:59:50.041 [logback-1] WARN  CoverageArchive - A solution with a timeout/exception result has been added to the archive. The covered goal was [METHODNOEX] com.soops.CEN4010.JMCA.JParser.JavaCharStream.getColumn()I
[MASTER] 00:59:50.042 [logback-1] WARN  CoverageArchive - A solution with a timeout/exception result has been added to the archive. The covered goal was [METHODNOEX] com.soops.CEN4010.JMCA.JParser.JavaCharStream.ReInit(Ljava/io/InputStream;III)V
[MASTER] 01:00:33.816 [logback-1] WARN  CoverageArchive - A solution with a timeout/exception result has been added to the archive. The covered goal was com.soops.CEN4010.JMCA.JParser.JavaCharStream.hexval(C)I: Line 27
[MASTER] 01:00:33.817 [logback-1] WARN  CoverageArchive - A solution with a timeout/exception result has been added to the archive. The covered goal was Weak Mutation 14: com.soops.CEN4010.JMCA.JParser.JavaCharStream.hexval(C)I:27 - ReplaceConstant - 4 -> 0
[MASTER] 01:00:33.817 [logback-1] WARN  CoverageArchive - A solution with a timeout/exception result has been added to the archive. The covered goal was Weak Mutation 15: com.soops.CEN4010.JMCA.JParser.JavaCharStream.hexval(C)I:27 - ReplaceConstant - 4 -> 1
[MASTER] 01:00:33.817 [logback-1] WARN  CoverageArchive - A solution with a timeout/exception result has been added to the archive. The covered goal was Weak Mutation 16: com.soops.CEN4010.JMCA.JParser.JavaCharStream.hexval(C)I:27 - ReplaceConstant - 4 -> -1
[MASTER] 01:00:33.817 [logback-1] WARN  CoverageArchive - A solution with a timeout/exception result has been added to the archive. The covered goal was Weak Mutation 17: com.soops.CEN4010.JMCA.JParser.JavaCharStream.hexval(C)I:27 - ReplaceConstant - 4 -> 3
[MASTER] 01:00:33.817 [logback-1] WARN  CoverageArchive - A solution with a timeout/exception result has been added to the archive. The covered goal was Weak Mutation 18: com.soops.CEN4010.JMCA.JParser.JavaCharStream.hexval(C)I:27 - ReplaceConstant - 4 -> 5
[MASTER] 01:00:33.818 [logback-1] WARN  CoverageArchive - A solution with a timeout/exception result has been added to the archive. The covered goal was [METHODNOEX] com.soops.CEN4010.JMCA.JParser.JavaCharStream.getEndColumn()I
[MASTER] 01:00:33.819 [logback-1] WARN  CoverageArchive - A solution with a timeout/exception result has been added to the archive. The covered goal was Branch com.soops.CEN4010.JMCA.JParser.JavaCharStream.hexval(C)I: I3 Branch 5 TABLESWITCH L16 Case 52 - true in context: 
* Search finished after 128s and 28 generations, 13335 statements, best individual has fitness: 2328.0
* Going to analyze the coverage criteria
* Coverage analysis for criterion LINE
* Coverage of criterion LINE: 79%
* Total number of goals: 239
* Number of covered goals: 189
* Coverage analysis for criterion BRANCH
* Coverage of criterion BRANCH: 83%
* Total number of goals: 216
* Number of covered goals: 180
* Coverage analysis for criterion EXCEPTION
* Coverage of criterion EXCEPTION: 100%
* Total number of goals: 31
* Number of covered goals: 31
* Coverage analysis for criterion WEAKMUTATION
* Coverage of criterion WEAKMUTATION: 84%
* Total number of goals: 974
* Number of covered goals: 815
* Coverage analysis for criterion OUTPUT
* Coverage of criterion OUTPUT: 75%
* Total number of goals: 36
* Number of covered goals: 27
* Coverage analysis for criterion METHOD
* Coverage of criterion METHOD: 100%
* Total number of goals: 31
* Number of covered goals: 31
* Coverage analysis for criterion METHODNOEXCEPTION
* Coverage of criterion METHODNOEXCEPTION: 100%
* Total number of goals: 31
* Number of covered goals: 31
* Coverage analysis for criterion CBRANCH
* Coverage of criterion CBRANCH: 83%
* Total number of goals: 216
* Number of covered goals: 179
* Generated 121 tests with total length 742
* Resulting test suite's coverage: 84% (average coverage for all fitness functions)
* Generating assertions
* Resulting test suite's mutation score: 34%
* Compiling and checking tests
* Permissions denied during test execution: 
  - java.lang.RuntimePermission: 
         writeFileDescriptor: 7
* Writing JUnit test case 'JavaCharStream_ESTest' to /home/ubuntu/termite/mosa/tests/s1014/19_jmca/evosuite-tests
* Done!

* Computation finished
* EvoSuite 1.0.6
* Configuration: MOSA
* Going to generate test cases for class: com.soops.CEN4010.JMCA.JParser.SimpleNode
* Starting client
* Properties loaded from /home/ubuntu/termite/projects/19_jmca/evosuite-files/evosuite.properties
* Connecting to master process on port 7483
* Analyzing classpath: 
* Inheritance tree loaded from evosuite-files/inheritance.xml.gz
[MASTER] 01:10:02.417 [logback-1] WARN  InheritanceTree - Class not in inheritance graph: java.util.function.Consumer
[MASTER] 01:10:02.432 [logback-1] WARN  InheritanceTree - Class not in inheritance graph: java.util.function.Predicate
[MASTER] 01:10:02.433 [logback-1] WARN  InheritanceTree - Class not in inheritance graph: java.util.function.UnaryOperator
[MASTER] 01:10:02.755 [logback-1] WARN  InheritanceTree - Class not in inheritance graph: java.util.function.Function
* Finished analyzing classpath
* Generating tests for class com.soops.CEN4010.JMCA.JParser.SimpleNode
* Test criteria:
  - Line Coverage
  - Branch Coverage
  - Exception
  - Mutation testing (weak)
  - Method-Output Coverage
  - Top-Level Method Coverage
  - No-Exception Top-Level Method Coverage
  - Context Branch Coverage
* Total number of test goals for MOSA: 360
* Using seed 1014
* Starting evolution
[MASTER] 01:10:45.469 [logback-1] WARN  CoverageArchive - A solution with a timeout/exception result has been added to the archive. The covered goal was com.soops.CEN4010.JMCA.JParser.SimpleNode.dump(Ljava/lang/String;Ljava/io/Writer;)V: Line 155
[MASTER] 01:10:45.469 [logback-1] WARN  CoverageArchive - A solution with a timeout/exception result has been added to the archive. The covered goal was Branch com.soops.CEN4010.JMCA.JParser.SimpleNode.dump(Ljava/lang/String;Ljava/io/Writer;)V: I231 Branch 26 IFNULL L154 - false in context: com.soops.CEN4010.JMCA.JParser.SimpleNode:dump(Ljava/lang/String;Ljava/io/Writer;)V
[MASTER] 01:10:51.704 [logback-1] WARN  CoverageArchive - A solution with a timeout/exception result has been added to the archive. The covered goal was com.soops.CEN4010.JMCA.JParser.SimpleNode.dump(Ljava/lang/String;Ljava/io/Writer;)V: Line 148
[MASTER] 01:10:51.704 [logback-1] WARN  CoverageArchive - A solution with a timeout/exception result has been added to the archive. The covered goal was com.soops.CEN4010.JMCA.JParser.SimpleNode.dump(Ljava/lang/String;Ljava/io/Writer;)V: Line 152
[MASTER] 01:10:51.704 [logback-1] WARN  CoverageArchive - A solution with a timeout/exception result has been added to the archive. The covered goal was com.soops.CEN4010.JMCA.JParser.SimpleNode.dump(Ljava/lang/String;Ljava/io/Writer;)V: Line 153
[MASTER] 01:10:51.704 [logback-1] WARN  CoverageArchive - A solution with a timeout/exception result has been added to the archive. The covered goal was com.soops.CEN4010.JMCA.JParser.SimpleNode.dump(Ljava/lang/String;Ljava/io/Writer;)V: Line 154
[MASTER] 01:10:51.704 [logback-1] WARN  CoverageArchive - A solution with a timeout/exception result has been added to the archive. The covered goal was Branch com.soops.CEN4010.JMCA.JParser.SimpleNode.dump(Ljava/lang/String;Ljava/io/Writer;)V: I219 Branch 25 IF_ICMPGE L152 - false in context: com.soops.CEN4010.JMCA.JParser.SimpleNode:dump(Ljava/lang/String;Ljava/io/Writer;)V
[MASTER] 01:10:51.705 [logback-1] WARN  CoverageArchive - A solution with a timeout/exception result has been added to the archive. The covered goal was Branch com.soops.CEN4010.JMCA.JParser.SimpleNode.dump(Ljava/lang/String;Ljava/io/Writer;)V: I187 Branch 23 IFLE L147 - false in context: com.soops.CEN4010.JMCA.JParser.SimpleNode:dump(Ljava/lang/String;Ljava/io/Writer;)V
[MASTER] 01:10:51.705 [logback-1] WARN  CoverageArchive - A solution with a timeout/exception result has been added to the archive. The covered goal was Branch com.soops.CEN4010.JMCA.JParser.SimpleNode.dump(Ljava/lang/String;Ljava/io/Writer;)V: I231 Branch 26 IFNULL L154 - true in context: com.soops.CEN4010.JMCA.JParser.SimpleNode:dump(Ljava/lang/String;Ljava/io/Writer;)V
[MASTER] 01:10:51.705 [logback-1] WARN  CoverageArchive - A solution with a timeout/exception result has been added to the archive. The covered goal was Branch com.soops.CEN4010.JMCA.JParser.SimpleNode.dump(Ljava/lang/String;Ljava/io/Writer;)V: I183 Branch 22 IFNULL L147 - false in context: com.soops.CEN4010.JMCA.JParser.SimpleNode:dump(Ljava/lang/String;Ljava/io/Writer;)V
[MASTER] 01:10:51.705 [logback-1] WARN  CoverageArchive - A solution with a timeout/exception result has been added to the archive. The covered goal was Branch com.soops.CEN4010.JMCA.JParser.SimpleNode.dump(Ljava/lang/String;Ljava/io/Writer;)V: I209 Branch 24 IFNULL L151 - false in context: com.soops.CEN4010.JMCA.JParser.SimpleNode:dump(Ljava/lang/String;Ljava/io/Writer;)V
* Search finished after 123s and 101 generations, 44910 statements, best individual has fitness: 224.0
* Going to analyze the coverage criteria
* Coverage analysis for criterion LINE
* Coverage of criterion LINE: 98%
* Total number of goals: 62
* Number of covered goals: 61
* Coverage analysis for criterion BRANCH
* Coverage of criterion BRANCH: 97%
* Total number of goals: 67
* Number of covered goals: 65
* Coverage analysis for criterion EXCEPTION
* Coverage of criterion EXCEPTION: 100%
* Total number of goals: 13
* Number of covered goals: 13
* Coverage analysis for criterion WEAKMUTATION
* Coverage of criterion WEAKMUTATION: 88%
* Total number of goals: 121
* Number of covered goals: 106
* Coverage analysis for criterion OUTPUT
* Coverage of criterion OUTPUT: 53%
* Total number of goals: 17
* Number of covered goals: 9
* Coverage analysis for criterion METHOD
* Coverage of criterion METHOD: 100%
* Total number of goals: 13
* Number of covered goals: 13
* Coverage analysis for criterion METHODNOEXCEPTION
* Coverage of criterion METHODNOEXCEPTION: 100%
* Total number of goals: 13
* Number of covered goals: 13
* Coverage analysis for criterion CBRANCH
* Coverage of criterion CBRANCH: 97%
* Total number of goals: 67
* Number of covered goals: 65
* Generated 43 tests with total length 199
* Resulting test suite's coverage: 92% (average coverage for all fitness functions)
* Generating assertions
* Resulting test suite's mutation score: 78%
* Compiling and checking tests
[MASTER] 01:12:53.768 [logback-1] WARN  JUnitAnalyzer - Found unstable test named test0 -> class java.lang.StackOverflowError: null
[MASTER] 01:12:53.769 [logback-1] WARN  JUnitAnalyzer - Failing test:
 SimpleNode simpleNode0 = new SimpleNode(0);
StringWriter stringWriter0 = new StringWriter();
Node[] nodeArray0 = new Node[2];
simpleNode0.jjtGetParent();
nodeArray0[0] = null;
stringWriter0.write((-2034638167));
nodeArray0[1] = (Node) simpleNode0;
simpleNode0.children = nodeArray0;
String string0 = "32dDGHRf";
simpleNode0.dump(string0, stringWriter0);

[MASTER] 01:12:58.507 [logback-1] WARN  JUnitAnalyzer - Found unstable test named test21 -> class java.lang.StackOverflowError: null
[MASTER] 01:12:58.507 [logback-1] WARN  JUnitAnalyzer - Failing test:
 SimpleNode simpleNode0 = new SimpleNode(5);
simpleNode0.jjtAddChild(simpleNode0, 5);
StringWriter stringWriter0 = new StringWriter();
String string0 = "ZDV";
simpleNode0.dump(string0, stringWriter0);

* Writing JUnit test case 'SimpleNode_ESTest' to /home/ubuntu/termite/mosa/tests/s1014/19_jmca/evosuite-tests
* Done!

* Computation finished
