* EvoSuite 1.0.6
* Configuration: MOSA
* Going to generate test cases for class: net.sourceforge.squirrel_sql.plugins.dbcopy.util.DBUtil
* Starting client
* Properties loaded from /home/ubuntu/termite/projects/102_squirrel-sql/evosuite-files/evosuite.properties
* Connecting to master process on port 8340
* Analyzing classpath: 
* Inheritance tree loaded from evosuite-files/inheritance.xml.gz
[MASTER] 08:07:10.638 [logback-1] WARN  InheritanceTree - Class not in inheritance graph: java.sql.SQLType
[MASTER] 08:07:10.841 [logback-1] WARN  InheritanceTree - Class not in inheritance graph: java.util.function.Consumer
[MASTER] 08:07:10.856 [logback-1] WARN  InheritanceTree - Class not in inheritance graph: java.util.function.Predicate
[MASTER] 08:07:10.861 [logback-1] WARN  InheritanceTree - Class not in inheritance graph: java.util.function.UnaryOperator
[MASTER] 08:07:11.279 [logback-1] WARN  InheritanceTree - Class not in inheritance graph: java.util.function.BiFunction
[MASTER] 08:07:11.279 [logback-1] WARN  InheritanceTree - Class not in inheritance graph: java.util.function.Function
[MASTER] 08:07:11.280 [logback-1] WARN  InheritanceTree - Class not in inheritance graph: java.util.function.BiConsumer
[MASTER] 08:07:11.819 [logback-1] WARN  InheritanceTree - Class not in inheritance graph: java.time.ZoneId
[MASTER] 08:07:11.825 [logback-1] WARN  InheritanceTree - Class not in inheritance graph: java.time.temporal.TemporalAccessor
[MASTER] 08:07:11.828 [logback-1] WARN  InheritanceTree - Class not in inheritance graph: java.time.Clock
[MASTER] 08:07:12.661 [logback-1] WARN  InheritanceTree - Class not in inheritance graph: java.time.temporal.Temporal
[MASTER] 08:07:12.662 [logback-1] WARN  InheritanceTree - Class not in inheritance graph: java.time.temporal.TemporalField
[MASTER] 08:07:12.662 [logback-1] WARN  InheritanceTree - Class not in inheritance graph: java.time.temporal.TemporalUnit
[MASTER] 08:07:12.663 [logback-1] WARN  InheritanceTree - Class not in inheritance graph: java.time.temporal.TemporalAmount
[MASTER] 08:07:12.664 [logback-1] WARN  InheritanceTree - Class not in inheritance graph: java.time.temporal.TemporalQuery
[MASTER] 08:07:12.664 [logback-1] WARN  InheritanceTree - Class not in inheritance graph: java.time.temporal.TemporalAdjuster
[MASTER] 08:07:13.512 [logback-1] WARN  InheritanceTree - Class not in inheritance graph: java.time.chrono.Chronology
[MASTER] 08:07:16.167 [logback-1] WARN  InheritanceTree - Class not in inheritance graph: java.time.chrono.Era
* Finished analyzing classpath
* Generating tests for class net.sourceforge.squirrel_sql.plugins.dbcopy.util.DBUtil
* Test criteria:
  - Line Coverage
  - Branch Coverage
  - Exception
  - Mutation testing (weak)
  - Method-Output Coverage
  - Top-Level Method Coverage
  - No-Exception Top-Level Method Coverage
  - Context Branch Coverage
* Total number of test goals for MOSA: 2842
* Using seed 1024
* Starting evolution
[MASTER] 08:07:34.769 [logback-1] WARN  CoverageArchive - A solution with a timeout/exception result has been added to the archive. The covered goal was [METHODNOEX] net.sourceforge.squirrel_sql.plugins.dbcopy.util.DBUtil.getSchemaFromDbObject(Lnet/sourceforge/squirrel_sql/fw/sql/IDatabaseObjectInfo;Lnet/sourceforge/squirrel_sql/client/session/schemainfo/SchemaInfo;)Lnet/sourceforge/squirrel_sql/fw/sql/IDatabaseObjectInfo;
[MASTER] 08:07:43.059 [logback-2] ERROR TestCluster - Failed to check cache for javax.swing.RowFilter<M, I>.ComparisonType : Type points to itself
[MASTER] 08:08:07.768 [logback-1] WARN  TestChromosome - Functional mock problem: org.evosuite.ga.ConstructionFailedException: Failed to add constructor for com.gargoylesoftware.base.resource.jdbc.ConnectionWrapper due to org.evosuite.ga.ConstructionFailedException: Failed to add constructor for com.gargoylesoftware.base.resource.jdbc.CallableStatementWrapper due to org.evosuite.ga.ConstructionFailedException: Have no generator for class com.gargoylesoftware.base.resource.jdbc.ConnectionWrapper canUseFunctionalMocks=false, canBeMocked: true
[MASTER] 08:08:36.271 [logback-1] WARN  TestChromosome - Functional mock problem: org.evosuite.ga.ConstructionFailedException: Have no generator for class com.gargoylesoftware.base.resource.jdbc.ConnectionWrapper canUseFunctionalMocks=false, canBeMocked: true
[MASTER] 08:09:05.874 [logback-2] ERROR TestCluster - Failed to check cache for java.util.Comparator<T> : Type points to itself
[MASTER] 08:09:12.155 [logback-1] WARN  CoverageArchive - A solution with a timeout/exception result has been added to the archive. The covered goal was [METHODNOEX] net.sourceforge.squirrel_sql.plugins.dbcopy.util.DBUtil.getForeignKeySQL(Lnet/sourceforge/squirrel_sql/plugins/dbcopy/SessionInfoProvider;Lnet/sourceforge/squirrel_sql/fw/sql/ITableInfo;Ljava/util/ArrayList;)Ljava/util/Set;
[MASTER] 08:09:12.155 [logback-1] WARN  CoverageArchive - A solution with a timeout/exception result has been added to the archive. The covered goal was [METHODNOEX] net.sourceforge.squirrel_sql.plugins.dbcopy.util.DBUtil.dropTable(Ljava/lang/String;Ljava/lang/String;Ljava/lang/String;Lnet/sourceforge/squirrel_sql/client/session/ISession;ZI)Z
[MASTER] 08:09:12.155 [logback-1] WARN  CoverageArchive - A solution with a timeout/exception result has been added to the archive. The covered goal was [METHODNOEX] net.sourceforge.squirrel_sql.plugins.dbcopy.util.DBUtil.executeUpdate(Lnet/sourceforge/squirrel_sql/fw/sql/ISQLConnection;Ljava/lang/String;Z)I
* Search finished after 127s and 171 generations, 60966 statements, best individual has fitness: 18136.0
* Going to analyze the coverage criteria
* Coverage analysis for criterion LINE
* Coverage of criterion LINE: 16%
* Total number of goals: 792
* Number of covered goals: 130
* Coverage analysis for criterion BRANCH
* Coverage of criterion BRANCH: 14%
* Total number of goals: 463
* Number of covered goals: 64
* Coverage analysis for criterion EXCEPTION
* Coverage of criterion EXCEPTION: 100%
* Total number of goals: 40
* Number of covered goals: 40
* Coverage analysis for criterion WEAKMUTATION
* Coverage of criterion WEAKMUTATION: 24%
* Total number of goals: 906
* Number of covered goals: 219
* Coverage analysis for criterion OUTPUT
* Coverage of criterion OUTPUT: 24%
* Total number of goals: 122
* Number of covered goals: 29
* Coverage analysis for criterion METHOD
* Coverage of criterion METHOD: 98%
* Total number of goals: 48
* Number of covered goals: 47
* Coverage analysis for criterion METHODNOEXCEPTION
* Coverage of criterion METHODNOEXCEPTION: 96%
* Total number of goals: 48
* Number of covered goals: 46
* Coverage analysis for criterion CBRANCH
* Coverage of criterion CBRANCH: 14%
* Total number of goals: 463
* Number of covered goals: 64
* Generated 75 tests with total length 274
* Resulting test suite's coverage: 21% (average coverage for all fitness functions)
* Generating assertions
* Resulting test suite's mutation score: 8%
* Compiling and checking tests
* Writing JUnit test case 'DBUtil_ESTest' to /home/ubuntu/termite/mosa/tests/s1024/102_squirrel-sql/evosuite-tests
* Done!

* Computation finished
* EvoSuite 1.0.6
* Configuration: MOSA
* Going to generate test cases for class: net.sourceforge.squirrel_sql.client.session.Session
* Starting client
* Properties loaded from /home/ubuntu/termite/projects/102_squirrel-sql/evosuite-files/evosuite.properties
* Connecting to master process on port 8342
* Analyzing classpath: 
* Inheritance tree loaded from evosuite-files/inheritance.xml.gz
[MASTER] 08:26:56.470 [logback-1] WARN  InheritanceTree - Class not in inheritance graph: java.util.function.BiFunction
[MASTER] 08:26:56.470 [logback-1] WARN  InheritanceTree - Class not in inheritance graph: java.util.function.Function
[MASTER] 08:26:56.481 [logback-1] WARN  InheritanceTree - Class not in inheritance graph: java.util.function.BiConsumer
[MASTER] 08:27:02.136 [logback-1] WARN  InheritanceTree - Class not in inheritance graph: java.util.function.Consumer
[MASTER] 08:27:02.137 [logback-1] WARN  InheritanceTree - Class not in inheritance graph: java.util.function.Predicate
[MASTER] 08:27:02.238 [logback-1] WARN  InheritanceTree - Class not in inheritance graph: java.util.function.UnaryOperator
[MASTER] 08:27:05.112 [logback-1] WARN  InheritanceTree - Class not in inheritance graph: java.time.ZoneId
[MASTER] 08:27:05.592 [logback-1] WARN  InheritanceTree - Class not in inheritance graph: java.time.temporal.Temporal
[MASTER] 08:27:05.595 [logback-1] WARN  InheritanceTree - Class not in inheritance graph: java.time.temporal.TemporalAccessor
[MASTER] 08:27:05.596 [logback-1] WARN  InheritanceTree - Class not in inheritance graph: java.time.temporal.TemporalField
[MASTER] 08:27:05.600 [logback-1] WARN  InheritanceTree - Class not in inheritance graph: java.time.temporal.TemporalUnit
[MASTER] 08:27:05.600 [logback-1] WARN  InheritanceTree - Class not in inheritance graph: java.time.temporal.TemporalAmount
[MASTER] 08:27:05.600 [logback-1] WARN  InheritanceTree - Class not in inheritance graph: java.time.Clock
[MASTER] 08:27:05.600 [logback-1] WARN  InheritanceTree - Class not in inheritance graph: java.time.temporal.TemporalQuery
[MASTER] 08:27:05.601 [logback-1] WARN  InheritanceTree - Class not in inheritance graph: java.time.temporal.TemporalAdjuster
[MASTER] 08:27:05.694 [logback-1] WARN  InheritanceTree - Class not in inheritance graph: java.time.chrono.Chronology
[MASTER] 08:27:05.796 [logback-1] WARN  InheritanceTree - Class not in inheritance graph: java.time.chrono.Era
* Finished analyzing classpath
* Generating tests for class net.sourceforge.squirrel_sql.client.session.Session
* Test criteria:
  - Line Coverage
  - Branch Coverage
  - Exception
  - Mutation testing (weak)
  - Method-Output Coverage
  - Top-Level Method Coverage
  - No-Exception Top-Level Method Coverage
  - Context Branch Coverage
* Total number of test goals for MOSA: 1345
* Using seed 1024
* Starting evolution
[MASTER] 08:27:07.448 [logback-2] ERROR TestCluster - Failed to check cache for java.util.HashMap<K, V> : Type points to itself
[MASTER] 08:27:07.452 [logback-2] ERROR TestCluster - Failed to check cache for javax.swing.JComboBox<E> : Type points to itself
[MASTER] 08:27:07.455 [logback-2] ERROR TestCluster - Failed to check cache for javax.swing.JList<E> : Type points to itself
* Search finished after 122s and 109 generations, 49715 statements, best individual has fitness: 10616.0
* Going to analyze the coverage criteria
* Coverage analysis for criterion LINE
* Coverage of criterion LINE: 4%
* Total number of goals: 396
* Number of covered goals: 15
* Coverage analysis for criterion BRANCH
* Coverage of criterion BRANCH: 0%
* Total number of goals: 204
* Number of covered goals: 1
* Coverage analysis for criterion EXCEPTION
* Coverage of criterion EXCEPTION: 100%
* Total number of goals: 1
* Number of covered goals: 1
* Coverage analysis for criterion WEAKMUTATION
* Coverage of criterion WEAKMUTATION: 0%
* Total number of goals: 258
* Number of covered goals: 0
* Coverage analysis for criterion OUTPUT
* Coverage of criterion OUTPUT: 0%
* Total number of goals: 165
* Number of covered goals: 0
* Coverage analysis for criterion METHOD
* Coverage of criterion METHOD: 2%
* Total number of goals: 59
* Number of covered goals: 1
* Coverage analysis for criterion METHODNOEXCEPTION
* Coverage of criterion METHODNOEXCEPTION: 2%
* Total number of goals: 59
* Number of covered goals: 1
* Coverage analysis for criterion CBRANCH
* Coverage of criterion CBRANCH: 0%
* Total number of goals: 204
* Number of covered goals: 1
* Generated 1 tests with total length 4
* Resulting test suite's coverage: 1% (average coverage for all fitness functions)
* Generating assertions
* Resulting test suite's mutation score: 2%
* Compiling and checking tests
* Writing JUnit test case 'Session_ESTest' to /home/ubuntu/termite/mosa/tests/s1024/102_squirrel-sql/evosuite-tests
* Done!

* Computation finished
