* EvoSuite 1.0.6
* Configuration: MOSA
* Going to generate test cases for class: com.browsersoft.openhre.hl7.impl.regular.ExpressionMatrixImpl
* Starting client
* Properties loaded from /home/ubuntu/termite/projects/75_openhre/evosuite-files/evosuite.properties
* Connecting to master process on port 19701
* Analyzing classpath: 
* Inheritance tree loaded from evosuite-files/inheritance.xml.gz
[MASTER] 19:53:17.272 [logback-1] WARN  InheritanceTree - Class not in inheritance graph: java.util.function.Consumer
[MASTER] 19:53:17.669 [logback-1] WARN  InheritanceTree - Class not in inheritance graph: java.util.function.Predicate
[MASTER] 19:53:17.688 [logback-1] WARN  InheritanceTree - Class not in inheritance graph: java.util.function.UnaryOperator
* Finished analyzing classpath
* Generating tests for class com.browsersoft.openhre.hl7.impl.regular.ExpressionMatrixImpl
* Test criteria:
  - Line Coverage
  - Branch Coverage
  - Exception
  - Mutation testing (weak)
  - Method-Output Coverage
  - Top-Level Method Coverage
  - No-Exception Top-Level Method Coverage
  - Context Branch Coverage
* Total number of test goals for MOSA: 504
* Using seed 1007
* Starting evolution
* Search finished after 122s and 49 generations, 26078 statements, best individual has fitness: 80.0
* Going to analyze the coverage criteria
* Coverage analysis for criterion LINE
* Coverage of criterion LINE: 100%
* Total number of goals: 68
* Number of covered goals: 68
* Coverage analysis for criterion BRANCH
* Coverage of criterion BRANCH: 100%
* Total number of goals: 58
* Number of covered goals: 58
* Coverage analysis for criterion EXCEPTION
* Coverage of criterion EXCEPTION: 100%
* Total number of goals: 4
* Number of covered goals: 4
* Coverage analysis for criterion WEAKMUTATION
* Coverage of criterion WEAKMUTATION: 99%
* Total number of goals: 284
* Number of covered goals: 280
* Coverage analysis for criterion OUTPUT
* Coverage of criterion OUTPUT: 67%
* Total number of goals: 18
* Number of covered goals: 12
* Coverage analysis for criterion METHOD
* Coverage of criterion METHOD: 100%
* Total number of goals: 9
* Number of covered goals: 9
* Coverage analysis for criterion METHODNOEXCEPTION
* Coverage of criterion METHODNOEXCEPTION: 100%
* Total number of goals: 9
* Number of covered goals: 9
* Coverage analysis for criterion CBRANCH
* Coverage of criterion CBRANCH: 100%
* Total number of goals: 58
* Number of covered goals: 58
* Generated 30 tests with total length 181
* Resulting test suite's coverage: 98% (average coverage for all fitness functions)
* Generating assertions
* Resulting test suite's mutation score: 71%
* Compiling and checking tests
[MASTER] 19:58:13.268 [logback-1] WARN  JUnitAnalyzer - Found unstable test named test15 -> class java.util.concurrent.ExecutionException: org.evosuite.runtime.TooManyResourcesException: Loop has been executed more times than the allowed 10000
[MASTER] 19:58:13.268 [logback-1] WARN  JUnitAnalyzer - Failing test:
 ExpressionMatrixImpl expressionMatrixImpl0 = new ExpressionMatrixImpl();
expressionMatrixImpl0.addNewNode();
expressionMatrixImpl0.creatMatrix(3490);
expressionMatrixImpl0.getNumberOfElements();
expressionMatrixImpl0.toString();
expressionMatrixImpl0.outNoStandardConnections(false, (ExpressionElementMapper) null);

* Permissions denied during test execution: 
  - java.lang.RuntimePermission: 
         writeFileDescriptor: 2
* Writing JUnit test case 'ExpressionMatrixImpl_ESTest' to /home/ubuntu/termite/mosa/tests/s1007/75_openhre/evosuite-tests
* Done!

* Computation finished
