* EvoSuite 1.0.6
* Configuration: MOSA
* Going to generate test cases for class: org.databene.jdbacl.DBUtil
* Starting client
* Properties loaded from /home/ubuntu/termite/projects/13_jdbacl/evosuite-files/evosuite.properties
* Connecting to master process on port 20779
* Analyzing classpath: 
* Inheritance tree loaded from evosuite-files/inheritance.xml.gz
[MASTER] 11:09:08.364 [logback-1] WARN  InheritanceTree - Class not in inheritance graph: java.sql.SQLType
[MASTER] 11:09:09.581 [logback-1] WARN  InheritanceTree - Class not in inheritance graph: java.util.function.BiFunction
[MASTER] 11:09:09.581 [logback-1] WARN  InheritanceTree - Class not in inheritance graph: java.util.function.Function
[MASTER] 11:09:09.582 [logback-1] WARN  InheritanceTree - Class not in inheritance graph: java.util.function.BiConsumer
[MASTER] 11:09:09.806 [logback-1] WARN  InheritanceTree - Class not in inheritance graph: java.util.function.Consumer
[MASTER] 11:09:09.814 [logback-1] WARN  InheritanceTree - Class not in inheritance graph: java.util.function.Predicate
[MASTER] 11:09:09.815 [logback-1] WARN  InheritanceTree - Class not in inheritance graph: java.util.function.UnaryOperator
[MASTER] 11:09:15.121 [logback-1] WARN  InheritanceTree - Class not in inheritance graph: java.time.ZoneId
[MASTER] 11:09:15.135 [logback-1] WARN  InheritanceTree - Class not in inheritance graph: java.time.temporal.TemporalAccessor
[MASTER] 11:09:15.135 [logback-1] WARN  InheritanceTree - Class not in inheritance graph: java.time.Clock
[MASTER] 11:09:15.179 [logback-1] WARN  InheritanceTree - Class not in inheritance graph: java.time.temporal.Temporal
[MASTER] 11:09:15.179 [logback-1] WARN  InheritanceTree - Class not in inheritance graph: java.time.temporal.TemporalField
[MASTER] 11:09:15.180 [logback-1] WARN  InheritanceTree - Class not in inheritance graph: java.time.temporal.TemporalUnit
[MASTER] 11:09:15.180 [logback-1] WARN  InheritanceTree - Class not in inheritance graph: java.time.temporal.TemporalAmount
[MASTER] 11:09:15.181 [logback-1] WARN  InheritanceTree - Class not in inheritance graph: java.time.temporal.TemporalQuery
[MASTER] 11:09:15.182 [logback-1] WARN  InheritanceTree - Class not in inheritance graph: java.time.temporal.TemporalAdjuster
[MASTER] 11:09:16.137 [logback-1] WARN  InheritanceTree - Class not in inheritance graph: java.util.function.ToDoubleFunction
[MASTER] 11:09:16.138 [logback-1] WARN  InheritanceTree - Class not in inheritance graph: java.util.function.ToIntFunction
[MASTER] 11:09:16.138 [logback-1] WARN  InheritanceTree - Class not in inheritance graph: java.util.function.ToLongFunction
[MASTER] 11:09:16.288 [logback-1] WARN  InheritanceTree - Class not in inheritance graph: java.time.chrono.Chronology
[MASTER] 11:09:17.835 [logback-1] WARN  InheritanceTree - Class not in inheritance graph: java.time.chrono.Era
* Finished analyzing classpath
* Generating tests for class org.databene.jdbacl.DBUtil
* Test criteria:
  - Line Coverage
  - Branch Coverage
  - Exception
  - Mutation testing (weak)
  - Method-Output Coverage
  - Top-Level Method Coverage
  - No-Exception Top-Level Method Coverage
  - Context Branch Coverage
* Total number of test goals for MOSA: 1775
* Using seed 1028
* Starting evolution
[MASTER] 11:09:28.502 [logback-2] ERROR TestCluster - Failed to check cache for org.databene.jdbacl.model.CompositeDBObject<C> : Type points to itself
[MASTER] 11:09:37.747 [logback-1] WARN  TestChromosome - Functional mock problem: org.evosuite.ga.ConstructionFailedException: Have no generator for class org.hsqldb.jdbc.jdbcResultSet canUseFunctionalMocks=false, canBeMocked: true
[MASTER] 11:10:04.244 [logback-1] WARN  TestChromosome - Functional mock problem: org.evosuite.ga.ConstructionFailedException: Failed to add constructor for org.hsqldb.Result due to org.evosuite.ga.ConstructionFailedException: Failed to add constructor for org.h2.index.FunctionIndex due to org.evosuite.ga.ConstructionFailedException: Failed to add constructor for org.h2.table.FunctionTable due to org.evosuite.ga.ConstructionFailedException: Failed to add constructor for org.h2.schema.Schema due to org.evosuite.ga.ConstructionFailedException: Failed to add constructor for org.h2.engine.Database due to org.evosuite.ga.ConstructionFailedException: Max recursion depth reached
[MASTER] 11:11:00.929 [logback-2] ERROR TestCluster - Failed to check cache for java.util.Enumeration<E> : Type points to itself
* Search finished after 123s and 286 generations, 83484 statements, best individual has fitness: 5152.0
* Going to analyze the coverage criteria
* Coverage analysis for criterion LINE
* Coverage of criterion LINE: 81%
* Total number of goals: 324
* Number of covered goals: 264
* Coverage analysis for criterion BRANCH
* Coverage of criterion BRANCH: 74%
* Total number of goals: 197
* Number of covered goals: 146
* Coverage analysis for criterion EXCEPTION
* Coverage of criterion EXCEPTION: 100%
* Total number of goals: 79
* Number of covered goals: 79
* Coverage analysis for criterion WEAKMUTATION
* Coverage of criterion WEAKMUTATION: 68%
* Total number of goals: 700
* Number of covered goals: 478
* Coverage analysis for criterion OUTPUT
* Coverage of criterion OUTPUT: 16%
* Total number of goals: 255
* Number of covered goals: 41
* Coverage analysis for criterion METHOD
* Coverage of criterion METHOD: 100%
* Total number of goals: 51
* Number of covered goals: 51
* Coverage analysis for criterion METHODNOEXCEPTION
* Coverage of criterion METHODNOEXCEPTION: 100%
* Total number of goals: 51
* Number of covered goals: 51
* Coverage analysis for criterion CBRANCH
* Coverage of criterion CBRANCH: 58%
* Total number of goals: 197
* Number of covered goals: 115
* Generated 131 tests with total length 458
* Resulting test suite's coverage: 65% (average coverage for all fitness functions)
* Generating assertions
* Resulting test suite's mutation score: 18%
* Compiling and checking tests
[MASTER] 11:11:45.423 [logback-2] ERROR ClassStateSupport - Could not initialize org.apache.derby.iapi.types.SqlXmlUtil: org/apache/xml/utils/PrefixResolver
[MASTER] 11:11:46.068 [logback-2] ERROR ClassStateSupport - Could not initialize org.firebirdsql.gds.impl.jni.JniGDSImpl: no jaybird21 in java.library.path
[MASTER] 11:11:46.550 [logback-2] ERROR ClassResetter - java.lang.NoClassDefFoundError: Could not initialize class org.firebirdsql.gds.impl.jni.JniGDSImpl
* Permissions denied during test execution: 
  - java.io.FilePermission: 
         write /dev/random: 1
  - java.net.SocketPermission: 
         resolve java.lang.String@0000000016: 15
         resolve java.lang.String@0000000027: 6
         resolve java.lang.String@0000000028: 3
         and other 12 cases of action/name for this exception class
  - java.sql.SQLPermission: 
         deregisterDriver: 3
* Writing JUnit test case 'DBUtil_ESTest' to /home/ubuntu/termite/mosa/tests/s1028/13_jdbacl/evosuite-tests
* Done!

* Computation finished
* EvoSuite 1.0.6
* Configuration: MOSA
* Going to generate test cases for class: org.databene.jdbacl.SQLUtil
* Starting client
* Properties loaded from /home/ubuntu/termite/projects/13_jdbacl/evosuite-files/evosuite.properties
* Connecting to master process on port 20775
* Analyzing classpath: 
* Inheritance tree loaded from evosuite-files/inheritance.xml.gz
[MASTER] 11:22:47.513 [logback-1] WARN  InheritanceTree - Class not in inheritance graph: java.util.function.Consumer
[MASTER] 11:22:47.529 [logback-1] WARN  InheritanceTree - Class not in inheritance graph: java.util.function.Predicate
[MASTER] 11:22:47.537 [logback-1] WARN  InheritanceTree - Class not in inheritance graph: java.util.function.UnaryOperator
[MASTER] 11:22:47.598 [logback-1] WARN  InheritanceTree - Class not in inheritance graph: java.util.function.BiFunction
[MASTER] 11:22:47.599 [logback-1] WARN  InheritanceTree - Class not in inheritance graph: java.util.function.Function
[MASTER] 11:22:47.610 [logback-1] WARN  InheritanceTree - Class not in inheritance graph: java.util.function.BiConsumer
[MASTER] 11:22:50.745 [logback-1] WARN  InheritanceTree - Class not in inheritance graph: java.sql.SQLType
[MASTER] 11:22:51.760 [logback-1] WARN  InheritanceTree - Class not in inheritance graph: java.time.temporal.Temporal
[MASTER] 11:22:51.760 [logback-1] WARN  InheritanceTree - Class not in inheritance graph: java.time.ZoneId
[MASTER] 11:22:51.788 [logback-1] WARN  InheritanceTree - Class not in inheritance graph: java.time.temporal.TemporalAccessor
[MASTER] 11:22:51.788 [logback-1] WARN  InheritanceTree - Class not in inheritance graph: java.time.temporal.TemporalField
[MASTER] 11:22:51.788 [logback-1] WARN  InheritanceTree - Class not in inheritance graph: java.time.temporal.TemporalUnit
[MASTER] 11:22:51.789 [logback-1] WARN  InheritanceTree - Class not in inheritance graph: java.time.temporal.TemporalAmount
[MASTER] 11:22:51.790 [logback-1] WARN  InheritanceTree - Class not in inheritance graph: java.time.Clock
[MASTER] 11:22:51.791 [logback-1] WARN  InheritanceTree - Class not in inheritance graph: java.time.temporal.TemporalQuery
[MASTER] 11:22:51.791 [logback-1] WARN  InheritanceTree - Class not in inheritance graph: java.time.temporal.TemporalAdjuster
[MASTER] 11:22:55.828 [logback-1] WARN  InheritanceTree - Class not in inheritance graph: java.util.function.ToDoubleFunction
[MASTER] 11:22:55.829 [logback-1] WARN  InheritanceTree - Class not in inheritance graph: java.util.function.ToIntFunction
[MASTER] 11:22:55.829 [logback-1] WARN  InheritanceTree - Class not in inheritance graph: java.util.function.ToLongFunction
[MASTER] 11:22:57.066 [logback-1] WARN  InheritanceTree - Class not in inheritance graph: java.time.chrono.Chronology
[MASTER] 11:22:58.621 [logback-1] WARN  InheritanceTree - Class not in inheritance graph: java.time.chrono.Era
* Finished analyzing classpath
* Generating tests for class org.databene.jdbacl.SQLUtil
* Test criteria:
  - Line Coverage
  - Branch Coverage
  - Exception
  - Mutation testing (weak)
  - Method-Output Coverage
  - Top-Level Method Coverage
  - No-Exception Top-Level Method Coverage
  - Context Branch Coverage
* Total number of test goals for MOSA: 1394
* Using seed 1028
* Starting evolution
[MASTER] 11:23:02.084 [logback-2] ERROR TestCluster - Failed to check cache for org.databene.jdbacl.model.CompositeDBObject<C> : Type points to itself
[MASTER] 11:23:09.217 [logback-1] WARN  CoverageArchive - A solution with a timeout/exception result has been added to the archive. The covered goal was Weak Mutation 284: org.databene.jdbacl.SQLUtil.leftJoin(Ljava/lang/String;[Ljava/lang/String;Ljava/lang/String;Ljava/lang/String;[Ljava/lang/String;)Ljava/lang/String;:345 - ReplaceVariable table2 -> alias2
[MASTER] 11:23:09.217 [logback-1] WARN  CoverageArchive - A solution with a timeout/exception result has been added to the archive. The covered goal was Weak Mutation 286: org.databene.jdbacl.SQLUtil.leftJoin(Ljava/lang/String;[Ljava/lang/String;Ljava/lang/String;Ljava/lang/String;[Ljava/lang/String;)Ljava/lang/String;:345 - ReplaceVariable alias2 -> table2
[MASTER] 11:23:09.217 [logback-1] WARN  CoverageArchive - A solution with a timeout/exception result has been added to the archive. The covered goal was [Output]: org.databene.jdbacl.SQLUtil.substituteMarkers(Ljava/lang/String;Ljava/lang/String;Ljava/lang/Object;)Ljava/lang/String;:NonEmptyString
[MASTER] 11:23:09.217 [logback-1] WARN  CoverageArchive - A solution with a timeout/exception result has been added to the archive. The covered goal was [Output]: org.databene.jdbacl.SQLUtil.isQuery(Ljava/lang/String;)Z:False
[MASTER] 11:23:09.218 [logback-1] WARN  CoverageArchive - A solution with a timeout/exception result has been added to the archive. The covered goal was [METHOD] org.databene.jdbacl.SQLUtil.isQuery(Ljava/lang/String;)Z
[MASTER] 11:23:09.218 [logback-1] WARN  CoverageArchive - A solution with a timeout/exception result has been added to the archive. The covered goal was [METHODNOEX] org.databene.jdbacl.SQLUtil.isQuery(Ljava/lang/String;)Z
[MASTER] 11:23:09.218 [logback-1] WARN  CoverageArchive - A solution with a timeout/exception result has been added to the archive. The covered goal was Branch org.databene.jdbacl.SQLUtil.isQuery(Ljava/lang/String;)Z: I11 Branch 35 IFGT L275 - false in context: org.databene.jdbacl.SQLUtil:isQuery(Ljava/lang/String;)Z
[MASTER] 11:23:11.742 [logback-1] WARN  CoverageArchive - A solution with a timeout/exception result has been added to the archive. The covered goal was org.databene.jdbacl.SQLUtil.addOptionalCondition(Ljava/lang/String;Ljava/lang/StringBuilder;)Ljava/lang/StringBuilder;: I4 Branch 49 IFLE L375 - true
[MASTER] 11:23:11.742 [logback-1] WARN  CoverageArchive - A solution with a timeout/exception result has been added to the archive. The covered goal was Weak Mutation 366: org.databene.jdbacl.SQLUtil.addOptionalCondition(Ljava/lang/String;Ljava/lang/StringBuilder;)Ljava/lang/StringBuilder;:375 - ReplaceComparisonOperator <= -> <
[MASTER] 11:23:11.744 [logback-1] WARN  CoverageArchive - A solution with a timeout/exception result has been added to the archive. The covered goal was Branch org.databene.jdbacl.SQLUtil.addOptionalCondition(Ljava/lang/String;Ljava/lang/StringBuilder;)Ljava/lang/StringBuilder;: I4 Branch 49 IFLE L375 - true in context: org.databene.jdbacl.SQLUtil:addOptionalCondition(Ljava/lang/String;Ljava/lang/StringBuilder;)Ljava/lang/StringBuilder;
[MASTER] 11:23:41.659 [logback-1] WARN  CoverageArchive - A solution with a timeout/exception result has been added to the archive. The covered goal was [Output]: org.databene.jdbacl.SQLUtil.appendConstraintName(Lorg/databene/jdbacl/model/DBConstraint;Ljava/lang/StringBuilder;Lorg/databene/jdbacl/NameSpec;)Ljava/lang/StringBuilder;:Null
[MASTER] 11:24:00.919 [logback-1] WARN  CoverageArchive - A solution with a timeout/exception result has been added to the archive. The covered goal was Branch org.databene.jdbacl.SQLUtil.appendConstraintName(Lorg/databene/jdbacl/model/DBConstraint;Ljava/lang/StringBuilder;Lorg/databene/jdbacl/NameSpec;)Ljava/lang/StringBuilder;: I4 Branch 51 IFNULL L385 - true in context: org.databene.jdbacl.SQLUtil:appendConstraintName(Lorg/databene/jdbacl/model/DBConstraint;Ljava/lang/StringBuilder;Lorg/databene/jdbacl/NameSpec;)Ljava/lang/StringBuilder;
* Search finished after 124s and 337 generations, 139476 statements, best individual has fitness: 1424.0
* Going to analyze the coverage criteria
* Coverage analysis for criterion LINE
* Coverage of criterion LINE: 91%
* Total number of goals: 251
* Number of covered goals: 229
* Coverage analysis for criterion BRANCH
* Coverage of criterion BRANCH: 90%
* Total number of goals: 188
* Number of covered goals: 169
* Coverage analysis for criterion EXCEPTION
* Coverage of criterion EXCEPTION: 100%
* Total number of goals: 52
* Number of covered goals: 52
* Coverage analysis for criterion WEAKMUTATION
* Coverage of criterion WEAKMUTATION: 87%
* Total number of goals: 595
* Number of covered goals: 518
* Coverage analysis for criterion OUTPUT
* Coverage of criterion OUTPUT: 56%
* Total number of goals: 94
* Number of covered goals: 53
* Coverage analysis for criterion METHOD
* Coverage of criterion METHOD: 100%
* Total number of goals: 39
* Number of covered goals: 39
* Coverage analysis for criterion METHODNOEXCEPTION
* Coverage of criterion METHODNOEXCEPTION: 100%
* Total number of goals: 39
* Number of covered goals: 39
* Coverage analysis for criterion CBRANCH
* Coverage of criterion CBRANCH: 89%
* Total number of goals: 188
* Number of covered goals: 167
* Generated 144 tests with total length 615
* Resulting test suite's coverage: 88% (average coverage for all fitness functions)
* Generating assertions
* Resulting test suite's mutation score: 59%
* Compiling and checking tests
[MASTER] 11:25:36.476 [logback-2] ERROR ClassStateSupport - Could not initialize org.firebirdsql.gds.impl.jni.JniGDSImpl: no jaybird21 in java.library.path
[MASTER] 11:25:36.938 [logback-2] ERROR ClassResetter - java.lang.NoClassDefFoundError: Could not initialize class org.firebirdsql.gds.impl.jni.JniGDSImpl
[MASTER] 11:25:39.738 [logback-2] ERROR ClassStateSupport - Could not initialize org.apache.derby.iapi.types.SqlXmlUtil: org/apache/xml/utils/PrefixResolver
* Permissions denied during test execution: 
  - java.io.FilePermission: 
         write /dev/random: 1
  - java.lang.RuntimePermission: 
         writeFileDescriptor: 2
  - java.net.SocketPermission: 
         resolve java.lang.String@0000000023: 1
         resolve java.lang.String@0000000026: 1
         resolve java.lang.String@0000000015: 1
         and other 2 cases of action/name for this exception class
* Writing JUnit test case 'SQLUtil_ESTest' to /home/ubuntu/termite/mosa/tests/s1028/13_jdbacl/evosuite-tests
* Done!

* Computation finished
