* EvoSuite 1.0.6
* Configuration: MOSA
* Going to generate test cases for class: net.sourceforge.squirrel_sql.client.session.Session
* Starting client
* Properties loaded from /home/ubuntu/termite/projects/102_squirrel-sql/evosuite-files/evosuite.properties
* Connecting to master process on port 20780
* Analyzing classpath: 
* Inheritance tree loaded from evosuite-files/inheritance.xml.gz
[MASTER] 11:09:07.295 [logback-1] WARN  InheritanceTree - Class not in inheritance graph: java.util.function.BiFunction
[MASTER] 11:09:07.296 [logback-1] WARN  InheritanceTree - Class not in inheritance graph: java.util.function.Function
[MASTER] 11:09:07.315 [logback-1] WARN  InheritanceTree - Class not in inheritance graph: java.util.function.BiConsumer
[MASTER] 11:09:13.629 [logback-1] WARN  InheritanceTree - Class not in inheritance graph: java.util.function.Consumer
[MASTER] 11:09:13.638 [logback-1] WARN  InheritanceTree - Class not in inheritance graph: java.util.function.Predicate
[MASTER] 11:09:13.994 [logback-1] WARN  InheritanceTree - Class not in inheritance graph: java.util.function.UnaryOperator
[MASTER] 11:09:16.687 [logback-1] WARN  InheritanceTree - Class not in inheritance graph: java.time.ZoneId
[MASTER] 11:09:17.247 [logback-1] WARN  InheritanceTree - Class not in inheritance graph: java.time.temporal.Temporal
[MASTER] 11:09:17.248 [logback-1] WARN  InheritanceTree - Class not in inheritance graph: java.time.temporal.TemporalAccessor
[MASTER] 11:09:17.248 [logback-1] WARN  InheritanceTree - Class not in inheritance graph: java.time.temporal.TemporalField
[MASTER] 11:09:17.248 [logback-1] WARN  InheritanceTree - Class not in inheritance graph: java.time.temporal.TemporalUnit
[MASTER] 11:09:17.248 [logback-1] WARN  InheritanceTree - Class not in inheritance graph: java.time.temporal.TemporalAmount
[MASTER] 11:09:17.249 [logback-1] WARN  InheritanceTree - Class not in inheritance graph: java.time.Clock
[MASTER] 11:09:17.249 [logback-1] WARN  InheritanceTree - Class not in inheritance graph: java.time.temporal.TemporalQuery
[MASTER] 11:09:17.250 [logback-1] WARN  InheritanceTree - Class not in inheritance graph: java.time.temporal.TemporalAdjuster
[MASTER] 11:09:17.408 [logback-1] WARN  InheritanceTree - Class not in inheritance graph: java.time.chrono.Chronology
[MASTER] 11:09:17.503 [logback-1] WARN  InheritanceTree - Class not in inheritance graph: java.time.chrono.Era
* Finished analyzing classpath
* Generating tests for class net.sourceforge.squirrel_sql.client.session.Session
* Test criteria:
  - Line Coverage
  - Branch Coverage
  - Exception
  - Mutation testing (weak)
  - Method-Output Coverage
  - Top-Level Method Coverage
  - No-Exception Top-Level Method Coverage
  - Context Branch Coverage
* Total number of test goals for MOSA: 1345
* Using seed 1028
* Starting evolution
[MASTER] 11:09:19.395 [logback-2] ERROR TestCluster - Failed to check cache for java.util.HashMap<K, V> : Type points to itself
[MASTER] 11:09:19.418 [logback-2] ERROR TestCluster - Failed to check cache for javax.swing.JComboBox<E> : Type points to itself
[MASTER] 11:09:19.422 [logback-2] ERROR TestCluster - Failed to check cache for javax.swing.JList<E> : Type points to itself
* Search finished after 122s and 96 generations, 45549 statements, best individual has fitness: 10616.0
* Going to analyze the coverage criteria
* Coverage analysis for criterion LINE
* Coverage of criterion LINE: 4%
* Total number of goals: 396
* Number of covered goals: 15
* Coverage analysis for criterion BRANCH
* Coverage of criterion BRANCH: 0%
* Total number of goals: 204
* Number of covered goals: 1
* Coverage analysis for criterion EXCEPTION
* Coverage of criterion EXCEPTION: 100%
* Total number of goals: 1
* Number of covered goals: 1
* Coverage analysis for criterion WEAKMUTATION
* Coverage of criterion WEAKMUTATION: 0%
* Total number of goals: 258
* Number of covered goals: 0
* Coverage analysis for criterion OUTPUT
* Coverage of criterion OUTPUT: 0%
* Total number of goals: 165
* Number of covered goals: 0
* Coverage analysis for criterion METHOD
* Coverage of criterion METHOD: 2%
* Total number of goals: 59
* Number of covered goals: 1
* Coverage analysis for criterion METHODNOEXCEPTION
* Coverage of criterion METHODNOEXCEPTION: 2%
* Total number of goals: 59
* Number of covered goals: 1
* Coverage analysis for criterion CBRANCH
* Coverage of criterion CBRANCH: 0%
* Total number of goals: 204
* Number of covered goals: 1
* Generated 1 tests with total length 5
* Resulting test suite's coverage: 1% (average coverage for all fitness functions)
* Generating assertions
* Resulting test suite's mutation score: 2%
* Compiling and checking tests
* Permissions denied during test execution: 
  - java.net.URLPermission: 
         *:* http://www.someFakeButWellFormedURL.org/fooExample: 1
* Writing JUnit test case 'Session_ESTest' to /home/ubuntu/termite/mosa/tests/s1028/102_squirrel-sql/evosuite-tests
* Done!

* Computation finished
* EvoSuite 1.0.6
* Configuration: MOSA
* Going to generate test cases for class: net.sourceforge.squirrel_sql.plugins.dbcopy.util.DBUtil
* Starting client
* Properties loaded from /home/ubuntu/termite/projects/102_squirrel-sql/evosuite-files/evosuite.properties
* Connecting to master process on port 20779
* Analyzing classpath: 
* Inheritance tree loaded from evosuite-files/inheritance.xml.gz
[MASTER] 11:44:23.560 [logback-1] WARN  InheritanceTree - Class not in inheritance graph: java.sql.SQLType
[MASTER] 11:44:23.654 [logback-1] WARN  InheritanceTree - Class not in inheritance graph: java.util.function.Consumer
[MASTER] 11:44:23.658 [logback-1] WARN  InheritanceTree - Class not in inheritance graph: java.util.function.Predicate
[MASTER] 11:44:23.659 [logback-1] WARN  InheritanceTree - Class not in inheritance graph: java.util.function.UnaryOperator
[MASTER] 11:44:24.034 [logback-1] WARN  InheritanceTree - Class not in inheritance graph: java.util.function.BiFunction
[MASTER] 11:44:24.035 [logback-1] WARN  InheritanceTree - Class not in inheritance graph: java.util.function.Function
[MASTER] 11:44:24.039 [logback-1] WARN  InheritanceTree - Class not in inheritance graph: java.util.function.BiConsumer
[MASTER] 11:44:24.650 [logback-1] WARN  InheritanceTree - Class not in inheritance graph: java.time.ZoneId
[MASTER] 11:44:24.667 [logback-1] WARN  InheritanceTree - Class not in inheritance graph: java.time.temporal.TemporalAccessor
[MASTER] 11:44:24.667 [logback-1] WARN  InheritanceTree - Class not in inheritance graph: java.time.Clock
[MASTER] 11:44:25.752 [logback-1] WARN  InheritanceTree - Class not in inheritance graph: java.time.temporal.Temporal
[MASTER] 11:44:25.754 [logback-1] WARN  InheritanceTree - Class not in inheritance graph: java.time.temporal.TemporalField
[MASTER] 11:44:25.761 [logback-1] WARN  InheritanceTree - Class not in inheritance graph: java.time.temporal.TemporalUnit
[MASTER] 11:44:25.762 [logback-1] WARN  InheritanceTree - Class not in inheritance graph: java.time.temporal.TemporalAmount
[MASTER] 11:44:25.771 [logback-1] WARN  InheritanceTree - Class not in inheritance graph: java.time.temporal.TemporalQuery
[MASTER] 11:44:25.772 [logback-1] WARN  InheritanceTree - Class not in inheritance graph: java.time.temporal.TemporalAdjuster
[MASTER] 11:44:27.291 [logback-1] WARN  InheritanceTree - Class not in inheritance graph: java.time.chrono.Chronology
[MASTER] 11:44:29.049 [logback-1] WARN  InheritanceTree - Class not in inheritance graph: java.time.chrono.Era
* Finished analyzing classpath
* Generating tests for class net.sourceforge.squirrel_sql.plugins.dbcopy.util.DBUtil
* Test criteria:
  - Line Coverage
  - Branch Coverage
  - Exception
  - Mutation testing (weak)
  - Method-Output Coverage
  - Top-Level Method Coverage
  - No-Exception Top-Level Method Coverage
  - Context Branch Coverage
* Total number of test goals for MOSA: 2842
* Using seed 1028
* Starting evolution
[MASTER] 11:44:34.242 [logback-2] ERROR TestCluster - Failed to check cache for java.util.Comparator<T> : Type points to itself
[MASTER] 11:45:12.920 [logback-1] WARN  TestChromosome - Functional mock problem: org.evosuite.ga.ConstructionFailedException: Failed to add constructor for com.gargoylesoftware.base.resource.jdbc.CallableStatementWrapper due to org.evosuite.ga.ConstructionFailedException: Failed to add constructor for com.gargoylesoftware.base.resource.jdbc.ConnectionWrapper due to org.evosuite.ga.ConstructionFailedException: Have no generator for class com.gargoylesoftware.base.resource.jdbc.CallableStatementWrapper canUseFunctionalMocks=false, canBeMocked: true
[MASTER] 11:45:49.075 [logback-1] WARN  TestChromosome - Functional mock problem: org.evosuite.ga.ConstructionFailedException: Failed to add constructor for com.gargoylesoftware.base.resource.jdbc.ConnectionWrapper due to org.evosuite.ga.ConstructionFailedException: Failed to add constructor for com.gargoylesoftware.base.resource.jdbc.CallableStatementWrapper due to org.evosuite.ga.ConstructionFailedException: Have no generator for class com.gargoylesoftware.base.resource.jdbc.ConnectionWrapper canUseFunctionalMocks=false, canBeMocked: true
[MASTER] 11:45:49.107 [logback-1] WARN  TestChromosome - Functional mock problem: org.evosuite.ga.ConstructionFailedException: Have no generator for class com.gargoylesoftware.base.resource.jdbc.ConnectionWrapper canUseFunctionalMocks=false, canBeMocked: true
[MASTER] 11:46:07.428 [logback-1] WARN  TestChromosome - Functional mock problem: org.evosuite.ga.ConstructionFailedException: Failed to add constructor for net.sourceforge.squirrel_sql.fw.sql.SQLConnection due to org.evosuite.ga.ConstructionFailedException: Failed to add constructor for com.gargoylesoftware.base.resource.jdbc.CallableStatementWrapper due to org.evosuite.ga.ConstructionFailedException: Failed to add constructor for com.gargoylesoftware.base.resource.jdbc.ConnectionWrapper due to org.evosuite.ga.ConstructionFailedException: Max recursion depth reached
* Search finished after 122s and 215 generations, 78820 statements, best individual has fitness: 18192.0
* Going to analyze the coverage criteria
* Coverage analysis for criterion LINE
* Coverage of criterion LINE: 16%
* Total number of goals: 792
* Number of covered goals: 128
* Coverage analysis for criterion BRANCH
* Coverage of criterion BRANCH: 13%
* Total number of goals: 463
* Number of covered goals: 62
* Coverage analysis for criterion EXCEPTION
* Coverage of criterion EXCEPTION: 100%
* Total number of goals: 41
* Number of covered goals: 41
* Coverage analysis for criterion WEAKMUTATION
* Coverage of criterion WEAKMUTATION: 24%
* Total number of goals: 906
* Number of covered goals: 220
* Coverage analysis for criterion OUTPUT
* Coverage of criterion OUTPUT: 25%
* Total number of goals: 122
* Number of covered goals: 31
* Coverage analysis for criterion METHOD
* Coverage of criterion METHOD: 96%
* Total number of goals: 48
* Number of covered goals: 46
* Coverage analysis for criterion METHODNOEXCEPTION
* Coverage of criterion METHODNOEXCEPTION: 81%
* Total number of goals: 48
* Number of covered goals: 39
* Coverage analysis for criterion CBRANCH
* Coverage of criterion CBRANCH: 13%
* Total number of goals: 463
* Number of covered goals: 62
* Generated 79 tests with total length 284
* Resulting test suite's coverage: 21% (average coverage for all fitness functions)
* Generating assertions
* Resulting test suite's mutation score: 9%
* Compiling and checking tests
[MASTER] 11:46:45.170 [logback-2] ERROR ClassStateSupport - Could not initialize org.jboss.net.protocol.resource.ResourceURLConnection: org/jboss/logging/Logger
[MASTER] 11:46:45.589 [logback-2] ERROR ClassResetter - java.lang.NoClassDefFoundError: Could not initialize class org.jboss.net.protocol.resource.ResourceURLConnection
* Writing JUnit test case 'DBUtil_ESTest' to /home/ubuntu/termite/mosa/tests/s1028/102_squirrel-sql/evosuite-tests
* Done!

* Computation finished
