* EvoSuite 1.0.6
* Configuration: RMOSA
* Going to generate test cases for class: com.soops.CEN4010.JMCA.JParser.JavaParserTokenManager
* Starting client
* Properties loaded from /home/ubuntu/termite/projects/19_jmca/evosuite-files/evosuite.properties
* Connecting to master process on port 21265
* Analyzing classpath: 
* Inheritance tree loaded from evosuite-files/inheritance.xml.gz
[MASTER] 23:18:21.714 [logback-1] WARN  InheritanceTree - Class not in inheritance graph: java.util.function.Consumer
[MASTER] 23:18:21.718 [logback-1] WARN  InheritanceTree - Class not in inheritance graph: java.util.function.Predicate
[MASTER] 23:18:21.719 [logback-1] WARN  InheritanceTree - Class not in inheritance graph: java.util.function.UnaryOperator
[MASTER] 23:18:21.733 [logback-1] WARN  InheritanceTree - Class not in inheritance graph: java.util.function.Function
* Finished analyzing classpath
* Generating tests for class com.soops.CEN4010.JMCA.JParser.JavaParserTokenManager
* Test criteria:
  - Line Coverage
  - Branch Coverage
  - Exception
  - Mutation testing (weak)
  - Method-Output Coverage
  - Top-Level Method Coverage
  - No-Exception Top-Level Method Coverage
  - Context Branch Coverage
Ranking Type: org.evosuite.ga.metaheuristics.mosa.EntropyBasedPreferenceSorting
* Using seed 1020
* Starting evolution
* Search finished after 298s and 71 generations, 65631 statements, best individual has fitness: 14536.0
* Going to analyze the coverage criteria
* Coverage analysis for criterion LINE
* Coverage of criterion LINE: 60%
* Total number of goals: 981
* Number of covered goals: 589
* Coverage analysis for criterion BRANCH
* Coverage of criterion BRANCH: 64%
* Total number of goals: 1707
* Number of covered goals: 1100
* Coverage analysis for criterion EXCEPTION
* Coverage of criterion EXCEPTION: 100%
* Total number of goals: 10
* Number of covered goals: 10
* Coverage analysis for criterion WEAKMUTATION
* Coverage of criterion WEAKMUTATION: 52%
* Total number of goals: 434
* Number of covered goals: 227
* Coverage analysis for criterion OUTPUT
* Coverage of criterion OUTPUT: 50%
* Total number of goals: 4
* Number of covered goals: 2
* Coverage analysis for criterion METHOD
* Coverage of criterion METHOD: 100%
* Total number of goals: 11
* Number of covered goals: 11
* Coverage analysis for criterion METHODNOEXCEPTION
* Coverage of criterion METHODNOEXCEPTION: 100%
* Total number of goals: 11
* Number of covered goals: 11
* Coverage analysis for criterion CBRANCH
* Coverage of criterion CBRANCH: 64%
* Total number of goals: 1707
* Number of covered goals: 1098
* Generated 198 tests with total length 2018
* Resulting test suite's coverage: 63% (average coverage for all fitness functions)
* Generating assertions
* Resulting test suite's mutation score: 22%
* Compiling and checking tests
[MASTER] 23:25:41.199 [logback-1] WARN  JUnitAnalyzer - Found unstable test named test0 -> class java.lang.AssertionError: expected:<1> but was:<0>
[MASTER] 23:25:41.200 [logback-1] WARN  JUnitAnalyzer - Failing test:
 StringReader stringReader0 = new StringReader("}~G%|gH8I~%rS5b#G}");
stringReader0.read();
JavaCharStream javaCharStream0 = new JavaCharStream(stringReader0);
char[] charArray0 = new char[6];
charArray0[0] = 't';
charArray0[1] = ',';
charArray0[2] = '!';
charArray0[3] = ')';
charArray0[4] = '';
charArray0[5] = '0';
stringReader0.read(charArray0);
JavaCharStream javaCharStream1 = new JavaCharStream(stringReader0);
JavaParserTokenManager javaParserTokenManager0 = new JavaParserTokenManager(javaCharStream1);
Token.GTToken token_GTToken0 = new Token.GTToken();
Token.newToken(125);
javaParserTokenManager0.SkipLexicalActions(token_GTToken0);
javaParserTokenManager0.getNextToken();
javaParserTokenManager0.SkipLexicalActions(token_GTToken0);
assertEquals(1, javaCharStream1.bufpos);
assertEquals(2, javaCharStream1.getColumn());


[MASTER] 23:25:41.254 [logback-1] WARN  JUnitAnalyzer - Found unstable test named test0 -> class java.lang.AssertionError: expected:<5> but was:<1>
[MASTER] 23:25:41.255 [logback-1] WARN  JUnitAnalyzer - Failing test:
 StringReader stringReader0 = new StringReader("4d9qFu");
StringReader stringReader1 = new StringReader("4d9qFu");
JavaCharStream javaCharStream0 = new JavaCharStream(stringReader0, 0, 0, 2064);
JavaParserTokenManager javaParserTokenManager0 = new JavaParserTokenManager(javaCharStream0);
Token token0 = javaParserTokenManager0.getNextToken();
assertEquals(5, javaCharStream0.bufpos);
assertEquals("4d9qFu", token0.toString());


[MASTER] 23:25:42.210 [logback-1] WARN  JUnitAnalyzer - Found unstable test named test0 -> class java.lang.AssertionError: expected:<1> but was:<0>
[MASTER] 23:25:42.211 [logback-1] WARN  JUnitAnalyzer - Failing test:
 StringReader stringReader0 = new StringReader("S=5Ww\"H9khJ83]$9/I");
StringReader stringReader1 = new StringReader("9n.M)0c``K-Ng6^");
char[] charArray0 = new char[8];
charArray0[0] = ';';
JavaCharStream javaCharStream0 = new JavaCharStream(stringReader1);
JavaParserTokenManager javaParserTokenManager0 = new JavaParserTokenManager(javaCharStream0);
Token token0 = javaParserTokenManager0.getNextToken();
assertEquals(1, javaCharStream0.bufpos);
assertEquals(74, token0.kind);


[MASTER] 23:25:43.488 [logback-1] WARN  JUnitAnalyzer - Found unstable test named test0 -> class java.lang.AssertionError: expected:<-46> but was:<-50>
[MASTER] 23:25:43.488 [logback-1] WARN  JUnitAnalyzer - Failing test:
 StringReader stringReader0 = new StringReader("S=5Ww\"H9khJ83]$9/I");
FileSystemHandling.setPermissions((EvoSuiteFile) null, true, false, true);
StringReader stringReader1 = new StringReader(" 1_YUo~;");
JavaCharStream javaCharStream0 = new JavaCharStream(stringReader1, (-51), (-51), 9);
JavaParserTokenManager javaParserTokenManager0 = new JavaParserTokenManager(javaCharStream0);
javaParserTokenManager0.getNextToken();
assertEquals((-50), javaCharStream0.getBeginColumn());
assertEquals((-46), javaCharStream0.getColumn());


[MASTER] 23:25:47.552 [logback-1] WARN  JUnitAnalyzer - Found unstable test named test0 -> class java.lang.AssertionError: expected:<4> but was:<0>
[MASTER] 23:25:47.552 [logback-1] WARN  JUnitAnalyzer - Failing test:
 StringReader stringReader0 = new StringReader("6V>5Fq[#7P4_Y>");
stringReader0.read();
JavaCharStream javaCharStream0 = new JavaCharStream(stringReader0);
StringReader stringReader1 = new StringReader("6V>5Fq[#7P4_Y>");
char[] charArray0 = new char[8];
charArray0[0] = '<';
int int0 = JavaParserConstants.PLUSASSIGN;
StringReader stringReader2 = new StringReader("6V>5Fq[#7P4_Y>");
stringReader2.skip(0L);
stringReader2.read(charArray0);
JavaCharStream javaCharStream1 = new JavaCharStream(stringReader2);
JavaParserTokenManager javaParserTokenManager0 = new JavaParserTokenManager(javaCharStream1);
javaParserTokenManager0.getNextToken();
assertEquals(4, javaCharStream1.bufpos);
assertEquals(5, javaCharStream1.getEndColumn());


[MASTER] 23:25:48.421 [logback-1] WARN  JUnitAnalyzer - Found unstable test named test0 -> class java.lang.AssertionError: expected:<4> but was:<0>
[MASTER] 23:25:48.422 [logback-1] WARN  JUnitAnalyzer - Failing test:
 StringReader stringReader0 = new StringReader("R6#k9elr1*g_");
char[] charArray0 = new char[2];
FileSystemHandling.createFolder((EvoSuiteFile) null);
stringReader0.read(charArray0);
stringReader0.read(charArray0);
JavaCharStream javaCharStream0 = new JavaCharStream(stringReader0);
JavaParserTokenManager javaParserTokenManager0 = new JavaParserTokenManager(javaCharStream0);
Token token0 = javaParserTokenManager0.getNextToken();
assertEquals(4, javaCharStream0.bufpos);
assertEquals("9elr1", token0.toString());


[MASTER] 23:25:49.132 [logback-1] WARN  JUnitAnalyzer - Found unstable test named test0 -> class java.lang.AssertionError: expected:<1> but was:<0>
[MASTER] 23:25:49.132 [logback-1] WARN  JUnitAnalyzer - Failing test:
 StringReader stringReader0 = new StringReader("y4-86e:1PT&");
StringReader stringReader1 = new StringReader("y4-86e:1PT&");
stringReader0.read();
JavaCharStream javaCharStream0 = new JavaCharStream(stringReader1);
StringReader stringReader2 = new StringReader("y4-86e:1PT&");
FileSystemHandling fileSystemHandling0 = new FileSystemHandling();
JavaParserTokenManager javaParserTokenManager0 = new JavaParserTokenManager(javaCharStream0);
char[] charArray0 = new char[4];
charArray0[0] = 'U';
charArray0[1] = 'v';
charArray0[2] = '5';
charArray0[3] = 't';
stringReader1.read(charArray0);
Token token0 = javaParserTokenManager0.getNextToken();
javaParserTokenManager0.TokenLexicalActions(token0);
assertEquals(1, javaCharStream0.bufpos);
assertEquals(2, javaCharStream0.getColumn());


[MASTER] 23:25:49.389 [logback-1] WARN  JUnitAnalyzer - Found unstable test named test0 -> class java.lang.AssertionError: expected:<7> but was:<6>
[MASTER] 23:25:49.389 [logback-1] WARN  JUnitAnalyzer - Failing test:
 StringReader stringReader0 = new StringReader("y4-86e:1PT&");
StringReader stringReader1 = new StringReader("y4-86e:1PT&");
stringReader0.read();
JavaCharStream javaCharStream0 = new JavaCharStream(stringReader1);
StringReader stringReader2 = new StringReader("");
FileSystemHandling fileSystemHandling0 = new FileSystemHandling();
StringReader stringReader3 = new StringReader("y4-86e:1PT&");
JavaParserTokenManager javaParserTokenManager0 = new JavaParserTokenManager(javaCharStream0);
javaParserTokenManager0.getNextToken();
javaParserTokenManager0.getNextToken();
JavaParserTokenManager javaParserTokenManager1 = new JavaParserTokenManager(javaCharStream0);
javaParserTokenManager0.getNextToken();
javaParserTokenManager1.getNextToken();
assertEquals(7, javaCharStream0.getBeginColumn());
assertEquals(7, javaCharStream0.getColumn());


* Permissions denied during test execution: 
  - java.lang.RuntimePermission: 
         writeFileDescriptor: 2
* Writing JUnit test case 'JavaParserTokenManager_ESTest' to /home/ubuntu/termite/rmosa/tests/s1020/19_jmca/evosuite-tests
* Done!

* Computation finished
* EvoSuite 1.0.6
* Configuration: RMOSA
* Going to generate test cases for class: com.soops.CEN4010.JMCA.JParser.JavaCharStream
* Starting client
* Properties loaded from /home/ubuntu/termite/projects/19_jmca/evosuite-files/evosuite.properties
* Connecting to master process on port 21263
* Analyzing classpath: 
* Inheritance tree loaded from evosuite-files/inheritance.xml.gz
* Finished analyzing classpath
* Generating tests for class com.soops.CEN4010.JMCA.JParser.JavaCharStream
* Test criteria:
  - Line Coverage
  - Branch Coverage
  - Exception
  - Mutation testing (weak)
  - Method-Output Coverage
  - Top-Level Method Coverage
  - No-Exception Top-Level Method Coverage
  - Context Branch Coverage
Ranking Type: org.evosuite.ga.metaheuristics.mosa.EntropyBasedPreferenceSorting
* Using seed 1020
* Starting evolution
[MASTER] 00:01:27.942 [logback-1] WARN  CoverageArchive - A solution with a timeout/exception result has been added to the archive. The covered goal was com.soops.CEN4010.JMCA.JParser.JavaCharStream.<init>(Ljava/io/InputStream;II)V: Line 446
[MASTER] 00:01:27.942 [logback-1] WARN  CoverageArchive - A solution with a timeout/exception result has been added to the archive. The covered goal was com.soops.CEN4010.JMCA.JParser.JavaCharStream.<init>(Ljava/io/InputStream;II)V: Line 447
[MASTER] 00:01:27.944 [logback-1] WARN  CoverageArchive - A solution with a timeout/exception result has been added to the archive. The covered goal was [METHOD] com.soops.CEN4010.JMCA.JParser.JavaCharStream.<init>(Ljava/io/InputStream;II)V
[MASTER] 00:01:27.944 [logback-1] WARN  CoverageArchive - A solution with a timeout/exception result has been added to the archive. The covered goal was [METHODNOEX] com.soops.CEN4010.JMCA.JParser.JavaCharStream.<init>(Ljava/io/InputStream;II)V
[MASTER] 00:01:27.944 [logback-1] WARN  CoverageArchive - A solution with a timeout/exception result has been added to the archive. The covered goal was Branch com.soops.CEN4010.JMCA.JParser.JavaCharStream.<init>(Ljava/io/InputStream;II)V: root-Branch in context: com.soops.CEN4010.JMCA.JParser.JavaCharStream:<init>(Ljava/io/InputStream;II)V
* Search finished after 169s and 69 generations, 44560 statements, best individual has fitness: 1312.0
* Going to analyze the coverage criteria
* Coverage analysis for criterion LINE
* Coverage of criterion LINE: 86%
* Total number of goals: 239
* Number of covered goals: 205
* Coverage analysis for criterion BRANCH
* Coverage of criterion BRANCH: 89%
* Total number of goals: 216
* Number of covered goals: 193
* Coverage analysis for criterion EXCEPTION
* Coverage of criterion EXCEPTION: 100%
* Total number of goals: 39
* Number of covered goals: 39
* Coverage analysis for criterion WEAKMUTATION
* Coverage of criterion WEAKMUTATION: 92%
* Total number of goals: 974
* Number of covered goals: 894
* Coverage analysis for criterion OUTPUT
* Coverage of criterion OUTPUT: 89%
* Total number of goals: 36
* Number of covered goals: 32
* Coverage analysis for criterion METHOD
* Coverage of criterion METHOD: 100%
* Total number of goals: 31
* Number of covered goals: 31
* Coverage analysis for criterion METHODNOEXCEPTION
* Coverage of criterion METHODNOEXCEPTION: 100%
* Total number of goals: 31
* Number of covered goals: 31
* Coverage analysis for criterion CBRANCH
* Coverage of criterion CBRANCH: 89%
* Total number of goals: 216
* Number of covered goals: 193
* Generated 153 tests with total length 904
* Resulting test suite's coverage: 91% (average coverage for all fitness functions)
* Generating assertions
* Resulting test suite's mutation score: 41%
* Compiling and checking tests
* Permissions denied during test execution: 
  - java.lang.RuntimePermission: 
         writeFileDescriptor: 7
* Writing JUnit test case 'JavaCharStream_ESTest' to /home/ubuntu/termite/rmosa/tests/s1020/19_jmca/evosuite-tests
* Done!

* Computation finished
* EvoSuite 1.0.6
* Configuration: RMOSA
* Going to generate test cases for class: com.soops.CEN4010.JMCA.JParser.SimpleNode
* Starting client
* Properties loaded from /home/ubuntu/termite/projects/19_jmca/evosuite-files/evosuite.properties
* Connecting to master process on port 21263
* Analyzing classpath: 
* Inheritance tree loaded from evosuite-files/inheritance.xml.gz
[MASTER] 00:16:33.324 [logback-1] WARN  InheritanceTree - Class not in inheritance graph: java.util.function.Consumer
[MASTER] 00:16:33.333 [logback-1] WARN  InheritanceTree - Class not in inheritance graph: java.util.function.Predicate
[MASTER] 00:16:33.339 [logback-1] WARN  InheritanceTree - Class not in inheritance graph: java.util.function.UnaryOperator
[MASTER] 00:16:33.758 [logback-1] WARN  InheritanceTree - Class not in inheritance graph: java.util.function.Function
* Finished analyzing classpath
* Generating tests for class com.soops.CEN4010.JMCA.JParser.SimpleNode
* Test criteria:
  - Line Coverage
  - Branch Coverage
  - Exception
  - Mutation testing (weak)
  - Method-Output Coverage
  - Top-Level Method Coverage
  - No-Exception Top-Level Method Coverage
  - Context Branch Coverage
Ranking Type: org.evosuite.ga.metaheuristics.mosa.EntropyBasedPreferenceSorting
* Using seed 1020
* Starting evolution
[MASTER] 00:16:41.301 [logback-1] WARN  CoverageArchive - A solution with a timeout/exception result has been added to the archive. The covered goal was com.soops.CEN4010.JMCA.JParser.SimpleNode.dump(Ljava/lang/String;Ljava/io/Writer;)V: Line 152
[MASTER] 00:16:41.301 [logback-1] WARN  CoverageArchive - A solution with a timeout/exception result has been added to the archive. The covered goal was com.soops.CEN4010.JMCA.JParser.SimpleNode.dump(Ljava/lang/String;Ljava/io/Writer;)V: Line 153
[MASTER] 00:16:41.301 [logback-1] WARN  CoverageArchive - A solution with a timeout/exception result has been added to the archive. The covered goal was com.soops.CEN4010.JMCA.JParser.SimpleNode.dump(Ljava/lang/String;Ljava/io/Writer;)V: Line 154
[MASTER] 00:16:41.301 [logback-1] WARN  CoverageArchive - A solution with a timeout/exception result has been added to the archive. The covered goal was com.soops.CEN4010.JMCA.JParser.SimpleNode.dump(Ljava/lang/String;Ljava/io/Writer;)V: Line 155
[MASTER] 00:16:41.304 [logback-1] WARN  CoverageArchive - A solution with a timeout/exception result has been added to the archive. The covered goal was Branch com.soops.CEN4010.JMCA.JParser.SimpleNode.dump(Ljava/lang/String;Ljava/io/Writer;)V: I231 Branch 26 IFNULL L154 - false in context: com.soops.CEN4010.JMCA.JParser.SimpleNode:dump(Ljava/lang/String;Ljava/io/Writer;)V
[MASTER] 00:16:41.304 [logback-1] WARN  CoverageArchive - A solution with a timeout/exception result has been added to the archive. The covered goal was Branch com.soops.CEN4010.JMCA.JParser.SimpleNode.dump(Ljava/lang/String;Ljava/io/Writer;)V: I219 Branch 25 IF_ICMPGE L152 - false in context: com.soops.CEN4010.JMCA.JParser.SimpleNode:dump(Ljava/lang/String;Ljava/io/Writer;)V
[MASTER] 00:16:41.304 [logback-1] WARN  CoverageArchive - A solution with a timeout/exception result has been added to the archive. The covered goal was Branch com.soops.CEN4010.JMCA.JParser.SimpleNode.dump(Ljava/lang/String;Ljava/io/Writer;)V: I231 Branch 26 IFNULL L154 - true in context: com.soops.CEN4010.JMCA.JParser.SimpleNode:dump(Ljava/lang/String;Ljava/io/Writer;)V
[MASTER] 00:16:41.304 [logback-1] WARN  CoverageArchive - A solution with a timeout/exception result has been added to the archive. The covered goal was Branch com.soops.CEN4010.JMCA.JParser.SimpleNode.dump(Ljava/lang/String;Ljava/io/Writer;)V: I209 Branch 24 IFNULL L151 - false in context: com.soops.CEN4010.JMCA.JParser.SimpleNode:dump(Ljava/lang/String;Ljava/io/Writer;)V
* Search finished after 230s and 256 generations, 194197 statements, best individual has fitness: 152.0
* Going to analyze the coverage criteria
* Coverage analysis for criterion LINE
* Coverage of criterion LINE: 100%
* Total number of goals: 62
* Number of covered goals: 62
* Coverage analysis for criterion BRANCH
* Coverage of criterion BRANCH: 100%
* Total number of goals: 67
* Number of covered goals: 67
* Coverage analysis for criterion EXCEPTION
* Coverage of criterion EXCEPTION: 100%
* Total number of goals: 13
* Number of covered goals: 13
* Coverage analysis for criterion WEAKMUTATION
* Coverage of criterion WEAKMUTATION: 91%
* Total number of goals: 121
* Number of covered goals: 110
* Coverage analysis for criterion OUTPUT
* Coverage of criterion OUTPUT: 53%
* Total number of goals: 17
* Number of covered goals: 9
* Coverage analysis for criterion METHOD
* Coverage of criterion METHOD: 100%
* Total number of goals: 13
* Number of covered goals: 13
* Coverage analysis for criterion METHODNOEXCEPTION
* Coverage of criterion METHODNOEXCEPTION: 100%
* Total number of goals: 13
* Number of covered goals: 13
* Coverage analysis for criterion CBRANCH
* Coverage of criterion CBRANCH: 100%
* Total number of goals: 67
* Number of covered goals: 67
* Generated 51 tests with total length 370
* Resulting test suite's coverage: 95% (average coverage for all fitness functions)
* Generating assertions
* Resulting test suite's mutation score: 94%
* Compiling and checking tests
[MASTER] 00:23:25.160 [logback-1] WARN  JUnitAnalyzer - Found unstable test named test33 -> class java.lang.StackOverflowError: null
[MASTER] 00:23:25.161 [logback-1] WARN  JUnitAnalyzer - Failing test:
 StringReader stringReader0 = new StringReader("DEFAULT");
StringReader stringReader1 = new StringReader("V");
StringReader stringReader2 = new StringReader("V");
StringReader stringReader3 = new StringReader("\"&\"");
JavaParser javaParser0 = new JavaParser(stringReader0);
JavaParser javaParser1 = new JavaParser(stringReader3);
FileSystemHandling.createFolder((EvoSuiteFile) null);
JavaParser javaParser2 = new JavaParser(stringReader1);
SimpleNode simpleNode0 = new SimpleNode(92);
simpleNode0.setIdentifier("D0");
Node[] nodeArray0 = new Node[6];
nodeArray0[0] = (Node) simpleNode0;
nodeArray0[1] = (Node) simpleNode0;
nodeArray0[2] = (Node) simpleNode0;
nodeArray0[3] = (Node) simpleNode0;
nodeArray0[4] = (Node) simpleNode0;
nodeArray0[5] = (Node) simpleNode0;
simpleNode0.children = nodeArray0;
simpleNode0.toString();
StringWriter stringWriter0 = new StringWriter();
StringWriter stringWriter1 = stringWriter0.append((CharSequence) "DEFAULT");
String string0 = "\"\\t\"";
simpleNode0.dump(string0, stringWriter1);

* Permissions denied during test execution: 
  - java.lang.RuntimePermission: 
         writeFileDescriptor: 8
* Writing JUnit test case 'SimpleNode_ESTest' to /home/ubuntu/termite/rmosa/tests/s1020/19_jmca/evosuite-tests
* Done!

* Computation finished
