* EvoSuite 1.0.6
* Configuration: RMOSA
* Going to generate test cases for class: com.soops.CEN4010.JMCA.JParser.SimpleNode
* Starting client
* Properties loaded from /home/ubuntu/termite/projects/19_jmca/evosuite-files/evosuite.properties
* Connecting to master process on port 5945
* Analyzing classpath: 
* Inheritance tree loaded from evosuite-files/inheritance.xml.gz
[MASTER] 11:26:01.427 [logback-1] WARN  InheritanceTree - Class not in inheritance graph: java.util.function.Consumer
[MASTER] 11:26:01.444 [logback-1] WARN  InheritanceTree - Class not in inheritance graph: java.util.function.Predicate
[MASTER] 11:26:01.444 [logback-1] WARN  InheritanceTree - Class not in inheritance graph: java.util.function.UnaryOperator
[MASTER] 11:26:01.898 [logback-1] WARN  InheritanceTree - Class not in inheritance graph: java.util.function.Function
* Finished analyzing classpath
* Generating tests for class com.soops.CEN4010.JMCA.JParser.SimpleNode
* Test criteria:
  - Line Coverage
  - Branch Coverage
  - Exception
  - Mutation testing (weak)
  - Method-Output Coverage
  - Top-Level Method Coverage
  - No-Exception Top-Level Method Coverage
  - Context Branch Coverage
Ranking Type: org.evosuite.ga.metaheuristics.mosa.EntropyBasedPreferenceSorting
* Using seed 1011
* Starting evolution
[MASTER] 11:26:15.213 [logback-1] WARN  CoverageArchive - A solution with a timeout/exception result has been added to the archive. The covered goal was com.soops.CEN4010.JMCA.JParser.SimpleNode.dump(Ljava/lang/String;Ljava/io/Writer;)V: Line 155
[MASTER] 11:26:15.214 [logback-1] WARN  CoverageArchive - A solution with a timeout/exception result has been added to the archive. The covered goal was Branch com.soops.CEN4010.JMCA.JParser.SimpleNode.dump(Ljava/lang/String;Ljava/io/Writer;)V: I231 Branch 26 IFNULL L154 - false in context: com.soops.CEN4010.JMCA.JParser.SimpleNode:dump(Ljava/lang/String;Ljava/io/Writer;)V
[MASTER] 11:26:28.340 [logback-1] WARN  CoverageArchive - A solution with a timeout/exception result has been added to the archive. The covered goal was Weak Mutation 19: com.soops.CEN4010.JMCA.JParser.SimpleNode.jjtAddChild(Lcom/soops/CEN4010/JMCA/JParser/Node;I)V:63 - ReplaceVariable i -> id
* Search finished after 368s and 256 generations, 171838 statements, best individual has fitness: 184.0
* Going to analyze the coverage criteria
* Coverage analysis for criterion LINE
* Coverage of criterion LINE: 100%
* Total number of goals: 62
* Number of covered goals: 62
* Coverage analysis for criterion BRANCH
* Coverage of criterion BRANCH: 97%
* Total number of goals: 67
* Number of covered goals: 65
* Coverage analysis for criterion EXCEPTION
* Coverage of criterion EXCEPTION: 100%
* Total number of goals: 11
* Number of covered goals: 11
* Coverage analysis for criterion WEAKMUTATION
* Coverage of criterion WEAKMUTATION: 90%
* Total number of goals: 121
* Number of covered goals: 109
* Coverage analysis for criterion OUTPUT
* Coverage of criterion OUTPUT: 53%
* Total number of goals: 17
* Number of covered goals: 9
* Coverage analysis for criterion METHOD
* Coverage of criterion METHOD: 100%
* Total number of goals: 13
* Number of covered goals: 13
* Coverage analysis for criterion METHODNOEXCEPTION
* Coverage of criterion METHODNOEXCEPTION: 100%
* Total number of goals: 13
* Number of covered goals: 13
* Coverage analysis for criterion CBRANCH
* Coverage of criterion CBRANCH: 97%
* Total number of goals: 67
* Number of covered goals: 65
* Generated 46 tests with total length 285
* Resulting test suite's coverage: 94% (average coverage for all fitness functions)
* Generating assertions
* Resulting test suite's mutation score: 86%
* Compiling and checking tests
[MASTER] 11:32:34.672 [logback-1] WARN  JUnitAnalyzer - Found unstable test named test0 -> class java.lang.StackOverflowError: null
[MASTER] 11:32:34.673 [logback-1] WARN  JUnitAnalyzer - Failing test:
 SimpleNode simpleNode0 = new SimpleNode(88);
simpleNode0.jjtGetParent();
simpleNode0.jjtAddChild((Node) null, 88);
Node[] nodeArray0 = new Node[10];
nodeArray0[0] = (Node) simpleNode0;
nodeArray0[1] = (Node) simpleNode0;
nodeArray0[2] = (Node) simpleNode0;
nodeArray0[3] = null;
nodeArray0[4] = (Node) simpleNode0;
simpleNode0.children = nodeArray0;
simpleNode0.setIdentifier("0sh=jia{E");
int int0 = 0;
StringWriter stringWriter0 = new StringWriter(0);
StringWriter stringWriter1 = stringWriter0.append('&');
StringWriter stringWriter2 = stringWriter1.append((CharSequence) "*a$P:]9?mB:_9[6G0)");
String string0 = "0sh=jia{E";
simpleNode0.dump(string0, stringWriter2);

* Permissions denied during test execution: 
  - java.lang.RuntimePermission: 
         writeFileDescriptor: 6
* Writing JUnit test case 'SimpleNode_ESTest' to /home/ubuntu/termite/rmosa/tests/s1011/19_jmca/evosuite-tests
* Done!

* Computation finished
* EvoSuite 1.0.6
* Configuration: RMOSA
* Going to generate test cases for class: com.soops.CEN4010.JMCA.JParser.JavaCharStream
* Starting client
* Properties loaded from /home/ubuntu/termite/projects/19_jmca/evosuite-files/evosuite.properties
* Connecting to master process on port 5945
* Analyzing classpath: 
* Inheritance tree loaded from evosuite-files/inheritance.xml.gz
* Finished analyzing classpath
* Generating tests for class com.soops.CEN4010.JMCA.JParser.JavaCharStream
* Test criteria:
  - Line Coverage
  - Branch Coverage
  - Exception
  - Mutation testing (weak)
  - Method-Output Coverage
  - Top-Level Method Coverage
  - No-Exception Top-Level Method Coverage
  - Context Branch Coverage
Ranking Type: org.evosuite.ga.metaheuristics.mosa.EntropyBasedPreferenceSorting
* Using seed 1011
* Starting evolution
* Search finished after 180s and 69 generations, 49622 statements, best individual has fitness: 640.0
* Going to analyze the coverage criteria
* Coverage analysis for criterion LINE
* Coverage of criterion LINE: 89%
* Total number of goals: 239
* Number of covered goals: 212
* Coverage analysis for criterion BRANCH
* Coverage of criterion BRANCH: 93%
* Total number of goals: 216
* Number of covered goals: 200
* Coverage analysis for criterion EXCEPTION
* Coverage of criterion EXCEPTION: 100%
* Total number of goals: 41
* Number of covered goals: 41
* Coverage analysis for criterion WEAKMUTATION
* Coverage of criterion WEAKMUTATION: 98%
* Total number of goals: 974
* Number of covered goals: 956
* Coverage analysis for criterion OUTPUT
* Coverage of criterion OUTPUT: 92%
* Total number of goals: 36
* Number of covered goals: 33
* Coverage analysis for criterion METHOD
* Coverage of criterion METHOD: 100%
* Total number of goals: 31
* Number of covered goals: 31
* Coverage analysis for criterion METHODNOEXCEPTION
* Coverage of criterion METHODNOEXCEPTION: 100%
* Total number of goals: 31
* Number of covered goals: 31
* Coverage analysis for criterion CBRANCH
* Coverage of criterion CBRANCH: 93%
* Total number of goals: 216
* Number of covered goals: 200
* Generated 166 tests with total length 1117
* Resulting test suite's coverage: 96% (average coverage for all fitness functions)
* Generating assertions
* Resulting test suite's mutation score: 42%
* Compiling and checking tests
* Permissions denied during test execution: 
  - java.lang.RuntimePermission: 
         writeFileDescriptor: 2
* Writing JUnit test case 'JavaCharStream_ESTest' to /home/ubuntu/termite/rmosa/tests/s1011/19_jmca/evosuite-tests
* Done!

* Computation finished
* EvoSuite 1.0.6
* Configuration: RMOSA
* Going to generate test cases for class: com.soops.CEN4010.JMCA.JParser.JavaParserTokenManager
* Starting client
* Properties loaded from /home/ubuntu/termite/projects/19_jmca/evosuite-files/evosuite.properties
* Connecting to master process on port 5942
* Analyzing classpath: 
* Inheritance tree loaded from evosuite-files/inheritance.xml.gz
[MASTER] 12:41:06.698 [logback-1] WARN  InheritanceTree - Class not in inheritance graph: java.util.function.Consumer
[MASTER] 12:41:06.722 [logback-1] WARN  InheritanceTree - Class not in inheritance graph: java.util.function.Predicate
[MASTER] 12:41:06.723 [logback-1] WARN  InheritanceTree - Class not in inheritance graph: java.util.function.UnaryOperator
[MASTER] 12:41:06.755 [logback-1] WARN  InheritanceTree - Class not in inheritance graph: java.util.function.Function
* Finished analyzing classpath
* Generating tests for class com.soops.CEN4010.JMCA.JParser.JavaParserTokenManager
* Test criteria:
  - Line Coverage
  - Branch Coverage
  - Exception
  - Mutation testing (weak)
  - Method-Output Coverage
  - Top-Level Method Coverage
  - No-Exception Top-Level Method Coverage
  - Context Branch Coverage
Ranking Type: org.evosuite.ga.metaheuristics.mosa.EntropyBasedPreferenceSorting
* Using seed 1011
* Starting evolution
[MASTER] 12:44:08.066 [logback-1] WARN  CoverageArchive - A solution with a timeout/exception result has been added to the archive. The covered goal was com.soops.CEN4010.JMCA.JParser.JavaParserTokenManager.jjMoveNfa_0(II)I: Line 1114
[MASTER] 12:44:08.066 [logback-1] WARN  CoverageArchive - A solution with a timeout/exception result has been added to the archive. The covered goal was com.soops.CEN4010.JMCA.JParser.JavaParserTokenManager.jjMoveNfa_0(II)I: Line 1118
[MASTER] 12:44:08.066 [logback-1] WARN  CoverageArchive - A solution with a timeout/exception result has been added to the archive. The covered goal was com.soops.CEN4010.JMCA.JParser.JavaParserTokenManager.jjMoveNfa_0(II)I: Line 1119
[MASTER] 12:44:08.066 [logback-1] WARN  CoverageArchive - A solution with a timeout/exception result has been added to the archive. The covered goal was com.soops.CEN4010.JMCA.JParser.JavaParserTokenManager.jjMoveNfa_0(II)I: Line 1129
[MASTER] 12:44:08.066 [logback-1] WARN  CoverageArchive - A solution with a timeout/exception result has been added to the archive. The covered goal was com.soops.CEN4010.JMCA.JParser.JavaParserTokenManager.jjMoveNfa_0(II)I: Line 1133
[MASTER] 12:44:08.070 [logback-1] WARN  CoverageArchive - A solution with a timeout/exception result has been added to the archive. The covered goal was com.soops.CEN4010.JMCA.JParser.JavaParserTokenManager.jjMoveNfa_0(II)I: Line 1222
[MASTER] 12:44:08.070 [logback-1] WARN  CoverageArchive - A solution with a timeout/exception result has been added to the archive. The covered goal was com.soops.CEN4010.JMCA.JParser.JavaParserTokenManager.jjMoveNfa_0(II)I: Line 1226
[MASTER] 12:44:08.084 [logback-1] WARN  CoverageArchive - A solution with a timeout/exception result has been added to the archive. The covered goal was com.soops.CEN4010.JMCA.JParser.JavaParserTokenManager.jjMoveNfa_0(II)I: I59 Branch 594 TABLESWITCH L918 Case 42 - true
[MASTER] 12:44:08.084 [logback-1] WARN  CoverageArchive - A solution with a timeout/exception result has been added to the archive. The covered goal was com.soops.CEN4010.JMCA.JParser.JavaParserTokenManager.jjMoveNfa_0(II)I: I59 Branch 595 TABLESWITCH L918 Case 43 - true
[MASTER] 12:44:08.085 [logback-1] WARN  CoverageArchive - A solution with a timeout/exception result has been added to the archive. The covered goal was com.soops.CEN4010.JMCA.JParser.JavaParserTokenManager.jjMoveNfa_0(II)I: I59 Branch 598 TABLESWITCH L918 Case 46 - true
[MASTER] 12:44:08.085 [logback-1] WARN  CoverageArchive - A solution with a timeout/exception result has been added to the archive. The covered goal was com.soops.CEN4010.JMCA.JParser.JavaParserTokenManager.jjMoveNfa_0(II)I: I59 Branch 599 TABLESWITCH L918 Case 47 - true
[MASTER] 12:44:08.088 [logback-1] WARN  CoverageArchive - A solution with a timeout/exception result has been added to the archive. The covered goal was com.soops.CEN4010.JMCA.JParser.JavaParserTokenManager.jjMoveNfa_0(II)I: I845 Branch 662 IFEQ L1114 - true
[MASTER] 12:44:08.088 [logback-1] WARN  CoverageArchive - A solution with a timeout/exception result has been added to the archive. The covered goal was com.soops.CEN4010.JMCA.JParser.JavaParserTokenManager.jjMoveNfa_0(II)I: I859 Branch 663 IFNE L1118 - false
[MASTER] 12:44:08.089 [logback-1] WARN  CoverageArchive - A solution with a timeout/exception result has been added to the archive. The covered goal was com.soops.CEN4010.JMCA.JParser.JavaParserTokenManager.jjMoveNfa_0(II)I: I903 Branch 666 IFEQ L1129 - true
[MASTER] 12:44:08.089 [logback-1] WARN  CoverageArchive - A solution with a timeout/exception result has been added to the archive. The covered goal was com.soops.CEN4010.JMCA.JParser.JavaParserTokenManager.jjMoveNfa_0(II)I: I917 Branch 667 IFEQ L1133 - true
[MASTER] 12:44:08.091 [logback-1] WARN  CoverageArchive - A solution with a timeout/exception result has been added to the archive. The covered goal was com.soops.CEN4010.JMCA.JParser.JavaParserTokenManager.jjMoveNfa_0(II)I: I1232 Branch 742 IFEQ L1221 - false
[MASTER] 12:44:08.091 [logback-1] WARN  CoverageArchive - A solution with a timeout/exception result has been added to the archive. The covered goal was com.soops.CEN4010.JMCA.JParser.JavaParserTokenManager.jjMoveNfa_0(II)I: I1247 Branch 743 IFEQ L1225 - false
[MASTER] 12:44:08.097 [logback-1] WARN  CoverageArchive - A solution with a timeout/exception result has been added to the archive. The covered goal was Branch com.soops.CEN4010.JMCA.JParser.JavaParserTokenManager.jjMoveNfa_0(II)I: I917 Branch 667 IFEQ L1133 - true in context: 
[MASTER] 12:44:08.098 [logback-1] WARN  CoverageArchive - A solution with a timeout/exception result has been added to the archive. The covered goal was Branch com.soops.CEN4010.JMCA.JParser.JavaParserTokenManager.jjMoveNfa_0(II)I: I59 Branch 594 TABLESWITCH L918 Case 42 - true in context: 
[MASTER] 12:44:08.098 [logback-1] WARN  CoverageArchive - A solution with a timeout/exception result has been added to the archive. The covered goal was Branch com.soops.CEN4010.JMCA.JParser.JavaParserTokenManager.jjMoveNfa_0(II)I: I59 Branch 599 TABLESWITCH L918 Case 47 - true in context: 
[MASTER] 12:44:08.098 [logback-1] WARN  CoverageArchive - A solution with a timeout/exception result has been added to the archive. The covered goal was Branch com.soops.CEN4010.JMCA.JParser.JavaParserTokenManager.jjMoveNfa_0(II)I: I903 Branch 666 IFEQ L1129 - true in context: 
[MASTER] 12:44:08.098 [logback-1] WARN  CoverageArchive - A solution with a timeout/exception result has been added to the archive. The covered goal was Branch com.soops.CEN4010.JMCA.JParser.JavaParserTokenManager.jjMoveNfa_0(II)I: I845 Branch 662 IFEQ L1114 - true in context: 
[MASTER] 12:44:08.099 [logback-1] WARN  CoverageArchive - A solution with a timeout/exception result has been added to the archive. The covered goal was Branch com.soops.CEN4010.JMCA.JParser.JavaParserTokenManager.jjMoveNfa_0(II)I: I59 Branch 595 TABLESWITCH L918 Case 43 - true in context: 
[MASTER] 12:44:08.099 [logback-1] WARN  CoverageArchive - A solution with a timeout/exception result has been added to the archive. The covered goal was Branch com.soops.CEN4010.JMCA.JParser.JavaParserTokenManager.jjMoveNfa_0(II)I: I859 Branch 663 IFNE L1118 - false in context: 
[MASTER] 12:44:08.100 [logback-1] WARN  CoverageArchive - A solution with a timeout/exception result has been added to the archive. The covered goal was Branch com.soops.CEN4010.JMCA.JParser.JavaParserTokenManager.jjMoveNfa_0(II)I: I1247 Branch 743 IFEQ L1225 - false in context: 
[MASTER] 12:44:08.100 [logback-1] WARN  CoverageArchive - A solution with a timeout/exception result has been added to the archive. The covered goal was Branch com.soops.CEN4010.JMCA.JParser.JavaParserTokenManager.jjMoveNfa_0(II)I: I59 Branch 598 TABLESWITCH L918 Case 46 - true in context: 
[MASTER] 12:44:08.100 [logback-1] WARN  CoverageArchive - A solution with a timeout/exception result has been added to the archive. The covered goal was Branch com.soops.CEN4010.JMCA.JParser.JavaParserTokenManager.jjMoveNfa_0(II)I: I1232 Branch 742 IFEQ L1221 - false in context: 
* Search finished after 249s and 71 generations, 43984 statements, best individual has fitness: 14104.0
* Going to analyze the coverage criteria
* Coverage analysis for criterion LINE
* Coverage of criterion LINE: 63%
* Total number of goals: 981
* Number of covered goals: 616
* Coverage analysis for criterion BRANCH
* Coverage of criterion BRANCH: 64%
* Total number of goals: 1707
* Number of covered goals: 1099
* Coverage analysis for criterion EXCEPTION
* Coverage of criterion EXCEPTION: 100%
* Total number of goals: 10
* Number of covered goals: 10
* Coverage analysis for criterion WEAKMUTATION
* Coverage of criterion WEAKMUTATION: 52%
* Total number of goals: 434
* Number of covered goals: 226
* Coverage analysis for criterion OUTPUT
* Coverage of criterion OUTPUT: 50%
* Total number of goals: 4
* Number of covered goals: 2
* Coverage analysis for criterion METHOD
* Coverage of criterion METHOD: 100%
* Total number of goals: 11
* Number of covered goals: 11
* Coverage analysis for criterion METHODNOEXCEPTION
* Coverage of criterion METHODNOEXCEPTION: 100%
* Total number of goals: 11
* Number of covered goals: 11
* Coverage analysis for criterion CBRANCH
* Coverage of criterion CBRANCH: 64%
* Total number of goals: 1707
* Number of covered goals: 1098
* Generated 197 tests with total length 1341
* Resulting test suite's coverage: 64% (average coverage for all fitness functions)
* Generating assertions
* Resulting test suite's mutation score: 22%
* Compiling and checking tests
[MASTER] 12:47:07.838 [logback-1] WARN  JUnitAnalyzer - Found unstable test named test0 -> class java.lang.AssertionError: expected:<6> but was:<0>
[MASTER] 12:47:07.838 [logback-1] WARN  JUnitAnalyzer - Failing test:
 StringReader stringReader0 = new StringReader("0RBxzno");
stringReader0.markSupported();
StringReader stringReader1 = new StringReader("strici_tfp");
JavaCharStream javaCharStream0 = new JavaCharStream(stringReader0, (-4109), 278);
JavaParserTokenManager javaParserTokenManager0 = new JavaParserTokenManager(javaCharStream0);
javaParserTokenManager0.getNextToken();
assertEquals(6, javaCharStream0.bufpos);
assertEquals(284, javaCharStream0.getColumn());


[MASTER] 12:47:09.389 [logback-1] WARN  JUnitAnalyzer - Found unstable test named test0 -> class java.lang.AssertionError: expected:<3> but was:<1>
[MASTER] 12:47:09.390 [logback-1] WARN  JUnitAnalyzer - Failing test:
 StringReader stringReader0 = new StringReader("strictfp");
JavaCharStream javaCharStream0 = new JavaCharStream(stringReader0);
stringReader0.reset();
StringReader stringReader1 = new StringReader("");
StringReader stringReader2 = new StringReader("72Qj=<H8{L");
JavaCharStream javaCharStream1 = new JavaCharStream(stringReader2);
JavaParserTokenManager javaParserTokenManager0 = new JavaParserTokenManager(javaCharStream1);
javaParserTokenManager0.getNextToken();
assertEquals(3, javaCharStream1.bufpos);
assertEquals(4, javaCharStream1.getEndColumn());


[MASTER] 12:47:10.746 [logback-1] WARN  JUnitAnalyzer - Found unstable test named test0 -> class java.lang.AssertionError: expected:<2> but was:<0>
[MASTER] 12:47:10.746 [logback-1] WARN  JUnitAnalyzer - Failing test:
 StringReader stringReader0 = new StringReader("7uP;b5ad^r91p* $");
FileSystemHandling.appendDataToFile((EvoSuiteFile) null, (byte[]) null);
JavaCharStream javaCharStream0 = new JavaCharStream(stringReader0, 83, 569);
JavaParserTokenManager javaParserTokenManager0 = new JavaParserTokenManager(javaCharStream0);
Token token0 = javaParserTokenManager0.getNextToken();
assertEquals(2, javaCharStream0.bufpos);
assertEquals("7uP", token0.toString());


[MASTER] 12:47:11.429 [logback-1] WARN  JUnitAnalyzer - Found unstable test named test0 -> class java.lang.AssertionError: expected:<1> but was:<0>
[MASTER] 12:47:11.429 [logback-1] WARN  JUnitAnalyzer - Failing test:
 StringReader stringReader0 = new StringReader("+:q1\"Y\"Smf;m&x/&p");
JavaCharStream javaCharStream0 = new JavaCharStream(stringReader0);
StringReader stringReader1 = new StringReader("2A{7_}=,\"Yqh.$o7X0");
JavaCharStream javaCharStream1 = new JavaCharStream(stringReader1);
JavaParserTokenManager javaParserTokenManager0 = new JavaParserTokenManager(javaCharStream1);
javaParserTokenManager0.getNextToken();
assertEquals(1, javaCharStream1.bufpos);
assertEquals(2, javaCharStream1.getEndColumn());


[MASTER] 12:47:12.324 [logback-1] WARN  JUnitAnalyzer - Found unstable test named test0 -> class java.lang.AssertionError: expected:<5> but was:<2>
[MASTER] 12:47:12.324 [logback-1] WARN  JUnitAnalyzer - Failing test:
 StringReader stringReader0 = new StringReader("cvj9");
stringReader0.reset();
StringReader stringReader1 = new StringReader("0X4hc5\"G'/Xpa<|K*");
JavaCharStream javaCharStream0 = new JavaCharStream(stringReader0);
StringReader stringReader2 = new StringReader("0X4hc5\"G'/Xpa<|K*");
JavaCharStream javaCharStream1 = new JavaCharStream(stringReader2);
JavaParserTokenManager javaParserTokenManager0 = new JavaParserTokenManager(javaCharStream1);
javaParserTokenManager0.getNextToken();
assertEquals(5, javaCharStream1.bufpos);
assertEquals(6, javaCharStream1.getEndColumn());


[MASTER] 12:47:12.456 [logback-1] WARN  JUnitAnalyzer - Found unstable test named test0 -> class java.lang.AssertionError: expected:<1> but was:<0>
[MASTER] 12:47:12.456 [logback-1] WARN  JUnitAnalyzer - Failing test:
 StringReader stringReader0 = new StringReader("4N#7E");
JavaCharStream javaCharStream0 = new JavaCharStream(stringReader0, 25, 39);
JavaParserTokenManager javaParserTokenManager0 = new JavaParserTokenManager(javaCharStream0);
Token token0 = javaParserTokenManager0.getNextToken();
CharBuffer charBuffer0 = CharBuffer.wrap((CharSequence) "4N#7E");
stringReader0.read(charBuffer0);
javaParserTokenManager0.TokenLexicalActions(token0);
assertEquals(1, javaCharStream0.bufpos);
assertEquals("4N", token0.toString());


[MASTER] 12:47:14.839 [logback-1] WARN  JUnitAnalyzer - Found unstable test named test0 -> class java.lang.AssertionError: expected:<7> but was:<0>
[MASTER] 12:47:14.840 [logback-1] WARN  JUnitAnalyzer - Failing test:
 StringReader stringReader0 = new StringReader("P<%>'NPU{+q@s5");
StringReader stringReader1 = new StringReader("9yeUIoRI|aM\"f/'e");
JavaCharStream javaCharStream0 = new JavaCharStream(stringReader1, 99, 17);
JavaParserTokenManager javaParserTokenManager0 = new JavaParserTokenManager(javaCharStream0);
javaParserTokenManager0.getNextToken();
assertEquals(7, javaCharStream0.bufpos);
assertEquals(24, javaCharStream0.getEndColumn());


* Permissions denied during test execution: 
  - java.lang.RuntimePermission: 
         writeFileDescriptor: 7
* Writing JUnit test case 'JavaParserTokenManager_ESTest' to /home/ubuntu/termite/rmosa/tests/s1011/19_jmca/evosuite-tests
* Done!

* Computation finished
