* EvoSuite 1.0.6
* Configuration: RMOSA
* Going to generate test cases for class: com.lts.io.ArchiveScanner
* Starting client
* Properties loaded from /home/ubuntu/termite/projects/78_caloriecount/evosuite-files/evosuite.properties
* Connecting to master process on port 19702
* Analyzing classpath: 
* Inheritance tree loaded from evosuite-files/inheritance.xml.gz
[MASTER] 06:06:18.988 [logback-1] WARN  InheritanceTree - Class not in inheritance graph: java.util.function.Consumer
[MASTER] 06:06:19.023 [logback-1] WARN  InheritanceTree - Class not in inheritance graph: java.util.function.Predicate
[MASTER] 06:06:19.041 [logback-1] WARN  InheritanceTree - Class not in inheritance graph: java.util.function.UnaryOperator
[MASTER] 06:06:19.633 [logback-1] WARN  InheritanceTree - Class not in inheritance graph: java.util.function.Function
[MASTER] 06:06:20.307 [logback-1] WARN  InheritanceTree - Class not in inheritance graph: java.util.function.BiFunction
[MASTER] 06:06:20.308 [logback-1] WARN  InheritanceTree - Class not in inheritance graph: java.util.function.BiConsumer
* Finished analyzing classpath
* Generating tests for class com.lts.io.ArchiveScanner
* Test criteria:
  - Line Coverage
  - Branch Coverage
  - Exception
  - Mutation testing (weak)
  - Method-Output Coverage
  - Top-Level Method Coverage
  - No-Exception Top-Level Method Coverage
  - Context Branch Coverage
Ranking Type: org.evosuite.ga.metaheuristics.mosa.EntropyBasedPreferenceSorting
* Using seed 1007
* Starting evolution
[MASTER] 06:06:38.495 [logback-2] ERROR TestCluster - Failed to check cache for java.util.Enumeration<E> : Type points to itself
* Search finished after 211s and 899 generations, 374755 statements, best individual has fitness: 280.0
* Going to analyze the coverage criteria
* Coverage analysis for criterion LINE
* Coverage of criterion LINE: 85%
* Total number of goals: 67
* Number of covered goals: 57
* Coverage analysis for criterion BRANCH
* Coverage of criterion BRANCH: 89%
* Total number of goals: 45
* Number of covered goals: 40
* Coverage analysis for criterion EXCEPTION
* Coverage of criterion EXCEPTION: 100%
* Total number of goals: 11
* Number of covered goals: 11
* Coverage analysis for criterion WEAKMUTATION
* Coverage of criterion WEAKMUTATION: 94%
* Total number of goals: 202
* Number of covered goals: 189
* Coverage analysis for criterion OUTPUT
* Coverage of criterion OUTPUT: 80%
* Total number of goals: 5
* Number of covered goals: 4
* Coverage analysis for criterion METHOD
* Coverage of criterion METHOD: 100%
* Total number of goals: 8
* Number of covered goals: 8
* Coverage analysis for criterion METHODNOEXCEPTION
* Coverage of criterion METHODNOEXCEPTION: 100%
* Total number of goals: 8
* Number of covered goals: 8
* Coverage analysis for criterion CBRANCH
* Coverage of criterion CBRANCH: 89%
* Total number of goals: 45
* Number of covered goals: 40
* Generated 51 tests with total length 394
* Resulting test suite's coverage: 91% (average coverage for all fitness functions)
* Generating assertions
* Resulting test suite's mutation score: 37%
* Compiling and checking tests
[MASTER] 06:10:01.931 [logback-1] WARN  JUnitAnalyzer - Found unstable test named test0 -> class java.lang.AssertionError: null
[MASTER] 06:10:01.931 [logback-1] WARN  JUnitAnalyzer - Failing test:
 ImprovedFile improvedFile0 = new ImprovedFile(".zip", ".zip");
ArchiveScanner archiveScanner0 = new ArchiveScanner(improvedFile0);
boolean boolean0 = archiveScanner0.isArchive(improvedFile0);
assertFalse(boolean0);


[MASTER] 06:10:02.183 [logback-1] WARN  JUnitAnalyzer - Found unstable test named test0 -> class java.lang.AssertionError: expected:<0> but was:<2>
[MASTER] 06:10:02.184 [logback-1] WARN  JUnitAnalyzer - Failing test:
 ImprovedFile improvedFile0 = new ImprovedFile(".zip", ".zip");
ArchiveScanner archiveScanner0 = new ArchiveScanner(improvedFile0);
int int0 = archiveScanner0.toFileType(improvedFile0);
assertEquals(0, int0);


[MASTER] 06:10:02.294 [logback-1] WARN  JUnitAnalyzer - Found unstable test named test0 -> class java.lang.AssertionError: expected:<2> but was:<0>
[MASTER] 06:10:02.294 [logback-1] WARN  JUnitAnalyzer - Failing test:
 ImprovedFile improvedFile0 = new ImprovedFile("com.lts.lang.classloader.SimpleFileFilter", "com.lts.lang.classloader.SimpleFileFilter");
ArchiveScanner archiveScanner0 = new ArchiveScanner(improvedFile0);
int int0 = archiveScanner0.toFileType(improvedFile0);
assertEquals(2, int0);


[MASTER] 06:10:02.546 [logback-1] WARN  JUnitAnalyzer - Found unstable test named test0 -> class java.lang.AssertionError: null
[MASTER] 06:10:02.546 [logback-1] WARN  JUnitAnalyzer - Failing test:
 ImprovedFile improvedFile0 = new ImprovedFile("c$= T", "c$= T");
ArchiveScanner archiveScanner0 = new ArchiveScanner(improvedFile0);
boolean boolean0 = archiveScanner0.isArchive(improvedFile0);
assertTrue(boolean0);


* Permissions denied during test execution: 
  - java.lang.RuntimePermission: 
         writeFileDescriptor: 1
* Writing JUnit test case 'ArchiveScanner_ESTest' to /home/ubuntu/termite/rmosa/tests/s1007/78_caloriecount/evosuite-tests
* Done!

* Computation finished
* EvoSuite 1.0.6
* Configuration: RMOSA
* Going to generate test cases for class: com.lts.application.international.MessageFormatter
* Starting client
* Properties loaded from /home/ubuntu/termite/projects/78_caloriecount/evosuite-files/evosuite.properties
* Connecting to master process on port 19698
* Analyzing classpath: 
* Inheritance tree loaded from evosuite-files/inheritance.xml.gz
[MASTER] 06:27:36.642 [logback-1] WARN  InheritanceTree - Class not in inheritance graph: java.util.function.Consumer
[MASTER] 06:27:36.699 [logback-1] WARN  InheritanceTree - Class not in inheritance graph: java.util.function.Predicate
[MASTER] 06:27:36.700 [logback-1] WARN  InheritanceTree - Class not in inheritance graph: java.util.function.UnaryOperator
[MASTER] 06:27:37.067 [logback-1] WARN  InheritanceTree - Class not in inheritance graph: java.util.function.Function
[MASTER] 06:27:37.716 [logback-1] WARN  InheritanceTree - Class not in inheritance graph: java.util.function.BiFunction
[MASTER] 06:27:37.717 [logback-1] WARN  InheritanceTree - Class not in inheritance graph: java.util.function.BiConsumer
* Finished analyzing classpath
* Generating tests for class com.lts.application.international.MessageFormatter
* Test criteria:
  - Line Coverage
  - Branch Coverage
  - Exception
  - Mutation testing (weak)
  - Method-Output Coverage
  - Top-Level Method Coverage
  - No-Exception Top-Level Method Coverage
  - Context Branch Coverage
Ranking Type: org.evosuite.ga.metaheuristics.mosa.EntropyBasedPreferenceSorting
* Using seed 1007
* Starting evolution
[MASTER] 06:27:44.720 [logback-2] ERROR TestCluster - Failed to check cache for java.util.Enumeration<E> : Type points to itself
[MASTER] 06:29:03.670 [logback-2] ERROR TestCluster - Failed to check cache for java.util.List<E> : Type points to itself
[MASTER] 06:29:19.229 [logback-2] ERROR TestCluster - Failed to check cache for java.util.function.Predicate<T> : Type points to itself
[MASTER] 06:29:28.773 [logback-2] ERROR TestCluster - Failed to check cache for java.util.function.Function<T, R> : Type points to itself
* Search finished after 240s and 651 generations, 163068 statements, best individual has fitness: 608.0
* Going to analyze the coverage criteria
* Coverage analysis for criterion LINE
* Coverage of criterion LINE: 91%
* Total number of goals: 130
* Number of covered goals: 118
* Coverage analysis for criterion BRANCH
* Coverage of criterion BRANCH: 88%
* Total number of goals: 52
* Number of covered goals: 46
* Coverage analysis for criterion EXCEPTION
* Coverage of criterion EXCEPTION: 100%
* Total number of goals: 25
* Number of covered goals: 25
* Coverage analysis for criterion WEAKMUTATION
* Coverage of criterion WEAKMUTATION: 94%
* Total number of goals: 150
* Number of covered goals: 141
* Coverage analysis for criterion OUTPUT
* Coverage of criterion OUTPUT: 34%
* Total number of goals: 50
* Number of covered goals: 17
* Coverage analysis for criterion METHOD
* Coverage of criterion METHOD: 100%
* Total number of goals: 24
* Number of covered goals: 24
* Coverage analysis for criterion METHODNOEXCEPTION
* Coverage of criterion METHODNOEXCEPTION: 88%
* Total number of goals: 24
* Number of covered goals: 21
* Coverage analysis for criterion CBRANCH
* Coverage of criterion CBRANCH: 88%
* Total number of goals: 52
* Number of covered goals: 46
* Generated 49 tests with total length 191
* Resulting test suite's coverage: 85% (average coverage for all fitness functions)
* Generating assertions
* Resulting test suite's mutation score: 23%
* Compiling and checking tests
* Permissions denied during test execution: 
  - java.lang.RuntimePermission: 
         writeFileDescriptor: 1
* Writing JUnit test case 'MessageFormatter_ESTest' to /home/ubuntu/termite/rmosa/tests/s1007/78_caloriecount/evosuite-tests
* Done!

* Computation finished
