* EvoSuite 1.0.6
* Configuration: RMOSA
* Going to generate test cases for class: org.databene.jdbacl.SQLUtil
* Starting client
* Properties loaded from /home/ubuntu/termite/projects/13_jdbacl/evosuite-files/evosuite.properties
* Connecting to master process on port 19700
* Analyzing classpath: 
* Inheritance tree loaded from evosuite-files/inheritance.xml.gz
[MASTER] 05:35:00.596 [logback-1] WARN  InheritanceTree - Class not in inheritance graph: java.util.function.Consumer
[MASTER] 05:35:00.602 [logback-1] WARN  InheritanceTree - Class not in inheritance graph: java.util.function.Predicate
[MASTER] 05:35:00.603 [logback-1] WARN  InheritanceTree - Class not in inheritance graph: java.util.function.UnaryOperator
[MASTER] 05:35:00.680 [logback-1] WARN  InheritanceTree - Class not in inheritance graph: java.util.function.BiFunction
[MASTER] 05:35:00.680 [logback-1] WARN  InheritanceTree - Class not in inheritance graph: java.util.function.Function
[MASTER] 05:35:00.682 [logback-1] WARN  InheritanceTree - Class not in inheritance graph: java.util.function.BiConsumer
[MASTER] 05:35:02.694 [logback-1] WARN  InheritanceTree - Class not in inheritance graph: java.sql.SQLType
[MASTER] 05:35:03.345 [logback-1] WARN  InheritanceTree - Class not in inheritance graph: java.time.temporal.Temporal
[MASTER] 05:35:03.346 [logback-1] WARN  InheritanceTree - Class not in inheritance graph: java.time.ZoneId
[MASTER] 05:35:03.352 [logback-1] WARN  InheritanceTree - Class not in inheritance graph: java.time.temporal.TemporalAccessor
[MASTER] 05:35:03.352 [logback-1] WARN  InheritanceTree - Class not in inheritance graph: java.time.temporal.TemporalField
[MASTER] 05:35:03.362 [logback-1] WARN  InheritanceTree - Class not in inheritance graph: java.time.temporal.TemporalUnit
[MASTER] 05:35:03.363 [logback-1] WARN  InheritanceTree - Class not in inheritance graph: java.time.temporal.TemporalAmount
[MASTER] 05:35:03.365 [logback-1] WARN  InheritanceTree - Class not in inheritance graph: java.time.Clock
[MASTER] 05:35:03.373 [logback-1] WARN  InheritanceTree - Class not in inheritance graph: java.time.temporal.TemporalQuery
[MASTER] 05:35:03.383 [logback-1] WARN  InheritanceTree - Class not in inheritance graph: java.time.temporal.TemporalAdjuster
[MASTER] 05:35:08.630 [logback-1] WARN  InheritanceTree - Class not in inheritance graph: java.util.function.ToDoubleFunction
[MASTER] 05:35:08.630 [logback-1] WARN  InheritanceTree - Class not in inheritance graph: java.util.function.ToIntFunction
[MASTER] 05:35:08.630 [logback-1] WARN  InheritanceTree - Class not in inheritance graph: java.util.function.ToLongFunction
[MASTER] 05:35:11.090 [logback-1] WARN  InheritanceTree - Class not in inheritance graph: java.time.chrono.Chronology
[MASTER] 05:35:13.295 [logback-1] WARN  InheritanceTree - Class not in inheritance graph: java.time.chrono.Era
* Finished analyzing classpath
* Generating tests for class org.databene.jdbacl.SQLUtil
* Test criteria:
  - Line Coverage
  - Branch Coverage
  - Exception
  - Mutation testing (weak)
  - Method-Output Coverage
  - Top-Level Method Coverage
  - No-Exception Top-Level Method Coverage
  - Context Branch Coverage
Ranking Type: org.evosuite.ga.metaheuristics.mosa.EntropyBasedPreferenceSorting
* Using seed 1007
* Starting evolution
[MASTER] 05:35:18.540 [logback-2] ERROR TestCluster - Failed to check cache for org.databene.jdbacl.model.CompositeDBObject<C> : Type points to itself
[MASTER] 05:35:34.062 [logback-1] WARN  CoverageArchive - A solution with a timeout/exception result has been added to the archive. The covered goal was Branch org.databene.jdbacl.SQLUtil.renderColumnTypeWithSize(Lorg/databene/jdbacl/model/DBColumn;Ljava/lang/StringBuilder;)V: I16 Branch 15 IFNULL L189 - true in context: org.databene.jdbacl.SQLUtil:renderColumnTypeWithSize(Lorg/databene/jdbacl/model/DBColumn;Ljava/lang/StringBuilder;)V
* Search finished after 197s and 392 generations, 175387 statements, best individual has fitness: 1128.0
* Going to analyze the coverage criteria
* Coverage analysis for criterion LINE
* Coverage of criterion LINE: 94%
* Total number of goals: 251
* Number of covered goals: 235
* Coverage analysis for criterion BRANCH
* Coverage of criterion BRANCH: 94%
* Total number of goals: 188
* Number of covered goals: 177
* Coverage analysis for criterion EXCEPTION
* Coverage of criterion EXCEPTION: 100%
* Total number of goals: 52
* Number of covered goals: 52
* Coverage analysis for criterion WEAKMUTATION
* Coverage of criterion WEAKMUTATION: 90%
* Total number of goals: 595
* Number of covered goals: 533
* Coverage analysis for criterion OUTPUT
* Coverage of criterion OUTPUT: 55%
* Total number of goals: 94
* Number of covered goals: 52
* Coverage analysis for criterion METHOD
* Coverage of criterion METHOD: 100%
* Total number of goals: 39
* Number of covered goals: 39
* Coverage analysis for criterion METHODNOEXCEPTION
* Coverage of criterion METHODNOEXCEPTION: 100%
* Total number of goals: 39
* Number of covered goals: 39
* Coverage analysis for criterion CBRANCH
* Coverage of criterion CBRANCH: 94%
* Total number of goals: 188
* Number of covered goals: 176
* Generated 129 tests with total length 727
* Resulting test suite's coverage: 90% (average coverage for all fitness functions)
* Generating assertions
* Resulting test suite's mutation score: 55%
* Compiling and checking tests
[MASTER] 05:39:19.817 [logback-2] ERROR ClassStateSupport - Could not initialize org.firebirdsql.gds.impl.jni.JniGDSImpl: no jaybird21 in java.library.path
[MASTER] 05:39:20.321 [logback-2] ERROR ClassResetter - java.lang.NoClassDefFoundError: Could not initialize class org.firebirdsql.gds.impl.jni.JniGDSImpl
[MASTER] 05:39:21.176 [logback-2] ERROR ClassStateSupport - Could not initialize org.apache.derby.iapi.types.SqlXmlUtil: org/apache/xml/utils/PrefixResolver
* Permissions denied during test execution: 
  - java.io.FilePermission: 
         write /dev/random: 1
  - java.lang.RuntimePermission: 
         writeFileDescriptor: 5
  - java.net.SocketPermission: 
         resolve java.lang.String@0000000031: 2
         resolve java.lang.String@0000000022: 2
* Writing JUnit test case 'SQLUtil_ESTest' to /home/ubuntu/termite/rmosa/tests/s1007/13_jdbacl/evosuite-tests
* Done!

* Computation finished
* EvoSuite 1.0.6
* Configuration: RMOSA
* Going to generate test cases for class: org.databene.jdbacl.DBUtil
* Starting client
* Properties loaded from /home/ubuntu/termite/projects/13_jdbacl/evosuite-files/evosuite.properties
* Connecting to master process on port 19702
* Analyzing classpath: 
* Inheritance tree loaded from evosuite-files/inheritance.xml.gz
[MASTER] 06:00:15.231 [logback-1] WARN  InheritanceTree - Class not in inheritance graph: java.sql.SQLType
[MASTER] 06:00:16.941 [logback-1] WARN  InheritanceTree - Class not in inheritance graph: java.util.function.BiFunction
[MASTER] 06:00:16.942 [logback-1] WARN  InheritanceTree - Class not in inheritance graph: java.util.function.Function
[MASTER] 06:00:16.971 [logback-1] WARN  InheritanceTree - Class not in inheritance graph: java.util.function.BiConsumer
[MASTER] 06:00:17.236 [logback-1] WARN  InheritanceTree - Class not in inheritance graph: java.util.function.Consumer
[MASTER] 06:00:17.237 [logback-1] WARN  InheritanceTree - Class not in inheritance graph: java.util.function.Predicate
[MASTER] 06:00:17.238 [logback-1] WARN  InheritanceTree - Class not in inheritance graph: java.util.function.UnaryOperator
[MASTER] 06:00:21.109 [logback-1] WARN  InheritanceTree - Class not in inheritance graph: java.time.ZoneId
[MASTER] 06:00:21.117 [logback-1] WARN  InheritanceTree - Class not in inheritance graph: java.time.temporal.TemporalAccessor
[MASTER] 06:00:21.117 [logback-1] WARN  InheritanceTree - Class not in inheritance graph: java.time.Clock
[MASTER] 06:00:21.124 [logback-1] WARN  InheritanceTree - Class not in inheritance graph: java.time.temporal.Temporal
[MASTER] 06:00:21.125 [logback-1] WARN  InheritanceTree - Class not in inheritance graph: java.time.temporal.TemporalField
[MASTER] 06:00:21.126 [logback-1] WARN  InheritanceTree - Class not in inheritance graph: java.time.temporal.TemporalUnit
[MASTER] 06:00:21.127 [logback-1] WARN  InheritanceTree - Class not in inheritance graph: java.time.temporal.TemporalAmount
[MASTER] 06:00:21.128 [logback-1] WARN  InheritanceTree - Class not in inheritance graph: java.time.temporal.TemporalQuery
[MASTER] 06:00:21.129 [logback-1] WARN  InheritanceTree - Class not in inheritance graph: java.time.temporal.TemporalAdjuster
[MASTER] 06:00:21.904 [logback-1] WARN  InheritanceTree - Class not in inheritance graph: java.util.function.ToDoubleFunction
[MASTER] 06:00:21.905 [logback-1] WARN  InheritanceTree - Class not in inheritance graph: java.util.function.ToIntFunction
[MASTER] 06:00:21.905 [logback-1] WARN  InheritanceTree - Class not in inheritance graph: java.util.function.ToLongFunction
[MASTER] 06:00:22.097 [logback-1] WARN  InheritanceTree - Class not in inheritance graph: java.time.chrono.Chronology
[MASTER] 06:00:24.037 [logback-1] WARN  InheritanceTree - Class not in inheritance graph: java.time.chrono.Era
* Finished analyzing classpath
* Generating tests for class org.databene.jdbacl.DBUtil
* Test criteria:
  - Line Coverage
  - Branch Coverage
  - Exception
  - Mutation testing (weak)
  - Method-Output Coverage
  - Top-Level Method Coverage
  - No-Exception Top-Level Method Coverage
  - Context Branch Coverage
Ranking Type: org.evosuite.ga.metaheuristics.mosa.EntropyBasedPreferenceSorting
* Using seed 1007
* Starting evolution
[MASTER] 06:00:32.947 [logback-2] ERROR TestCluster - Failed to check cache for org.databene.jdbacl.model.CompositeDBObject<C> : Type points to itself
[MASTER] 06:00:42.211 [logback-1] WARN  TestChromosome - Functional mock problem: org.evosuite.ga.ConstructionFailedException: Have no generator for class org.firebirdsql.jdbc.FBConnection canUseFunctionalMocks=false, canBeMocked: true
[MASTER] 06:01:18.018 [logback-1] WARN  TestChromosome - Functional mock problem: org.evosuite.ga.ConstructionFailedException: Failed to add constructor for org.hsqldb.Result due to org.evosuite.ga.ConstructionFailedException: Failed to add constructor for org.firebirdsql.jdbc.FBStatement due to org.evosuite.ga.ConstructionFailedException: Failed to add constructor for org.firebirdsql.gds.impl.GDSHelper due to org.evosuite.ga.ConstructionFailedException: Failed to add constructor for org.firebirdsql.gds.impl.jni.NativeGDSImpl due to org.evosuite.ga.ConstructionFailedException: Max recursion depth reached
[MASTER] 06:01:18.689 [logback-1] WARN  TestChromosome - Functional mock problem: org.evosuite.ga.ConstructionFailedException: Have no generator for class org.hsqldb.jdbc.jdbcResultSet canUseFunctionalMocks=false, canBeMocked: true
* Search finished after 87s and 130 generations, 47839 statements, best individual has fitness: 5528.0
* Going to analyze the coverage criteria
* Coverage analysis for criterion LINE
* Coverage of criterion LINE: 76%
* Total number of goals: 324
* Number of covered goals: 247
* Coverage analysis for criterion BRANCH
* Coverage of criterion BRANCH: 69%
* Total number of goals: 197
* Number of covered goals: 135
* Coverage analysis for criterion EXCEPTION
* Coverage of criterion EXCEPTION: 100%
* Total number of goals: 67
* Number of covered goals: 67
* Coverage analysis for criterion WEAKMUTATION
* Coverage of criterion WEAKMUTATION: 66%
* Total number of goals: 700
* Number of covered goals: 463
* Coverage analysis for criterion OUTPUT
* Coverage of criterion OUTPUT: 15%
* Total number of goals: 255
* Number of covered goals: 38
* Coverage analysis for criterion METHOD
* Coverage of criterion METHOD: 100%
* Total number of goals: 51
* Number of covered goals: 51
* Coverage analysis for criterion METHODNOEXCEPTION
* Coverage of criterion METHODNOEXCEPTION: 100%
* Total number of goals: 51
* Number of covered goals: 51
* Coverage analysis for criterion CBRANCH
* Coverage of criterion CBRANCH: 58%
* Total number of goals: 197
* Number of covered goals: 114
* Generated 124 tests with total length 710
* Resulting test suite's coverage: 62% (average coverage for all fitness functions)
* Generating assertions
* Resulting test suite's mutation score: 13%
* Compiling and checking tests
[MASTER] 06:02:25.167 [logback-2] ERROR ClassStateSupport - Could not initialize org.firebirdsql.gds.impl.jni.JniGDSImpl: no jaybird21 in java.library.path
[MASTER] 06:02:25.736 [logback-2] ERROR ClassResetter - java.lang.NoClassDefFoundError: Could not initialize class org.firebirdsql.gds.impl.jni.JniGDSImpl
[MASTER] 06:02:26.823 [logback-2] ERROR ClassStateSupport - Could not initialize org.apache.derby.iapi.types.SqlXmlUtil: org/apache/xml/utils/PrefixResolver
* Permissions denied during test execution: 
  - java.io.FilePermission: 
         write /dev/random: 1
  - java.net.SocketPermission: 
         resolve java.lang.String@0000000016: 7
         resolve java.lang.String@0000000017: 5
         resolve java.lang.String@0000000019: 6
         and other 6 cases of action/name for this exception class
* Writing JUnit test case 'DBUtil_ESTest' to /home/ubuntu/termite/rmosa/tests/s1007/13_jdbacl/evosuite-tests
* Done!

* Computation finished
