* EvoSuite 1.0.6
* Configuration: RMOSA
* Going to generate test cases for class: org.jsecurity.web.DefaultWebSecurityManager
* Starting client
* Properties loaded from /home/ubuntu/termite/projects/18_jsecurity/evosuite-files/evosuite.properties
* Connecting to master process on port 21354
* Analyzing classpath: 
* Inheritance tree loaded from evosuite-files/inheritance.xml.gz
[MASTER] 09:53:19.396 [logback-1] WARN  InheritanceTree - Class not in inheritance graph: java.util.function.Consumer
[MASTER] 09:53:19.480 [logback-1] WARN  InheritanceTree - Class not in inheritance graph: java.util.function.Predicate
[MASTER] 09:53:19.504 [logback-1] WARN  InheritanceTree - Class not in inheritance graph: java.util.function.UnaryOperator
[MASTER] 09:53:19.845 [logback-1] WARN  InheritanceTree - Class not in inheritance graph: java.util.function.Function
* Finished analyzing classpath
* Generating tests for class org.jsecurity.web.DefaultWebSecurityManager
* Test criteria:
  - Line Coverage
  - Branch Coverage
  - Exception
  - Mutation testing (weak)
  - Method-Output Coverage
  - Top-Level Method Coverage
  - No-Exception Top-Level Method Coverage
  - Context Branch Coverage
Ranking Type: org.evosuite.ga.metaheuristics.mosa.EntropyBasedPreferenceSorting
* Using seed 1010
* Starting evolution
[MASTER] 09:56:51.417 [logback-2] ERROR TestCluster - Failed to check cache for java.util.Enumeration<E> : Type points to itself
* Search finished after 349s and 141 generations, 32148 statements, best individual has fitness: 928.0
* Going to analyze the coverage criteria
* Coverage analysis for criterion LINE
* Coverage of criterion LINE: 78%
* Total number of goals: 97
* Number of covered goals: 76
* Coverage analysis for criterion BRANCH
* Coverage of criterion BRANCH: 70%
* Total number of goals: 67
* Number of covered goals: 47
* Coverage analysis for criterion EXCEPTION
* Coverage of criterion EXCEPTION: 100%
* Total number of goals: 16
* Number of covered goals: 16
* Coverage analysis for criterion WEAKMUTATION
* Coverage of criterion WEAKMUTATION: 80%
* Total number of goals: 162
* Number of covered goals: 129
* Coverage analysis for criterion OUTPUT
* Coverage of criterion OUTPUT: 38%
* Total number of goals: 29
* Number of covered goals: 11
* Coverage analysis for criterion METHOD
* Coverage of criterion METHOD: 100%
* Total number of goals: 23
* Number of covered goals: 23
* Coverage analysis for criterion METHODNOEXCEPTION
* Coverage of criterion METHODNOEXCEPTION: 96%
* Total number of goals: 23
* Number of covered goals: 22
* Coverage analysis for criterion CBRANCH
* Coverage of criterion CBRANCH: 69%
* Total number of goals: 67
* Number of covered goals: 46
* Generated 41 tests with total length 165
* Resulting test suite's coverage: 76% (average coverage for all fitness functions)
* Generating assertions
* Resulting test suite's mutation score: 35%
* Compiling and checking tests
[MASTER] 09:59:23.704 [logback-1] WARN  JUnitAnalyzer - Found unstable test named test0 -> class org.evosuite.runtime.mock.java.lang.MockIllegalStateException: No ServletRequest found in ThreadContext. Make sure WebUtils.bind() is being called. (typically called by JSecurityFilter)  This could also happen when running integration tests that don't properly call WebUtils.bind().
[MASTER] 09:59:23.705 [logback-1] WARN  JUnitAnalyzer - Failing test:
 SimpleAccountRealm simpleAccountRealm0 = new SimpleAccountRealm();
SimplePrincipalCollection simplePrincipalCollection0 = new SimplePrincipalCollection(simpleAccountRealm0, "_i_");
Class<Realm> class0 = Realm.class;
Collection<Realm> collection0 = simplePrincipalCollection0.byType(class0);
DefaultWebSecurityManager defaultWebSecurityManager0 = new DefaultWebSecurityManager(collection0);
defaultWebSecurityManager0.getSubject();

[MASTER] 09:59:27.897 [logback-1] WARN  JUnitAnalyzer - Found unstable test named test0 -> class org.evosuite.runtime.mock.java.lang.MockIllegalStateException: No ServletRequest found in ThreadContext. Make sure WebUtils.bind() is being called. (typically called by JSecurityFilter)  This could also happen when running integration tests that don't properly call WebUtils.bind().
[MASTER] 09:59:27.898 [logback-1] WARN  JUnitAnalyzer - Failing test:
 DefaultWebSecurityManager defaultWebSecurityManager0 = new DefaultWebSecurityManager();
Subject subject0 = defaultWebSecurityManager0.getSubject();
ServletRequest servletRequest0 = mock(ServletRequest.class, new ViolatedAssumptionAnswer());
ServletRequestWrapper servletRequestWrapper0 = new ServletRequestWrapper(servletRequest0);
ServletResponse servletResponse0 = mock(ServletResponse.class, new ViolatedAssumptionAnswer());
ServletResponseWrapper servletResponseWrapper0 = new ServletResponseWrapper(servletResponse0);
defaultWebSecurityManager0.bind(subject0, servletRequestWrapper0, servletResponseWrapper0);
assertTrue(defaultWebSecurityManager0.isHttpSessionMode());


[MASTER] 09:59:34.195 [logback-1] WARN  JUnitAnalyzer - Found unstable test named test0 -> class org.evosuite.runtime.mock.java.lang.MockIllegalStateException: No ServletRequest found in ThreadContext. Make sure WebUtils.bind() is being called. (typically called by JSecurityFilter)  This could also happen when running integration tests that don't properly call WebUtils.bind().
[MASTER] 09:59:34.195 [logback-1] WARN  JUnitAnalyzer - Failing test:
 DefaultWebSecurityManager defaultWebSecurityManager0 = new DefaultWebSecurityManager();
ServletResponse servletResponse0 = mock(ServletResponse.class, new ViolatedAssumptionAnswer());
ServletResponseWrapper servletResponseWrapper0 = new ServletResponseWrapper(servletResponse0);
ServletResponseWrapper servletResponseWrapper1 = new ServletResponseWrapper(servletResponseWrapper0);
Subject subject0 = defaultWebSecurityManager0.getSubject();
ServletRequest servletRequest0 = mock(ServletRequest.class, new ViolatedAssumptionAnswer());
ServletRequestWrapper servletRequestWrapper0 = new ServletRequestWrapper(servletRequest0);
defaultWebSecurityManager0.bind(subject0, servletRequestWrapper0, servletResponseWrapper1);
defaultWebSecurityManager0.bind(subject0);

* Writing JUnit test case 'DefaultWebSecurityManager_ESTest' to /home/ubuntu/termite/rmosa/tests/s1010/18_jsecurity/evosuite-tests
* Done!

* Computation finished
* EvoSuite 1.0.6
* Configuration: RMOSA
* Going to generate test cases for class: org.jsecurity.authc.UsernamePasswordToken
* Starting client
* Properties loaded from /home/ubuntu/termite/projects/18_jsecurity/evosuite-files/evosuite.properties
* Connecting to master process on port 21354
* Analyzing classpath: 
* Inheritance tree loaded from evosuite-files/inheritance.xml.gz
* Finished analyzing classpath
* Generating tests for class org.jsecurity.authc.UsernamePasswordToken
* Test criteria:
  - Line Coverage
  - Branch Coverage
  - Exception
  - Mutation testing (weak)
  - Method-Output Coverage
  - Top-Level Method Coverage
  - No-Exception Top-Level Method Coverage
  - Context Branch Coverage
Ranking Type: org.evosuite.ga.metaheuristics.mosa.EntropyBasedPreferenceSorting
* Using seed 1010
* Starting evolution
* Search finished after 267s and 2263 generations, 1348412 statements, best individual has fitness: 56.0
* Going to analyze the coverage criteria
* Coverage analysis for criterion LINE
* Coverage of criterion LINE: 100%
* Total number of goals: 54
* Number of covered goals: 54
* Coverage analysis for criterion BRANCH
* Coverage of criterion BRANCH: 100%
* Total number of goals: 29
* Number of covered goals: 29
* Coverage analysis for criterion EXCEPTION
* Coverage of criterion EXCEPTION: 100% (no goals)
* Coverage analysis for criterion WEAKMUTATION
* Coverage of criterion WEAKMUTATION: 96%
* Total number of goals: 23
* Number of covered goals: 22
* Coverage analysis for criterion OUTPUT
* Coverage of criterion OUTPUT: 83%
* Total number of goals: 36
* Number of covered goals: 30
* Coverage analysis for criterion METHOD
* Coverage of criterion METHOD: 100%
* Total number of goals: 21
* Number of covered goals: 21
* Coverage analysis for criterion METHODNOEXCEPTION
* Coverage of criterion METHODNOEXCEPTION: 100%
* Total number of goals: 21
* Number of covered goals: 21
* Coverage analysis for criterion CBRANCH
* Coverage of criterion CBRANCH: 100%
* Total number of goals: 29
* Number of covered goals: 29
* Generated 34 tests with total length 96
* Resulting test suite's coverage: 97% (average coverage for all fitness functions)
* Generating assertions
* Resulting test suite's mutation score: 64%
* Compiling and checking tests
* Writing JUnit test case 'UsernamePasswordToken_ESTest' to /home/ubuntu/termite/rmosa/tests/s1010/18_jsecurity/evosuite-tests
* Done!

* Computation finished
