* EvoSuite 1.0.6
* Configuration: RMOSA
* Going to generate test cases for class: com.soops.CEN4010.JMCA.JParser.JavaParserTokenManager
* Starting client
* Properties loaded from /home/ubuntu/termite/projects/19_jmca/evosuite-files/evosuite.properties
* Connecting to master process on port 20771
* Analyzing classpath: 
* Inheritance tree loaded from evosuite-files/inheritance.xml.gz
[MASTER] 10:05:14.379 [logback-1] WARN  InheritanceTree - Class not in inheritance graph: java.util.function.Consumer
[MASTER] 10:05:14.395 [logback-1] WARN  InheritanceTree - Class not in inheritance graph: java.util.function.Predicate
[MASTER] 10:05:14.403 [logback-1] WARN  InheritanceTree - Class not in inheritance graph: java.util.function.UnaryOperator
[MASTER] 10:05:14.446 [logback-1] WARN  InheritanceTree - Class not in inheritance graph: java.util.function.Function
* Finished analyzing classpath
* Generating tests for class com.soops.CEN4010.JMCA.JParser.JavaParserTokenManager
* Test criteria:
  - Line Coverage
  - Branch Coverage
  - Exception
  - Mutation testing (weak)
  - Method-Output Coverage
  - Top-Level Method Coverage
  - No-Exception Top-Level Method Coverage
  - Context Branch Coverage
Ranking Type: org.evosuite.ga.metaheuristics.mosa.EntropyBasedPreferenceSorting
* Using seed 1028
* Starting evolution
* Search finished after 287s and 71 generations, 56421 statements, best individual has fitness: 15184.0
* Going to analyze the coverage criteria
* Coverage analysis for criterion LINE
* Coverage of criterion LINE: 57%
* Total number of goals: 981
* Number of covered goals: 562
* Coverage analysis for criterion BRANCH
* Coverage of criterion BRANCH: 63%
* Total number of goals: 1707
* Number of covered goals: 1079
* Coverage analysis for criterion EXCEPTION
* Coverage of criterion EXCEPTION: 100%
* Total number of goals: 9
* Number of covered goals: 9
* Coverage analysis for criterion WEAKMUTATION
* Coverage of criterion WEAKMUTATION: 49%
* Total number of goals: 434
* Number of covered goals: 213
* Coverage analysis for criterion OUTPUT
* Coverage of criterion OUTPUT: 50%
* Total number of goals: 4
* Number of covered goals: 2
* Coverage analysis for criterion METHOD
* Coverage of criterion METHOD: 100%
* Total number of goals: 11
* Number of covered goals: 11
* Coverage analysis for criterion METHODNOEXCEPTION
* Coverage of criterion METHODNOEXCEPTION: 100%
* Total number of goals: 11
* Number of covered goals: 11
* Coverage analysis for criterion CBRANCH
* Coverage of criterion CBRANCH: 63%
* Total number of goals: 1707
* Number of covered goals: 1079
* Generated 202 tests with total length 1513
* Resulting test suite's coverage: 61% (average coverage for all fitness functions)
* Generating assertions
* Resulting test suite's mutation score: 20%
* Compiling and checking tests
[MASTER] 10:11:57.025 [logback-1] WARN  JUnitAnalyzer - Found unstable test named test0 -> class java.lang.AssertionError: expected:<4> but was:<1>
[MASTER] 10:11:57.025 [logback-1] WARN  JUnitAnalyzer - Failing test:
 StringReader stringReader0 = new StringReader("0l9U_");
JavaCharStream javaCharStream0 = new JavaCharStream(stringReader0, 47, 47);
JavaParserTokenManager javaParserTokenManager0 = new JavaParserTokenManager(javaCharStream0);
Token token0 = javaParserTokenManager0.getNextToken();
assertEquals(4, javaCharStream0.bufpos);
assertEquals("0l9U_", token0.toString());


[MASTER] 10:11:57.082 [logback-1] WARN  JUnitAnalyzer - Found unstable test named test0 -> class java.lang.AssertionError: Exception was not thrown in com.soops.CEN4010.JMCA.JParser.JavaParserTokenManager but in org.junit.Assert.fail(Assert.java:88): java.lang.AssertionError: Expecting exception: Error
[MASTER] 10:11:57.083 [logback-1] WARN  JUnitAnalyzer - Failing test:
 StringReader stringReader0 = new StringReader("tt0}'S5.tM]");
JavaCharStream javaCharStream0 = new JavaCharStream(stringReader0, 598, 0);
JavaParserTokenManager javaParserTokenManager0 = new JavaParserTokenManager(javaCharStream0);
Token.GTToken token_GTToken0 = new Token.GTToken();
javaParserTokenManager0.defaultLexState = 0;
byte[] byteArray0 = new byte[9];
byteArray0[0] = (byte)48;
byteArray0[1] = (byte)38;
byteArray0[2] = (byte)96;
byteArray0[3] = (byte)46;
byteArray0[4] = (byte) (-118);
byteArray0[6] = (byte) (-62);
byteArray0[7] = (byte) (-6);
ByteArrayInputStream byteArrayInputStream0 = new ByteArrayInputStream(byteArray0);
JavaCharStream javaCharStream1 = new JavaCharStream(byteArrayInputStream0);
FileSystemHandling.setPermissions((EvoSuiteFile) null, false, false, true);
JavaParserTokenManager javaParserTokenManager1 = new JavaParserTokenManager(javaCharStream1, 0);
javaParserTokenManager1.getNextToken();

[MASTER] 10:11:57.143 [logback-1] WARN  JUnitAnalyzer - Found unstable test named test0 -> class java.lang.AssertionError: Exception was not thrown in com.soops.CEN4010.JMCA.JParser.JavaParserTokenManager but in org.junit.Assert.fail(Assert.java:88): java.lang.AssertionError: Expecting exception: Error
[MASTER] 10:11:57.144 [logback-1] WARN  JUnitAnalyzer - Failing test:
 StringReader stringReader0 = new StringReader("4^(l/X])L`h^");
JavaCharStream javaCharStream0 = new JavaCharStream(stringReader0, (byte)122, (byte)122);
JavaParserTokenManager javaParserTokenManager0 = new JavaParserTokenManager(javaCharStream0);
javaParserTokenManager0.getNextToken();

[MASTER] 10:11:58.871 [logback-1] WARN  JUnitAnalyzer - Found unstable test named test0 -> class java.lang.AssertionError: Exception was not thrown in com.soops.CEN4010.JMCA.JParser.JavaParserTokenManager but in org.junit.Assert.fail(Assert.java:88): java.lang.AssertionError: Expecting exception: Error
[MASTER] 10:11:58.871 [logback-1] WARN  JUnitAnalyzer - Failing test:
 StringReader stringReader0 = new StringReader("9?I\"");
JavaCharStream javaCharStream0 = new JavaCharStream(stringReader0, 1624, 3924);
JavaParserTokenManager javaParserTokenManager0 = new JavaParserTokenManager(javaCharStream0);
javaParserTokenManager0.getNextToken();

[MASTER] 10:11:58.926 [logback-1] WARN  JUnitAnalyzer - Found unstable test named test0 -> class java.lang.AssertionError: Exception was not thrown in com.soops.CEN4010.JMCA.JParser.JavaParserTokenManager but in org.junit.Assert.fail(Assert.java:88): java.lang.AssertionError: Expecting exception: Error
[MASTER] 10:11:58.926 [logback-1] WARN  JUnitAnalyzer - Failing test:
 StringReader stringReader0 = new StringReader("9F:}%ZSw,2");
StringReader stringReader1 = new StringReader("9F:}%ZSw,2");
JavaCharStream javaCharStream0 = new JavaCharStream(stringReader0, (-2147483647), (-2147483647));
JavaParserTokenManager javaParserTokenManager0 = new JavaParserTokenManager(javaCharStream0);
javaParserTokenManager0.getNextToken();

[MASTER] 10:11:59.495 [logback-1] WARN  JUnitAnalyzer - Found unstable test named test0 -> class java.lang.AssertionError: Exception was not thrown in com.soops.CEN4010.JMCA.JParser.JavaParserTokenManager but in org.junit.Assert.fail(Assert.java:88): java.lang.AssertionError: Expecting exception: Error
[MASTER] 10:11:59.496 [logback-1] WARN  JUnitAnalyzer - Failing test:
 StringReader stringReader0 = new StringReader("iF");
stringReader0.ready();
byte[] byteArray0 = new byte[5];
byteArray0[0] = (byte)56;
byteArray0[1] = (byte) (-112);
byteArray0[2] = (byte)56;
byteArray0[4] = (byte)63;
ByteArrayInputStream byteArrayInputStream0 = new ByteArrayInputStream(byteArray0);
JavaCharStream javaCharStream0 = new JavaCharStream(byteArrayInputStream0);
JavaParserTokenManager javaParserTokenManager0 = new JavaParserTokenManager(javaCharStream0);
StringReader stringReader1 = new StringReader("iF");
byteArrayInputStream0.close();
javaParserTokenManager0.getNextToken();

[MASTER] 10:11:59.694 [logback-1] WARN  JUnitAnalyzer - Found unstable test named test0 -> class java.lang.AssertionError: Exception was not thrown in com.soops.CEN4010.JMCA.JParser.JavaParserTokenManager but in org.junit.Assert.fail(Assert.java:88): java.lang.AssertionError: Expecting exception: Error
[MASTER] 10:11:59.695 [logback-1] WARN  JUnitAnalyzer - Failing test:
 StringReader stringReader0 = new StringReader("20(?");
stringReader0.reset();
JavaCharStream javaCharStream0 = new JavaCharStream(stringReader0, 2139, 2139);
JavaParserTokenManager javaParserTokenManager0 = new JavaParserTokenManager(javaCharStream0);
javaParserTokenManager0.getNextToken();

[MASTER] 10:11:59.752 [logback-1] WARN  JUnitAnalyzer - Found unstable test named test0 -> class java.lang.AssertionError: Exception was not thrown in java.io.StringReader but in com.soops.CEN4010.JMCA.JParser.JavaCharStream.FillBuff(JavaCharStream.java:142): org.evosuite.runtime.mock.java.lang.MockThrowable
[MASTER] 10:11:59.752 [logback-1] WARN  JUnitAnalyzer - Failing test:
 StringReader stringReader0 = new StringReader("2tsy");
JavaCharStream javaCharStream0 = new JavaCharStream(stringReader0, 44, 44);
JavaParserTokenManager javaParserTokenManager0 = new JavaParserTokenManager(javaCharStream0);
javaParserTokenManager0.getNextToken();
javaCharStream0.FillBuff();

[MASTER] 10:12:00.243 [logback-1] WARN  JUnitAnalyzer - Found unstable test named test0 -> class java.lang.AssertionError: expected:<2> but was:<0>
[MASTER] 10:12:00.243 [logback-1] WARN  JUnitAnalyzer - Failing test:
 StringReader stringReader0 = new StringReader("0qH");
JavaCharStream javaCharStream0 = new JavaCharStream(stringReader0, 0, (-1219));
JavaCharStream javaCharStream1 = new JavaCharStream(stringReader0, 1010, 0);
JavaParserTokenManager javaParserTokenManager0 = new JavaParserTokenManager(javaCharStream1);
Token token0 = javaParserTokenManager0.getNextToken();
assertEquals(2, javaCharStream1.bufpos);
assertEquals(74, token0.kind);


[MASTER] 10:12:01.832 [logback-1] WARN  JUnitAnalyzer - Found unstable test named test0 -> class java.lang.AssertionError: Exception was not thrown in com.soops.CEN4010.JMCA.JParser.JavaParserTokenManager but in org.junit.Assert.fail(Assert.java:88): java.lang.AssertionError: Expecting exception: Error
[MASTER] 10:12:01.834 [logback-1] WARN  JUnitAnalyzer - Failing test:
 StringReader stringReader0 = new StringReader("1R')y8L/*OH~Nu)");
JavaCharStream javaCharStream0 = new JavaCharStream(stringReader0, (byte)68, (byte)68);
JavaCharStream javaCharStream1 = new JavaCharStream(stringReader0, 63, 122);
JavaParserTokenManager javaParserTokenManager0 = new JavaParserTokenManager(javaCharStream1);
javaParserTokenManager0.jjmatchedPos = (int) (byte)68;
javaParserTokenManager0.getNextToken();

[MASTER] 10:12:01.920 [logback-1] WARN  JUnitAnalyzer - Found unstable test named test0 -> class java.lang.AssertionError: Exception was not thrown in com.soops.CEN4010.JMCA.JParser.JavaParserTokenManager but in org.junit.Assert.fail(Assert.java:88): java.lang.AssertionError: Expecting exception: Error
[MASTER] 10:12:01.920 [logback-1] WARN  JUnitAnalyzer - Failing test:
 StringReader stringReader0 = new StringReader("7s#9twhM).a@wRyagwu");
JavaCharStream javaCharStream0 = new JavaCharStream(stringReader0, 18, 18, 950);
JavaParserTokenManager javaParserTokenManager0 = new JavaParserTokenManager(javaCharStream0);
Token token0 = Token.newToken(18);
javaParserTokenManager0.TokenLexicalActions(token0);
javaParserTokenManager0.getNextToken();

[MASTER] 10:12:02.989 [logback-1] WARN  JUnitAnalyzer - Found unstable test named test0 -> class java.lang.AssertionError: Exception was not thrown in com.soops.CEN4010.JMCA.JParser.JavaParserTokenManager but in org.junit.Assert.fail(Assert.java:88): java.lang.AssertionError: Expecting exception: Error
[MASTER] 10:12:02.990 [logback-1] WARN  JUnitAnalyzer - Failing test:
 StringReader stringReader0 = new StringReader("c=6E%48T(Bmw.7");
JavaCharStream javaCharStream0 = new JavaCharStream(stringReader0, (-2147483647), (byte)122);
JavaParserTokenManager javaParserTokenManager0 = new JavaParserTokenManager(javaCharStream0);
javaCharStream0.BeginToken();
stringReader0.ready();
javaCharStream0.BeginToken();
JavaParserTokenManager javaParserTokenManager1 = new JavaParserTokenManager(javaCharStream0);
javaParserTokenManager1.getNextToken();

[MASTER] 10:12:03.046 [logback-1] WARN  JUnitAnalyzer - Found unstable test named test0 -> class java.lang.AssertionError: Exception was not thrown in com.soops.CEN4010.JMCA.JParser.JavaParserTokenManager but in org.junit.Assert.fail(Assert.java:88): java.lang.AssertionError: Expecting exception: Error
[MASTER] 10:12:03.046 [logback-1] WARN  JUnitAnalyzer - Failing test:
 StringReader stringReader0 = new StringReader("1E");
JavaCharStream javaCharStream0 = new JavaCharStream(stringReader0, 70, 364);
byte[] byteArray0 = new byte[4];
byteArray0[0] = (byte)38;
byteArray0[1] = (byte) (-1);
byteArray0[2] = (byte) (-76);
byteArray0[3] = (byte) (-40);
ByteArrayInputStream byteArrayInputStream0 = new ByteArrayInputStream(byteArray0);
JavaCharStream javaCharStream1 = new JavaCharStream(byteArrayInputStream0, 21, 70);
javaCharStream1.BeginToken();
JavaParserTokenManager javaParserTokenManager0 = new JavaParserTokenManager(javaCharStream0);
javaParserTokenManager0.getNextToken();

[MASTER] 10:12:03.098 [logback-1] WARN  JUnitAnalyzer - Found unstable test named test0 -> class java.lang.AssertionError: Exception was not thrown in java.io.StringReader but in com.soops.CEN4010.JMCA.JParser.JavaCharStream.FillBuff(JavaCharStream.java:142): org.evosuite.runtime.mock.java.lang.MockThrowable
[MASTER] 10:12:03.098 [logback-1] WARN  JUnitAnalyzer - Failing test:
 StringReader stringReader0 = new StringReader("A(6mebg");
JavaCharStream javaCharStream0 = new JavaCharStream(stringReader0, 7, 78);
JavaParserTokenManager javaParserTokenManager0 = new JavaParserTokenManager(javaCharStream0);
javaCharStream0.BeginToken();
stringReader0.ready();
javaCharStream0.BeginToken();
javaParserTokenManager0.getNextToken();
javaCharStream0.FillBuff();

[MASTER] 10:12:03.148 [logback-1] WARN  JUnitAnalyzer - Found unstable test named test0 -> class java.lang.AssertionError: expected:<2> but was:<0>
[MASTER] 10:12:03.148 [logback-1] WARN  JUnitAnalyzer - Failing test:
 StringReader stringReader0 = new StringReader("*=");
StringReader stringReader1 = new StringReader("3kd/iaSf0yh>`S");
JavaCharStream javaCharStream0 = new JavaCharStream(stringReader1, 526, 1355);
JavaParserTokenManager javaParserTokenManager0 = new JavaParserTokenManager(javaCharStream0);
Token token0 = javaParserTokenManager0.getNextToken();
assertEquals(2, javaCharStream0.bufpos);
assertEquals("3kd", token0.toString());


[MASTER] 10:12:03.489 [logback-1] WARN  JUnitAnalyzer - Found unstable test named test0 -> class java.lang.AssertionError: expected:<2> but was:<0>
[MASTER] 10:12:03.489 [logback-1] WARN  JUnitAnalyzer - Failing test:
 StringReader stringReader0 = new StringReader("V*o{)/2?T55oT8&3!");
JavaCharStream javaCharStream0 = new JavaCharStream(stringReader0, (-4510), (byte)107);
char[] charArray0 = new char[9];
charArray0[0] = 'g';
charArray0[1] = '}';
stringReader0.read();
charArray0[2] = 'y';
charArray0[3] = 'O';
charArray0[4] = 'I';
charArray0[5] = '@';
charArray0[6] = 'D';
charArray0[7] = '&';
charArray0[8] = ',';
stringReader0.read(charArray0);
JavaParserTokenManager javaParserTokenManager0 = new JavaParserTokenManager(javaCharStream0);
Token token0 = javaParserTokenManager0.getNextToken();
assertEquals(2, javaCharStream0.bufpos);
assertEquals(74, token0.kind);


[MASTER] 10:12:04.834 [logback-1] WARN  JUnitAnalyzer - Found unstable test named test0 -> class java.lang.AssertionError: Exception was not thrown in com.soops.CEN4010.JMCA.JParser.JavaParserTokenManager but in org.junit.Assert.fail(Assert.java:88): java.lang.AssertionError: Expecting exception: Error
[MASTER] 10:12:04.834 [logback-1] WARN  JUnitAnalyzer - Failing test:
 StringReader stringReader0 = new StringReader("04@~GlU&DeR}\"");
JavaCharStream javaCharStream0 = new JavaCharStream(stringReader0);
JavaParserTokenManager javaParserTokenManager0 = new JavaParserTokenManager(javaCharStream0);
javaParserTokenManager0.getNextToken();

[MASTER] 10:12:05.230 [logback-1] WARN  JUnitAnalyzer - Found unstable test named test0 -> class java.lang.AssertionError: Exception was not thrown in com.soops.CEN4010.JMCA.JParser.JavaParserTokenManager but in org.junit.Assert.fail(Assert.java:88): java.lang.AssertionError: Expecting exception: Error
[MASTER] 10:12:05.230 [logback-1] WARN  JUnitAnalyzer - Failing test:
 StringReader stringReader0 = new StringReader("switch");
JavaCharStream javaCharStream0 = new JavaCharStream(stringReader0, 20, 20);
StringReader stringReader1 = new StringReader("switch");
JavaCharStream javaCharStream1 = new JavaCharStream(stringReader1, (-1), (-1));
JavaParserTokenManager javaParserTokenManager0 = new JavaParserTokenManager(javaCharStream1);
javaParserTokenManager0.curLexState = (-2912);
javaParserTokenManager0.getNextToken();
javaParserTokenManager0.getNextToken();

[MASTER] 10:12:07.710 [logback-1] WARN  JUnitAnalyzer - Found unstable test named test150 -> class java.lang.AssertionError: Exception was not thrown in java.io.StringReader but in com.soops.CEN4010.JMCA.JParser.JavaCharStream.FillBuff(JavaCharStream.java:142): org.evosuite.runtime.mock.java.lang.MockThrowable
[MASTER] 10:12:07.711 [logback-1] WARN  JUnitAnalyzer - Failing test:
 StringReader stringReader0 = new StringReader("A(6mebg");
JavaCharStream javaCharStream0 = new JavaCharStream(stringReader0, 7, 78);
JavaParserTokenManager javaParserTokenManager0 = new JavaParserTokenManager(javaCharStream0);
javaCharStream0.BeginToken();
stringReader0.ready();
javaCharStream0.BeginToken();
javaParserTokenManager0.getNextToken();
javaCharStream0.FillBuff();

[MASTER] 10:12:07.711 [logback-1] WARN  JUnitAnalyzer - Found unstable test named test091 -> class java.lang.AssertionError: Exception was not thrown in java.io.StringReader but in com.soops.CEN4010.JMCA.JParser.JavaCharStream.FillBuff(JavaCharStream.java:142): org.evosuite.runtime.mock.java.lang.MockThrowable
[MASTER] 10:12:07.711 [logback-1] WARN  JUnitAnalyzer - Failing test:
 StringReader stringReader0 = new StringReader("2tsy");
JavaCharStream javaCharStream0 = new JavaCharStream(stringReader0, 44, 44);
JavaParserTokenManager javaParserTokenManager0 = new JavaParserTokenManager(javaCharStream0);
javaParserTokenManager0.getNextToken();
javaCharStream0.FillBuff();

[MASTER] 10:12:09.152 [logback-1] WARN  JUnitAnalyzer - Found unstable test named test051 -> class java.lang.AssertionError: Exception was not thrown in java.io.StringReader but in com.soops.CEN4010.JMCA.JParser.JavaCharStream.FillBuff(JavaCharStream.java:142): org.evosuite.runtime.mock.java.lang.MockThrowable
[MASTER] 10:12:09.152 [logback-1] WARN  JUnitAnalyzer - Failing test:
 StringReader stringReader0 = new StringReader("A(6mebg");
JavaCharStream javaCharStream0 = new JavaCharStream(stringReader0, 7, 78);
JavaParserTokenManager javaParserTokenManager0 = new JavaParserTokenManager(javaCharStream0);
javaCharStream0.BeginToken();
stringReader0.ready();
javaCharStream0.BeginToken();
javaParserTokenManager0.getNextToken();
javaCharStream0.FillBuff();

[MASTER] 10:12:09.152 [logback-1] WARN  JUnitAnalyzer - Found unstable test named test110 -> class java.lang.AssertionError: Exception was not thrown in java.io.StringReader but in com.soops.CEN4010.JMCA.JParser.JavaCharStream.FillBuff(JavaCharStream.java:142): org.evosuite.runtime.mock.java.lang.MockThrowable
[MASTER] 10:12:09.152 [logback-1] WARN  JUnitAnalyzer - Failing test:
 StringReader stringReader0 = new StringReader("2tsy");
JavaCharStream javaCharStream0 = new JavaCharStream(stringReader0, 44, 44);
JavaParserTokenManager javaParserTokenManager0 = new JavaParserTokenManager(javaCharStream0);
javaParserTokenManager0.getNextToken();
javaCharStream0.FillBuff();

* Permissions denied during test execution: 
  - java.lang.RuntimePermission: 
         writeFileDescriptor: 2
* Writing JUnit test case 'JavaParserTokenManager_ESTest' to /home/ubuntu/termite/rmosa/tests/s1028/19_jmca/evosuite-tests
* Done!

* Computation finished
* EvoSuite 1.0.6
* Configuration: RMOSA
* Going to generate test cases for class: com.soops.CEN4010.JMCA.JParser.SimpleNode
* Starting client
* Properties loaded from /home/ubuntu/termite/projects/19_jmca/evosuite-files/evosuite.properties
* Connecting to master process on port 20773
* Analyzing classpath: 
* Inheritance tree loaded from evosuite-files/inheritance.xml.gz
[MASTER] 10:28:29.012 [logback-1] WARN  InheritanceTree - Class not in inheritance graph: java.util.function.Consumer
[MASTER] 10:28:29.022 [logback-1] WARN  InheritanceTree - Class not in inheritance graph: java.util.function.Predicate
[MASTER] 10:28:29.023 [logback-1] WARN  InheritanceTree - Class not in inheritance graph: java.util.function.UnaryOperator
[MASTER] 10:28:29.377 [logback-1] WARN  InheritanceTree - Class not in inheritance graph: java.util.function.Function
* Finished analyzing classpath
* Generating tests for class com.soops.CEN4010.JMCA.JParser.SimpleNode
* Test criteria:
  - Line Coverage
  - Branch Coverage
  - Exception
  - Mutation testing (weak)
  - Method-Output Coverage
  - Top-Level Method Coverage
  - No-Exception Top-Level Method Coverage
  - Context Branch Coverage
Ranking Type: org.evosuite.ga.metaheuristics.mosa.EntropyBasedPreferenceSorting
* Using seed 1028
* Starting evolution
[MASTER] 10:29:51.283 [logback-2] ERROR TestCluster - Failed to check cache for java.util.function.Predicate<T> : Type points to itself
[MASTER] 10:31:03.155 [logback-2] ERROR TestCluster - Failed to check cache for java.util.function.Function<T, R> : Type points to itself
* Search finished after 169s and 256 generations, 149431 statements, best individual has fitness: 144.0
* Going to analyze the coverage criteria
* Coverage analysis for criterion LINE
* Coverage of criterion LINE: 100%
* Total number of goals: 62
* Number of covered goals: 62
* Coverage analysis for criterion BRANCH
* Coverage of criterion BRANCH: 100%
* Total number of goals: 67
* Number of covered goals: 67
* Coverage analysis for criterion EXCEPTION
* Coverage of criterion EXCEPTION: 100%
* Total number of goals: 13
* Number of covered goals: 13
* Coverage analysis for criterion WEAKMUTATION
* Coverage of criterion WEAKMUTATION: 91%
* Total number of goals: 121
* Number of covered goals: 110
* Coverage analysis for criterion OUTPUT
* Coverage of criterion OUTPUT: 59%
* Total number of goals: 17
* Number of covered goals: 10
* Coverage analysis for criterion METHOD
* Coverage of criterion METHOD: 100%
* Total number of goals: 13
* Number of covered goals: 13
* Coverage analysis for criterion METHODNOEXCEPTION
* Coverage of criterion METHODNOEXCEPTION: 100%
* Total number of goals: 13
* Number of covered goals: 13
* Coverage analysis for criterion CBRANCH
* Coverage of criterion CBRANCH: 100%
* Total number of goals: 67
* Number of covered goals: 67
* Generated 44 tests with total length 390
* Resulting test suite's coverage: 95% (average coverage for all fitness functions)
* Generating assertions
* Resulting test suite's mutation score: 92%
* Compiling and checking tests
[MASTER] 10:33:38.312 [logback-1] WARN  JUnitAnalyzer - Found unstable test named test36 -> class java.lang.StackOverflowError: null
[MASTER] 10:33:38.314 [logback-1] WARN  JUnitAnalyzer - Failing test:
 SimpleNode simpleNode0 = new SimpleNode(0);
Node[] nodeArray0 = new Node[1];
nodeArray0[0] = (Node) simpleNode0;
simpleNode0.children = nodeArray0;
simpleNode0.setIdentifier("&");
StringWriter stringWriter0 = new StringWriter();
simpleNode0.dump(";", stringWriter0);

* Permissions denied during test execution: 
  - java.lang.RuntimePermission: 
         writeFileDescriptor: 5
* Writing JUnit test case 'SimpleNode_ESTest' to /home/ubuntu/termite/rmosa/tests/s1028/19_jmca/evosuite-tests
* Done!

* Computation finished
* EvoSuite 1.0.6
* Configuration: RMOSA
* Going to generate test cases for class: com.soops.CEN4010.JMCA.JParser.JavaCharStream
* Starting client
* Properties loaded from /home/ubuntu/termite/projects/19_jmca/evosuite-files/evosuite.properties
* Connecting to master process on port 20771
* Analyzing classpath: 
* Inheritance tree loaded from evosuite-files/inheritance.xml.gz
* Finished analyzing classpath
* Generating tests for class com.soops.CEN4010.JMCA.JParser.JavaCharStream
* Test criteria:
  - Line Coverage
  - Branch Coverage
  - Exception
  - Mutation testing (weak)
  - Method-Output Coverage
  - Top-Level Method Coverage
  - No-Exception Top-Level Method Coverage
  - Context Branch Coverage
Ranking Type: org.evosuite.ga.metaheuristics.mosa.EntropyBasedPreferenceSorting
* Using seed 1028
* Starting evolution
[MASTER] 10:41:06.533 [logback-1] WARN  CoverageArchive - A solution with a timeout/exception result has been added to the archive. The covered goal was com.soops.CEN4010.JMCA.JParser.JavaCharStream.<init>(Ljava/io/InputStream;III)V: Line 441
[MASTER] 10:41:06.549 [logback-1] WARN  CoverageArchive - A solution with a timeout/exception result has been added to the archive. The covered goal was [METHOD] com.soops.CEN4010.JMCA.JParser.JavaCharStream.<init>(Ljava/io/InputStream;III)V
[MASTER] 10:41:06.549 [logback-1] WARN  CoverageArchive - A solution with a timeout/exception result has been added to the archive. The covered goal was [METHOD] com.soops.CEN4010.JMCA.JParser.JavaCharStream.getColumn()I
[MASTER] 10:41:06.549 [logback-1] WARN  CoverageArchive - A solution with a timeout/exception result has been added to the archive. The covered goal was [METHOD] com.soops.CEN4010.JMCA.JParser.JavaCharStream.GetImage()Ljava/lang/String;
[MASTER] 10:41:06.550 [logback-1] WARN  CoverageArchive - A solution with a timeout/exception result has been added to the archive. The covered goal was [METHODNOEX] com.soops.CEN4010.JMCA.JParser.JavaCharStream.<init>(Ljava/io/InputStream;III)V
[MASTER] 10:41:06.550 [logback-1] WARN  CoverageArchive - A solution with a timeout/exception result has been added to the archive. The covered goal was [METHODNOEX] com.soops.CEN4010.JMCA.JParser.JavaCharStream.getColumn()I
[MASTER] 10:41:06.550 [logback-1] WARN  CoverageArchive - A solution with a timeout/exception result has been added to the archive. The covered goal was [METHODNOEX] com.soops.CEN4010.JMCA.JParser.JavaCharStream.GetImage()Ljava/lang/String;
[MASTER] 10:41:06.551 [logback-1] WARN  CoverageArchive - A solution with a timeout/exception result has been added to the archive. The covered goal was Branch com.soops.CEN4010.JMCA.JParser.JavaCharStream.<init>(Ljava/io/InputStream;III)V: root-Branch in context: com.soops.CEN4010.JMCA.JParser.JavaCharStream:<init>(Ljava/io/InputStream;III)V
[MASTER] 10:41:43.244 [logback-1] WARN  CoverageArchive - A solution with a timeout/exception result has been added to the archive. The covered goal was Weak Mutation 586: com.soops.CEN4010.JMCA.JParser.JavaCharStream.BeginToken()C:173 - ReplaceComparisonOperator <= -> ==
[MASTER] 10:41:43.244 [logback-1] WARN  CoverageArchive - A solution with a timeout/exception result has been added to the archive. The covered goal was Weak Mutation 969: com.soops.CEN4010.JMCA.JParser.JavaCharStream.readChar()C:252 - ReplaceComparisonOperator <= -> ==
[MASTER] 10:41:43.245 [logback-1] WARN  CoverageArchive - A solution with a timeout/exception result has been added to the archive. The covered goal was Weak Mutation 1273: com.soops.CEN4010.JMCA.JParser.JavaCharStream.backup(I)V:379 - ReplaceComparisonOperator >= -> >
* Search finished after 376s and 69 generations, 45010 statements, best individual has fitness: 1560.0
* Going to analyze the coverage criteria
* Coverage analysis for criterion LINE
* Coverage of criterion LINE: 83%
* Total number of goals: 239
* Number of covered goals: 199
* Coverage analysis for criterion BRANCH
* Coverage of criterion BRANCH: 88%
* Total number of goals: 216
* Number of covered goals: 190
* Coverage analysis for criterion EXCEPTION
* Coverage of criterion EXCEPTION: 100%
* Total number of goals: 42
* Number of covered goals: 42
* Coverage analysis for criterion WEAKMUTATION
* Coverage of criterion WEAKMUTATION: 90%
* Total number of goals: 974
* Number of covered goals: 878
* Coverage analysis for criterion OUTPUT
* Coverage of criterion OUTPUT: 81%
* Total number of goals: 36
* Number of covered goals: 29
* Coverage analysis for criterion METHOD
* Coverage of criterion METHOD: 100%
* Total number of goals: 31
* Number of covered goals: 31
* Coverage analysis for criterion METHODNOEXCEPTION
* Coverage of criterion METHODNOEXCEPTION: 100%
* Total number of goals: 31
* Number of covered goals: 31
* Coverage analysis for criterion CBRANCH
* Coverage of criterion CBRANCH: 88%
* Total number of goals: 216
* Number of covered goals: 190
* Generated 156 tests with total length 1126
* Resulting test suite's coverage: 89% (average coverage for all fitness functions)
* Generating assertions
* Resulting test suite's mutation score: 36%
* Compiling and checking tests
* Permissions denied during test execution: 
  - java.lang.RuntimePermission: 
         writeFileDescriptor: 7
* Writing JUnit test case 'JavaCharStream_ESTest' to /home/ubuntu/termite/rmosa/tests/s1028/19_jmca/evosuite-tests
* Done!

* Computation finished
