* EvoSuite 1.0.6
* Configuration: RMOSA
* Going to generate test cases for class: org.firebirdsql.jdbc.FBCachedFetcher
* EvoSuite 1.0.6
* Configuration: RMOSA
* Going to generate test cases for class: org.firebirdsql.jdbc.FBProcedureCall
* Starting client
* Properties loaded from /home/ubuntu/termite/projects/110_firebird/evosuite-files/evosuite.properties
* Connecting to master process on port 19694
* Starting client
* Properties loaded from /home/ubuntu/termite/projects/110_firebird/evosuite-files/evosuite.properties
* Connecting to master process on port 19698
* Analyzing classpath: 
* Analyzing classpath: 
* Inheritance tree loaded from evosuite-files/inheritance.xml.gz
* Finished analyzing classpath
* Generating tests for class org.firebirdsql.jdbc.FBProcedureCall
* Test criteria:
  - Line Coverage
  - Branch Coverage
  - Exception
  - Mutation testing (weak)
  - Method-Output Coverage
  - Top-Level Method Coverage
  - No-Exception Top-Level Method Coverage
  - Context Branch Coverage
* Inheritance tree loaded from evosuite-files/inheritance.xml.gz
Ranking Type: org.evosuite.ga.metaheuristics.mosa.EntropyBasedPreferenceSorting
* Using seed 1007
* Starting evolution
[MASTER] 06:00:08.117 [logback-1] WARN  InheritanceTree - Class not in inheritance graph: java.util.function.Consumer
[MASTER] 06:00:08.138 [logback-1] WARN  InheritanceTree - Class not in inheritance graph: java.util.function.Predicate
[MASTER] 06:00:08.160 [logback-1] WARN  InheritanceTree - Class not in inheritance graph: java.util.function.UnaryOperator
[MASTER] 06:00:08.496 [logback-1] WARN  InheritanceTree - Class not in inheritance graph: java.sql.SQLType
[MASTER] 06:00:09.791 [logback-1] WARN  InheritanceTree - Class not in inheritance graph: java.util.function.BiFunction
[MASTER] 06:00:09.805 [logback-1] WARN  InheritanceTree - Class not in inheritance graph: java.util.function.Function
[MASTER] 06:00:09.807 [logback-1] WARN  InheritanceTree - Class not in inheritance graph: java.util.function.BiConsumer
[MASTER] 06:00:11.983 [logback-1] WARN  InheritanceTree - Class not in inheritance graph: java.time.ZoneId
[MASTER] 06:00:12.015 [logback-1] WARN  InheritanceTree - Class not in inheritance graph: java.time.temporal.TemporalAccessor
[MASTER] 06:00:12.015 [logback-1] WARN  InheritanceTree - Class not in inheritance graph: java.time.Clock
[MASTER] 06:00:12.203 [logback-1] WARN  InheritanceTree - Class not in inheritance graph: java.time.temporal.Temporal
[MASTER] 06:00:12.243 [logback-1] WARN  InheritanceTree - Class not in inheritance graph: java.time.temporal.TemporalField
[MASTER] 06:00:12.244 [logback-1] WARN  InheritanceTree - Class not in inheritance graph: java.time.temporal.TemporalUnit
[MASTER] 06:00:12.244 [logback-1] WARN  InheritanceTree - Class not in inheritance graph: java.time.temporal.TemporalAmount
[MASTER] 06:00:12.246 [logback-1] WARN  InheritanceTree - Class not in inheritance graph: java.time.temporal.TemporalQuery
[MASTER] 06:00:12.247 [logback-1] WARN  InheritanceTree - Class not in inheritance graph: java.time.temporal.TemporalAdjuster
[MASTER] 06:00:13.201 [logback-1] WARN  InheritanceTree - Class not in inheritance graph: java.time.chrono.Chronology
[MASTER] 06:00:13.713 [logback-1] WARN  InheritanceTree - Class not in inheritance graph: java.time.chrono.Era
* Finished analyzing classpath
* Generating tests for class org.firebirdsql.jdbc.FBCachedFetcher
* Test criteria:
  - Line Coverage
  - Branch Coverage
  - Exception
  - Mutation testing (weak)
  - Method-Output Coverage
  - Top-Level Method Coverage
  - No-Exception Top-Level Method Coverage
  - Context Branch Coverage
Ranking Type: org.evosuite.ga.metaheuristics.mosa.EntropyBasedPreferenceSorting
* Using seed 1007
* Starting evolution
[MASTER] 06:00:24.626 [logback-1] WARN  TestChromosome - Functional mock problem: org.evosuite.ga.ConstructionFailedException: Failed to add constructor for org.firebirdsql.jca.FBManagedConnectionFactory due to org.evosuite.ga.ConstructionFailedException: Have no generator for class org.firebirdsql.gds.impl.wire.JavaGDSImpl canUseFunctionalMocks=false, canBeMocked: true
[MASTER] 06:00:25.148 [logback-1] WARN  TestChromosome - Functional mock problem: org.evosuite.ga.ConstructionFailedException: Failed to add constructor for org.firebirdsql.gds.impl.GDSHelper due to org.evosuite.ga.ConstructionFailedException: Have no generator for class org.firebirdsql.jdbc.FBConnection canUseFunctionalMocks=false, canBeMocked: true
[MASTER] 06:00:54.479 [logback-2] ERROR TestCluster - Failed to check cache for java.util.Comparator<T> : Type points to itself
[MASTER] 06:01:12.039 [logback-2] ERROR TestCluster - Failed to check cache for java.util.function.Predicate<T> : Type points to itself
[MASTER] 06:01:49.657 [logback-2] ERROR TestCluster - Failed to check cache for java.util.Enumeration<E> : Type points to itself
[MASTER] 06:02:15.860 [logback-2] ERROR TestCluster - Failed to check cache for java.util.function.Function<T, R> : Type points to itself
[MASTER] 06:03:22.001 [logback-2] ERROR AbstractStatement - Error assigning value of type Callable[] defined at statement Callable<JMXPrincipal>[] callableArray0 = (Callable<JMXPrincipal>[]) Array.newInstance(Callable.class, 1), assignment statement: callableArray0[0] = (Callable<JMXPrincipal>) callableArray0; SUT=org.firebirdsql.jdbc.FBCachedFetcher
[MASTER] 06:03:58.681 [logback-2] ERROR AbstractStatement - Error assigning value of type Callable[] defined at statement Callable<JMXPrincipal>[] callableArray0 = (Callable<JMXPrincipal>[]) Array.newInstance(Callable.class, 7), assignment statement: callableArray0[0] = (Callable<JMXPrincipal>) callableArray0; SUT=org.firebirdsql.jdbc.FBCachedFetcher
* Search finished after 234s and 567 generations, 278940 statements, best individual has fitness: 1608.0
* Going to analyze the coverage criteria
* Coverage analysis for criterion LINE
* Coverage of criterion LINE: 63%
* Total number of goals: 158
* Number of covered goals: 100
* Coverage analysis for criterion BRANCH
* Coverage of criterion BRANCH: 51%
* Total number of goals: 118
* Number of covered goals: 60
* Coverage analysis for criterion EXCEPTION
* Coverage of criterion EXCEPTION: 100%
* Total number of goals: 15
* Number of covered goals: 15
* Coverage analysis for criterion WEAKMUTATION
* Coverage of criterion WEAKMUTATION: 97%
* Total number of goals: 347
* Number of covered goals: 335
* Coverage analysis for criterion OUTPUT
* Coverage of criterion OUTPUT: 96%
* Total number of goals: 28
* Number of covered goals: 27
* Coverage analysis for criterion METHOD
* Coverage of criterion METHOD: 100%
* Total number of goals: 22
* Number of covered goals: 22
* Coverage analysis for criterion METHODNOEXCEPTION
* Coverage of criterion METHODNOEXCEPTION: 100%
* Total number of goals: 22
* Number of covered goals: 22
* Coverage analysis for criterion CBRANCH
* Coverage of criterion CBRANCH: 40%
* Total number of goals: 118
* Number of covered goals: 47
* Generated 54 tests with total length 323
* Resulting test suite's coverage: 76% (average coverage for all fitness functions)
* Generating assertions
* Resulting test suite's mutation score: 63%
* Compiling and checking tests
[MASTER] 06:04:21.045 [logback-2] ERROR ClassStateSupport - Could not initialize org.firebirdsql.gds.impl.jni.JniGDSImpl: no jaybird22_x64 in java.library.path
[MASTER] 06:04:21.108 [logback-2] ERROR ClassResetter - java.lang.NoClassDefFoundError: Could not initialize class org.firebirdsql.gds.impl.jni.JniGDSImpl
[MASTER] 06:04:44.740 [logback-1] WARN  ClassResetter - java.lang.reflect.InvocationTargetException, caused by: java.lang.NoClassDefFoundError: Could not initialize class org.firebirdsql.gds.impl.jni.JniGDSImpl
* Permissions denied during test execution: 
  - java.security.SecurityPermission: 
         createAccessControlContext: 1
  - javax.security.auth.AuthPermission: 
         getSubject: 3
* Writing JUnit test case 'FBCachedFetcher_ESTest' to /home/ubuntu/termite/rmosa/tests/s1007/110_firebird/evosuite-tests
* Done!

* Computation finished
* Search finished after 306s and 795 generations, 230309 statements, best individual has fitness: 560.0
* Going to analyze the coverage criteria
* Coverage analysis for criterion LINE
* Coverage of criterion LINE: 95%
* Total number of goals: 117
* Number of covered goals: 111
* Coverage analysis for criterion BRANCH
* Coverage of criterion BRANCH: 90%
* Total number of goals: 98
* Number of covered goals: 88
* Coverage analysis for criterion EXCEPTION
* Coverage of criterion EXCEPTION: 100%
* Total number of goals: 21
* Number of covered goals: 21
* Coverage analysis for criterion WEAKMUTATION
* Coverage of criterion WEAKMUTATION: 93%
* Total number of goals: 347
* Number of covered goals: 323
* Coverage analysis for criterion OUTPUT
* Coverage of criterion OUTPUT: 74%
* Total number of goals: 70
* Number of covered goals: 52
* Coverage analysis for criterion METHOD
* Coverage of criterion METHOD: 94%
* Total number of goals: 18
* Number of covered goals: 17
* Coverage analysis for criterion METHODNOEXCEPTION
* Coverage of criterion METHODNOEXCEPTION: 94%
* Total number of goals: 18
* Number of covered goals: 17
* Coverage analysis for criterion CBRANCH
* Coverage of criterion CBRANCH: 90%
* Total number of goals: 98
* Number of covered goals: 88
* Generated 82 tests with total length 400
* Resulting test suite's coverage: 91% (average coverage for all fitness functions)
* Generating assertions
* Resulting test suite's mutation score: 61%
* Compiling and checking tests
[MASTER] 06:05:45.448 [logback-1] WARN  JUnitAnalyzer - Found unstable test named test0 -> class java.lang.AssertionError: null
[MASTER] 06:05:45.448 [logback-1] WARN  JUnitAnalyzer - Failing test:
 FBProcedureCall fBProcedureCall0 = new FBProcedureCall();
fBProcedureCall0.setName("-;|");
FBProcedureCall fBProcedureCall1 = new FBProcedureCall();
boolean boolean0 = fBProcedureCall1.equals(fBProcedureCall0);
assertFalse(boolean0);

fBProcedureCall0.getName();
assertTrue(fBProcedureCall0.equals((Object)fBProcedureCall1));


[MASTER] 06:05:47.396 [logback-1] WARN  JUnitAnalyzer - Found unstable test named test0 -> class java.lang.OutOfMemoryError: Requested array size exceeds VM limit
[MASTER] 06:05:47.396 [logback-1] WARN  JUnitAnalyzer - Failing test:
 FBProcedureCall fBProcedureCall0 = new FBProcedureCall();
fBProcedureCall0.addParam(2147483645, "a?UY&z)6fS<((!GKh&}");

[MASTER] 06:05:47.439 [logback-1] WARN  JUnitAnalyzer - Found unstable test named test0 -> class java.lang.OutOfMemoryError: Requested array size exceeds VM limit
[MASTER] 06:05:47.439 [logback-1] WARN  JUnitAnalyzer - Failing test:
 FBProcedureCall fBProcedureCall0 = new FBProcedureCall();
fBProcedureCall0.getInputParam(2147483645);

[MASTER] 06:05:47.475 [logback-1] WARN  JUnitAnalyzer - Found unstable test named test0 -> class java.lang.OutOfMemoryError: Requested array size exceeds VM limit
[MASTER] 06:05:47.475 [logback-1] WARN  JUnitAnalyzer - Failing test:
 FBProcedureCall fBProcedureCall0 = new FBProcedureCall();
fBProcedureCall0.registerOutParam(2147483645, 2147483645);

[MASTER] 06:05:47.687 [logback-1] WARN  JUnitAnalyzer - Found unstable test named test0 -> class java.lang.OutOfMemoryError: Requested array size exceeds VM limit
[MASTER] 06:05:47.688 [logback-1] WARN  JUnitAnalyzer - Failing test:
 FBProcedureCall fBProcedureCall0 = new FBProcedureCall();
int int0 = 1198;
String string0 = "a?UY&%)6fS)<((!GKh&}";
FBProcedureParam fBProcedureParam0 = new FBProcedureParam(2147483645, "a?UY&%)6fS)<((!GKh&}");
fBProcedureParam0.clone();
fBProcedureCall0.addInputParam(fBProcedureParam0);

* Permissions denied during test execution: 
  - java.lang.RuntimePermission: 
         writeFileDescriptor: 3
* Writing JUnit test case 'FBProcedureCall_ESTest' to /home/ubuntu/termite/rmosa/tests/s1007/110_firebird/evosuite-tests
* Done!

* Computation finished
* EvoSuite 1.0.6
* Configuration: RMOSA
* Going to generate test cases for class: org.firebirdsql.encodings.EncodingFactory
* Starting client
* Properties loaded from /home/ubuntu/termite/projects/110_firebird/evosuite-files/evosuite.properties
* Connecting to master process on port 19695
* Analyzing classpath: 
* Inheritance tree loaded from evosuite-files/inheritance.xml.gz
* Finished analyzing classpath
* Generating tests for class org.firebirdsql.encodings.EncodingFactory
* Test criteria:
  - Line Coverage
  - Branch Coverage
  - Exception
  - Mutation testing (weak)
  - Method-Output Coverage
  - Top-Level Method Coverage
  - No-Exception Top-Level Method Coverage
  - Context Branch Coverage
Ranking Type: org.evosuite.ga.metaheuristics.mosa.EntropyBasedPreferenceSorting
* Using seed 1007
* Starting evolution
* Search finished after 189s and 562 generations, 150782 statements, best individual has fitness: 624.0
* Going to analyze the coverage criteria
* Coverage analysis for criterion LINE
* Coverage of criterion LINE: 94%
* Total number of goals: 242
* Number of covered goals: 228
* Coverage analysis for criterion BRANCH
* Coverage of criterion BRANCH: 96%
* Total number of goals: 195
* Number of covered goals: 188
* Coverage analysis for criterion EXCEPTION
* Coverage of criterion EXCEPTION: 100%
* Total number of goals: 5
* Number of covered goals: 5
* Coverage analysis for criterion WEAKMUTATION
* Coverage of criterion WEAKMUTATION: 91%
* Total number of goals: 387
* Number of covered goals: 351
* Coverage analysis for criterion OUTPUT
* Coverage of criterion OUTPUT: 48%
* Total number of goals: 25
* Number of covered goals: 12
* Coverage analysis for criterion METHOD
* Coverage of criterion METHOD: 100%
* Total number of goals: 11
* Number of covered goals: 11
* Coverage analysis for criterion METHODNOEXCEPTION
* Coverage of criterion METHODNOEXCEPTION: 100%
* Total number of goals: 11
* Number of covered goals: 11
* Coverage analysis for criterion CBRANCH
* Coverage of criterion CBRANCH: 96%
* Total number of goals: 195
* Number of covered goals: 188
* Generated 92 tests with total length 122
* Resulting test suite's coverage: 93% (average coverage for all fitness functions)
* Generating assertions
* Resulting test suite's mutation score: 33%
* Compiling and checking tests
* Writing JUnit test case 'EncodingFactory_ESTest' to /home/ubuntu/termite/rmosa/tests/s1007/110_firebird/evosuite-tests
* Done!

* Computation finished
